21:35:33.563 [http-nio-8080-exec-4] DEBUG o.s.web.servlet.DispatcherServlet - GET "/deletepolicy", parameters={}
21:35:33.571 [http-nio-8080-exec-4] DEBUG o.s.w.s.m.m.a.RequestMappingHandlerMapping - Mapped to com.example.demo.controller.detection.PatternDetectionController#showDeletePatternForm(Model)
21:35:33.572 [http-nio-8080-exec-4] DEBUG o.s.w.s.v.ContentNegotiatingViewResolver - Selected 'text/html' given [text/html, application/xhtml+xml, image/avif, image/webp, image/apng, application/xml;q=0.9, */*;q=0.8, application/signed-exchange;v=b3;q=0.7]
21:35:33.578 [http-nio-8080-exec-4] DEBUG o.s.web.servlet.DispatcherServlet - Completed 200 OK
21:35:33.648 [http-nio-8080-exec-5] DEBUG o.s.web.servlet.DispatcherServlet - GET "/favicon.ico", parameters={}
21:35:33.649 [http-nio-8080-exec-5] DEBUG o.s.w.s.m.m.a.RequestMappingHandlerMapping - Mapped to com.example.demo.controller.log.FaviconController#returnNoFavicon()
21:35:33.651 [http-nio-8080-exec-5] DEBUG o.s.w.s.m.m.a.RequestResponseBodyMethodProcessor - Using 'application/json;q=0.8', given [image/avif, image/webp, image/apng, image/svg+xml, image/*, */*;q=0.8] and supported [application/json, application/*+json]
21:35:33.651 [http-nio-8080-exec-5] DEBUG o.s.w.s.m.m.a.RequestResponseBodyMethodProcessor - Nothing to write: null body
21:35:33.651 [http-nio-8080-exec-5] DEBUG o.s.web.servlet.DispatcherServlet - Completed 200 OK
21:35:34.552 [http-nio-8080-exec-6] DEBUG o.s.web.servlet.DispatcherServlet - GET "/deletebehaviorpolicy", parameters={}
21:35:34.553 [http-nio-8080-exec-6] DEBUG o.s.w.s.m.m.a.RequestMappingHandlerMapping - Mapped to com.example.demo.controller.detection.BehaviorDetectionController#showDeleteBehaviorForm(Model)
21:35:34.553 [http-nio-8080-exec-6] DEBUG o.s.w.s.v.ContentNegotiatingViewResolver - Selected 'text/html' given [text/html, application/xhtml+xml, image/avif, image/webp, image/apng, application/xml;q=0.9, */*;q=0.8, application/signed-exchange;v=b3;q=0.7]
21:35:34.556 [http-nio-8080-exec-6] DEBUG o.s.web.servlet.DispatcherServlet - Completed 200 OK
21:35:34.622 [http-nio-8080-exec-7] DEBUG o.s.web.servlet.DispatcherServlet - GET "/favicon.ico", parameters={}
21:35:34.622 [http-nio-8080-exec-7] DEBUG o.s.w.s.m.m.a.RequestMappingHandlerMapping - Mapped to com.example.demo.controller.log.FaviconController#returnNoFavicon()
21:35:34.623 [http-nio-8080-exec-7] DEBUG o.s.w.s.m.m.a.RequestResponseBodyMethodProcessor - Using 'application/json;q=0.8', given [image/avif, image/webp, image/apng, image/svg+xml, image/*, */*;q=0.8] and supported [application/json, application/*+json]
21:35:34.623 [http-nio-8080-exec-7] DEBUG o.s.w.s.m.m.a.RequestResponseBodyMethodProcessor - Nothing to write: null body
21:35:34.623 [http-nio-8080-exec-7] DEBUG o.s.web.servlet.DispatcherServlet - Completed 200 OK
21:35:38.641 [HikariPool-1 housekeeper] DEBUG com.zaxxer.hikari.pool.HikariPool - HikariPool-1 - Pool stats (total=10, active=0, idle=10, waiting=0)
21:35:38.641 [HikariPool-1 housekeeper] DEBUG com.zaxxer.hikari.pool.HikariPool - HikariPool-1 - Fill pool skipped, pool has sufficient level or currently being filled.
21:35:39.817 [http-nio-8080-exec-9] DEBUG o.s.web.servlet.DispatcherServlet - POST "/deletebehaviorpolicy", parameters={masked}
21:35:39.817 [http-nio-8080-exec-9] DEBUG o.s.w.s.m.m.a.RequestMappingHandlerMapping - Mapped to com.example.demo.controller.detection.BehaviorDetectionController#deleteBehavior(BehaviorDetection)
21:35:39.817 [http-nio-8080-exec-9] DEBUG org.mybatis.spring.SqlSessionUtils - Creating a new SqlSession
21:35:39.817 [http-nio-8080-exec-9] DEBUG org.mybatis.spring.SqlSessionUtils - SqlSession [org.apache.ibatis.session.defaults.DefaultSqlSession@dc2e7ec] was not registered for synchronization because synchronization is not active
21:35:39.817 [http-nio-8080-exec-9] DEBUG o.s.jdbc.datasource.DataSourceUtils - Fetching JDBC Connection from DataSource
21:35:39.820 [http-nio-8080-exec-9] DEBUG o.m.s.t.SpringManagedTransaction - JDBC Connection [HikariProxyConnection@262605487 wrapping org.mariadb.jdbc.Connection@4a074677] will not be managed by Spring
21:35:39.820 [http-nio-8080-exec-9] DEBUG c.e.d.d.d.B.deleteBehaviorDetection - ==>  Preparing: DELETE FROM detection_db.behavior_detection WHERE detection_number = ?
21:35:39.820 [http-nio-8080-exec-9] DEBUG c.e.d.d.d.B.deleteBehaviorDetection - ==> Parameters: 829(Integer)
21:35:39.820 [http-nio-8080-exec-9] DEBUG o.m.jdbc.client.impl.StandardClient - execute query: DELETE FROM detection_db.behavior_detection WHERE detection_number = ?
21:35:39.838 [http-nio-8080-exec-9] DEBUG c.e.d.d.d.B.deleteBehaviorDetection - <==    Updates: 1
21:35:39.838 [http-nio-8080-exec-9] DEBUG org.mybatis.spring.SqlSessionUtils - Closing non transactional SqlSession [org.apache.ibatis.session.defaults.DefaultSqlSession@dc2e7ec]
21:35:39.839 [http-nio-8080-exec-9] DEBUG o.s.web.servlet.view.RedirectView - View name 'redirect:', model {}
21:35:39.839 [http-nio-8080-exec-9] DEBUG o.s.web.servlet.DispatcherServlet - Completed 302 FOUND
21:35:39.842 [http-nio-8080-exec-8] DEBUG o.s.web.servlet.DispatcherServlet - GET "/deletepolicy", parameters={}
21:35:39.843 [http-nio-8080-exec-8] DEBUG o.s.w.s.m.m.a.RequestMappingHandlerMapping - Mapped to com.example.demo.controller.detection.PatternDetectionController#showDeletePatternForm(Model)
21:35:39.843 [http-nio-8080-exec-8] DEBUG o.s.w.s.v.ContentNegotiatingViewResolver - Selected '*/*' given [*/*]
21:35:39.845 [http-nio-8080-exec-8] DEBUG o.s.web.servlet.DispatcherServlet - Completed 200 OK
21:35:44.552 [http-nio-8080-exec-10] DEBUG o.s.web.servlet.DispatcherServlet - POST "/deletebehaviorpolicy", parameters={masked}
21:35:44.552 [http-nio-8080-exec-10] DEBUG o.s.w.s.m.m.a.RequestMappingHandlerMapping - Mapped to com.example.demo.controller.detection.BehaviorDetectionController#deleteBehavior(BehaviorDetection)
21:35:44.552 [http-nio-8080-exec-10] DEBUG org.mybatis.spring.SqlSessionUtils - Creating a new SqlSession
21:35:44.552 [http-nio-8080-exec-10] DEBUG org.mybatis.spring.SqlSessionUtils - SqlSession [org.apache.ibatis.session.defaults.DefaultSqlSession@1b2f1214] was not registered for synchronization because synchronization is not active
21:35:44.552 [http-nio-8080-exec-10] DEBUG o.s.jdbc.datasource.DataSourceUtils - Fetching JDBC Connection from DataSource
21:35:44.554 [http-nio-8080-exec-10] DEBUG o.m.s.t.SpringManagedTransaction - JDBC Connection [HikariProxyConnection@1401302155 wrapping org.mariadb.jdbc.Connection@4a074677] will not be managed by Spring
21:35:44.554 [http-nio-8080-exec-10] DEBUG c.e.d.d.d.B.deleteBehaviorDetection - ==>  Preparing: DELETE FROM detection_db.behavior_detection WHERE detection_number = ?
21:35:44.554 [http-nio-8080-exec-10] DEBUG c.e.d.d.d.B.deleteBehaviorDetection - ==> Parameters: 924(Integer)
21:35:44.554 [http-nio-8080-exec-10] DEBUG o.m.jdbc.client.impl.StandardClient - execute query: DELETE FROM detection_db.behavior_detection WHERE detection_number = ?
21:35:44.557 [http-nio-8080-exec-10] DEBUG c.e.d.d.d.B.deleteBehaviorDetection - <==    Updates: 1
21:35:44.557 [http-nio-8080-exec-10] DEBUG org.mybatis.spring.SqlSessionUtils - Closing non transactional SqlSession [org.apache.ibatis.session.defaults.DefaultSqlSession@1b2f1214]
21:35:44.557 [http-nio-8080-exec-10] DEBUG o.s.web.servlet.view.RedirectView - View name 'redirect:', model {}
21:35:44.557 [http-nio-8080-exec-10] DEBUG o.s.web.servlet.DispatcherServlet - Completed 302 FOUND
21:35:44.559 [http-nio-8080-exec-2] DEBUG o.s.web.servlet.DispatcherServlet - GET "/deletepolicy", parameters={}
21:35:44.560 [http-nio-8080-exec-2] DEBUG o.s.w.s.m.m.a.RequestMappingHandlerMapping - Mapped to com.example.demo.controller.detection.PatternDetectionController#showDeletePatternForm(Model)
21:35:44.560 [http-nio-8080-exec-2] DEBUG o.s.w.s.v.ContentNegotiatingViewResolver - Selected '*/*' given [*/*]
21:35:44.562 [http-nio-8080-exec-2] DEBUG o.s.web.servlet.DispatcherServlet - Completed 200 OK
21:35:48.626 [http-nio-8080-exec-1] DEBUG o.s.web.servlet.DispatcherServlet - POST "/deletebehaviorpolicy", parameters={masked}
21:35:48.626 [http-nio-8080-exec-1] DEBUG o.s.w.s.m.m.a.RequestMappingHandlerMapping - Mapped to com.example.demo.controller.detection.BehaviorDetectionController#deleteBehavior(BehaviorDetection)
21:35:48.627 [http-nio-8080-exec-1] DEBUG org.mybatis.spring.SqlSessionUtils - Creating a new SqlSession
21:35:48.627 [http-nio-8080-exec-1] DEBUG org.mybatis.spring.SqlSessionUtils - SqlSession [org.apache.ibatis.session.defaults.DefaultSqlSession@76711f45] was not registered for synchronization because synchronization is not active
21:35:48.627 [http-nio-8080-exec-1] DEBUG o.s.jdbc.datasource.DataSourceUtils - Fetching JDBC Connection from DataSource
21:35:48.628 [http-nio-8080-exec-1] DEBUG o.m.s.t.SpringManagedTransaction - JDBC Connection [HikariProxyConnection@1558560900 wrapping org.mariadb.jdbc.Connection@4a074677] will not be managed by Spring
21:35:48.628 [http-nio-8080-exec-1] DEBUG c.e.d.d.d.B.deleteBehaviorDetection - ==>  Preparing: DELETE FROM detection_db.behavior_detection WHERE detection_number = ?
21:35:48.628 [http-nio-8080-exec-1] DEBUG c.e.d.d.d.B.deleteBehaviorDetection - ==> Parameters: 1111(Integer)
21:35:48.628 [http-nio-8080-exec-1] DEBUG o.m.jdbc.client.impl.StandardClient - execute query: DELETE FROM detection_db.behavior_detection WHERE detection_number = ?
21:35:48.643 [http-nio-8080-exec-1] DEBUG c.e.d.d.d.B.deleteBehaviorDetection - <==    Updates: 1
21:35:48.644 [http-nio-8080-exec-1] DEBUG org.mybatis.spring.SqlSessionUtils - Closing non transactional SqlSession [org.apache.ibatis.session.defaults.DefaultSqlSession@76711f45]
21:35:48.644 [http-nio-8080-exec-1] DEBUG o.s.web.servlet.view.RedirectView - View name 'redirect:', model {}
21:35:48.644 [http-nio-8080-exec-1] DEBUG o.s.web.servlet.DispatcherServlet - Completed 302 FOUND
21:35:48.646 [http-nio-8080-exec-3] DEBUG o.s.web.servlet.DispatcherServlet - GET "/deletepolicy", parameters={}
21:35:48.647 [http-nio-8080-exec-3] DEBUG o.s.w.s.m.m.a.RequestMappingHandlerMapping - Mapped to com.example.demo.controller.detection.PatternDetectionController#showDeletePatternForm(Model)
21:35:48.647 [http-nio-8080-exec-3] DEBUG o.s.w.s.v.ContentNegotiatingViewResolver - Selected '*/*' given [*/*]
21:35:48.650 [http-nio-8080-exec-3] DEBUG o.s.web.servlet.DispatcherServlet - Completed 200 OK
21:35:52.679 [http-nio-8080-exec-4] DEBUG o.s.web.servlet.DispatcherServlet - POST "/deletebehaviorpolicy", parameters={masked}
21:35:52.679 [http-nio-8080-exec-4] DEBUG o.s.w.s.m.m.a.RequestMappingHandlerMapping - Mapped to com.example.demo.controller.detection.BehaviorDetectionController#deleteBehavior(BehaviorDetection)
21:35:52.680 [http-nio-8080-exec-4] DEBUG org.mybatis.spring.SqlSessionUtils - Creating a new SqlSession
21:35:52.680 [http-nio-8080-exec-4] DEBUG org.mybatis.spring.SqlSessionUtils - SqlSession [org.apache.ibatis.session.defaults.DefaultSqlSession@73f53232] was not registered for synchronization because synchronization is not active
21:35:52.680 [http-nio-8080-exec-4] DEBUG o.s.jdbc.datasource.DataSourceUtils - Fetching JDBC Connection from DataSource
21:35:52.681 [http-nio-8080-exec-4] DEBUG o.m.s.t.SpringManagedTransaction - JDBC Connection [HikariProxyConnection@898633157 wrapping org.mariadb.jdbc.Connection@4a074677] will not be managed by Spring
21:35:52.681 [http-nio-8080-exec-4] DEBUG c.e.d.d.d.B.deleteBehaviorDetection - ==>  Preparing: DELETE FROM detection_db.behavior_detection WHERE detection_number = ?
21:35:52.681 [http-nio-8080-exec-4] DEBUG c.e.d.d.d.B.deleteBehaviorDetection - ==> Parameters: 6677(Integer)
21:35:52.681 [http-nio-8080-exec-4] DEBUG o.m.jdbc.client.impl.StandardClient - execute query: DELETE FROM detection_db.behavior_detection WHERE detection_number = ?
21:35:52.698 [http-nio-8080-exec-4] DEBUG c.e.d.d.d.B.deleteBehaviorDetection - <==    Updates: 1
21:35:52.698 [http-nio-8080-exec-4] DEBUG org.mybatis.spring.SqlSessionUtils - Closing non transactional SqlSession [org.apache.ibatis.session.defaults.DefaultSqlSession@73f53232]
21:35:52.699 [http-nio-8080-exec-4] DEBUG o.s.web.servlet.view.RedirectView - View name 'redirect:', model {}
21:35:52.699 [http-nio-8080-exec-4] DEBUG o.s.web.servlet.DispatcherServlet - Completed 302 FOUND
21:35:52.704 [http-nio-8080-exec-5] DEBUG o.s.web.servlet.DispatcherServlet - GET "/deletepolicy", parameters={}
21:35:52.704 [http-nio-8080-exec-5] DEBUG o.s.w.s.m.m.a.RequestMappingHandlerMapping - Mapped to com.example.demo.controller.detection.PatternDetectionController#showDeletePatternForm(Model)
21:35:52.704 [http-nio-8080-exec-5] DEBUG o.s.w.s.v.ContentNegotiatingViewResolver - Selected '*/*' given [*/*]
21:35:52.707 [http-nio-8080-exec-5] DEBUG o.s.web.servlet.DispatcherServlet - Completed 200 OK
21:35:56.792 [http-nio-8080-exec-7] DEBUG o.s.web.servlet.DispatcherServlet - POST "/deletebehaviorpolicy", parameters={masked}
21:35:56.792 [http-nio-8080-exec-7] DEBUG o.s.w.s.m.m.a.RequestMappingHandlerMapping - Mapped to com.example.demo.controller.detection.BehaviorDetectionController#deleteBehavior(BehaviorDetection)
21:35:56.792 [http-nio-8080-exec-7] DEBUG org.mybatis.spring.SqlSessionUtils - Creating a new SqlSession
21:35:56.792 [http-nio-8080-exec-7] DEBUG org.mybatis.spring.SqlSessionUtils - SqlSession [org.apache.ibatis.session.defaults.DefaultSqlSession@60cb47d9] was not registered for synchronization because synchronization is not active
21:35:56.792 [http-nio-8080-exec-7] DEBUG o.s.jdbc.datasource.DataSourceUtils - Fetching JDBC Connection from DataSource
21:35:56.793 [http-nio-8080-exec-7] DEBUG o.m.s.t.SpringManagedTransaction - JDBC Connection [HikariProxyConnection@442270616 wrapping org.mariadb.jdbc.Connection@4a074677] will not be managed by Spring
21:35:56.794 [http-nio-8080-exec-7] DEBUG c.e.d.d.d.B.deleteBehaviorDetection - ==>  Preparing: DELETE FROM detection_db.behavior_detection WHERE detection_number = ?
21:35:56.794 [http-nio-8080-exec-7] DEBUG c.e.d.d.d.B.deleteBehaviorDetection - ==> Parameters: 7142(Integer)
21:35:56.794 [http-nio-8080-exec-7] DEBUG o.m.jdbc.client.impl.StandardClient - execute query: DELETE FROM detection_db.behavior_detection WHERE detection_number = ?
21:35:56.809 [http-nio-8080-exec-7] DEBUG c.e.d.d.d.B.deleteBehaviorDetection - <==    Updates: 1
21:35:56.809 [http-nio-8080-exec-7] DEBUG org.mybatis.spring.SqlSessionUtils - Closing non transactional SqlSession [org.apache.ibatis.session.defaults.DefaultSqlSession@60cb47d9]
21:35:56.809 [http-nio-8080-exec-7] DEBUG o.s.web.servlet.view.RedirectView - View name 'redirect:', model {}
21:35:56.809 [http-nio-8080-exec-7] DEBUG o.s.web.servlet.DispatcherServlet - Completed 302 FOUND
21:35:56.813 [http-nio-8080-exec-9] DEBUG o.s.web.servlet.DispatcherServlet - GET "/deletepolicy", parameters={}
21:35:56.814 [http-nio-8080-exec-9] DEBUG o.s.w.s.m.m.a.RequestMappingHandlerMapping - Mapped to com.example.demo.controller.detection.PatternDetectionController#showDeletePatternForm(Model)
21:35:56.814 [http-nio-8080-exec-9] DEBUG o.s.w.s.v.ContentNegotiatingViewResolver - Selected '*/*' given [*/*]
21:35:56.818 [http-nio-8080-exec-9] DEBUG o.s.web.servlet.DispatcherServlet - Completed 200 OK
21:36:02.072 [http-nio-8080-exec-8] DEBUG o.s.web.servlet.DispatcherServlet - POST "/deletebehaviorpolicy", parameters={masked}
21:36:02.072 [http-nio-8080-exec-8] DEBUG o.s.w.s.m.m.a.RequestMappingHandlerMapping - Mapped to com.example.demo.controller.detection.BehaviorDetectionController#deleteBehavior(BehaviorDetection)
21:36:02.072 [http-nio-8080-exec-8] DEBUG org.mybatis.spring.SqlSessionUtils - Creating a new SqlSession
21:36:02.073 [http-nio-8080-exec-8] DEBUG org.mybatis.spring.SqlSessionUtils - SqlSession [org.apache.ibatis.session.defaults.DefaultSqlSession@355557a7] was not registered for synchronization because synchronization is not active
21:36:02.073 [http-nio-8080-exec-8] DEBUG o.s.jdbc.datasource.DataSourceUtils - Fetching JDBC Connection from DataSource
21:36:02.074 [http-nio-8080-exec-8] DEBUG o.m.s.t.SpringManagedTransaction - JDBC Connection [HikariProxyConnection@479121358 wrapping org.mariadb.jdbc.Connection@4a074677] will not be managed by Spring
21:36:02.074 [http-nio-8080-exec-8] DEBUG c.e.d.d.d.B.deleteBehaviorDetection - ==>  Preparing: DELETE FROM detection_db.behavior_detection WHERE detection_number = ?
21:36:02.074 [http-nio-8080-exec-8] DEBUG c.e.d.d.d.B.deleteBehaviorDetection - ==> Parameters: 44444(Integer)
21:36:02.074 [http-nio-8080-exec-8] DEBUG o.m.jdbc.client.impl.StandardClient - execute query: DELETE FROM detection_db.behavior_detection WHERE detection_number = ?
21:36:02.090 [http-nio-8080-exec-8] DEBUG c.e.d.d.d.B.deleteBehaviorDetection - <==    Updates: 1
21:36:02.090 [http-nio-8080-exec-8] DEBUG org.mybatis.spring.SqlSessionUtils - Closing non transactional SqlSession [org.apache.ibatis.session.defaults.DefaultSqlSession@355557a7]
21:36:02.090 [http-nio-8080-exec-8] DEBUG o.s.web.servlet.view.RedirectView - View name 'redirect:', model {}
21:36:02.091 [http-nio-8080-exec-8] DEBUG o.s.web.servlet.DispatcherServlet - Completed 302 FOUND
21:36:02.093 [http-nio-8080-exec-10] DEBUG o.s.web.servlet.DispatcherServlet - GET "/deletepolicy", parameters={}
21:36:02.093 [http-nio-8080-exec-10] DEBUG o.s.w.s.m.m.a.RequestMappingHandlerMapping - Mapped to com.example.demo.controller.detection.PatternDetectionController#showDeletePatternForm(Model)
21:36:02.093 [http-nio-8080-exec-10] DEBUG o.s.w.s.v.ContentNegotiatingViewResolver - Selected '*/*' given [*/*]
21:36:02.096 [http-nio-8080-exec-10] DEBUG o.s.web.servlet.DispatcherServlet - Completed 200 OK
21:36:06.051 [http-nio-8080-exec-2] DEBUG o.s.web.servlet.DispatcherServlet - POST "/deletebehaviorpolicy", parameters={masked}
21:36:06.051 [http-nio-8080-exec-2] DEBUG o.s.w.s.m.m.a.RequestMappingHandlerMapping - Mapped to com.example.demo.controller.detection.BehaviorDetectionController#deleteBehavior(BehaviorDetection)
21:36:06.052 [http-nio-8080-exec-2] DEBUG org.mybatis.spring.SqlSessionUtils - Creating a new SqlSession
21:36:06.052 [http-nio-8080-exec-2] DEBUG org.mybatis.spring.SqlSessionUtils - SqlSession [org.apache.ibatis.session.defaults.DefaultSqlSession@59d01e5f] was not registered for synchronization because synchronization is not active
21:36:06.052 [http-nio-8080-exec-2] DEBUG o.s.jdbc.datasource.DataSourceUtils - Fetching JDBC Connection from DataSource
21:36:06.055 [http-nio-8080-exec-2] DEBUG o.m.s.t.SpringManagedTransaction - JDBC Connection [HikariProxyConnection@524198028 wrapping org.mariadb.jdbc.Connection@4a074677] will not be managed by Spring
21:36:06.055 [http-nio-8080-exec-2] DEBUG c.e.d.d.d.B.deleteBehaviorDetection - ==>  Preparing: DELETE FROM detection_db.behavior_detection WHERE detection_number = ?
21:36:06.055 [http-nio-8080-exec-2] DEBUG c.e.d.d.d.B.deleteBehaviorDetection - ==> Parameters: 98888(Integer)
21:36:06.055 [http-nio-8080-exec-2] DEBUG o.m.jdbc.client.impl.StandardClient - execute query: DELETE FROM detection_db.behavior_detection WHERE detection_number = ?
21:36:06.071 [http-nio-8080-exec-2] DEBUG c.e.d.d.d.B.deleteBehaviorDetection - <==    Updates: 1
21:36:06.072 [http-nio-8080-exec-2] DEBUG org.mybatis.spring.SqlSessionUtils - Closing non transactional SqlSession [org.apache.ibatis.session.defaults.DefaultSqlSession@59d01e5f]
21:36:06.072 [http-nio-8080-exec-2] DEBUG o.s.web.servlet.view.RedirectView - View name 'redirect:', model {}
21:36:06.072 [http-nio-8080-exec-2] DEBUG o.s.web.servlet.DispatcherServlet - Completed 302 FOUND
21:36:06.075 [http-nio-8080-exec-1] DEBUG o.s.web.servlet.DispatcherServlet - GET "/deletepolicy", parameters={}
21:36:06.075 [http-nio-8080-exec-1] DEBUG o.s.w.s.m.m.a.RequestMappingHandlerMapping - Mapped to com.example.demo.controller.detection.PatternDetectionController#showDeletePatternForm(Model)
21:36:06.075 [http-nio-8080-exec-1] DEBUG o.s.w.s.v.ContentNegotiatingViewResolver - Selected '*/*' given [*/*]
21:36:06.078 [http-nio-8080-exec-1] DEBUG o.s.web.servlet.DispatcherServlet - Completed 200 OK
21:36:08.643 [HikariPool-1 housekeeper] DEBUG com.zaxxer.hikari.pool.HikariPool - HikariPool-1 - Pool stats (total=10, active=0, idle=10, waiting=0)
21:36:08.643 [HikariPool-1 housekeeper] DEBUG com.zaxxer.hikari.pool.HikariPool - HikariPool-1 - Fill pool skipped, pool has sufficient level or currently being filled.
21:36:08.796 [http-nio-8080-exec-3] DEBUG o.s.web.servlet.DispatcherServlet - GET "/deletepolicy", parameters={}
21:36:08.796 [http-nio-8080-exec-3] DEBUG o.s.w.s.m.m.a.RequestMappingHandlerMapping - Mapped to com.example.demo.controller.detection.PatternDetectionController#showDeletePatternForm(Model)
21:36:08.797 [http-nio-8080-exec-3] DEBUG o.s.w.s.v.ContentNegotiatingViewResolver - Selected 'text/html' given [text/html, application/xhtml+xml, image/avif, image/webp, image/apng, application/xml;q=0.9, */*;q=0.8, application/signed-exchange;v=b3;q=0.7]
21:36:08.800 [http-nio-8080-exec-3] DEBUG o.s.web.servlet.DispatcherServlet - Completed 200 OK
21:36:08.869 [http-nio-8080-exec-4] DEBUG o.s.web.servlet.DispatcherServlet - GET "/favicon.ico", parameters={}
21:36:08.870 [http-nio-8080-exec-4] DEBUG o.s.w.s.m.m.a.RequestMappingHandlerMapping - Mapped to com.example.demo.controller.log.FaviconController#returnNoFavicon()
21:36:08.872 [http-nio-8080-exec-4] DEBUG o.s.w.s.m.m.a.RequestResponseBodyMethodProcessor - Using 'application/json;q=0.8', given [image/avif, image/webp, image/apng, image/svg+xml, image/*, */*;q=0.8] and supported [application/json, application/*+json]
21:36:08.873 [http-nio-8080-exec-4] DEBUG o.s.w.s.m.m.a.RequestResponseBodyMethodProcessor - Nothing to write: null body
21:36:08.873 [http-nio-8080-exec-4] DEBUG o.s.web.servlet.DispatcherServlet - Completed 200 OK
21:36:09.414 [http-nio-8080-exec-5] DEBUG o.s.web.servlet.DispatcherServlet - GET "/policylist", parameters={}
21:36:09.415 [http-nio-8080-exec-5] DEBUG o.s.w.s.m.m.a.RequestMappingHandlerMapping - Mapped to com.example.demo.controller.detection.PatternDetectionController#showPolicyList(Model)
21:36:09.415 [http-nio-8080-exec-5] DEBUG org.mybatis.spring.SqlSessionUtils - Creating a new SqlSession
21:36:09.415 [http-nio-8080-exec-5] DEBUG org.mybatis.spring.SqlSessionUtils - SqlSession [org.apache.ibatis.session.defaults.DefaultSqlSession@9cf40d0] was not registered for synchronization because synchronization is not active
21:36:09.415 [http-nio-8080-exec-5] DEBUG o.s.jdbc.datasource.DataSourceUtils - Fetching JDBC Connection from DataSource
21:36:09.417 [http-nio-8080-exec-5] DEBUG o.m.s.t.SpringManagedTransaction - JDBC Connection [HikariProxyConnection@66868783 wrapping org.mariadb.jdbc.Connection@4a074677] will not be managed by Spring
21:36:09.417 [http-nio-8080-exec-5] DEBUG c.e.d.d.d.P.getAllPatternDetections - ==>  Preparing: SELECT detection_number, CONCAT(s_ip, ' to ', d_ip) AS s_to_ip, s_ip, d_ip, s_port, d_port, create_dt, modify_dt, action_type, policy_name, policy_info, pattern_1, pattern_2, pattern_3, dangerous FROM detection_db.pattern_detection
21:36:09.417 [http-nio-8080-exec-5] DEBUG c.e.d.d.d.P.getAllPatternDetections - ==> Parameters: 
21:36:09.417 [http-nio-8080-exec-5] DEBUG o.m.jdbc.client.impl.StandardClient - execute query: SELECT detection_number, CONCAT(s_ip, ' to ', d_ip) AS s_to_ip, s_ip, d_ip, s_port, d_port, create_dt, modify_dt, action_type, policy_name, policy_info, pattern_1, pattern_2, pattern_3, dangerous
        FROM detection_db.pattern_detection
21:36:09.422 [http-nio-8080-exec-5] DEBUG c.e.d.d.d.P.getAllPatternDetections - <==      Total: 17
21:36:09.423 [http-nio-8080-exec-5] DEBUG org.mybatis.spring.SqlSessionUtils - Closing non transactional SqlSession [org.apache.ibatis.session.defaults.DefaultSqlSession@9cf40d0]
21:36:09.423 [http-nio-8080-exec-5] DEBUG o.s.w.s.v.ContentNegotiatingViewResolver - Selected 'text/html' given [text/html, application/xhtml+xml, image/avif, image/webp, image/apng, application/xml;q=0.9, */*;q=0.8, application/signed-exchange;v=b3;q=0.7]
21:36:09.427 [http-nio-8080-exec-5] DEBUG o.s.web.servlet.DispatcherServlet - Completed 200 OK
21:36:09.461 [http-nio-8080-exec-6] DEBUG o.s.web.servlet.DispatcherServlet - POST "/api/search-pattern-detections", parameters={}
21:36:09.461 [http-nio-8080-exec-6] DEBUG o.s.w.s.m.m.a.RequestMappingHandlerMapping - Mapped to com.example.demo.controller.detection.PatternDetectionController#searchPatternDetections(SearchCriteria)
21:36:09.462 [http-nio-8080-exec-6] DEBUG o.s.w.s.m.m.a.RequestResponseBodyMethodProcessor - Read "application/json;charset=UTF-8" to [com.example.demo.controller.log.SearchCriteria@2a976bee]
21:36:09.462 [http-nio-8080-exec-6] DEBUG org.mybatis.spring.SqlSessionUtils - Creating a new SqlSession
21:36:09.462 [http-nio-8080-exec-6] DEBUG org.mybatis.spring.SqlSessionUtils - SqlSession [org.apache.ibatis.session.defaults.DefaultSqlSession@236b5867] was not registered for synchronization because synchronization is not active
21:36:09.462 [http-nio-8080-exec-6] DEBUG o.s.jdbc.datasource.DataSourceUtils - Fetching JDBC Connection from DataSource
21:36:09.462 [http-nio-8080-exec-6] DEBUG o.m.s.t.SpringManagedTransaction - JDBC Connection [HikariProxyConnection@460792086 wrapping org.mariadb.jdbc.Connection@4a074677] will not be managed by Spring
21:36:09.463 [http-nio-8080-exec-6] DEBUG c.e.d.d.d.P.getAllPatternDetections - ==>  Preparing: SELECT detection_number, CONCAT(s_ip, ' to ', d_ip) AS s_to_ip, s_ip, d_ip, s_port, d_port, create_dt, modify_dt, action_type, policy_name, policy_info, pattern_1, pattern_2, pattern_3, dangerous FROM detection_db.pattern_detection
21:36:09.463 [http-nio-8080-exec-6] DEBUG c.e.d.d.d.P.getAllPatternDetections - ==> Parameters: 
21:36:09.463 [http-nio-8080-exec-6] DEBUG o.m.jdbc.client.impl.StandardClient - execute query: SELECT detection_number, CONCAT(s_ip, ' to ', d_ip) AS s_to_ip, s_ip, d_ip, s_port, d_port, create_dt, modify_dt, action_type, policy_name, policy_info, pattern_1, pattern_2, pattern_3, dangerous
        FROM detection_db.pattern_detection
21:36:09.470 [http-nio-8080-exec-6] DEBUG c.e.d.d.d.P.getAllPatternDetections - <==      Total: 17
21:36:09.470 [http-nio-8080-exec-6] DEBUG org.mybatis.spring.SqlSessionUtils - Closing non transactional SqlSession [org.apache.ibatis.session.defaults.DefaultSqlSession@236b5867]
21:36:09.471 [http-nio-8080-exec-6] DEBUG o.s.w.s.m.m.a.RequestResponseBodyMethodProcessor - Using 'application/json', given [*/*] and supported [application/json, application/*+json]
21:36:09.471 [http-nio-8080-exec-6] DEBUG o.s.w.s.m.m.a.RequestResponseBodyMethodProcessor - Writing [[PatternDetection{detection_number=1, s_to_ip='192.168.1.73 to 192.168.1.26', s_ip='192.168.1.73', d (truncated)...]
21:36:09.472 [http-nio-8080-exec-6] DEBUG o.s.web.servlet.DispatcherServlet - Completed 200 OK
21:36:09.502 [http-nio-8080-exec-7] DEBUG o.s.web.servlet.DispatcherServlet - GET "/favicon.ico", parameters={}
21:36:09.502 [http-nio-8080-exec-7] DEBUG o.s.w.s.m.m.a.RequestMappingHandlerMapping - Mapped to com.example.demo.controller.log.FaviconController#returnNoFavicon()
21:36:09.503 [http-nio-8080-exec-7] DEBUG o.s.w.s.m.m.a.RequestResponseBodyMethodProcessor - Using 'application/json;q=0.8', given [image/avif, image/webp, image/apng, image/svg+xml, image/*, */*;q=0.8] and supported [application/json, application/*+json]
21:36:09.503 [http-nio-8080-exec-7] DEBUG o.s.w.s.m.m.a.RequestResponseBodyMethodProcessor - Nothing to write: null body
21:36:09.503 [http-nio-8080-exec-7] DEBUG o.s.web.servlet.DispatcherServlet - Completed 200 OK
21:36:12.099 [http-nio-8080-exec-9] DEBUG o.s.web.servlet.DispatcherServlet - GET "/behaviorpolicy", parameters={}
21:36:12.099 [http-nio-8080-exec-9] DEBUG o.s.w.s.m.m.a.RequestMappingHandlerMapping - Mapped to com.example.demo.controller.detection.BehaviorDetectionController#showPolicyList2(Model)
21:36:12.100 [http-nio-8080-exec-9] DEBUG org.mybatis.spring.SqlSessionUtils - Creating a new SqlSession
21:36:12.100 [http-nio-8080-exec-9] DEBUG org.mybatis.spring.SqlSessionUtils - SqlSession [org.apache.ibatis.session.defaults.DefaultSqlSession@384ba0c6] was not registered for synchronization because synchronization is not active
21:36:12.100 [http-nio-8080-exec-9] DEBUG o.s.jdbc.datasource.DataSourceUtils - Fetching JDBC Connection from DataSource
21:36:12.102 [http-nio-8080-exec-9] DEBUG o.m.s.t.SpringManagedTransaction - JDBC Connection [HikariProxyConnection@1106777913 wrapping org.mariadb.jdbc.Connection@4a074677] will not be managed by Spring
21:36:12.103 [http-nio-8080-exec-9] DEBUG c.e.d.d.d.B.getAllBehaviorDetections - ==>  Preparing: SELECT * FROM detection_db.behavior_detection
21:36:12.103 [http-nio-8080-exec-9] DEBUG c.e.d.d.d.B.getAllBehaviorDetections - ==> Parameters: 
21:36:12.103 [http-nio-8080-exec-9] DEBUG o.m.jdbc.client.impl.StandardClient - execute query: SELECT * FROM detection_db.behavior_detection
21:36:12.108 [http-nio-8080-exec-9] DEBUG c.e.d.d.d.B.getAllBehaviorDetections - <==      Total: 10
21:36:12.109 [http-nio-8080-exec-9] DEBUG org.mybatis.spring.SqlSessionUtils - Closing non transactional SqlSession [org.apache.ibatis.session.defaults.DefaultSqlSession@384ba0c6]
21:36:12.110 [http-nio-8080-exec-9] DEBUG o.s.w.s.v.ContentNegotiatingViewResolver - Selected 'text/html' given [text/html, application/xhtml+xml, image/avif, image/webp, image/apng, application/xml;q=0.9, */*;q=0.8, application/signed-exchange;v=b3;q=0.7]
21:36:12.115 [http-nio-8080-exec-9] DEBUG o.s.web.servlet.DispatcherServlet - Completed 200 OK
21:36:12.146 [http-nio-8080-exec-8] DEBUG o.s.web.servlet.DispatcherServlet - POST "/api/search-behavior-detections", parameters={}
21:36:12.147 [http-nio-8080-exec-8] DEBUG o.s.w.s.m.m.a.RequestMappingHandlerMapping - Mapped to com.example.demo.controller.detection.BehaviorDetectionController#searchBehaviorDetections(BehaviorDetection)
21:36:12.147 [http-nio-8080-exec-8] DEBUG o.s.w.s.m.m.a.RequestResponseBodyMethodProcessor - Read "application/json;charset=UTF-8" to [BehaviorDetection{detection_number=null, s_to_ip='null', s_ip='null', d_ip='null', s_port=null, d_po (truncated)...]
21:36:12.147 [http-nio-8080-exec-8] DEBUG org.mybatis.spring.SqlSessionUtils - Creating a new SqlSession
21:36:12.147 [http-nio-8080-exec-8] DEBUG org.mybatis.spring.SqlSessionUtils - SqlSession [org.apache.ibatis.session.defaults.DefaultSqlSession@301cd472] was not registered for synchronization because synchronization is not active
21:36:12.148 [http-nio-8080-exec-8] DEBUG o.s.jdbc.datasource.DataSourceUtils - Fetching JDBC Connection from DataSource
21:36:12.148 [http-nio-8080-exec-8] DEBUG o.m.s.t.SpringManagedTransaction - JDBC Connection [HikariProxyConnection@646316204 wrapping org.mariadb.jdbc.Connection@4a074677] will not be managed by Spring
21:36:12.148 [http-nio-8080-exec-8] DEBUG c.e.d.d.d.B.searchBehaviorDetections - ==>  Preparing: SELECT * FROM detection_db.behavior_detection WHERE (s_ip LIKE '%' || ? || '%' OR ? IS NULL) AND (d_ip LIKE '%' || ? || '%' OR ? IS NULL) AND (s_port LIKE '%' || ? || '%' OR ? IS NULL) AND (d_port LIKE '%' || ? || '%' OR ? IS NULL) AND (create_dt LIKE '%' || ? || '%' OR ? IS NULL) AND (modify_dt LIKE '%' || ? || '%' OR ? IS NULL) AND (action_type LIKE '%' || ? || '%' OR ? IS NULL) AND (policy_name LIKE '%' || ? || '%' OR ? IS NULL) AND (policy_info LIKE '%' || ? || '%' OR ? IS NULL) AND (pattern_1 LIKE '%' || ? || '%' OR ? IS NULL) AND (pattern_2 LIKE '%' || ? || '%' OR ? IS NULL) AND (pattern_3 LIKE '%' || ? || '%' OR ? IS NULL) AND (dangerous LIKE '%' || ? || '%' OR ? IS NULL)
21:36:12.148 [http-nio-8080-exec-8] DEBUG c.e.d.d.d.B.searchBehaviorDetections - ==> Parameters: null, null, null, null, null, null, null, null, null, null, null, null, null, null, null, null, null, null, null, null, null, null, null, null, null, null
21:36:12.148 [http-nio-8080-exec-8] DEBUG o.m.jdbc.client.impl.StandardClient - execute query: SELECT * FROM detection_db.behavior_detection 
        WHERE (s_ip LIKE '%' || ? || '%' OR ? IS NULL)
          AND (d_ip LIKE '%' || ? || '%' OR ? IS NULL)
          AND (s_port LIKE '%' || ? || '%' OR ? IS NULL)
          AND (d_port LIKE '%' || ? || '%' OR ? IS NULL)
          AND (create_dt LIKE '%' || ? || '%' OR ? IS NULL)
          AND (modify_dt LIKE '%' || ? || '%' OR ? IS NULL)
          AND (action_type LIKE '%' || ? || '%' OR ? IS NULL)
          AND (policy_name LIKE '%' || ? || '%' OR ? IS NULL)
          AND (policy_info LIKE '%' || ? || '%' OR ? IS NULL)
          AND (pattern_1 LIKE '%' || ? || '%' OR ? IS NULL)
          AND (pattern_2 LIKE '%' || ? || '%' OR ? IS NULL)
          AND (pattern_3 LIKE '%' || ? || '%' OR ? IS NULL)
          AND (dangerous LIKE '%' || ? || '%' OR ? IS NULL)
21:36:12.154 [http-nio-8080-exec-8] DEBUG c.e.d.d.d.B.searchBehaviorDetections - <==      Total: 10
21:36:12.154 [http-nio-8080-exec-8] DEBUG org.mybatis.spring.SqlSessionUtils - Closing non transactional SqlSession [org.apache.ibatis.session.defaults.DefaultSqlSession@301cd472]
21:36:12.155 [http-nio-8080-exec-8] DEBUG o.s.w.s.m.m.a.RequestResponseBodyMethodProcessor - Using 'application/json', given [*/*] and supported [application/json, application/*+json]
21:36:12.155 [http-nio-8080-exec-8] DEBUG o.s.w.s.m.m.a.RequestResponseBodyMethodProcessor - Writing [[BehaviorDetection{detection_number=1, s_to_ip='null', s_ip='null', d_ip='192.168.1.33', s_port=3306 (truncated)...]
21:36:12.156 [http-nio-8080-exec-8] DEBUG o.s.web.servlet.DispatcherServlet - Completed 200 OK
21:36:12.198 [http-nio-8080-exec-10] DEBUG o.s.web.servlet.DispatcherServlet - GET "/favicon.ico", parameters={}
21:36:12.198 [http-nio-8080-exec-10] DEBUG o.s.w.s.m.m.a.RequestMappingHandlerMapping - Mapped to com.example.demo.controller.log.FaviconController#returnNoFavicon()
21:36:12.198 [http-nio-8080-exec-10] DEBUG o.s.w.s.m.m.a.RequestResponseBodyMethodProcessor - Using 'application/json;q=0.8', given [image/avif, image/webp, image/apng, image/svg+xml, image/*, */*;q=0.8] and supported [application/json, application/*+json]
21:36:12.198 [http-nio-8080-exec-10] DEBUG o.s.w.s.m.m.a.RequestResponseBodyMethodProcessor - Nothing to write: null body
21:36:12.198 [http-nio-8080-exec-10] DEBUG o.s.web.servlet.DispatcherServlet - Completed 200 OK
21:36:26.970 [http-nio-8080-exec-2] DEBUG o.s.web.servlet.DispatcherServlet - GET "/deletepolicy", parameters={}
21:36:26.971 [http-nio-8080-exec-2] DEBUG o.s.w.s.m.m.a.RequestMappingHandlerMapping - Mapped to com.example.demo.controller.detection.PatternDetectionController#showDeletePatternForm(Model)
21:36:26.972 [http-nio-8080-exec-2] DEBUG o.s.w.s.v.ContentNegotiatingViewResolver - Selected 'text/html' given [text/html, application/xhtml+xml, image/avif, image/webp, image/apng, application/xml;q=0.9, */*;q=0.8, application/signed-exchange;v=b3;q=0.7]
21:36:26.976 [http-nio-8080-exec-2] DEBUG o.s.web.servlet.DispatcherServlet - Completed 200 OK
21:36:27.042 [http-nio-8080-exec-1] DEBUG o.s.web.servlet.DispatcherServlet - GET "/favicon.ico", parameters={}
21:36:27.043 [http-nio-8080-exec-1] DEBUG o.s.w.s.m.m.a.RequestMappingHandlerMapping - Mapped to com.example.demo.controller.log.FaviconController#returnNoFavicon()
21:36:27.044 [http-nio-8080-exec-1] DEBUG o.s.w.s.m.m.a.RequestResponseBodyMethodProcessor - Using 'application/json;q=0.8', given [image/avif, image/webp, image/apng, image/svg+xml, image/*, */*;q=0.8] and supported [application/json, application/*+json]
21:36:27.044 [http-nio-8080-exec-1] DEBUG o.s.w.s.m.m.a.RequestResponseBodyMethodProcessor - Nothing to write: null body
21:36:27.044 [http-nio-8080-exec-1] DEBUG o.s.web.servlet.DispatcherServlet - Completed 200 OK
21:36:28.027 [http-nio-8080-exec-3] DEBUG o.s.web.servlet.DispatcherServlet - GET "/deletebehaviorpolicy", parameters={}
21:36:28.027 [http-nio-8080-exec-3] DEBUG o.s.w.s.m.m.a.RequestMappingHandlerMapping - Mapped to com.example.demo.controller.detection.BehaviorDetectionController#showDeleteBehaviorForm(Model)
21:36:28.028 [http-nio-8080-exec-3] DEBUG o.s.w.s.v.ContentNegotiatingViewResolver - Selected 'text/html' given [text/html, application/xhtml+xml, image/avif, image/webp, image/apng, application/xml;q=0.9, */*;q=0.8, application/signed-exchange;v=b3;q=0.7]
21:36:28.031 [http-nio-8080-exec-3] DEBUG o.s.web.servlet.DispatcherServlet - Completed 200 OK
21:36:28.095 [http-nio-8080-exec-4] DEBUG o.s.web.servlet.DispatcherServlet - GET "/favicon.ico", parameters={}
21:36:28.095 [http-nio-8080-exec-4] DEBUG o.s.w.s.m.m.a.RequestMappingHandlerMapping - Mapped to com.example.demo.controller.log.FaviconController#returnNoFavicon()
21:36:28.095 [http-nio-8080-exec-4] DEBUG o.s.w.s.m.m.a.RequestResponseBodyMethodProcessor - Using 'application/json;q=0.8', given [image/avif, image/webp, image/apng, image/svg+xml, image/*, */*;q=0.8] and supported [application/json, application/*+json]
21:36:28.095 [http-nio-8080-exec-4] DEBUG o.s.w.s.m.m.a.RequestResponseBodyMethodProcessor - Nothing to write: null body
21:36:28.096 [http-nio-8080-exec-4] DEBUG o.s.web.servlet.DispatcherServlet - Completed 200 OK
21:36:33.379 [http-nio-8080-exec-5] DEBUG o.s.web.servlet.DispatcherServlet - POST "/deletebehaviorpolicy", parameters={masked}
21:36:33.379 [http-nio-8080-exec-5] DEBUG o.s.w.s.m.m.a.RequestMappingHandlerMapping - Mapped to com.example.demo.controller.detection.BehaviorDetectionController#deleteBehavior(BehaviorDetection)
21:36:33.379 [http-nio-8080-exec-5] DEBUG org.mybatis.spring.SqlSessionUtils - Creating a new SqlSession
21:36:33.379 [http-nio-8080-exec-5] DEBUG org.mybatis.spring.SqlSessionUtils - SqlSession [org.apache.ibatis.session.defaults.DefaultSqlSession@2638d2d9] was not registered for synchronization because synchronization is not active
21:36:33.379 [http-nio-8080-exec-5] DEBUG o.s.jdbc.datasource.DataSourceUtils - Fetching JDBC Connection from DataSource
21:36:33.382 [http-nio-8080-exec-5] DEBUG o.m.s.t.SpringManagedTransaction - JDBC Connection [HikariProxyConnection@1426251534 wrapping org.mariadb.jdbc.Connection@4a074677] will not be managed by Spring
21:36:33.382 [http-nio-8080-exec-5] DEBUG c.e.d.d.d.B.deleteBehaviorDetection - ==>  Preparing: DELETE FROM detection_db.behavior_detection WHERE detection_number = ?
21:36:33.382 [http-nio-8080-exec-5] DEBUG c.e.d.d.d.B.deleteBehaviorDetection - ==> Parameters: 256(Integer)
21:36:33.382 [http-nio-8080-exec-5] DEBUG o.m.jdbc.client.impl.StandardClient - execute query: DELETE FROM detection_db.behavior_detection WHERE detection_number = ?
21:36:33.399 [http-nio-8080-exec-5] DEBUG c.e.d.d.d.B.deleteBehaviorDetection - <==    Updates: 1
21:36:33.399 [http-nio-8080-exec-5] DEBUG org.mybatis.spring.SqlSessionUtils - Closing non transactional SqlSession [org.apache.ibatis.session.defaults.DefaultSqlSession@2638d2d9]
21:36:33.400 [http-nio-8080-exec-5] DEBUG o.s.web.servlet.view.RedirectView - View name 'redirect:', model {}
21:36:33.400 [http-nio-8080-exec-5] DEBUG o.s.web.servlet.DispatcherServlet - Completed 302 FOUND
21:36:33.406 [http-nio-8080-exec-6] DEBUG o.s.web.servlet.DispatcherServlet - GET "/deletepolicy", parameters={}
21:36:33.406 [http-nio-8080-exec-6] DEBUG o.s.w.s.m.m.a.RequestMappingHandlerMapping - Mapped to com.example.demo.controller.detection.PatternDetectionController#showDeletePatternForm(Model)
21:36:33.406 [http-nio-8080-exec-6] DEBUG o.s.w.s.v.ContentNegotiatingViewResolver - Selected '*/*' given [*/*]
21:36:33.409 [http-nio-8080-exec-6] DEBUG o.s.web.servlet.DispatcherServlet - Completed 200 OK
21:36:36.815 [http-nio-8080-exec-7] DEBUG o.s.web.servlet.DispatcherServlet - POST "/deletebehaviorpolicy", parameters={masked}
21:36:36.816 [http-nio-8080-exec-7] DEBUG o.s.w.s.m.m.a.RequestMappingHandlerMapping - Mapped to com.example.demo.controller.detection.BehaviorDetectionController#deleteBehavior(BehaviorDetection)
21:36:36.816 [http-nio-8080-exec-7] DEBUG org.mybatis.spring.SqlSessionUtils - Creating a new SqlSession
21:36:36.816 [http-nio-8080-exec-7] DEBUG org.mybatis.spring.SqlSessionUtils - SqlSession [org.apache.ibatis.session.defaults.DefaultSqlSession@5e159a85] was not registered for synchronization because synchronization is not active
21:36:36.816 [http-nio-8080-exec-7] DEBUG o.s.jdbc.datasource.DataSourceUtils - Fetching JDBC Connection from DataSource
21:36:36.817 [http-nio-8080-exec-7] DEBUG o.m.s.t.SpringManagedTransaction - JDBC Connection [HikariProxyConnection@777976658 wrapping org.mariadb.jdbc.Connection@4a074677] will not be managed by Spring
21:36:36.817 [http-nio-8080-exec-7] DEBUG c.e.d.d.d.B.deleteBehaviorDetection - ==>  Preparing: DELETE FROM detection_db.behavior_detection WHERE detection_number = ?
21:36:36.818 [http-nio-8080-exec-7] DEBUG c.e.d.d.d.B.deleteBehaviorDetection - ==> Parameters: 751(Integer)
21:36:36.818 [http-nio-8080-exec-7] DEBUG o.m.jdbc.client.impl.StandardClient - execute query: DELETE FROM detection_db.behavior_detection WHERE detection_number = ?
21:36:36.821 [http-nio-8080-exec-7] DEBUG c.e.d.d.d.B.deleteBehaviorDetection - <==    Updates: 1
21:36:36.821 [http-nio-8080-exec-7] DEBUG org.mybatis.spring.SqlSessionUtils - Closing non transactional SqlSession [org.apache.ibatis.session.defaults.DefaultSqlSession@5e159a85]
21:36:36.821 [http-nio-8080-exec-7] DEBUG o.s.web.servlet.view.RedirectView - View name 'redirect:', model {}
21:36:36.822 [http-nio-8080-exec-7] DEBUG o.s.web.servlet.DispatcherServlet - Completed 302 FOUND
21:36:36.824 [http-nio-8080-exec-9] DEBUG o.s.web.servlet.DispatcherServlet - GET "/deletepolicy", parameters={}
21:36:36.824 [http-nio-8080-exec-9] DEBUG o.s.w.s.m.m.a.RequestMappingHandlerMapping - Mapped to com.example.demo.controller.detection.PatternDetectionController#showDeletePatternForm(Model)
21:36:36.824 [http-nio-8080-exec-9] DEBUG o.s.w.s.v.ContentNegotiatingViewResolver - Selected '*/*' given [*/*]
21:36:36.827 [http-nio-8080-exec-9] DEBUG o.s.web.servlet.DispatcherServlet - Completed 200 OK
21:36:38.644 [HikariPool-1 housekeeper] DEBUG com.zaxxer.hikari.pool.HikariPool - HikariPool-1 - Pool stats (total=10, active=0, idle=10, waiting=0)
21:36:38.644 [HikariPool-1 housekeeper] DEBUG com.zaxxer.hikari.pool.HikariPool - HikariPool-1 - Fill pool skipped, pool has sufficient level or currently being filled.
21:36:40.664 [http-nio-8080-exec-8] DEBUG o.s.web.servlet.DispatcherServlet - POST "/deletebehaviorpolicy", parameters={masked}
21:36:40.664 [http-nio-8080-exec-8] DEBUG o.s.w.s.m.m.a.RequestMappingHandlerMapping - Mapped to com.example.demo.controller.detection.BehaviorDetectionController#deleteBehavior(BehaviorDetection)
21:36:40.665 [http-nio-8080-exec-8] DEBUG org.mybatis.spring.SqlSessionUtils - Creating a new SqlSession
21:36:40.665 [http-nio-8080-exec-8] DEBUG org.mybatis.spring.SqlSessionUtils - SqlSession [org.apache.ibatis.session.defaults.DefaultSqlSession@5823ab0] was not registered for synchronization because synchronization is not active
21:36:40.665 [http-nio-8080-exec-8] DEBUG o.s.jdbc.datasource.DataSourceUtils - Fetching JDBC Connection from DataSource
21:36:40.667 [http-nio-8080-exec-8] DEBUG o.m.s.t.SpringManagedTransaction - JDBC Connection [HikariProxyConnection@328718796 wrapping org.mariadb.jdbc.Connection@4a074677] will not be managed by Spring
21:36:40.668 [http-nio-8080-exec-8] DEBUG c.e.d.d.d.B.deleteBehaviorDetection - ==>  Preparing: DELETE FROM detection_db.behavior_detection WHERE detection_number = ?
21:36:40.668 [http-nio-8080-exec-8] DEBUG c.e.d.d.d.B.deleteBehaviorDetection - ==> Parameters: 757(Integer)
21:36:40.668 [http-nio-8080-exec-8] DEBUG o.m.jdbc.client.impl.StandardClient - execute query: DELETE FROM detection_db.behavior_detection WHERE detection_number = ?
21:36:40.685 [http-nio-8080-exec-8] DEBUG c.e.d.d.d.B.deleteBehaviorDetection - <==    Updates: 1
21:36:40.685 [http-nio-8080-exec-8] DEBUG org.mybatis.spring.SqlSessionUtils - Closing non transactional SqlSession [org.apache.ibatis.session.defaults.DefaultSqlSession@5823ab0]
21:36:40.685 [http-nio-8080-exec-8] DEBUG o.s.web.servlet.view.RedirectView - View name 'redirect:', model {}
21:36:40.685 [http-nio-8080-exec-8] DEBUG o.s.web.servlet.DispatcherServlet - Completed 302 FOUND
21:36:40.687 [http-nio-8080-exec-10] DEBUG o.s.web.servlet.DispatcherServlet - GET "/deletepolicy", parameters={}
21:36:40.687 [http-nio-8080-exec-10] DEBUG o.s.w.s.m.m.a.RequestMappingHandlerMapping - Mapped to com.example.demo.controller.detection.PatternDetectionController#showDeletePatternForm(Model)
21:36:40.688 [http-nio-8080-exec-10] DEBUG o.s.w.s.v.ContentNegotiatingViewResolver - Selected '*/*' given [*/*]
21:36:40.690 [http-nio-8080-exec-10] DEBUG o.s.web.servlet.DispatcherServlet - Completed 200 OK
21:36:44.568 [http-nio-8080-exec-2] DEBUG o.s.web.servlet.DispatcherServlet - POST "/deletebehaviorpolicy", parameters={masked}
21:36:44.569 [http-nio-8080-exec-2] DEBUG o.s.w.s.m.m.a.RequestMappingHandlerMapping - Mapped to com.example.demo.controller.detection.BehaviorDetectionController#deleteBehavior(BehaviorDetection)
21:36:44.569 [http-nio-8080-exec-2] DEBUG org.mybatis.spring.SqlSessionUtils - Creating a new SqlSession
21:36:44.569 [http-nio-8080-exec-2] DEBUG org.mybatis.spring.SqlSessionUtils - SqlSession [org.apache.ibatis.session.defaults.DefaultSqlSession@1d57552] was not registered for synchronization because synchronization is not active
21:36:44.569 [http-nio-8080-exec-2] DEBUG o.s.jdbc.datasource.DataSourceUtils - Fetching JDBC Connection from DataSource
21:36:44.572 [http-nio-8080-exec-2] DEBUG o.m.s.t.SpringManagedTransaction - JDBC Connection [HikariProxyConnection@1487843793 wrapping org.mariadb.jdbc.Connection@4a074677] will not be managed by Spring
21:36:44.572 [http-nio-8080-exec-2] DEBUG c.e.d.d.d.B.deleteBehaviorDetection - ==>  Preparing: DELETE FROM detection_db.behavior_detection WHERE detection_number = ?
21:36:44.572 [http-nio-8080-exec-2] DEBUG c.e.d.d.d.B.deleteBehaviorDetection - ==> Parameters: 802(Integer)
21:36:44.572 [http-nio-8080-exec-2] DEBUG o.m.jdbc.client.impl.StandardClient - execute query: DELETE FROM detection_db.behavior_detection WHERE detection_number = ?
21:36:44.576 [http-nio-8080-exec-2] DEBUG c.e.d.d.d.B.deleteBehaviorDetection - <==    Updates: 1
21:36:44.576 [http-nio-8080-exec-2] DEBUG org.mybatis.spring.SqlSessionUtils - Closing non transactional SqlSession [org.apache.ibatis.session.defaults.DefaultSqlSession@1d57552]
21:36:44.577 [http-nio-8080-exec-2] DEBUG o.s.web.servlet.view.RedirectView - View name 'redirect:', model {}
21:36:44.577 [http-nio-8080-exec-2] DEBUG o.s.web.servlet.DispatcherServlet - Completed 302 FOUND
21:36:44.578 [http-nio-8080-exec-1] DEBUG o.s.web.servlet.DispatcherServlet - GET "/deletepolicy", parameters={}
21:36:44.578 [http-nio-8080-exec-1] DEBUG o.s.w.s.m.m.a.RequestMappingHandlerMapping - Mapped to com.example.demo.controller.detection.PatternDetectionController#showDeletePatternForm(Model)
21:36:44.579 [http-nio-8080-exec-1] DEBUG o.s.w.s.v.ContentNegotiatingViewResolver - Selected '*/*' given [*/*]
21:36:44.582 [http-nio-8080-exec-1] DEBUG o.s.web.servlet.DispatcherServlet - Completed 200 OK
21:36:48.696 [http-nio-8080-exec-3] DEBUG o.s.web.servlet.DispatcherServlet - POST "/deletebehaviorpolicy", parameters={masked}
21:36:48.696 [http-nio-8080-exec-3] DEBUG o.s.w.s.m.m.a.RequestMappingHandlerMapping - Mapped to com.example.demo.controller.detection.BehaviorDetectionController#deleteBehavior(BehaviorDetection)
21:36:48.697 [http-nio-8080-exec-3] DEBUG org.mybatis.spring.SqlSessionUtils - Creating a new SqlSession
21:36:48.697 [http-nio-8080-exec-3] DEBUG org.mybatis.spring.SqlSessionUtils - SqlSession [org.apache.ibatis.session.defaults.DefaultSqlSession@49a737c5] was not registered for synchronization because synchronization is not active
21:36:48.697 [http-nio-8080-exec-3] DEBUG o.s.jdbc.datasource.DataSourceUtils - Fetching JDBC Connection from DataSource
21:36:48.698 [http-nio-8080-exec-3] DEBUG o.m.s.t.SpringManagedTransaction - JDBC Connection [HikariProxyConnection@1301615688 wrapping org.mariadb.jdbc.Connection@4a074677] will not be managed by Spring
21:36:48.698 [http-nio-8080-exec-3] DEBUG c.e.d.d.d.B.deleteBehaviorDetection - ==>  Preparing: DELETE FROM detection_db.behavior_detection WHERE detection_number = ?
21:36:48.699 [http-nio-8080-exec-3] DEBUG c.e.d.d.d.B.deleteBehaviorDetection - ==> Parameters: 808(Integer)
21:36:48.699 [http-nio-8080-exec-3] DEBUG o.m.jdbc.client.impl.StandardClient - execute query: DELETE FROM detection_db.behavior_detection WHERE detection_number = ?
21:36:48.713 [http-nio-8080-exec-3] DEBUG c.e.d.d.d.B.deleteBehaviorDetection - <==    Updates: 1
21:36:48.714 [http-nio-8080-exec-3] DEBUG org.mybatis.spring.SqlSessionUtils - Closing non transactional SqlSession [org.apache.ibatis.session.defaults.DefaultSqlSession@49a737c5]
21:36:48.714 [http-nio-8080-exec-3] DEBUG o.s.web.servlet.view.RedirectView - View name 'redirect:', model {}
21:36:48.714 [http-nio-8080-exec-3] DEBUG o.s.web.servlet.DispatcherServlet - Completed 302 FOUND
21:36:48.717 [http-nio-8080-exec-4] DEBUG o.s.web.servlet.DispatcherServlet - GET "/deletepolicy", parameters={}
21:36:48.717 [http-nio-8080-exec-4] DEBUG o.s.w.s.m.m.a.RequestMappingHandlerMapping - Mapped to com.example.demo.controller.detection.PatternDetectionController#showDeletePatternForm(Model)
21:36:48.717 [http-nio-8080-exec-4] DEBUG o.s.w.s.v.ContentNegotiatingViewResolver - Selected '*/*' given [*/*]
21:36:48.720 [http-nio-8080-exec-4] DEBUG o.s.web.servlet.DispatcherServlet - Completed 200 OK
21:36:50.196 [http-nio-8080-exec-5] DEBUG o.s.web.servlet.DispatcherServlet - GET "/policylist", parameters={}
21:36:50.196 [http-nio-8080-exec-5] DEBUG o.s.w.s.m.m.a.RequestMappingHandlerMapping - Mapped to com.example.demo.controller.detection.PatternDetectionController#showPolicyList(Model)
21:36:50.197 [http-nio-8080-exec-5] DEBUG org.mybatis.spring.SqlSessionUtils - Creating a new SqlSession
21:36:50.197 [http-nio-8080-exec-5] DEBUG org.mybatis.spring.SqlSessionUtils - SqlSession [org.apache.ibatis.session.defaults.DefaultSqlSession@342ea6af] was not registered for synchronization because synchronization is not active
21:36:50.197 [http-nio-8080-exec-5] DEBUG o.s.jdbc.datasource.DataSourceUtils - Fetching JDBC Connection from DataSource
21:36:50.199 [http-nio-8080-exec-5] DEBUG o.m.s.t.SpringManagedTransaction - JDBC Connection [HikariProxyConnection@1386005826 wrapping org.mariadb.jdbc.Connection@4a074677] will not be managed by Spring
21:36:50.199 [http-nio-8080-exec-5] DEBUG c.e.d.d.d.P.getAllPatternDetections - ==>  Preparing: SELECT detection_number, CONCAT(s_ip, ' to ', d_ip) AS s_to_ip, s_ip, d_ip, s_port, d_port, create_dt, modify_dt, action_type, policy_name, policy_info, pattern_1, pattern_2, pattern_3, dangerous FROM detection_db.pattern_detection
21:36:50.199 [http-nio-8080-exec-5] DEBUG c.e.d.d.d.P.getAllPatternDetections - ==> Parameters: 
21:36:50.199 [http-nio-8080-exec-5] DEBUG o.m.jdbc.client.impl.StandardClient - execute query: SELECT detection_number, CONCAT(s_ip, ' to ', d_ip) AS s_to_ip, s_ip, d_ip, s_port, d_port, create_dt, modify_dt, action_type, policy_name, policy_info, pattern_1, pattern_2, pattern_3, dangerous
        FROM detection_db.pattern_detection
21:36:50.203 [http-nio-8080-exec-5] DEBUG c.e.d.d.d.P.getAllPatternDetections - <==      Total: 17
21:36:50.203 [http-nio-8080-exec-5] DEBUG org.mybatis.spring.SqlSessionUtils - Closing non transactional SqlSession [org.apache.ibatis.session.defaults.DefaultSqlSession@342ea6af]
21:36:50.204 [http-nio-8080-exec-5] DEBUG o.s.w.s.v.ContentNegotiatingViewResolver - Selected 'text/html' given [text/html, application/xhtml+xml, image/avif, image/webp, image/apng, application/xml;q=0.9, */*;q=0.8, application/signed-exchange;v=b3;q=0.7]
21:36:50.210 [http-nio-8080-exec-5] DEBUG o.s.web.servlet.DispatcherServlet - Completed 200 OK
21:36:50.253 [http-nio-8080-exec-6] DEBUG o.s.web.servlet.DispatcherServlet - POST "/api/search-pattern-detections", parameters={}
21:36:50.253 [http-nio-8080-exec-6] DEBUG o.s.w.s.m.m.a.RequestMappingHandlerMapping - Mapped to com.example.demo.controller.detection.PatternDetectionController#searchPatternDetections(SearchCriteria)
21:36:50.254 [http-nio-8080-exec-6] DEBUG o.s.w.s.m.m.a.RequestResponseBodyMethodProcessor - Read "application/json;charset=UTF-8" to [com.example.demo.controller.log.SearchCriteria@4ab894a1]
21:36:50.254 [http-nio-8080-exec-6] DEBUG org.mybatis.spring.SqlSessionUtils - Creating a new SqlSession
21:36:50.254 [http-nio-8080-exec-6] DEBUG org.mybatis.spring.SqlSessionUtils - SqlSession [org.apache.ibatis.session.defaults.DefaultSqlSession@33e955f1] was not registered for synchronization because synchronization is not active
21:36:50.254 [http-nio-8080-exec-6] DEBUG o.s.jdbc.datasource.DataSourceUtils - Fetching JDBC Connection from DataSource
21:36:50.255 [http-nio-8080-exec-6] DEBUG o.m.s.t.SpringManagedTransaction - JDBC Connection [HikariProxyConnection@288664843 wrapping org.mariadb.jdbc.Connection@4a074677] will not be managed by Spring
21:36:50.255 [http-nio-8080-exec-6] DEBUG c.e.d.d.d.P.getAllPatternDetections - ==>  Preparing: SELECT detection_number, CONCAT(s_ip, ' to ', d_ip) AS s_to_ip, s_ip, d_ip, s_port, d_port, create_dt, modify_dt, action_type, policy_name, policy_info, pattern_1, pattern_2, pattern_3, dangerous FROM detection_db.pattern_detection
21:36:50.255 [http-nio-8080-exec-6] DEBUG c.e.d.d.d.P.getAllPatternDetections - ==> Parameters: 
21:36:50.255 [http-nio-8080-exec-6] DEBUG o.m.jdbc.client.impl.StandardClient - execute query: SELECT detection_number, CONCAT(s_ip, ' to ', d_ip) AS s_to_ip, s_ip, d_ip, s_port, d_port, create_dt, modify_dt, action_type, policy_name, policy_info, pattern_1, pattern_2, pattern_3, dangerous
        FROM detection_db.pattern_detection
21:36:50.262 [http-nio-8080-exec-6] DEBUG c.e.d.d.d.P.getAllPatternDetections - <==      Total: 17
21:36:50.263 [http-nio-8080-exec-6] DEBUG org.mybatis.spring.SqlSessionUtils - Closing non transactional SqlSession [org.apache.ibatis.session.defaults.DefaultSqlSession@33e955f1]
21:36:50.263 [http-nio-8080-exec-6] DEBUG o.s.w.s.m.m.a.RequestResponseBodyMethodProcessor - Using 'application/json', given [*/*] and supported [application/json, application/*+json]
21:36:50.263 [http-nio-8080-exec-6] DEBUG o.s.w.s.m.m.a.RequestResponseBodyMethodProcessor - Writing [[PatternDetection{detection_number=1, s_to_ip='192.168.1.73 to 192.168.1.26', s_ip='192.168.1.73', d (truncated)...]
21:36:50.265 [http-nio-8080-exec-6] DEBUG o.s.web.servlet.DispatcherServlet - Completed 200 OK
21:36:50.282 [http-nio-8080-exec-7] DEBUG o.s.web.servlet.DispatcherServlet - GET "/favicon.ico", parameters={}
21:36:50.282 [http-nio-8080-exec-7] DEBUG o.s.w.s.m.m.a.RequestMappingHandlerMapping - Mapped to com.example.demo.controller.log.FaviconController#returnNoFavicon()
21:36:50.283 [http-nio-8080-exec-7] DEBUG o.s.w.s.m.m.a.RequestResponseBodyMethodProcessor - Using 'application/json;q=0.8', given [image/avif, image/webp, image/apng, image/svg+xml, image/*, */*;q=0.8] and supported [application/json, application/*+json]
21:36:50.283 [http-nio-8080-exec-7] DEBUG o.s.w.s.m.m.a.RequestResponseBodyMethodProcessor - Nothing to write: null body
21:36:50.283 [http-nio-8080-exec-7] DEBUG o.s.web.servlet.DispatcherServlet - Completed 200 OK
21:36:52.283 [http-nio-8080-exec-9] DEBUG o.s.web.servlet.DispatcherServlet - GET "/behaviorpolicy", parameters={}
21:36:52.283 [http-nio-8080-exec-9] DEBUG o.s.w.s.m.m.a.RequestMappingHandlerMapping - Mapped to com.example.demo.controller.detection.BehaviorDetectionController#showPolicyList2(Model)
21:36:52.283 [http-nio-8080-exec-9] DEBUG org.mybatis.spring.SqlSessionUtils - Creating a new SqlSession
21:36:52.283 [http-nio-8080-exec-9] DEBUG org.mybatis.spring.SqlSessionUtils - SqlSession [org.apache.ibatis.session.defaults.DefaultSqlSession@1daacf3e] was not registered for synchronization because synchronization is not active
21:36:52.283 [http-nio-8080-exec-9] DEBUG o.s.jdbc.datasource.DataSourceUtils - Fetching JDBC Connection from DataSource
21:36:52.284 [http-nio-8080-exec-9] DEBUG o.m.s.t.SpringManagedTransaction - JDBC Connection [HikariProxyConnection@481687902 wrapping org.mariadb.jdbc.Connection@4a074677] will not be managed by Spring
21:36:52.284 [http-nio-8080-exec-9] DEBUG c.e.d.d.d.B.getAllBehaviorDetections - ==>  Preparing: SELECT * FROM detection_db.behavior_detection
21:36:52.284 [http-nio-8080-exec-9] DEBUG c.e.d.d.d.B.getAllBehaviorDetections - ==> Parameters: 
21:36:52.284 [http-nio-8080-exec-9] DEBUG o.m.jdbc.client.impl.StandardClient - execute query: SELECT * FROM detection_db.behavior_detection
21:36:52.287 [http-nio-8080-exec-9] DEBUG c.e.d.d.d.B.getAllBehaviorDetections - <==      Total: 5
21:36:52.287 [http-nio-8080-exec-9] DEBUG org.mybatis.spring.SqlSessionUtils - Closing non transactional SqlSession [org.apache.ibatis.session.defaults.DefaultSqlSession@1daacf3e]
21:36:52.288 [http-nio-8080-exec-9] DEBUG o.s.w.s.v.ContentNegotiatingViewResolver - Selected 'text/html' given [text/html, application/xhtml+xml, image/avif, image/webp, image/apng, application/xml;q=0.9, */*;q=0.8, application/signed-exchange;v=b3;q=0.7]
21:36:52.293 [http-nio-8080-exec-9] DEBUG o.s.web.servlet.DispatcherServlet - Completed 200 OK
21:36:52.326 [http-nio-8080-exec-8] DEBUG o.s.web.servlet.DispatcherServlet - POST "/api/search-behavior-detections", parameters={}
21:36:52.326 [http-nio-8080-exec-8] DEBUG o.s.w.s.m.m.a.RequestMappingHandlerMapping - Mapped to com.example.demo.controller.detection.BehaviorDetectionController#searchBehaviorDetections(BehaviorDetection)
21:36:52.327 [http-nio-8080-exec-8] DEBUG o.s.w.s.m.m.a.RequestResponseBodyMethodProcessor - Read "application/json;charset=UTF-8" to [BehaviorDetection{detection_number=null, s_to_ip='null', s_ip='null', d_ip='null', s_port=null, d_po (truncated)...]
21:36:52.330 [http-nio-8080-exec-8] DEBUG org.mybatis.spring.SqlSessionUtils - Creating a new SqlSession
21:36:52.330 [http-nio-8080-exec-8] DEBUG org.mybatis.spring.SqlSessionUtils - SqlSession [org.apache.ibatis.session.defaults.DefaultSqlSession@264e1439] was not registered for synchronization because synchronization is not active
21:36:52.330 [http-nio-8080-exec-8] DEBUG o.s.jdbc.datasource.DataSourceUtils - Fetching JDBC Connection from DataSource
21:36:52.330 [http-nio-8080-exec-8] DEBUG o.m.s.t.SpringManagedTransaction - JDBC Connection [HikariProxyConnection@729261960 wrapping org.mariadb.jdbc.Connection@4a074677] will not be managed by Spring
21:36:52.330 [http-nio-8080-exec-8] DEBUG c.e.d.d.d.B.searchBehaviorDetections - ==>  Preparing: SELECT * FROM detection_db.behavior_detection WHERE (s_ip LIKE '%' || ? || '%' OR ? IS NULL) AND (d_ip LIKE '%' || ? || '%' OR ? IS NULL) AND (s_port LIKE '%' || ? || '%' OR ? IS NULL) AND (d_port LIKE '%' || ? || '%' OR ? IS NULL) AND (create_dt LIKE '%' || ? || '%' OR ? IS NULL) AND (modify_dt LIKE '%' || ? || '%' OR ? IS NULL) AND (action_type LIKE '%' || ? || '%' OR ? IS NULL) AND (policy_name LIKE '%' || ? || '%' OR ? IS NULL) AND (policy_info LIKE '%' || ? || '%' OR ? IS NULL) AND (pattern_1 LIKE '%' || ? || '%' OR ? IS NULL) AND (pattern_2 LIKE '%' || ? || '%' OR ? IS NULL) AND (pattern_3 LIKE '%' || ? || '%' OR ? IS NULL) AND (dangerous LIKE '%' || ? || '%' OR ? IS NULL)
21:36:52.332 [http-nio-8080-exec-8] DEBUG c.e.d.d.d.B.searchBehaviorDetections - ==> Parameters: null, null, null, null, null, null, null, null, null, null, null, null, null, null, null, null, null, null, null, null, null, null, null, null, null, null
21:36:52.339 [http-nio-8080-exec-8] DEBUG o.m.jdbc.client.impl.StandardClient - execute query: SELECT * FROM detection_db.behavior_detection 
        WHERE (s_ip LIKE '%' || ? || '%' OR ? IS NULL)
          AND (d_ip LIKE '%' || ? || '%' OR ? IS NULL)
          AND (s_port LIKE '%' || ? || '%' OR ? IS NULL)
          AND (d_port LIKE '%' || ? || '%' OR ? IS NULL)
          AND (create_dt LIKE '%' || ? || '%' OR ? IS NULL)
          AND (modify_dt LIKE '%' || ? || '%' OR ? IS NULL)
          AND (action_type LIKE '%' || ? || '%' OR ? IS NULL)
          AND (policy_name LIKE '%' || ? || '%' OR ? IS NULL)
          AND (policy_info LIKE '%' || ? || '%' OR ? IS NULL)
          AND (pattern_1 LIKE '%' || ? || '%' OR ? IS NULL)
          AND (pattern_2 LIKE '%' || ? || '%' OR ? IS NULL)
          AND (pattern_3 LIKE '%' || ? || '%' OR ? IS NULL)
          AND (dangerous LIKE '%' || ? || '%' OR ? IS NULL)
21:36:52.343 [http-nio-8080-exec-8] DEBUG c.e.d.d.d.B.searchBehaviorDetections - <==      Total: 5
21:36:52.343 [http-nio-8080-exec-8] DEBUG org.mybatis.spring.SqlSessionUtils - Closing non transactional SqlSession [org.apache.ibatis.session.defaults.DefaultSqlSession@264e1439]
21:36:52.343 [http-nio-8080-exec-8] DEBUG o.s.w.s.m.m.a.RequestResponseBodyMethodProcessor - Using 'application/json', given [*/*] and supported [application/json, application/*+json]
21:36:52.343 [http-nio-8080-exec-8] DEBUG o.s.w.s.m.m.a.RequestResponseBodyMethodProcessor - Writing [[BehaviorDetection{detection_number=1, s_to_ip='null', s_ip='null', d_ip='192.168.1.33', s_port=3306 (truncated)...]
21:36:52.344 [http-nio-8080-exec-8] DEBUG o.s.web.servlet.DispatcherServlet - Completed 200 OK
21:36:52.363 [http-nio-8080-exec-10] DEBUG o.s.web.servlet.DispatcherServlet - GET "/favicon.ico", parameters={}
21:36:52.363 [http-nio-8080-exec-10] DEBUG o.s.w.s.m.m.a.RequestMappingHandlerMapping - Mapped to com.example.demo.controller.log.FaviconController#returnNoFavicon()
21:36:52.364 [http-nio-8080-exec-10] DEBUG o.s.w.s.m.m.a.RequestResponseBodyMethodProcessor - Using 'application/json;q=0.8', given [image/avif, image/webp, image/apng, image/svg+xml, image/*, */*;q=0.8] and supported [application/json, application/*+json]
21:36:52.365 [http-nio-8080-exec-10] DEBUG o.s.w.s.m.m.a.RequestResponseBodyMethodProcessor - Nothing to write: null body
21:36:52.365 [http-nio-8080-exec-10] DEBUG o.s.web.servlet.DispatcherServlet - Completed 200 OK
21:36:55.036 [http-nio-8080-exec-2] DEBUG o.s.web.servlet.DispatcherServlet - GET "/policylist", parameters={}
21:36:55.036 [http-nio-8080-exec-2] DEBUG o.s.w.s.m.m.a.RequestMappingHandlerMapping - Mapped to com.example.demo.controller.detection.PatternDetectionController#showPolicyList(Model)
21:36:55.037 [http-nio-8080-exec-2] DEBUG org.mybatis.spring.SqlSessionUtils - Creating a new SqlSession
21:36:55.037 [http-nio-8080-exec-2] DEBUG org.mybatis.spring.SqlSessionUtils - SqlSession [org.apache.ibatis.session.defaults.DefaultSqlSession@327e4088] was not registered for synchronization because synchronization is not active
21:36:55.037 [http-nio-8080-exec-2] DEBUG o.s.jdbc.datasource.DataSourceUtils - Fetching JDBC Connection from DataSource
21:36:55.038 [http-nio-8080-exec-2] DEBUG o.m.s.t.SpringManagedTransaction - JDBC Connection [HikariProxyConnection@2106219296 wrapping org.mariadb.jdbc.Connection@4a074677] will not be managed by Spring
21:36:55.038 [http-nio-8080-exec-2] DEBUG c.e.d.d.d.P.getAllPatternDetections - ==>  Preparing: SELECT detection_number, CONCAT(s_ip, ' to ', d_ip) AS s_to_ip, s_ip, d_ip, s_port, d_port, create_dt, modify_dt, action_type, policy_name, policy_info, pattern_1, pattern_2, pattern_3, dangerous FROM detection_db.pattern_detection
21:36:55.038 [http-nio-8080-exec-2] DEBUG c.e.d.d.d.P.getAllPatternDetections - ==> Parameters: 
21:36:55.038 [http-nio-8080-exec-2] DEBUG o.m.jdbc.client.impl.StandardClient - execute query: SELECT detection_number, CONCAT(s_ip, ' to ', d_ip) AS s_to_ip, s_ip, d_ip, s_port, d_port, create_dt, modify_dt, action_type, policy_name, policy_info, pattern_1, pattern_2, pattern_3, dangerous
        FROM detection_db.pattern_detection
21:36:55.051 [http-nio-8080-exec-2] DEBUG c.e.d.d.d.P.getAllPatternDetections - <==      Total: 17
21:36:55.051 [http-nio-8080-exec-2] DEBUG org.mybatis.spring.SqlSessionUtils - Closing non transactional SqlSession [org.apache.ibatis.session.defaults.DefaultSqlSession@327e4088]
21:36:55.052 [http-nio-8080-exec-2] DEBUG o.s.w.s.v.ContentNegotiatingViewResolver - Selected 'text/html' given [text/html, application/xhtml+xml, image/avif, image/webp, image/apng, application/xml;q=0.9, */*;q=0.8, application/signed-exchange;v=b3;q=0.7]
21:36:55.055 [http-nio-8080-exec-2] DEBUG o.s.web.servlet.DispatcherServlet - Completed 200 OK
21:36:55.108 [http-nio-8080-exec-1] DEBUG o.s.web.servlet.DispatcherServlet - POST "/api/search-pattern-detections", parameters={}
21:36:55.109 [http-nio-8080-exec-1] DEBUG o.s.w.s.m.m.a.RequestMappingHandlerMapping - Mapped to com.example.demo.controller.detection.PatternDetectionController#searchPatternDetections(SearchCriteria)
21:36:55.109 [http-nio-8080-exec-1] DEBUG o.s.w.s.m.m.a.RequestResponseBodyMethodProcessor - Read "application/json;charset=UTF-8" to [com.example.demo.controller.log.SearchCriteria@affd21f]
21:36:55.110 [http-nio-8080-exec-1] DEBUG org.mybatis.spring.SqlSessionUtils - Creating a new SqlSession
21:36:55.110 [http-nio-8080-exec-1] DEBUG org.mybatis.spring.SqlSessionUtils - SqlSession [org.apache.ibatis.session.defaults.DefaultSqlSession@78ecd224] was not registered for synchronization because synchronization is not active
21:36:55.110 [http-nio-8080-exec-1] DEBUG o.s.jdbc.datasource.DataSourceUtils - Fetching JDBC Connection from DataSource
21:36:55.110 [http-nio-8080-exec-1] DEBUG o.m.s.t.SpringManagedTransaction - JDBC Connection [HikariProxyConnection@1202671913 wrapping org.mariadb.jdbc.Connection@4a074677] will not be managed by Spring
21:36:55.110 [http-nio-8080-exec-1] DEBUG c.e.d.d.d.P.getAllPatternDetections - ==>  Preparing: SELECT detection_number, CONCAT(s_ip, ' to ', d_ip) AS s_to_ip, s_ip, d_ip, s_port, d_port, create_dt, modify_dt, action_type, policy_name, policy_info, pattern_1, pattern_2, pattern_3, dangerous FROM detection_db.pattern_detection
21:36:55.110 [http-nio-8080-exec-1] DEBUG c.e.d.d.d.P.getAllPatternDetections - ==> Parameters: 
21:36:55.110 [http-nio-8080-exec-1] DEBUG o.m.jdbc.client.impl.StandardClient - execute query: SELECT detection_number, CONCAT(s_ip, ' to ', d_ip) AS s_to_ip, s_ip, d_ip, s_port, d_port, create_dt, modify_dt, action_type, policy_name, policy_info, pattern_1, pattern_2, pattern_3, dangerous
        FROM detection_db.pattern_detection
21:36:55.118 [http-nio-8080-exec-1] DEBUG c.e.d.d.d.P.getAllPatternDetections - <==      Total: 17
21:36:55.118 [http-nio-8080-exec-1] DEBUG org.mybatis.spring.SqlSessionUtils - Closing non transactional SqlSession [org.apache.ibatis.session.defaults.DefaultSqlSession@78ecd224]
21:36:55.118 [http-nio-8080-exec-1] DEBUG o.s.w.s.m.m.a.RequestResponseBodyMethodProcessor - Using 'application/json', given [*/*] and supported [application/json, application/*+json]
21:36:55.118 [http-nio-8080-exec-1] DEBUG o.s.w.s.m.m.a.RequestResponseBodyMethodProcessor - Writing [[PatternDetection{detection_number=1, s_to_ip='192.168.1.73 to 192.168.1.26', s_ip='192.168.1.73', d (truncated)...]
21:36:55.120 [http-nio-8080-exec-1] DEBUG o.s.web.servlet.DispatcherServlet - Completed 200 OK
21:36:55.139 [http-nio-8080-exec-3] DEBUG o.s.web.servlet.DispatcherServlet - GET "/favicon.ico", parameters={}
21:36:55.140 [http-nio-8080-exec-3] DEBUG o.s.w.s.m.m.a.RequestMappingHandlerMapping - Mapped to com.example.demo.controller.log.FaviconController#returnNoFavicon()
21:36:55.140 [http-nio-8080-exec-3] DEBUG o.s.w.s.m.m.a.RequestResponseBodyMethodProcessor - Using 'application/json;q=0.8', given [image/avif, image/webp, image/apng, image/svg+xml, image/*, */*;q=0.8] and supported [application/json, application/*+json]
21:36:55.140 [http-nio-8080-exec-3] DEBUG o.s.w.s.m.m.a.RequestResponseBodyMethodProcessor - Nothing to write: null body
21:36:55.140 [http-nio-8080-exec-3] DEBUG o.s.web.servlet.DispatcherServlet - Completed 200 OK
21:37:02.796 [http-nio-8080-exec-4] DEBUG o.s.web.servlet.DispatcherServlet - GET "/deletepolicy", parameters={}
21:37:02.796 [http-nio-8080-exec-4] DEBUG o.s.w.s.m.m.a.RequestMappingHandlerMapping - Mapped to com.example.demo.controller.detection.PatternDetectionController#showDeletePatternForm(Model)
21:37:02.796 [http-nio-8080-exec-4] DEBUG o.s.w.s.v.ContentNegotiatingViewResolver - Selected 'text/html' given [text/html, application/xhtml+xml, image/avif, image/webp, image/apng, application/xml;q=0.9, */*;q=0.8, application/signed-exchange;v=b3;q=0.7]
21:37:02.799 [http-nio-8080-exec-4] DEBUG o.s.web.servlet.DispatcherServlet - Completed 200 OK
21:37:02.858 [http-nio-8080-exec-5] DEBUG o.s.web.servlet.DispatcherServlet - GET "/favicon.ico", parameters={}
21:37:02.858 [http-nio-8080-exec-5] DEBUG o.s.w.s.m.m.a.RequestMappingHandlerMapping - Mapped to com.example.demo.controller.log.FaviconController#returnNoFavicon()
21:37:02.859 [http-nio-8080-exec-5] DEBUG o.s.w.s.m.m.a.RequestResponseBodyMethodProcessor - Using 'application/json;q=0.8', given [image/avif, image/webp, image/apng, image/svg+xml, image/*, */*;q=0.8] and supported [application/json, application/*+json]
21:37:02.859 [http-nio-8080-exec-5] DEBUG o.s.w.s.m.m.a.RequestResponseBodyMethodProcessor - Nothing to write: null body
21:37:02.859 [http-nio-8080-exec-5] DEBUG o.s.web.servlet.DispatcherServlet - Completed 200 OK
21:37:07.697 [http-nio-8080-exec-6] DEBUG o.s.web.servlet.DispatcherServlet - POST "/deletepolicy", parameters={masked}
21:37:07.697 [http-nio-8080-exec-6] DEBUG o.s.w.s.m.m.a.RequestMappingHandlerMapping - Mapped to com.example.demo.controller.detection.PatternDetectionController#deletePattern(PatternDetection)
21:37:07.698 [http-nio-8080-exec-6] DEBUG o.s.beans.CachedIntrospectionResults - Not strongly caching class [com.example.demo.dto.detection.PatternDetection] because it is not cache-safe
21:37:07.698 [http-nio-8080-exec-6] DEBUG org.mybatis.spring.SqlSessionUtils - Creating a new SqlSession
21:37:07.698 [http-nio-8080-exec-6] DEBUG org.mybatis.spring.SqlSessionUtils - SqlSession [org.apache.ibatis.session.defaults.DefaultSqlSession@5359e8f7] was not registered for synchronization because synchronization is not active
21:37:07.698 [http-nio-8080-exec-6] DEBUG o.s.jdbc.datasource.DataSourceUtils - Fetching JDBC Connection from DataSource
21:37:07.699 [http-nio-8080-exec-6] DEBUG o.m.s.t.SpringManagedTransaction - JDBC Connection [HikariProxyConnection@1975215964 wrapping org.mariadb.jdbc.Connection@4a074677] will not be managed by Spring
21:37:07.699 [http-nio-8080-exec-6] DEBUG c.e.d.d.d.P.deletePatternDetection - ==>  Preparing: DELETE FROM detection_db.pattern_detection WHERE detection_number = ?
21:37:07.699 [http-nio-8080-exec-6] DEBUG c.e.d.d.d.P.deletePatternDetection - ==> Parameters: 828(Long)
21:37:07.699 [http-nio-8080-exec-6] DEBUG o.m.jdbc.client.impl.StandardClient - execute query: DELETE FROM detection_db.pattern_detection WHERE detection_number = ?
21:37:07.716 [http-nio-8080-exec-6] DEBUG c.e.d.d.d.P.deletePatternDetection - <==    Updates: 1
21:37:07.716 [http-nio-8080-exec-6] DEBUG org.mybatis.spring.SqlSessionUtils - Closing non transactional SqlSession [org.apache.ibatis.session.defaults.DefaultSqlSession@5359e8f7]
21:37:07.716 [http-nio-8080-exec-6] DEBUG o.s.web.servlet.view.RedirectView - View name 'redirect:', model {}
21:37:07.716 [http-nio-8080-exec-6] DEBUG o.s.web.servlet.DispatcherServlet - Completed 302 FOUND
21:37:07.717 [http-nio-8080-exec-7] DEBUG o.s.web.servlet.DispatcherServlet - GET "/deletepolicy", parameters={}
21:37:07.718 [http-nio-8080-exec-7] DEBUG o.s.w.s.m.m.a.RequestMappingHandlerMapping - Mapped to com.example.demo.controller.detection.PatternDetectionController#showDeletePatternForm(Model)
21:37:07.718 [http-nio-8080-exec-7] DEBUG o.s.w.s.v.ContentNegotiatingViewResolver - Selected '*/*' given [*/*]
21:37:07.720 [http-nio-8080-exec-7] DEBUG o.s.web.servlet.DispatcherServlet - Completed 200 OK
21:37:08.646 [HikariPool-1 housekeeper] DEBUG com.zaxxer.hikari.pool.HikariPool - HikariPool-1 - Pool stats (total=10, active=0, idle=10, waiting=0)
21:37:08.646 [HikariPool-1 housekeeper] DEBUG com.zaxxer.hikari.pool.HikariPool - HikariPool-1 - Fill pool skipped, pool has sufficient level or currently being filled.
21:37:10.325 [http-nio-8080-exec-8] DEBUG o.s.web.servlet.DispatcherServlet - GET "/policylist", parameters={}
21:37:10.326 [http-nio-8080-exec-8] DEBUG o.s.w.s.m.m.a.RequestMappingHandlerMapping - Mapped to com.example.demo.controller.detection.PatternDetectionController#showPolicyList(Model)
21:37:10.326 [http-nio-8080-exec-8] DEBUG org.mybatis.spring.SqlSessionUtils - Creating a new SqlSession
21:37:10.326 [http-nio-8080-exec-8] DEBUG org.mybatis.spring.SqlSessionUtils - SqlSession [org.apache.ibatis.session.defaults.DefaultSqlSession@3f345fec] was not registered for synchronization because synchronization is not active
21:37:10.326 [http-nio-8080-exec-8] DEBUG o.s.jdbc.datasource.DataSourceUtils - Fetching JDBC Connection from DataSource
21:37:10.327 [http-nio-8080-exec-8] DEBUG o.m.s.t.SpringManagedTransaction - JDBC Connection [HikariProxyConnection@306227327 wrapping org.mariadb.jdbc.Connection@4a074677] will not be managed by Spring
21:37:10.327 [http-nio-8080-exec-8] DEBUG c.e.d.d.d.P.getAllPatternDetections - ==>  Preparing: SELECT detection_number, CONCAT(s_ip, ' to ', d_ip) AS s_to_ip, s_ip, d_ip, s_port, d_port, create_dt, modify_dt, action_type, policy_name, policy_info, pattern_1, pattern_2, pattern_3, dangerous FROM detection_db.pattern_detection
21:37:10.327 [http-nio-8080-exec-8] DEBUG c.e.d.d.d.P.getAllPatternDetections - ==> Parameters: 
21:37:10.327 [http-nio-8080-exec-8] DEBUG o.m.jdbc.client.impl.StandardClient - execute query: SELECT detection_number, CONCAT(s_ip, ' to ', d_ip) AS s_to_ip, s_ip, d_ip, s_port, d_port, create_dt, modify_dt, action_type, policy_name, policy_info, pattern_1, pattern_2, pattern_3, dangerous
        FROM detection_db.pattern_detection
21:37:10.330 [http-nio-8080-exec-8] DEBUG c.e.d.d.d.P.getAllPatternDetections - <==      Total: 16
21:37:10.331 [http-nio-8080-exec-8] DEBUG org.mybatis.spring.SqlSessionUtils - Closing non transactional SqlSession [org.apache.ibatis.session.defaults.DefaultSqlSession@3f345fec]
21:37:10.331 [http-nio-8080-exec-8] DEBUG o.s.w.s.v.ContentNegotiatingViewResolver - Selected 'text/html' given [text/html, application/xhtml+xml, image/avif, image/webp, image/apng, application/xml;q=0.9, */*;q=0.8, application/signed-exchange;v=b3;q=0.7]
21:37:10.335 [http-nio-8080-exec-8] DEBUG o.s.web.servlet.DispatcherServlet - Completed 200 OK
21:37:10.373 [http-nio-8080-exec-10] DEBUG o.s.web.servlet.DispatcherServlet - POST "/api/search-pattern-detections", parameters={}
21:37:10.374 [http-nio-8080-exec-10] DEBUG o.s.w.s.m.m.a.RequestMappingHandlerMapping - Mapped to com.example.demo.controller.detection.PatternDetectionController#searchPatternDetections(SearchCriteria)
21:37:10.374 [http-nio-8080-exec-10] DEBUG o.s.w.s.m.m.a.RequestResponseBodyMethodProcessor - Read "application/json;charset=UTF-8" to [com.example.demo.controller.log.SearchCriteria@6ef84cda]
21:37:10.375 [http-nio-8080-exec-10] DEBUG org.mybatis.spring.SqlSessionUtils - Creating a new SqlSession
21:37:10.375 [http-nio-8080-exec-10] DEBUG org.mybatis.spring.SqlSessionUtils - SqlSession [org.apache.ibatis.session.defaults.DefaultSqlSession@34441bb4] was not registered for synchronization because synchronization is not active
21:37:10.375 [http-nio-8080-exec-10] DEBUG o.s.jdbc.datasource.DataSourceUtils - Fetching JDBC Connection from DataSource
21:37:10.375 [http-nio-8080-exec-10] DEBUG o.m.s.t.SpringManagedTransaction - JDBC Connection [HikariProxyConnection@1203180777 wrapping org.mariadb.jdbc.Connection@4a074677] will not be managed by Spring
21:37:10.375 [http-nio-8080-exec-10] DEBUG c.e.d.d.d.P.getAllPatternDetections - ==>  Preparing: SELECT detection_number, CONCAT(s_ip, ' to ', d_ip) AS s_to_ip, s_ip, d_ip, s_port, d_port, create_dt, modify_dt, action_type, policy_name, policy_info, pattern_1, pattern_2, pattern_3, dangerous FROM detection_db.pattern_detection
21:37:10.375 [http-nio-8080-exec-10] DEBUG c.e.d.d.d.P.getAllPatternDetections - ==> Parameters: 
21:37:10.375 [http-nio-8080-exec-10] DEBUG o.m.jdbc.client.impl.StandardClient - execute query: SELECT detection_number, CONCAT(s_ip, ' to ', d_ip) AS s_to_ip, s_ip, d_ip, s_port, d_port, create_dt, modify_dt, action_type, policy_name, policy_info, pattern_1, pattern_2, pattern_3, dangerous
        FROM detection_db.pattern_detection
21:37:10.380 [http-nio-8080-exec-10] DEBUG c.e.d.d.d.P.getAllPatternDetections - <==      Total: 16
21:37:10.381 [http-nio-8080-exec-10] DEBUG org.mybatis.spring.SqlSessionUtils - Closing non transactional SqlSession [org.apache.ibatis.session.defaults.DefaultSqlSession@34441bb4]
21:37:10.381 [http-nio-8080-exec-10] DEBUG o.s.w.s.m.m.a.RequestResponseBodyMethodProcessor - Using 'application/json', given [*/*] and supported [application/json, application/*+json]
21:37:10.382 [http-nio-8080-exec-10] DEBUG o.s.w.s.m.m.a.RequestResponseBodyMethodProcessor - Writing [[PatternDetection{detection_number=1, s_to_ip='192.168.1.73 to 192.168.1.26', s_ip='192.168.1.73', d (truncated)...]
21:37:10.383 [http-nio-8080-exec-10] DEBUG o.s.web.servlet.DispatcherServlet - Completed 200 OK
21:37:10.409 [http-nio-8080-exec-2] DEBUG o.s.web.servlet.DispatcherServlet - GET "/favicon.ico", parameters={}
21:37:10.409 [http-nio-8080-exec-2] DEBUG o.s.w.s.m.m.a.RequestMappingHandlerMapping - Mapped to com.example.demo.controller.log.FaviconController#returnNoFavicon()
21:37:10.410 [http-nio-8080-exec-2] DEBUG o.s.w.s.m.m.a.RequestResponseBodyMethodProcessor - Using 'application/json;q=0.8', given [image/avif, image/webp, image/apng, image/svg+xml, image/*, */*;q=0.8] and supported [application/json, application/*+json]
21:37:10.410 [http-nio-8080-exec-2] DEBUG o.s.w.s.m.m.a.RequestResponseBodyMethodProcessor - Nothing to write: null body
21:37:10.410 [http-nio-8080-exec-2] DEBUG o.s.web.servlet.DispatcherServlet - Completed 200 OK
21:37:18.619 [http-nio-8080-exec-1] DEBUG o.s.web.servlet.DispatcherServlet - GET "/addpolicy", parameters={}
21:37:18.620 [http-nio-8080-exec-1] DEBUG o.s.w.s.m.m.a.RequestMappingHandlerMapping - Mapped to com.example.demo.controller.detection.PatternDetectionController#showAddPatternForm(Model)
21:37:18.621 [http-nio-8080-exec-1] DEBUG o.s.w.s.v.ContentNegotiatingViewResolver - Selected 'text/html' given [text/html, application/xhtml+xml, image/avif, image/webp, image/apng, application/xml;q=0.9, */*;q=0.8, application/signed-exchange;v=b3;q=0.7]
21:37:18.629 [http-nio-8080-exec-1] DEBUG o.s.web.servlet.DispatcherServlet - Completed 200 OK
21:37:18.700 [http-nio-8080-exec-3] DEBUG o.s.web.servlet.DispatcherServlet - GET "/favicon.ico", parameters={}
21:37:18.700 [http-nio-8080-exec-3] DEBUG o.s.w.s.m.m.a.RequestMappingHandlerMapping - Mapped to com.example.demo.controller.log.FaviconController#returnNoFavicon()
21:37:18.701 [http-nio-8080-exec-3] DEBUG o.s.w.s.m.m.a.RequestResponseBodyMethodProcessor - Using 'application/json;q=0.8', given [image/avif, image/webp, image/apng, image/svg+xml, image/*, */*;q=0.8] and supported [application/json, application/*+json]
21:37:18.701 [http-nio-8080-exec-3] DEBUG o.s.w.s.m.m.a.RequestResponseBodyMethodProcessor - Nothing to write: null body
21:37:18.701 [http-nio-8080-exec-3] DEBUG o.s.web.servlet.DispatcherServlet - Completed 200 OK
21:37:23.302 [http-nio-8080-exec-4] DEBUG o.s.web.servlet.DispatcherServlet - GET "/addbehaviorpolicy", parameters={}
21:37:23.302 [http-nio-8080-exec-4] DEBUG o.s.w.s.m.m.a.RequestMappingHandlerMapping - Mapped to com.example.demo.controller.detection.BehaviorDetectionController#showAddBehaviorForm(Model)
21:37:23.303 [http-nio-8080-exec-4] DEBUG o.s.w.s.v.ContentNegotiatingViewResolver - Selected 'text/html' given [text/html, application/xhtml+xml, image/avif, image/webp, image/apng, application/xml;q=0.9, */*;q=0.8, application/signed-exchange;v=b3;q=0.7]
21:37:23.313 [http-nio-8080-exec-4] DEBUG o.s.web.servlet.DispatcherServlet - Completed 200 OK
21:37:23.391 [http-nio-8080-exec-5] DEBUG o.s.web.servlet.DispatcherServlet - GET "/favicon.ico", parameters={}
21:37:23.391 [http-nio-8080-exec-5] DEBUG o.s.w.s.m.m.a.RequestMappingHandlerMapping - Mapped to com.example.demo.controller.log.FaviconController#returnNoFavicon()
21:37:23.391 [http-nio-8080-exec-5] DEBUG o.s.w.s.m.m.a.RequestResponseBodyMethodProcessor - Using 'application/json;q=0.8', given [image/avif, image/webp, image/apng, image/svg+xml, image/*, */*;q=0.8] and supported [application/json, application/*+json]
21:37:23.391 [http-nio-8080-exec-5] DEBUG o.s.w.s.m.m.a.RequestResponseBodyMethodProcessor - Nothing to write: null body
21:37:23.391 [http-nio-8080-exec-5] DEBUG o.s.web.servlet.DispatcherServlet - Completed 200 OK
21:37:38.648 [HikariPool-1 housekeeper] DEBUG com.zaxxer.hikari.pool.HikariPool - HikariPool-1 - Pool stats (total=10, active=0, idle=10, waiting=0)
21:37:38.648 [HikariPool-1 housekeeper] DEBUG com.zaxxer.hikari.pool.HikariPool - HikariPool-1 - Fill pool skipped, pool has sufficient level or currently being filled.
21:37:48.355 [http-nio-8080-exec-6] DEBUG o.s.web.servlet.DispatcherServlet - POST "/addbehaviorpolicy", parameters={masked}
21:37:48.355 [http-nio-8080-exec-6] DEBUG o.s.w.s.m.m.a.RequestMappingHandlerMapping - Mapped to com.example.demo.controller.detection.BehaviorDetectionController#addBehavior(BehaviorDetection)
21:37:48.404 [http-nio-8080-exec-6] DEBUG org.mybatis.spring.SqlSessionUtils - Creating a new SqlSession
21:37:48.404 [http-nio-8080-exec-6] DEBUG org.mybatis.spring.SqlSessionUtils - SqlSession [org.apache.ibatis.session.defaults.DefaultSqlSession@30dcae45] was not registered for synchronization because synchronization is not active
21:37:48.404 [http-nio-8080-exec-6] DEBUG o.s.jdbc.datasource.DataSourceUtils - Fetching JDBC Connection from DataSource
21:37:48.407 [http-nio-8080-exec-6] DEBUG o.m.s.t.SpringManagedTransaction - JDBC Connection [HikariProxyConnection@716088831 wrapping org.mariadb.jdbc.Connection@4a074677] will not be managed by Spring
21:37:48.407 [http-nio-8080-exec-6] DEBUG c.e.d.d.d.B.addBehaviorDetection - ==>  Preparing: INSERT INTO detection_db.behavior_detection (detection_number, s_to_ip, s_ip, d_ip, s_port, d_port, create_dt, modify_dt, action_type, policy_name, policy_info, pattern_1, pattern_2, pattern_3, dangerous, base_cnt, comp_cnt, base_time) VALUES (?, ?, ?, ?, ?, ?, ?, ?, ?, ?, ?, ?, ?, ?, ?, ?, ?, ?)
21:37:48.411 [http-nio-8080-exec-6] DEBUG c.e.d.d.d.B.addBehaviorDetection - ==> Parameters: 1111(Integer), null, 1111(String), 1111(String), 1111(Integer), 1111(Integer), 2024-07-15T21:37(LocalDateTime), 2024-07-25T21:37(LocalDateTime), 1111(String), 1111(String), 1111(String), 1111(String), 1111(String), 1111(String), 1111(Integer), 1111(Integer), 1111(Integer), 1111(Integer)
21:37:48.411 [http-nio-8080-exec-6] DEBUG o.m.jdbc.client.impl.StandardClient - execute query: INSERT INTO detection_db.behavior_detection (detection_number, s_to_ip, s_ip, d_ip, s_port, d_port, create_dt, modify_dt, action_type, policy_name, policy_info, pattern_1, pattern_2, pattern_3, dangerous, base_cnt, comp_cnt, base_time)
        VALUES (?, ?, ?, ?, ?, ?, ?, ?, ?, ?, ?, ?, ?, ?, ?, ?, ?, ?)
21:37:48.435 [http-nio-8080-exec-6] DEBUG c.e.d.d.d.B.addBehaviorDetection - <==    Updates: 1
21:37:48.436 [http-nio-8080-exec-6] DEBUG org.mybatis.spring.SqlSessionUtils - Closing non transactional SqlSession [org.apache.ibatis.session.defaults.DefaultSqlSession@30dcae45]
21:37:48.436 [http-nio-8080-exec-6] DEBUG o.s.web.servlet.view.RedirectView - View name 'redirect:', model {}
21:37:48.436 [http-nio-8080-exec-6] DEBUG o.s.web.servlet.DispatcherServlet - Completed 302 FOUND
21:37:48.439 [http-nio-8080-exec-7] DEBUG o.s.web.servlet.DispatcherServlet - GET "/policylist", parameters={}
21:37:48.441 [http-nio-8080-exec-7] DEBUG o.s.w.s.m.m.a.RequestMappingHandlerMapping - Mapped to com.example.demo.controller.detection.PatternDetectionController#showPolicyList(Model)
21:37:48.441 [http-nio-8080-exec-7] DEBUG org.mybatis.spring.SqlSessionUtils - Creating a new SqlSession
21:37:48.442 [http-nio-8080-exec-7] DEBUG org.mybatis.spring.SqlSessionUtils - SqlSession [org.apache.ibatis.session.defaults.DefaultSqlSession@6aaf8586] was not registered for synchronization because synchronization is not active
21:37:48.442 [http-nio-8080-exec-7] DEBUG o.s.jdbc.datasource.DataSourceUtils - Fetching JDBC Connection from DataSource
21:37:48.442 [http-nio-8080-exec-7] DEBUG o.m.s.t.SpringManagedTransaction - JDBC Connection [HikariProxyConnection@404552676 wrapping org.mariadb.jdbc.Connection@4a074677] will not be managed by Spring
21:37:48.443 [http-nio-8080-exec-7] DEBUG c.e.d.d.d.P.getAllPatternDetections - ==>  Preparing: SELECT detection_number, CONCAT(s_ip, ' to ', d_ip) AS s_to_ip, s_ip, d_ip, s_port, d_port, create_dt, modify_dt, action_type, policy_name, policy_info, pattern_1, pattern_2, pattern_3, dangerous FROM detection_db.pattern_detection
21:37:48.443 [http-nio-8080-exec-7] DEBUG c.e.d.d.d.P.getAllPatternDetections - ==> Parameters: 
21:37:48.443 [http-nio-8080-exec-7] DEBUG o.m.jdbc.client.impl.StandardClient - execute query: SELECT detection_number, CONCAT(s_ip, ' to ', d_ip) AS s_to_ip, s_ip, d_ip, s_port, d_port, create_dt, modify_dt, action_type, policy_name, policy_info, pattern_1, pattern_2, pattern_3, dangerous
        FROM detection_db.pattern_detection
21:37:48.448 [http-nio-8080-exec-7] DEBUG c.e.d.d.d.P.getAllPatternDetections - <==      Total: 16
21:37:48.449 [http-nio-8080-exec-7] DEBUG org.mybatis.spring.SqlSessionUtils - Closing non transactional SqlSession [org.apache.ibatis.session.defaults.DefaultSqlSession@6aaf8586]
21:37:48.449 [http-nio-8080-exec-7] DEBUG o.s.w.s.v.ContentNegotiatingViewResolver - Selected 'text/html' given [text/html, application/xhtml+xml, image/avif, image/webp, image/apng, application/xml;q=0.9, */*;q=0.8, application/signed-exchange;v=b3;q=0.7]
21:37:48.452 [http-nio-8080-exec-7] DEBUG o.s.web.servlet.DispatcherServlet - Completed 200 OK
21:37:48.506 [http-nio-8080-exec-9] DEBUG o.s.web.servlet.DispatcherServlet - POST "/api/search-pattern-detections", parameters={}
21:37:48.508 [http-nio-8080-exec-9] DEBUG o.s.w.s.m.m.a.RequestMappingHandlerMapping - Mapped to com.example.demo.controller.detection.PatternDetectionController#searchPatternDetections(SearchCriteria)
21:37:48.509 [http-nio-8080-exec-9] DEBUG o.s.w.s.m.m.a.RequestResponseBodyMethodProcessor - Read "application/json;charset=UTF-8" to [com.example.demo.controller.log.SearchCriteria@3c8f88c]
21:37:48.509 [http-nio-8080-exec-9] DEBUG org.mybatis.spring.SqlSessionUtils - Creating a new SqlSession
21:37:48.510 [http-nio-8080-exec-9] DEBUG org.mybatis.spring.SqlSessionUtils - SqlSession [org.apache.ibatis.session.defaults.DefaultSqlSession@485004f4] was not registered for synchronization because synchronization is not active
21:37:48.510 [http-nio-8080-exec-9] DEBUG o.s.jdbc.datasource.DataSourceUtils - Fetching JDBC Connection from DataSource
21:37:48.510 [http-nio-8080-exec-9] DEBUG o.m.s.t.SpringManagedTransaction - JDBC Connection [HikariProxyConnection@2065460137 wrapping org.mariadb.jdbc.Connection@4a074677] will not be managed by Spring
21:37:48.510 [http-nio-8080-exec-9] DEBUG c.e.d.d.d.P.getAllPatternDetections - ==>  Preparing: SELECT detection_number, CONCAT(s_ip, ' to ', d_ip) AS s_to_ip, s_ip, d_ip, s_port, d_port, create_dt, modify_dt, action_type, policy_name, policy_info, pattern_1, pattern_2, pattern_3, dangerous FROM detection_db.pattern_detection
21:37:48.511 [http-nio-8080-exec-9] DEBUG c.e.d.d.d.P.getAllPatternDetections - ==> Parameters: 
21:37:48.511 [http-nio-8080-exec-9] DEBUG o.m.jdbc.client.impl.StandardClient - execute query: SELECT detection_number, CONCAT(s_ip, ' to ', d_ip) AS s_to_ip, s_ip, d_ip, s_port, d_port, create_dt, modify_dt, action_type, policy_name, policy_info, pattern_1, pattern_2, pattern_3, dangerous
        FROM detection_db.pattern_detection
21:37:48.518 [http-nio-8080-exec-9] DEBUG c.e.d.d.d.P.getAllPatternDetections - <==      Total: 16
21:37:48.518 [http-nio-8080-exec-9] DEBUG org.mybatis.spring.SqlSessionUtils - Closing non transactional SqlSession [org.apache.ibatis.session.defaults.DefaultSqlSession@485004f4]
21:37:48.519 [http-nio-8080-exec-9] DEBUG o.s.w.s.m.m.a.RequestResponseBodyMethodProcessor - Using 'application/json', given [*/*] and supported [application/json, application/*+json]
21:37:48.519 [http-nio-8080-exec-9] DEBUG o.s.w.s.m.m.a.RequestResponseBodyMethodProcessor - Writing [[PatternDetection{detection_number=1, s_to_ip='192.168.1.73 to 192.168.1.26', s_ip='192.168.1.73', d (truncated)...]
21:37:48.521 [http-nio-8080-exec-9] DEBUG o.s.web.servlet.DispatcherServlet - Completed 200 OK
21:37:48.536 [http-nio-8080-exec-8] DEBUG o.s.web.servlet.DispatcherServlet - GET "/favicon.ico", parameters={}
21:37:48.536 [http-nio-8080-exec-8] DEBUG o.s.w.s.m.m.a.RequestMappingHandlerMapping - Mapped to com.example.demo.controller.log.FaviconController#returnNoFavicon()
21:37:48.537 [http-nio-8080-exec-8] DEBUG o.s.w.s.m.m.a.RequestResponseBodyMethodProcessor - Using 'application/json;q=0.8', given [image/avif, image/webp, image/apng, image/svg+xml, image/*, */*;q=0.8] and supported [application/json, application/*+json]
21:37:48.537 [http-nio-8080-exec-8] DEBUG o.s.w.s.m.m.a.RequestResponseBodyMethodProcessor - Nothing to write: null body
21:37:48.537 [http-nio-8080-exec-8] DEBUG o.s.web.servlet.DispatcherServlet - Completed 200 OK
21:37:51.346 [http-nio-8080-exec-10] DEBUG o.s.web.servlet.DispatcherServlet - GET "/behaviorpolicy", parameters={}
21:37:51.346 [http-nio-8080-exec-10] DEBUG o.s.w.s.m.m.a.RequestMappingHandlerMapping - Mapped to com.example.demo.controller.detection.BehaviorDetectionController#showPolicyList2(Model)
21:37:51.346 [http-nio-8080-exec-10] DEBUG org.mybatis.spring.SqlSessionUtils - Creating a new SqlSession
21:37:51.346 [http-nio-8080-exec-10] DEBUG org.mybatis.spring.SqlSessionUtils - SqlSession [org.apache.ibatis.session.defaults.DefaultSqlSession@b32369] was not registered for synchronization because synchronization is not active
21:37:51.346 [http-nio-8080-exec-10] DEBUG o.s.jdbc.datasource.DataSourceUtils - Fetching JDBC Connection from DataSource
21:37:51.347 [http-nio-8080-exec-10] DEBUG o.m.s.t.SpringManagedTransaction - JDBC Connection [HikariProxyConnection@2136764362 wrapping org.mariadb.jdbc.Connection@4a074677] will not be managed by Spring
21:37:51.348 [http-nio-8080-exec-10] DEBUG c.e.d.d.d.B.getAllBehaviorDetections - ==>  Preparing: SELECT * FROM detection_db.behavior_detection
21:37:51.348 [http-nio-8080-exec-10] DEBUG c.e.d.d.d.B.getAllBehaviorDetections - ==> Parameters: 
21:37:51.348 [http-nio-8080-exec-10] DEBUG o.m.jdbc.client.impl.StandardClient - execute query: SELECT * FROM detection_db.behavior_detection
21:37:51.350 [http-nio-8080-exec-10] DEBUG c.e.d.d.d.B.getAllBehaviorDetections - <==      Total: 6
21:37:51.350 [http-nio-8080-exec-10] DEBUG org.mybatis.spring.SqlSessionUtils - Closing non transactional SqlSession [org.apache.ibatis.session.defaults.DefaultSqlSession@b32369]
21:37:51.350 [http-nio-8080-exec-10] DEBUG o.s.w.s.v.ContentNegotiatingViewResolver - Selected 'text/html' given [text/html, application/xhtml+xml, image/avif, image/webp, image/apng, application/xml;q=0.9, */*;q=0.8, application/signed-exchange;v=b3;q=0.7]
21:37:51.354 [http-nio-8080-exec-10] DEBUG o.s.web.servlet.DispatcherServlet - Completed 200 OK
21:37:51.387 [http-nio-8080-exec-2] DEBUG o.s.web.servlet.DispatcherServlet - POST "/api/search-behavior-detections", parameters={}
21:37:51.387 [http-nio-8080-exec-2] DEBUG o.s.w.s.m.m.a.RequestMappingHandlerMapping - Mapped to com.example.demo.controller.detection.BehaviorDetectionController#searchBehaviorDetections(BehaviorDetection)
21:37:51.388 [http-nio-8080-exec-2] DEBUG o.s.w.s.m.m.a.RequestResponseBodyMethodProcessor - Read "application/json;charset=UTF-8" to [BehaviorDetection{detection_number=null, s_to_ip='null', s_ip='null', d_ip='null', s_port=null, d_po (truncated)...]
21:37:51.388 [http-nio-8080-exec-2] DEBUG org.mybatis.spring.SqlSessionUtils - Creating a new SqlSession
21:37:51.388 [http-nio-8080-exec-2] DEBUG org.mybatis.spring.SqlSessionUtils - SqlSession [org.apache.ibatis.session.defaults.DefaultSqlSession@7a52cd25] was not registered for synchronization because synchronization is not active
21:37:51.389 [http-nio-8080-exec-2] DEBUG o.s.jdbc.datasource.DataSourceUtils - Fetching JDBC Connection from DataSource
21:37:51.389 [http-nio-8080-exec-2] DEBUG o.m.s.t.SpringManagedTransaction - JDBC Connection [HikariProxyConnection@979941607 wrapping org.mariadb.jdbc.Connection@4a074677] will not be managed by Spring
21:37:51.389 [http-nio-8080-exec-2] DEBUG c.e.d.d.d.B.searchBehaviorDetections - ==>  Preparing: SELECT * FROM detection_db.behavior_detection WHERE (s_ip LIKE '%' || ? || '%' OR ? IS NULL) AND (d_ip LIKE '%' || ? || '%' OR ? IS NULL) AND (s_port LIKE '%' || ? || '%' OR ? IS NULL) AND (d_port LIKE '%' || ? || '%' OR ? IS NULL) AND (create_dt LIKE '%' || ? || '%' OR ? IS NULL) AND (modify_dt LIKE '%' || ? || '%' OR ? IS NULL) AND (action_type LIKE '%' || ? || '%' OR ? IS NULL) AND (policy_name LIKE '%' || ? || '%' OR ? IS NULL) AND (policy_info LIKE '%' || ? || '%' OR ? IS NULL) AND (pattern_1 LIKE '%' || ? || '%' OR ? IS NULL) AND (pattern_2 LIKE '%' || ? || '%' OR ? IS NULL) AND (pattern_3 LIKE '%' || ? || '%' OR ? IS NULL) AND (dangerous LIKE '%' || ? || '%' OR ? IS NULL)
21:37:51.391 [http-nio-8080-exec-2] DEBUG c.e.d.d.d.B.searchBehaviorDetections - ==> Parameters: null, null, null, null, null, null, null, null, null, null, null, null, null, null, null, null, null, null, null, null, null, null, null, null, null, null
21:37:51.391 [http-nio-8080-exec-2] DEBUG o.m.jdbc.client.impl.StandardClient - execute query: SELECT * FROM detection_db.behavior_detection 
        WHERE (s_ip LIKE '%' || ? || '%' OR ? IS NULL)
          AND (d_ip LIKE '%' || ? || '%' OR ? IS NULL)
          AND (s_port LIKE '%' || ? || '%' OR ? IS NULL)
          AND (d_port LIKE '%' || ? || '%' OR ? IS NULL)
          AND (create_dt LIKE '%' || ? || '%' OR ? IS NULL)
          AND (modify_dt LIKE '%' || ? || '%' OR ? IS NULL)
          AND (action_type LIKE '%' || ? || '%' OR ? IS NULL)
          AND (policy_name LIKE '%' || ? || '%' OR ? IS NULL)
          AND (policy_info LIKE '%' || ? || '%' OR ? IS NULL)
          AND (pattern_1 LIKE '%' || ? || '%' OR ? IS NULL)
          AND (pattern_2 LIKE '%' || ? || '%' OR ? IS NULL)
          AND (pattern_3 LIKE '%' || ? || '%' OR ? IS NULL)
          AND (dangerous LIKE '%' || ? || '%' OR ? IS NULL)
21:37:51.401 [http-nio-8080-exec-2] DEBUG c.e.d.d.d.B.searchBehaviorDetections - <==      Total: 6
21:37:51.401 [http-nio-8080-exec-2] DEBUG org.mybatis.spring.SqlSessionUtils - Closing non transactional SqlSession [org.apache.ibatis.session.defaults.DefaultSqlSession@7a52cd25]
21:37:51.401 [http-nio-8080-exec-2] DEBUG o.s.w.s.m.m.a.RequestResponseBodyMethodProcessor - Using 'application/json', given [*/*] and supported [application/json, application/*+json]
21:37:51.401 [http-nio-8080-exec-2] DEBUG o.s.w.s.m.m.a.RequestResponseBodyMethodProcessor - Writing [[BehaviorDetection{detection_number=1, s_to_ip='null', s_ip='null', d_ip='192.168.1.33', s_port=3306 (truncated)...]
21:37:51.402 [http-nio-8080-exec-2] DEBUG o.s.web.servlet.DispatcherServlet - Completed 200 OK
21:37:51.423 [http-nio-8080-exec-1] DEBUG o.s.web.servlet.DispatcherServlet - GET "/favicon.ico", parameters={}
21:37:51.426 [http-nio-8080-exec-1] DEBUG o.s.w.s.m.m.a.RequestMappingHandlerMapping - Mapped to com.example.demo.controller.log.FaviconController#returnNoFavicon()
21:37:51.427 [http-nio-8080-exec-1] DEBUG o.s.w.s.m.m.a.RequestResponseBodyMethodProcessor - Using 'application/json;q=0.8', given [image/avif, image/webp, image/apng, image/svg+xml, image/*, */*;q=0.8] and supported [application/json, application/*+json]
21:37:51.428 [http-nio-8080-exec-1] DEBUG o.s.w.s.m.m.a.RequestResponseBodyMethodProcessor - Nothing to write: null body
21:37:51.428 [http-nio-8080-exec-1] DEBUG o.s.web.servlet.DispatcherServlet - Completed 200 OK
21:38:08.649 [HikariPool-1 housekeeper] DEBUG com.zaxxer.hikari.pool.HikariPool - HikariPool-1 - Pool stats (total=10, active=0, idle=10, waiting=0)
21:38:08.649 [HikariPool-1 housekeeper] DEBUG com.zaxxer.hikari.pool.HikariPool - HikariPool-1 - Fill pool skipped, pool has sufficient level or currently being filled.
21:38:38.651 [HikariPool-1 housekeeper] DEBUG com.zaxxer.hikari.pool.HikariPool - HikariPool-1 - Pool stats (total=10, active=0, idle=10, waiting=0)
21:38:38.651 [HikariPool-1 housekeeper] DEBUG com.zaxxer.hikari.pool.HikariPool - HikariPool-1 - Fill pool skipped, pool has sufficient level or currently being filled.
21:39:08.652 [HikariPool-1 housekeeper] DEBUG com.zaxxer.hikari.pool.HikariPool - HikariPool-1 - Pool stats (total=10, active=0, idle=10, waiting=0)
21:39:08.652 [HikariPool-1 housekeeper] DEBUG com.zaxxer.hikari.pool.HikariPool - HikariPool-1 - Fill pool skipped, pool has sufficient level or currently being filled.
