12:20:19.087 [background-preinit] DEBUG org.jboss.logging - Logging Provider: org.jboss.logging.Slf4jLoggerProvider found via system property
12:20:19.095 [background-preinit] INFO  o.h.validator.internal.util.Version - HV000001: Hibernate Validator 8.0.1.Final
12:20:19.101 [background-preinit] DEBUG o.h.v.i.x.config.ValidationXmlParser - Trying to load META-INF/validation.xml for XML based Validator configuration.
12:20:19.102 [background-preinit] DEBUG o.h.v.i.x.c.ResourceLoaderHelper - Trying to load META-INF/validation.xml via TCCL
12:20:19.102 [background-preinit] DEBUG o.h.v.i.x.c.ResourceLoaderHelper - Trying to load META-INF/validation.xml via Hibernate Validator's class loader
12:20:19.103 [background-preinit] DEBUG o.h.v.i.x.config.ValidationXmlParser - No META-INF/validation.xml found. Using annotation based configuration only.
12:20:19.106 [background-preinit] DEBUG o.h.v.i.e.r.TraversableResolvers - Cannot find jakarta.persistence.Persistence on classpath. Assuming non JPA 2 environment. All properties will per default be traversable.
12:20:19.128 [restartedMain] INFO  c.example.demo.CetrinOsApplication - Starting CetrinOsApplication using Java 22.0.1 with PID 18320 (C:\Users\Administrator\Documents\workspace-spring-tool-suite-4-4.23.1.RELEASE\CetrinOs\bin\main started by Administrator in C:\Users\Administrator\Documents\workspace-spring-tool-suite-4-4.23.1.RELEASE\CetrinOs)
12:20:19.128 [restartedMain] DEBUG c.example.demo.CetrinOsApplication - Running with Spring Boot v3.3.1, Spring v6.1.10
12:20:19.129 [restartedMain] INFO  c.example.demo.CetrinOsApplication - No active profile set, falling back to 1 default profile: "default"
12:20:19.129 [restartedMain] DEBUG o.s.boot.SpringApplication - Loading source class com.example.demo.CetrinOsApplication
12:20:19.137 [background-preinit] DEBUG o.h.v.m.ResourceBundleMessageInterpolator - Loaded expression factory via original TCCL
12:20:19.191 [restartedMain] DEBUG o.s.b.d.restart.ChangeableUrls - Matching URLs for reloading : [file:/C:/Users/Administrator/Documents/workspace-spring-tool-suite-4-4.23.1.RELEASE/CetrinOs/bin/main/]
12:20:19.192 [restartedMain] DEBUG o.s.b.d.settings.DevToolsSettings - Included patterns for restart : []
12:20:19.192 [restartedMain] DEBUG o.s.b.d.settings.DevToolsSettings - Excluded patterns for restart : [/spring-boot-starter-[\w-]+/, /spring-boot/(bin|build|out)/, /spring-boot-starter/(bin|build|out)/, /spring-boot-devtools/(bin|build|out)/, /spring-boot-actuator/(bin|build|out)/, /spring-boot-autoconfigure/(bin|build|out)/]
12:20:19.193 [restartedMain] INFO  o.s.b.d.e.DevToolsPropertyDefaultsPostProcessor - Devtools property defaults active! Set 'spring.devtools.add-properties' to 'false' to disable
12:20:19.193 [restartedMain] INFO  o.s.b.d.e.DevToolsPropertyDefaultsPostProcessor - For additional web related logging consider setting the 'logging.level.web' property to 'DEBUG'
12:20:19.193 [restartedMain] DEBUG o.s.b.w.s.c.AnnotationConfigServletWebServerApplicationContext - Refreshing org.springframework.boot.web.servlet.context.AnnotationConfigServletWebServerApplicationContext@7ed9fe67
12:20:19.216 [restartedMain] DEBUG o.s.b.f.s.DefaultListableBeanFactory - Creating shared instance of singleton bean 'org.springframework.context.annotation.internalConfigurationAnnotationProcessor'
12:20:19.232 [restartedMain] DEBUG o.s.b.f.s.DefaultListableBeanFactory - Creating shared instance of singleton bean 'org.springframework.boot.autoconfigure.internalCachingMetadataReaderFactory'
12:20:19.249 [background-preinit] DEBUG o.h.v.i.e.ValidatorFactoryConfigurationHelper - HV000252: Using org.hibernate.validator.internal.engine.DefaultPropertyNodeNameProvider as property node name provider.
12:20:19.256 [background-preinit] DEBUG o.h.v.i.e.ValidatorFactoryConfigurationHelper - HV000234: Using org.hibernate.validator.messageinterpolation.ResourceBundleMessageInterpolator as ValidatorFactory-scoped message interpolator.
12:20:19.256 [background-preinit] DEBUG o.h.v.i.e.ValidatorFactoryConfigurationHelper - HV000234: Using org.hibernate.validator.internal.engine.resolver.TraverseAllTraversableResolver as ValidatorFactory-scoped traversable resolver.
12:20:19.256 [background-preinit] DEBUG o.h.v.i.e.ValidatorFactoryConfigurationHelper - HV000234: Using org.hibernate.validator.internal.util.ExecutableParameterNameProvider as ValidatorFactory-scoped parameter name provider.
12:20:19.256 [background-preinit] DEBUG o.h.v.i.e.ValidatorFactoryConfigurationHelper - HV000234: Using org.hibernate.validator.internal.engine.DefaultClockProvider as ValidatorFactory-scoped clock provider.
12:20:19.257 [background-preinit] DEBUG o.h.v.i.e.ValidatorFactoryConfigurationHelper - HV000234: Using org.hibernate.validator.internal.engine.scripting.DefaultScriptEvaluatorFactory as ValidatorFactory-scoped script evaluator factory.
12:20:19.298 [restartedMain] DEBUG o.s.c.a.ClassPathBeanDefinitionScanner - Identified candidate component class: file [C:\Users\Administrator\Documents\workspace-spring-tool-suite-4-4.23.1.RELEASE\CetrinOs\bin\main\com\example\demo\config\DetectionMapperConfig.class]
12:20:19.299 [restartedMain] DEBUG o.s.c.a.ClassPathBeanDefinitionScanner - Identified candidate component class: file [C:\Users\Administrator\Documents\workspace-spring-tool-suite-4-4.23.1.RELEASE\CetrinOs\bin\main\com\example\demo\config\LogMapperConfig.class]
12:20:19.300 [restartedMain] DEBUG o.s.c.a.ClassPathBeanDefinitionScanner - Identified candidate component class: file [C:\Users\Administrator\Documents\workspace-spring-tool-suite-4-4.23.1.RELEASE\CetrinOs\bin\main\com\example\demo\config\MyBatisConfig.class]
12:20:19.300 [restartedMain] DEBUG o.s.c.a.ClassPathBeanDefinitionScanner - Identified candidate component class: file [C:\Users\Administrator\Documents\workspace-spring-tool-suite-4-4.23.1.RELEASE\CetrinOs\bin\main\com\example\demo\config\SecurityConfig.class]
12:20:19.314 [restartedMain] DEBUG o.s.c.a.ClassPathBeanDefinitionScanner - Identified candidate component class: file [C:\Users\Administrator\Documents\workspace-spring-tool-suite-4-4.23.1.RELEASE\CetrinOs\bin\main\com\example\demo\controller\detection\BehaviorDetectionController.class]
12:20:19.317 [restartedMain] DEBUG o.s.c.a.ClassPathBeanDefinitionScanner - Identified candidate component class: file [C:\Users\Administrator\Documents\workspace-spring-tool-suite-4-4.23.1.RELEASE\CetrinOs\bin\main\com\example\demo\controller\detection\GlobalExceptionHandler.class]
12:20:19.318 [restartedMain] DEBUG o.s.c.a.ClassPathBeanDefinitionScanner - Identified candidate component class: file [C:\Users\Administrator\Documents\workspace-spring-tool-suite-4-4.23.1.RELEASE\CetrinOs\bin\main\com\example\demo\controller\detection\PatternDetectionController.class]
12:20:19.322 [restartedMain] DEBUG o.s.c.a.ClassPathBeanDefinitionScanner - Identified candidate component class: file [C:\Users\Administrator\Documents\workspace-spring-tool-suite-4-4.23.1.RELEASE\CetrinOs\bin\main\com\example\demo\controller\detection\UsersController.class]
12:20:19.323 [restartedMain] DEBUG o.s.c.a.ClassPathBeanDefinitionScanner - Identified candidate component class: file [C:\Users\Administrator\Documents\workspace-spring-tool-suite-4-4.23.1.RELEASE\CetrinOs\bin\main\com\example\demo\controller\detection\WebConfig.class]
12:20:19.324 [restartedMain] DEBUG o.s.c.a.ClassPathBeanDefinitionScanner - Identified candidate component class: file [C:\Users\Administrator\Documents\workspace-spring-tool-suite-4-4.23.1.RELEASE\CetrinOs\bin\main\com\example\demo\controller\log\BehaviorLogController.class]
12:20:19.325 [restartedMain] DEBUG o.s.c.a.ClassPathBeanDefinitionScanner - Identified candidate component class: file [C:\Users\Administrator\Documents\workspace-spring-tool-suite-4-4.23.1.RELEASE\CetrinOs\bin\main\com\example\demo\controller\log\DangerousLogController.class]
12:20:19.326 [restartedMain] DEBUG o.s.c.a.ClassPathBeanDefinitionScanner - Identified candidate component class: file [C:\Users\Administrator\Documents\workspace-spring-tool-suite-4-4.23.1.RELEASE\CetrinOs\bin\main\com\example\demo\controller\log\FaviconController.class]
12:20:19.332 [restartedMain] DEBUG o.s.c.a.ClassPathBeanDefinitionScanner - Identified candidate component class: file [C:\Users\Administrator\Documents\workspace-spring-tool-suite-4-4.23.1.RELEASE\CetrinOs\bin\main\com\example\demo\controller\log\PatternLogController.class]
12:20:19.341 [restartedMain] DEBUG o.s.c.a.ClassPathBeanDefinitionScanner - Identified candidate component class: file [C:\Users\Administrator\Documents\workspace-spring-tool-suite-4-4.23.1.RELEASE\CetrinOs\bin\main\com\example\demo\service\detection\BehaviorDetectionService.class]
12:20:19.341 [restartedMain] DEBUG o.s.c.a.ClassPathBeanDefinitionScanner - Identified candidate component class: file [C:\Users\Administrator\Documents\workspace-spring-tool-suite-4-4.23.1.RELEASE\CetrinOs\bin\main\com\example\demo\service\detection\PatternDetectionService.class]
12:20:19.342 [restartedMain] DEBUG o.s.c.a.ClassPathBeanDefinitionScanner - Identified candidate component class: file [C:\Users\Administrator\Documents\workspace-spring-tool-suite-4-4.23.1.RELEASE\CetrinOs\bin\main\com\example\demo\service\detection\UsersService.class]
12:20:19.343 [restartedMain] DEBUG o.s.c.a.ClassPathBeanDefinitionScanner - Identified candidate component class: file [C:\Users\Administrator\Documents\workspace-spring-tool-suite-4-4.23.1.RELEASE\CetrinOs\bin\main\com\example\demo\service\log\BehaviorLogService.class]
12:20:19.343 [restartedMain] DEBUG o.s.c.a.ClassPathBeanDefinitionScanner - Identified candidate component class: file [C:\Users\Administrator\Documents\workspace-spring-tool-suite-4-4.23.1.RELEASE\CetrinOs\bin\main\com\example\demo\service\log\DangerousLogService.class]
12:20:19.344 [restartedMain] DEBUG o.s.c.a.ClassPathBeanDefinitionScanner - Identified candidate component class: file [C:\Users\Administrator\Documents\workspace-spring-tool-suite-4-4.23.1.RELEASE\CetrinOs\bin\main\com\example\demo\service\log\PatternLogService.class]
12:20:19.345 [restartedMain] DEBUG o.s.c.a.ClassPathBeanDefinitionScanner - Identified candidate component class: file [C:\Users\Administrator\Documents\workspace-spring-tool-suite-4-4.23.1.RELEASE\CetrinOs\bin\main\com\example\demo\service\UDPClient.class]
12:20:19.999 [restartedMain] DEBUG o.s.b.f.s.DefaultListableBeanFactory - Creating shared instance of singleton bean 'com.example.demo.config.DetectionMapperConfig#MapperScannerRegistrar#0'
12:20:20.005 [restartedMain] DEBUG o.s.b.f.s.DefaultListableBeanFactory - Creating shared instance of singleton bean 'com.example.demo.config.LogMapperConfig#MapperScannerRegistrar#0'
12:20:20.005 [restartedMain] DEBUG o.s.b.f.s.DefaultListableBeanFactory - Creating shared instance of singleton bean 'com.example.demo.CetrinOsApplication#MapperScannerRegistrar#0'
12:20:20.006 [restartedMain] DEBUG o.s.b.f.s.DefaultListableBeanFactory - Creating shared instance of singleton bean 'propertySourcesPlaceholderConfigurer'
12:20:20.016 [restartedMain] DEBUG o.apache.ibatis.logging.LogFactory - Logging initialized using 'class org.apache.ibatis.logging.slf4j.Slf4jImpl' adapter.
12:20:20.019 [restartedMain] DEBUG o.m.s.mapper.ClassPathMapperScanner - Identified candidate component class: file [C:\Users\Administrator\Documents\workspace-spring-tool-suite-4-4.23.1.RELEASE\CetrinOs\bin\main\com\example\demo\dao\detection\BehaviorDetectionDAO.class]
12:20:20.019 [restartedMain] DEBUG o.m.s.mapper.ClassPathMapperScanner - Identified candidate component class: file [C:\Users\Administrator\Documents\workspace-spring-tool-suite-4-4.23.1.RELEASE\CetrinOs\bin\main\com\example\demo\dao\detection\PatternDetectionDAO.class]
12:20:20.020 [restartedMain] DEBUG o.m.s.mapper.ClassPathMapperScanner - Identified candidate component class: file [C:\Users\Administrator\Documents\workspace-spring-tool-suite-4-4.23.1.RELEASE\CetrinOs\bin\main\com\example\demo\dao\detection\UsersDAO.class]
12:20:20.021 [restartedMain] DEBUG o.m.s.mapper.ClassPathMapperScanner - Creating MapperFactoryBean with name 'behaviorDetectionDAO' and 'com.example.demo.dao.detection.BehaviorDetectionDAO' mapperInterface
12:20:20.022 [restartedMain] DEBUG o.m.s.mapper.ClassPathMapperScanner - Creating MapperFactoryBean with name 'patternDetectionDAO' and 'com.example.demo.dao.detection.PatternDetectionDAO' mapperInterface
12:20:20.022 [restartedMain] DEBUG o.m.s.mapper.ClassPathMapperScanner - Creating MapperFactoryBean with name 'usersDAO' and 'com.example.demo.dao.detection.UsersDAO' mapperInterface
12:20:20.025 [restartedMain] DEBUG o.m.s.mapper.ClassPathMapperScanner - Identified candidate component class: file [C:\Users\Administrator\Documents\workspace-spring-tool-suite-4-4.23.1.RELEASE\CetrinOs\bin\main\com\example\demo\dao\log\BehaviorLogDAO.class]
12:20:20.025 [restartedMain] DEBUG o.m.s.mapper.ClassPathMapperScanner - Identified candidate component class: file [C:\Users\Administrator\Documents\workspace-spring-tool-suite-4-4.23.1.RELEASE\CetrinOs\bin\main\com\example\demo\dao\log\DangerousLogDAO.class]
12:20:20.025 [restartedMain] DEBUG o.m.s.mapper.ClassPathMapperScanner - Identified candidate component class: file [C:\Users\Administrator\Documents\workspace-spring-tool-suite-4-4.23.1.RELEASE\CetrinOs\bin\main\com\example\demo\dao\log\PatternLogDAO.class]
12:20:20.026 [restartedMain] DEBUG o.m.s.mapper.ClassPathMapperScanner - Creating MapperFactoryBean with name 'behaviorLogDAO' and 'com.example.demo.dao.log.BehaviorLogDAO' mapperInterface
12:20:20.026 [restartedMain] DEBUG o.m.s.mapper.ClassPathMapperScanner - Creating MapperFactoryBean with name 'dangerousLogDAO' and 'com.example.demo.dao.log.DangerousLogDAO' mapperInterface
12:20:20.027 [restartedMain] DEBUG o.m.s.mapper.ClassPathMapperScanner - Creating MapperFactoryBean with name 'patternLogDAO' and 'com.example.demo.dao.log.PatternLogDAO' mapperInterface
12:20:20.029 [restartedMain] DEBUG o.m.s.mapper.ClassPathMapperScanner - Identified candidate component class: file [C:\Users\Administrator\Documents\workspace-spring-tool-suite-4-4.23.1.RELEASE\CetrinOs\bin\main\com\example\demo\dao\detection\BehaviorDetectionDAO.class]
12:20:20.030 [restartedMain] DEBUG o.m.s.mapper.ClassPathMapperScanner - Identified candidate component class: file [C:\Users\Administrator\Documents\workspace-spring-tool-suite-4-4.23.1.RELEASE\CetrinOs\bin\main\com\example\demo\dao\detection\PatternDetectionDAO.class]
12:20:20.030 [restartedMain] DEBUG o.m.s.mapper.ClassPathMapperScanner - Identified candidate component class: file [C:\Users\Administrator\Documents\workspace-spring-tool-suite-4-4.23.1.RELEASE\CetrinOs\bin\main\com\example\demo\dao\detection\UsersDAO.class]
12:20:20.030 [restartedMain] DEBUG o.m.s.mapper.ClassPathMapperScanner - Identified candidate component class: file [C:\Users\Administrator\Documents\workspace-spring-tool-suite-4-4.23.1.RELEASE\CetrinOs\bin\main\com\example\demo\dao\log\BehaviorLogDAO.class]
12:20:20.030 [restartedMain] DEBUG o.m.s.mapper.ClassPathMapperScanner - Identified candidate component class: file [C:\Users\Administrator\Documents\workspace-spring-tool-suite-4-4.23.1.RELEASE\CetrinOs\bin\main\com\example\demo\dao\log\DangerousLogDAO.class]
12:20:20.030 [restartedMain] DEBUG o.m.s.mapper.ClassPathMapperScanner - Identified candidate component class: file [C:\Users\Administrator\Documents\workspace-spring-tool-suite-4-4.23.1.RELEASE\CetrinOs\bin\main\com\example\demo\dao\log\PatternLogDAO.class]
12:20:20.030 [restartedMain] WARN  o.m.s.mapper.ClassPathMapperScanner - Skipping MapperFactoryBean with name 'behaviorDetectionDAO' and 'com.example.demo.dao.detection.BehaviorDetectionDAO' mapperInterface. Bean already defined with the same name!
12:20:20.030 [restartedMain] WARN  o.m.s.mapper.ClassPathMapperScanner - Skipping MapperFactoryBean with name 'patternDetectionDAO' and 'com.example.demo.dao.detection.PatternDetectionDAO' mapperInterface. Bean already defined with the same name!
12:20:20.030 [restartedMain] WARN  o.m.s.mapper.ClassPathMapperScanner - Skipping MapperFactoryBean with name 'usersDAO' and 'com.example.demo.dao.detection.UsersDAO' mapperInterface. Bean already defined with the same name!
12:20:20.030 [restartedMain] WARN  o.m.s.mapper.ClassPathMapperScanner - Skipping MapperFactoryBean with name 'behaviorLogDAO' and 'com.example.demo.dao.log.BehaviorLogDAO' mapperInterface. Bean already defined with the same name!
12:20:20.031 [restartedMain] WARN  o.m.s.mapper.ClassPathMapperScanner - Skipping MapperFactoryBean with name 'dangerousLogDAO' and 'com.example.demo.dao.log.DangerousLogDAO' mapperInterface. Bean already defined with the same name!
12:20:20.031 [restartedMain] WARN  o.m.s.mapper.ClassPathMapperScanner - Skipping MapperFactoryBean with name 'patternLogDAO' and 'com.example.demo.dao.log.PatternLogDAO' mapperInterface. Bean already defined with the same name!
12:20:20.031 [restartedMain] WARN  o.m.s.mapper.ClassPathMapperScanner - No MyBatis mapper was found in '[com.example.demo.dao]' package. Please check your configuration.
12:20:20.140 [restartedMain] DEBUG o.s.b.f.s.DefaultListableBeanFactory - Creating shared instance of singleton bean 'org.springframework.boot.sql.init.dependency.DatabaseInitializationDependencyConfigurer$DependsOnDatabaseInitializationPostProcessor'
12:20:20.147 [restartedMain] DEBUG o.s.b.f.s.DefaultListableBeanFactory - Creating shared instance of singleton bean 'org.springframework.context.event.internalEventListenerProcessor'
12:20:20.148 [restartedMain] DEBUG o.s.b.f.s.DefaultListableBeanFactory - Creating shared instance of singleton bean 'preserveErrorControllerTargetClassPostProcessor'
12:20:20.148 [restartedMain] DEBUG o.s.b.f.s.DefaultListableBeanFactory - Creating shared instance of singleton bean 'forceAutoProxyCreatorToUseClassProxying'
12:20:20.150 [restartedMain] DEBUG o.s.b.f.s.DefaultListableBeanFactory - Creating shared instance of singleton bean 'org.springframework.context.event.internalEventListenerFactory'
12:20:20.155 [restartedMain] DEBUG o.s.b.f.s.DefaultListableBeanFactory - Creating shared instance of singleton bean 'org.springframework.context.annotation.internalAutowiredAnnotationProcessor'
12:20:20.156 [restartedMain] DEBUG o.s.b.f.s.DefaultListableBeanFactory - Creating shared instance of singleton bean 'org.springframework.context.annotation.internalCommonAnnotationProcessor'
12:20:20.160 [restartedMain] DEBUG o.s.b.f.s.DefaultListableBeanFactory - Creating shared instance of singleton bean 'org.springframework.boot.context.properties.ConfigurationPropertiesBindingPostProcessor'
12:20:20.160 [restartedMain] DEBUG o.s.b.f.s.DefaultListableBeanFactory - Creating shared instance of singleton bean 'org.springframework.boot.context.internalConfigurationPropertiesBinder'
12:20:20.162 [restartedMain] DEBUG o.s.b.f.s.DefaultListableBeanFactory - Creating shared instance of singleton bean 'methodValidationPostProcessor'
12:20:20.167 [restartedMain] DEBUG o.s.b.f.s.DefaultListableBeanFactory - Autowiring by type from bean name 'methodValidationPostProcessor' via factory method to bean named 'environment'
12:20:20.169 [restartedMain] DEBUG o.s.b.f.s.DefaultListableBeanFactory - Creating shared instance of singleton bean 'org.springframework.boot.context.properties.EnableConfigurationPropertiesRegistrar.methodValidationExcludeFilter'
12:20:20.192 [restartedMain] DEBUG o.s.b.f.s.DefaultListableBeanFactory - Creating shared instance of singleton bean 'persistenceExceptionTranslationPostProcessor'
12:20:20.193 [restartedMain] DEBUG o.s.b.f.s.DefaultListableBeanFactory - Autowiring by type from bean name 'persistenceExceptionTranslationPostProcessor' via factory method to bean named 'environment'
12:20:20.195 [restartedMain] DEBUG o.s.b.f.s.DefaultListableBeanFactory - Creating shared instance of singleton bean 'org.springframework.aop.config.internalAutoProxyCreator'
12:20:20.203 [restartedMain] DEBUG o.s.b.f.s.DefaultListableBeanFactory - Creating shared instance of singleton bean 'webServerFactoryCustomizerBeanPostProcessor'
12:20:20.204 [restartedMain] DEBUG o.s.b.f.s.DefaultListableBeanFactory - Creating shared instance of singleton bean 'errorPageRegistrarBeanPostProcessor'
12:20:20.205 [restartedMain] DEBUG o.s.b.f.s.DefaultListableBeanFactory - Creating shared instance of singleton bean 'projectingArgumentResolverBeanPostProcessor'
12:20:20.232 [restartedMain] DEBUG o.s.u.c.s.UiApplicationContextUtils - Unable to locate ThemeSource with name 'themeSource': using default [org.springframework.ui.context.support.ResourceBundleThemeSource@133b7670]
12:20:20.232 [restartedMain] DEBUG o.s.b.f.s.DefaultListableBeanFactory - Creating shared instance of singleton bean 'tomcatServletWebServerFactory'
12:20:20.233 [restartedMain] DEBUG o.s.b.f.s.DefaultListableBeanFactory - Creating shared instance of singleton bean 'org.springframework.boot.autoconfigure.web.servlet.ServletWebServerFactoryConfiguration$EmbeddedTomcat'
12:20:20.279 [restartedMain] DEBUG o.s.b.f.s.DefaultListableBeanFactory - Creating shared instance of singleton bean 'websocketServletWebServerCustomizer'
12:20:20.280 [restartedMain] DEBUG o.s.b.f.s.DefaultListableBeanFactory - Creating shared instance of singleton bean 'org.springframework.boot.autoconfigure.websocket.servlet.WebSocketServletAutoConfiguration$TomcatWebSocketConfiguration'
12:20:20.281 [restartedMain] DEBUG o.s.b.f.s.DefaultListableBeanFactory - Creating shared instance of singleton bean 'servletWebServerFactoryCustomizer'
12:20:20.281 [restartedMain] DEBUG o.s.b.f.s.DefaultListableBeanFactory - Creating shared instance of singleton bean 'org.springframework.boot.autoconfigure.web.servlet.ServletWebServerFactoryAutoConfiguration'
12:20:20.286 [restartedMain] DEBUG o.s.b.f.s.DefaultListableBeanFactory - Creating shared instance of singleton bean 'server-org.springframework.boot.autoconfigure.web.ServerProperties'
12:20:20.294 [restartedMain] DEBUG o.s.b.f.s.DefaultListableBeanFactory - Creating shared instance of singleton bean 'org.springframework.boot.context.properties.BoundConfigurationProperties'
12:20:20.328 [restartedMain] DEBUG o.s.b.f.s.DefaultListableBeanFactory - Autowiring by type from bean name 'servletWebServerFactoryCustomizer' via factory method to bean named 'server-org.springframework.boot.autoconfigure.web.ServerProperties'
12:20:20.330 [restartedMain] DEBUG o.s.b.f.s.DefaultListableBeanFactory - Creating shared instance of singleton bean 'sslBundleRegistry'
12:20:20.330 [restartedMain] DEBUG o.s.b.f.s.DefaultListableBeanFactory - Creating shared instance of singleton bean 'org.springframework.boot.autoconfigure.ssl.SslAutoConfiguration'
12:20:20.331 [restartedMain] DEBUG o.s.b.f.s.DefaultListableBeanFactory - Creating shared instance of singleton bean 'spring.ssl-org.springframework.boot.autoconfigure.ssl.SslProperties'
12:20:20.332 [restartedMain] DEBUG o.s.b.f.s.DefaultListableBeanFactory - Autowiring by type from bean name 'org.springframework.boot.autoconfigure.ssl.SslAutoConfiguration' via constructor to bean named 'spring.ssl-org.springframework.boot.autoconfigure.ssl.SslProperties'
12:20:20.334 [restartedMain] DEBUG o.s.b.f.s.DefaultListableBeanFactory - Creating shared instance of singleton bean 'sslPropertiesSslBundleRegistrar'
12:20:20.334 [restartedMain] DEBUG o.s.b.f.s.DefaultListableBeanFactory - Creating shared instance of singleton bean 'fileWatcher'
12:20:20.335 [restartedMain] DEBUG o.s.b.f.s.DefaultListableBeanFactory - Autowiring by type from bean name 'sslPropertiesSslBundleRegistrar' via factory method to bean named 'fileWatcher'
12:20:20.339 [restartedMain] DEBUG o.s.b.f.s.DefaultListableBeanFactory - Creating shared instance of singleton bean 'tomcatServletWebServerFactoryCustomizer'
12:20:20.339 [restartedMain] DEBUG o.s.b.f.s.DefaultListableBeanFactory - Autowiring by type from bean name 'tomcatServletWebServerFactoryCustomizer' via factory method to bean named 'server-org.springframework.boot.autoconfigure.web.ServerProperties'
12:20:20.340 [restartedMain] DEBUG o.s.b.f.s.DefaultListableBeanFactory - Creating shared instance of singleton bean 'tomcatWebServerFactoryCustomizer'
12:20:20.340 [restartedMain] DEBUG o.s.b.f.s.DefaultListableBeanFactory - Creating shared instance of singleton bean 'org.springframework.boot.autoconfigure.web.embedded.EmbeddedWebServerFactoryCustomizerAutoConfiguration$TomcatWebServerFactoryCustomizerConfiguration'
12:20:20.341 [restartedMain] DEBUG o.s.b.f.s.DefaultListableBeanFactory - Autowiring by type from bean name 'tomcatWebServerFactoryCustomizer' via factory method to bean named 'environment'
12:20:20.341 [restartedMain] DEBUG o.s.b.f.s.DefaultListableBeanFactory - Autowiring by type from bean name 'tomcatWebServerFactoryCustomizer' via factory method to bean named 'server-org.springframework.boot.autoconfigure.web.ServerProperties'
12:20:20.343 [restartedMain] DEBUG o.s.b.f.s.DefaultListableBeanFactory - Creating shared instance of singleton bean 'localeCharsetMappingsCustomizer'
12:20:20.343 [restartedMain] DEBUG o.s.b.f.s.DefaultListableBeanFactory - Creating shared instance of singleton bean 'org.springframework.boot.autoconfigure.web.servlet.HttpEncodingAutoConfiguration'
12:20:20.343 [restartedMain] DEBUG o.s.b.f.s.DefaultListableBeanFactory - Autowiring by type from bean name 'org.springframework.boot.autoconfigure.web.servlet.HttpEncodingAutoConfiguration' via constructor to bean named 'server-org.springframework.boot.autoconfigure.web.ServerProperties'
12:20:20.371 [restartedMain] DEBUG o.s.b.f.s.DefaultListableBeanFactory - Creating shared instance of singleton bean 'errorPageCustomizer'
12:20:20.372 [restartedMain] DEBUG o.s.b.f.s.DefaultListableBeanFactory - Creating shared instance of singleton bean 'org.springframework.boot.autoconfigure.web.servlet.error.ErrorMvcAutoConfiguration'
12:20:20.372 [restartedMain] DEBUG o.s.b.f.s.DefaultListableBeanFactory - Autowiring by type from bean name 'org.springframework.boot.autoconfigure.web.servlet.error.ErrorMvcAutoConfiguration' via constructor to bean named 'server-org.springframework.boot.autoconfigure.web.ServerProperties'
12:20:20.373 [restartedMain] DEBUG o.s.b.f.s.DefaultListableBeanFactory - Creating shared instance of singleton bean 'dispatcherServletRegistration'
12:20:20.373 [restartedMain] DEBUG o.s.b.f.s.DefaultListableBeanFactory - Creating shared instance of singleton bean 'org.springframework.boot.autoconfigure.web.servlet.DispatcherServletAutoConfiguration$DispatcherServletRegistrationConfiguration'
12:20:20.374 [restartedMain] DEBUG o.s.b.f.s.DefaultListableBeanFactory - Creating shared instance of singleton bean 'dispatcherServlet'
12:20:20.374 [restartedMain] DEBUG o.s.b.f.s.DefaultListableBeanFactory - Creating shared instance of singleton bean 'org.springframework.boot.autoconfigure.web.servlet.DispatcherServletAutoConfiguration$DispatcherServletConfiguration'
12:20:20.374 [restartedMain] DEBUG o.s.b.f.s.DefaultListableBeanFactory - Creating shared instance of singleton bean 'spring.mvc-org.springframework.boot.autoconfigure.web.servlet.WebMvcProperties'
12:20:20.378 [restartedMain] DEBUG o.s.b.f.s.DefaultListableBeanFactory - Autowiring by type from bean name 'dispatcherServlet' via factory method to bean named 'spring.mvc-org.springframework.boot.autoconfigure.web.servlet.WebMvcProperties'
12:20:20.388 [restartedMain] DEBUG o.s.b.f.s.DefaultListableBeanFactory - Autowiring by type from bean name 'dispatcherServletRegistration' via factory method to bean named 'dispatcherServlet'
12:20:20.388 [restartedMain] DEBUG o.s.b.f.s.DefaultListableBeanFactory - Autowiring by type from bean name 'dispatcherServletRegistration' via factory method to bean named 'spring.mvc-org.springframework.boot.autoconfigure.web.servlet.WebMvcProperties'
12:20:20.390 [restartedMain] DEBUG o.s.b.f.s.DefaultListableBeanFactory - Creating shared instance of singleton bean 'multipartConfigElement'
12:20:20.390 [restartedMain] DEBUG o.s.b.f.s.DefaultListableBeanFactory - Creating shared instance of singleton bean 'org.springframework.boot.autoconfigure.web.servlet.MultipartAutoConfiguration'
12:20:20.390 [restartedMain] DEBUG o.s.b.f.s.DefaultListableBeanFactory - Creating shared instance of singleton bean 'spring.servlet.multipart-org.springframework.boot.autoconfigure.web.servlet.MultipartProperties'
12:20:20.394 [restartedMain] DEBUG o.s.b.f.s.DefaultListableBeanFactory - Autowiring by type from bean name 'org.springframework.boot.autoconfigure.web.servlet.MultipartAutoConfiguration' via constructor to bean named 'spring.servlet.multipart-org.springframework.boot.autoconfigure.web.servlet.MultipartProperties'
12:20:20.399 [restartedMain] DEBUG o.s.b.f.s.DefaultListableBeanFactory - Autowiring by type from bean name 'errorPageCustomizer' via factory method to bean named 'dispatcherServletRegistration'
12:20:20.466 [restartedMain] DEBUG o.s.b.w.e.t.TomcatServletWebServerFactory - Code archive: C:\Users\Administrator\.gradle\caches\modules-2\files-2.1\org.springframework.boot\spring-boot\3.3.1\2c5cfe68bc12646ce44663f865d39c747a28f2c7\spring-boot-3.3.1.jar
12:20:20.466 [restartedMain] DEBUG o.s.b.w.e.t.TomcatServletWebServerFactory - Code archive: C:\Users\Administrator\.gradle\caches\modules-2\files-2.1\org.springframework.boot\spring-boot\3.3.1\2c5cfe68bc12646ce44663f865d39c747a28f2c7\spring-boot-3.3.1.jar
12:20:20.467 [restartedMain] DEBUG o.s.b.w.e.t.TomcatServletWebServerFactory - None of the document roots [src/main/webapp, public, static] point to a directory and will be ignored.
12:20:20.514 [restartedMain] INFO  o.s.b.w.e.tomcat.TomcatWebServer - Tomcat initialized with port 8080 (http)
12:20:20.525 [restartedMain] INFO  o.a.coyote.http11.Http11NioProtocol - Initializing ProtocolHandler ["http-nio-8080"]
12:20:20.527 [restartedMain] INFO  o.a.catalina.core.StandardService - Starting service [Tomcat]
12:20:20.528 [restartedMain] INFO  o.a.catalina.core.StandardEngine - Starting Servlet engine: [Apache Tomcat/10.1.25]
