15:48:56.473 [HikariPool-1 housekeeper] DEBUG com.zaxxer.hikari.pool.HikariPool - HikariPool-1 - Pool stats (total=10, active=0, idle=10, waiting=0)
15:48:56.479 [HikariPool-1 housekeeper] DEBUG com.zaxxer.hikari.pool.HikariPool - HikariPool-1 - Fill pool skipped, pool has sufficient level or currently being filled.
15:49:11.754 [HikariPool-2 housekeeper] DEBUG com.zaxxer.hikari.pool.HikariPool - HikariPool-2 - Pool stats (total=10, active=0, idle=10, waiting=0)
15:49:11.754 [HikariPool-2 housekeeper] DEBUG com.zaxxer.hikari.pool.HikariPool - HikariPool-2 - Fill pool skipped, pool has sufficient level or currently being filled.
15:49:26.481 [HikariPool-1 housekeeper] DEBUG com.zaxxer.hikari.pool.HikariPool - HikariPool-1 - Pool stats (total=10, active=0, idle=10, waiting=0)
15:49:26.481 [HikariPool-1 housekeeper] DEBUG com.zaxxer.hikari.pool.HikariPool - HikariPool-1 - Fill pool skipped, pool has sufficient level or currently being filled.
15:49:41.761 [HikariPool-2 housekeeper] DEBUG com.zaxxer.hikari.pool.HikariPool - HikariPool-2 - Pool stats (total=10, active=0, idle=10, waiting=0)
15:49:41.761 [HikariPool-2 housekeeper] DEBUG com.zaxxer.hikari.pool.HikariPool - HikariPool-2 - Fill pool skipped, pool has sufficient level or currently being filled.
15:49:56.486 [HikariPool-1 housekeeper] DEBUG com.zaxxer.hikari.pool.HikariPool - HikariPool-1 - Pool stats (total=10, active=0, idle=10, waiting=0)
15:49:56.486 [HikariPool-1 housekeeper] DEBUG com.zaxxer.hikari.pool.HikariPool - HikariPool-1 - Fill pool skipped, pool has sufficient level or currently being filled.
15:50:11.769 [HikariPool-2 housekeeper] DEBUG com.zaxxer.hikari.pool.HikariPool - HikariPool-2 - Pool stats (total=10, active=0, idle=10, waiting=0)
15:50:11.769 [HikariPool-2 housekeeper] DEBUG com.zaxxer.hikari.pool.HikariPool - HikariPool-2 - Fill pool skipped, pool has sufficient level or currently being filled.
15:50:26.499 [HikariPool-1 housekeeper] DEBUG com.zaxxer.hikari.pool.HikariPool - HikariPool-1 - Pool stats (total=10, active=0, idle=10, waiting=0)
15:50:26.499 [HikariPool-1 housekeeper] DEBUG com.zaxxer.hikari.pool.HikariPool - HikariPool-1 - Fill pool skipped, pool has sufficient level or currently being filled.
15:50:41.783 [HikariPool-2 housekeeper] DEBUG com.zaxxer.hikari.pool.HikariPool - HikariPool-2 - Pool stats (total=10, active=0, idle=10, waiting=0)
15:50:41.783 [HikariPool-2 housekeeper] DEBUG com.zaxxer.hikari.pool.HikariPool - HikariPool-2 - Fill pool skipped, pool has sufficient level or currently being filled.
15:50:56.511 [HikariPool-1 housekeeper] DEBUG com.zaxxer.hikari.pool.HikariPool - HikariPool-1 - Pool stats (total=10, active=0, idle=10, waiting=0)
15:50:56.511 [HikariPool-1 housekeeper] DEBUG com.zaxxer.hikari.pool.HikariPool - HikariPool-1 - Fill pool skipped, pool has sufficient level or currently being filled.
15:51:11.788 [HikariPool-2 housekeeper] DEBUG com.zaxxer.hikari.pool.HikariPool - HikariPool-2 - Pool stats (total=10, active=0, idle=10, waiting=0)
15:51:11.788 [HikariPool-2 housekeeper] DEBUG com.zaxxer.hikari.pool.HikariPool - HikariPool-2 - Fill pool skipped, pool has sufficient level or currently being filled.
15:51:26.527 [HikariPool-1 housekeeper] DEBUG com.zaxxer.hikari.pool.HikariPool - HikariPool-1 - Pool stats (total=10, active=0, idle=10, waiting=0)
15:51:26.527 [HikariPool-1 housekeeper] DEBUG com.zaxxer.hikari.pool.HikariPool - HikariPool-1 - Fill pool skipped, pool has sufficient level or currently being filled.
15:51:41.789 [HikariPool-2 housekeeper] DEBUG com.zaxxer.hikari.pool.HikariPool - HikariPool-2 - Pool stats (total=10, active=0, idle=10, waiting=0)
15:51:41.789 [HikariPool-2 housekeeper] DEBUG com.zaxxer.hikari.pool.HikariPool - HikariPool-2 - Fill pool skipped, pool has sufficient level or currently being filled.
15:51:50.843 [http-nio-8080-exec-10] DEBUG o.s.web.servlet.DispatcherServlet - GET "/patternlog", parameters={}
15:51:50.843 [http-nio-8080-exec-10] DEBUG o.s.w.s.m.m.a.RequestMappingHandlerMapping - Mapped to com.example.demo.controller.detection.UsersController#patternlog()
15:51:50.844 [http-nio-8080-exec-10] DEBUG o.s.w.s.v.ContentNegotiatingViewResolver - Selected 'text/html' given [text/html, application/xhtml+xml, image/avif, image/webp, image/apng, application/xml;q=0.9, */*;q=0.8, application/signed-exchange;v=b3;q=0.7]
15:51:50.849 [http-nio-8080-exec-10] DEBUG o.s.web.servlet.DispatcherServlet - Completed 200 OK
15:51:50.904 [http-nio-8080-exec-2] DEBUG o.s.web.servlet.DispatcherServlet - GET "/api/patternlogs", parameters={}
15:51:50.905 [http-nio-8080-exec-2] DEBUG o.s.w.s.m.m.a.RequestMappingHandlerMapping - Mapped to com.example.demo.controller.log.PatternLogController#getAllPatternLogs()
15:51:50.905 [http-nio-8080-exec-2] DEBUG org.mybatis.spring.SqlSessionUtils - Creating a new SqlSession
15:51:50.906 [http-nio-8080-exec-2] DEBUG org.mybatis.spring.SqlSessionUtils - SqlSession [org.apache.ibatis.session.defaults.DefaultSqlSession@f8f7cc1] was not registered for synchronization because synchronization is not active
15:51:50.906 [http-nio-8080-exec-2] DEBUG o.s.jdbc.datasource.DataSourceUtils - Fetching JDBC Connection from DataSource
15:51:50.908 [http-nio-8080-exec-2] DEBUG o.m.s.t.SpringManagedTransaction - JDBC Connection [HikariProxyConnection@380912644 wrapping org.mariadb.jdbc.Connection@270d2f52] will not be managed by Spring
15:51:50.908 [http-nio-8080-exec-2] DEBUG c.e.d.dao.log.PatternLogDAO.findAll - ==>  Preparing: SELECT * FROM log_db.pattern_log_20240716
15:51:50.909 [http-nio-8080-exec-2] DEBUG c.e.d.dao.log.PatternLogDAO.findAll - ==> Parameters: 
15:51:50.909 [http-nio-8080-exec-2] DEBUG o.m.jdbc.client.impl.StandardClient - execute query: SELECT * FROM log_db.pattern_log_20240716
15:51:50.922 [http-nio-8080-exec-3] DEBUG o.s.web.servlet.DispatcherServlet - GET "/favicon.ico", parameters={}
15:51:50.922 [http-nio-8080-exec-3] DEBUG o.s.w.s.m.m.a.RequestMappingHandlerMapping - Mapped to com.example.demo.controller.log.FaviconController#returnNoFavicon()
15:51:50.923 [http-nio-8080-exec-3] DEBUG o.s.w.s.m.m.a.RequestResponseBodyMethodProcessor - Using 'application/json;q=0.8', given [image/avif, image/webp, image/apng, image/svg+xml, image/*, */*;q=0.8] and supported [application/json, application/*+json]
15:51:50.923 [http-nio-8080-exec-3] DEBUG o.s.w.s.m.m.a.RequestResponseBodyMethodProcessor - Nothing to write: null body
15:51:50.923 [http-nio-8080-exec-3] DEBUG o.s.web.servlet.DispatcherServlet - Completed 200 OK
15:51:50.948 [http-nio-8080-exec-2] DEBUG c.e.d.dao.log.PatternLogDAO.findAll - <==      Total: 812
15:51:50.948 [http-nio-8080-exec-2] DEBUG org.mybatis.spring.SqlSessionUtils - Closing non transactional SqlSession [org.apache.ibatis.session.defaults.DefaultSqlSession@f8f7cc1]
15:51:50.949 [http-nio-8080-exec-2] DEBUG o.s.w.s.m.m.a.HttpEntityMethodProcessor - Using 'application/json', given [*/*] and supported [application/json, application/*+json]
15:51:50.950 [http-nio-8080-exec-2] DEBUG o.s.w.s.m.m.a.HttpEntityMethodProcessor - Writing [[PatternLog{id=1, time='2024-07-16 01:57:52', sIp='192.168.1.152', dIp='192.168.1.33', sPort=54015,  (truncated)...]
15:51:50.957 [http-nio-8080-exec-2] DEBUG o.s.web.servlet.DispatcherServlet - Completed 200 OK
15:51:51.338 [http-nio-8080-exec-1] DEBUG o.s.web.servlet.DispatcherServlet - GET "/dangerouslog", parameters={}
15:51:51.338 [http-nio-8080-exec-1] DEBUG o.s.w.s.m.m.a.RequestMappingHandlerMapping - Mapped to com.example.demo.controller.detection.UsersController#dangerouslog()
15:51:51.339 [http-nio-8080-exec-1] DEBUG o.s.w.s.v.ContentNegotiatingViewResolver - Selected 'text/html' given [text/html, application/xhtml+xml, image/avif, image/webp, image/apng, application/xml;q=0.9, */*;q=0.8, application/signed-exchange;v=b3;q=0.7]
15:51:51.342 [http-nio-8080-exec-1] DEBUG o.s.web.servlet.DispatcherServlet - Completed 200 OK
15:51:51.387 [http-nio-8080-exec-6] DEBUG o.s.web.servlet.DispatcherServlet - GET "/api/dangerouslogs", parameters={}
15:51:51.387 [http-nio-8080-exec-6] DEBUG o.s.w.s.m.m.a.RequestMappingHandlerMapping - Mapped to com.example.demo.controller.log.DangerousLogController#getAllDangerousLogs()
15:51:51.388 [http-nio-8080-exec-6] DEBUG org.mybatis.spring.SqlSessionUtils - Creating a new SqlSession
15:51:51.388 [http-nio-8080-exec-6] DEBUG org.mybatis.spring.SqlSessionUtils - SqlSession [org.apache.ibatis.session.defaults.DefaultSqlSession@5f0e8249] was not registered for synchronization because synchronization is not active
15:51:51.389 [http-nio-8080-exec-6] DEBUG o.s.jdbc.datasource.DataSourceUtils - Fetching JDBC Connection from DataSource
15:51:51.390 [http-nio-8080-exec-6] DEBUG o.m.s.t.SpringManagedTransaction - JDBC Connection [HikariProxyConnection@1998424286 wrapping org.mariadb.jdbc.Connection@4d7f6a4c] will not be managed by Spring
15:51:51.390 [http-nio-8080-exec-6] DEBUG c.e.d.d.log.DangerousLogDAO.findAll - ==>  Preparing: SELECT * FROM log_db.dangerous_log_20240719
15:51:51.391 [http-nio-8080-exec-6] DEBUG c.e.d.d.log.DangerousLogDAO.findAll - ==> Parameters: 
15:51:51.391 [http-nio-8080-exec-6] DEBUG o.m.jdbc.client.impl.StandardClient - execute query: SELECT *
        FROM log_db.dangerous_log_20240719
15:51:51.398 [http-nio-8080-exec-6] DEBUG c.e.d.d.log.DangerousLogDAO.findAll - <==      Total: 120
15:51:51.398 [http-nio-8080-exec-6] DEBUG org.mybatis.spring.SqlSessionUtils - Closing non transactional SqlSession [org.apache.ibatis.session.defaults.DefaultSqlSession@5f0e8249]
15:51:51.399 [http-nio-8080-exec-6] DEBUG o.s.w.s.m.m.a.HttpEntityMethodProcessor - Using 'application/json', given [*/*] and supported [application/json, application/*+json]
15:51:51.403 [http-nio-8080-exec-6] DEBUG o.s.w.s.m.m.a.HttpEntityMethodProcessor - Writing [[DangerousLog{dangerous_number=1, ip='192.168.1.73', port=56207, detection_number=1}, DangerousLog{d (truncated)...]
15:51:51.405 [http-nio-8080-exec-6] DEBUG o.s.web.servlet.DispatcherServlet - Completed 200 OK
15:51:51.406 [http-nio-8080-exec-6] DEBUG o.s.web.servlet.DispatcherServlet - GET "/favicon.ico", parameters={}
15:51:51.406 [http-nio-8080-exec-6] DEBUG o.s.w.s.m.m.a.RequestMappingHandlerMapping - Mapped to com.example.demo.controller.log.FaviconController#returnNoFavicon()
15:51:51.407 [http-nio-8080-exec-6] DEBUG o.s.w.s.m.m.a.RequestResponseBodyMethodProcessor - Using 'application/json;q=0.8', given [image/avif, image/webp, image/apng, image/svg+xml, image/*, */*;q=0.8] and supported [application/json, application/*+json]
15:51:51.407 [http-nio-8080-exec-6] DEBUG o.s.w.s.m.m.a.RequestResponseBodyMethodProcessor - Nothing to write: null body
15:51:51.407 [http-nio-8080-exec-6] DEBUG o.s.web.servlet.DispatcherServlet - Completed 200 OK
15:51:52.259 [http-nio-8080-exec-8] DEBUG o.s.web.servlet.DispatcherServlet - GET "/favicon.ico", parameters={}
15:51:52.259 [http-nio-8080-exec-8] DEBUG o.s.w.s.m.m.a.RequestMappingHandlerMapping - Mapped to com.example.demo.controller.log.FaviconController#returnNoFavicon()
15:51:52.259 [http-nio-8080-exec-8] DEBUG o.s.w.s.m.m.a.RequestResponseBodyMethodProcessor - Using 'application/json;q=0.8', given [image/avif, image/webp, image/apng, image/svg+xml, image/*, */*;q=0.8] and supported [application/json, application/*+json]
15:51:52.259 [http-nio-8080-exec-8] DEBUG o.s.w.s.m.m.a.RequestResponseBodyMethodProcessor - Nothing to write: null body
15:51:52.259 [http-nio-8080-exec-8] DEBUG o.s.web.servlet.DispatcherServlet - Completed 200 OK
15:51:53.210 [http-nio-8080-exec-9] DEBUG o.s.web.servlet.DispatcherServlet - GET "/dashboard", parameters={}
15:51:53.210 [http-nio-8080-exec-9] DEBUG o.s.w.s.m.m.a.RequestMappingHandlerMapping - Mapped to com.example.demo.controller.detection.UsersController#dashboard(HttpSession, RedirectAttributes)
15:51:53.211 [http-nio-8080-exec-9] DEBUG o.s.w.s.v.ContentNegotiatingViewResolver - Selected 'text/html' given [text/html, application/xhtml+xml, image/avif, image/webp, image/apng, application/xml;q=0.9, */*;q=0.8, application/signed-exchange;v=b3;q=0.7]
15:51:53.215 [http-nio-8080-exec-9] DEBUG o.s.web.servlet.DispatcherServlet - Completed 200 OK
15:51:53.246 [http-nio-8080-exec-5] DEBUG o.s.web.servlet.DispatcherServlet - GET "/api/patternlogs/top-sips", parameters={}
15:51:53.246 [http-nio-8080-exec-7] DEBUG o.s.web.servlet.DispatcherServlet - GET "/behaviorlog/top-sips", parameters={}
15:51:53.246 [http-nio-8080-exec-5] DEBUG o.s.w.s.m.m.a.RequestMappingHandlerMapping - Mapped to com.example.demo.controller.log.PatternLogController#getTopSIPs()
15:51:53.246 [http-nio-8080-exec-5] DEBUG org.mybatis.spring.SqlSessionUtils - Creating a new SqlSession
15:51:53.246 [http-nio-8080-exec-7] DEBUG o.s.w.s.m.m.a.RequestMappingHandlerMapping - Mapped to com.example.demo.controller.log.BehaviorLogController#getTopSIPs()
15:51:53.247 [http-nio-8080-exec-7] DEBUG org.mybatis.spring.SqlSessionUtils - Creating a new SqlSession
15:51:53.247 [http-nio-8080-exec-7] DEBUG org.mybatis.spring.SqlSessionUtils - SqlSession [org.apache.ibatis.session.defaults.DefaultSqlSession@2818c6f1] was not registered for synchronization because synchronization is not active
15:51:53.247 [http-nio-8080-exec-7] DEBUG o.s.jdbc.datasource.DataSourceUtils - Fetching JDBC Connection from DataSource
15:51:53.247 [http-nio-8080-exec-5] DEBUG org.mybatis.spring.SqlSessionUtils - SqlSession [org.apache.ibatis.session.defaults.DefaultSqlSession@6cfa5998] was not registered for synchronization because synchronization is not active
15:51:53.247 [http-nio-8080-exec-5] DEBUG o.s.jdbc.datasource.DataSourceUtils - Fetching JDBC Connection from DataSource
15:51:53.248 [http-nio-8080-exec-7] DEBUG o.m.s.t.SpringManagedTransaction - JDBC Connection [HikariProxyConnection@1585368506 wrapping org.mariadb.jdbc.Connection@4d7f6a4c] will not be managed by Spring
15:51:53.248 [http-nio-8080-exec-7] DEBUG c.e.d.d.l.BehaviorLogDAO.findTopSIPs - ==>  Preparing: SELECT s_ip, COUNT(*) AS ip_count FROM log_db.behavior_log_20240717 GROUP BY s_ip ORDER BY ip_count DESC LIMIT 5;
15:51:53.248 [http-nio-8080-exec-7] DEBUG c.e.d.d.l.BehaviorLogDAO.findTopSIPs - ==> Parameters: 
15:51:53.248 [http-nio-8080-exec-7] DEBUG o.m.jdbc.client.impl.StandardClient - execute query: SELECT s_ip, COUNT(*) AS ip_count
        FROM log_db.behavior_log_20240717
        GROUP BY s_ip
        ORDER BY ip_count DESC
        LIMIT 5;
15:51:53.248 [http-nio-8080-exec-5] DEBUG o.m.s.t.SpringManagedTransaction - JDBC Connection [HikariProxyConnection@1023212446 wrapping org.mariadb.jdbc.Connection@270d2f52] will not be managed by Spring
15:51:53.248 [http-nio-8080-exec-5] DEBUG c.e.d.d.l.PatternLogDAO.findTopSIPs - ==>  Preparing: SELECT s_ip, COUNT(*) AS ip_count FROM log_db.pattern_log_20240716 GROUP BY s_ip ORDER BY ip_count DESC LIMIT 5;
15:51:53.248 [http-nio-8080-exec-5] DEBUG c.e.d.d.l.PatternLogDAO.findTopSIPs - ==> Parameters: 
15:51:53.248 [http-nio-8080-exec-5] DEBUG o.m.jdbc.client.impl.StandardClient - execute query: SELECT s_ip, COUNT(*) AS ip_count
        FROM log_db.pattern_log_20240716
        GROUP BY s_ip
        ORDER BY ip_count DESC
        LIMIT 5;
15:51:53.249 [http-nio-8080-exec-7] DEBUG c.e.d.d.l.BehaviorLogDAO.findTopSIPs - <==      Total: 4
15:51:53.250 [http-nio-8080-exec-7] DEBUG org.mybatis.spring.SqlSessionUtils - Closing non transactional SqlSession [org.apache.ibatis.session.defaults.DefaultSqlSession@2818c6f1]
15:51:53.250 [http-nio-8080-exec-5] DEBUG c.e.d.d.l.PatternLogDAO.findTopSIPs - <==      Total: 4
15:51:53.250 [http-nio-8080-exec-5] DEBUG org.mybatis.spring.SqlSessionUtils - Closing non transactional SqlSession [org.apache.ibatis.session.defaults.DefaultSqlSession@6cfa5998]
15:51:53.251 [http-nio-8080-exec-5] DEBUG o.s.w.s.m.m.a.HttpEntityMethodProcessor - Using 'application/json', given [*/*] and supported [application/json, application/*+json]
15:51:53.251 [http-nio-8080-exec-5] DEBUG o.s.w.s.m.m.a.HttpEntityMethodProcessor - Writing [[{s_ip=192.168.1.79, ip_count=470}, {s_ip=192.168.1.127, ip_count=262}, {s_ip=192.168.1.152, ip_coun (truncated)...]
15:51:53.251 [http-nio-8080-exec-7] DEBUG o.s.w.s.m.m.a.HttpEntityMethodProcessor - Using 'application/json', given [*/*] and supported [application/json, application/*+json]
15:51:53.251 [http-nio-8080-exec-7] DEBUG o.s.w.s.m.m.a.HttpEntityMethodProcessor - Writing [[{s_ip=192.168.1.127, ip_count=71}, {s_ip=192.168.1.152, ip_count=18}, {s_ip=192.168.1.73, ip_count= (truncated)...]
15:51:53.251 [http-nio-8080-exec-5] DEBUG o.s.web.servlet.DispatcherServlet - Completed 200 OK
15:51:53.251 [http-nio-8080-exec-7] DEBUG o.s.web.servlet.DispatcherServlet - Completed 200 OK
15:51:53.253 [http-nio-8080-exec-7] DEBUG o.s.web.servlet.DispatcherServlet - GET "/api/patternlogs/top-pattern-combinations", parameters={}
15:51:53.253 [http-nio-8080-exec-7] DEBUG o.s.w.s.m.m.a.RequestMappingHandlerMapping - Mapped to com.example.demo.controller.log.PatternLogController#getTopPatternCombinations()
15:51:53.253 [http-nio-8080-exec-7] DEBUG org.mybatis.spring.SqlSessionUtils - Creating a new SqlSession
15:51:53.253 [http-nio-8080-exec-7] DEBUG org.mybatis.spring.SqlSessionUtils - SqlSession [org.apache.ibatis.session.defaults.DefaultSqlSession@26765ccf] was not registered for synchronization because synchronization is not active
15:51:53.253 [http-nio-8080-exec-7] DEBUG o.s.jdbc.datasource.DataSourceUtils - Fetching JDBC Connection from DataSource
15:51:53.253 [http-nio-8080-exec-7] DEBUG o.m.s.t.SpringManagedTransaction - JDBC Connection [HikariProxyConnection@1211578814 wrapping org.mariadb.jdbc.Connection@4d7f6a4c] will not be managed by Spring
15:51:53.253 [http-nio-8080-exec-7] DEBUG c.e.d.d.l.P.findTopPatternCombinations - ==>  Preparing: SELECT CONCAT(pattern1, ',', pattern2, ',', pattern3) AS combined_pattern, COUNT(*) AS pattern_count FROM log_db.pattern_log_20240716 GROUP BY combined_pattern ORDER BY pattern_count DESC LIMIT 3;
15:51:53.254 [http-nio-8080-exec-7] DEBUG c.e.d.d.l.P.findTopPatternCombinations - ==> Parameters: 
15:51:53.254 [http-nio-8080-exec-7] DEBUG o.m.jdbc.client.impl.StandardClient - execute query: SELECT CONCAT(pattern1, ',', pattern2, ',', pattern3) AS combined_pattern,
               COUNT(*) AS pattern_count
        FROM log_db.pattern_log_20240716
        GROUP BY combined_pattern
        ORDER BY pattern_count DESC
        LIMIT 3;
15:51:53.253 [http-nio-8080-exec-10] DEBUG o.s.web.servlet.DispatcherServlet - GET "/api/patternlogs/ordered-by-time", parameters={}
15:51:53.254 [http-nio-8080-exec-10] DEBUG o.s.w.s.m.m.a.RequestMappingHandlerMapping - Mapped to com.example.demo.controller.log.PatternLogController#getAllPatternLogsOrderedByTimeDesc()
15:51:53.254 [http-nio-8080-exec-10] DEBUG org.mybatis.spring.SqlSessionUtils - Creating a new SqlSession
15:51:53.254 [http-nio-8080-exec-10] DEBUG org.mybatis.spring.SqlSessionUtils - SqlSession [org.apache.ibatis.session.defaults.DefaultSqlSession@1a70fb0a] was not registered for synchronization because synchronization is not active
15:51:53.254 [http-nio-8080-exec-10] DEBUG o.s.jdbc.datasource.DataSourceUtils - Fetching JDBC Connection from DataSource
15:51:53.255 [http-nio-8080-exec-10] DEBUG o.m.s.t.SpringManagedTransaction - JDBC Connection [HikariProxyConnection@435907671 wrapping org.mariadb.jdbc.Connection@270d2f52] will not be managed by Spring
15:51:53.255 [http-nio-8080-exec-10] DEBUG c.e.d.d.l.P.findAllOrderedByTimeDesc - ==>  Preparing: SELECT * FROM log_db.pattern_log_20240716 ORDER BY time DESC;
15:51:53.255 [http-nio-8080-exec-10] DEBUG c.e.d.d.l.P.findAllOrderedByTimeDesc - ==> Parameters: 
15:51:53.255 [http-nio-8080-exec-10] DEBUG o.m.jdbc.client.impl.StandardClient - execute query: SELECT *
        FROM log_db.pattern_log_20240716
        ORDER BY time DESC;
15:51:53.259 [http-nio-8080-exec-7] DEBUG c.e.d.d.l.P.findTopPatternCombinations - <==      Total: 3
15:51:53.259 [http-nio-8080-exec-7] DEBUG org.mybatis.spring.SqlSessionUtils - Closing non transactional SqlSession [org.apache.ibatis.session.defaults.DefaultSqlSession@26765ccf]
15:51:53.259 [http-nio-8080-exec-7] DEBUG o.s.w.s.m.m.a.HttpEntityMethodProcessor - Using 'application/json', given [*/*] and supported [application/json, application/*+json]
15:51:53.260 [http-nio-8080-exec-7] DEBUG o.s.w.s.m.m.a.HttpEntityMethodProcessor - Writing [[{pattern_count=336, combined_pattern=select,from user_data where,"a" = "a"}, {pattern_count=334, co (truncated)...]
15:51:53.261 [http-nio-8080-exec-7] DEBUG o.s.web.servlet.DispatcherServlet - Completed 200 OK
15:51:53.266 [http-nio-8080-exec-2] DEBUG o.s.web.servlet.DispatcherServlet - GET "/api/patternlogs/top-sips", parameters={}
15:51:53.266 [http-nio-8080-exec-2] DEBUG o.s.w.s.m.m.a.RequestMappingHandlerMapping - Mapped to com.example.demo.controller.log.PatternLogController#getTopSIPs()
15:51:53.268 [http-nio-8080-exec-2] DEBUG org.mybatis.spring.SqlSessionUtils - Creating a new SqlSession
15:51:53.268 [http-nio-8080-exec-2] DEBUG org.mybatis.spring.SqlSessionUtils - SqlSession [org.apache.ibatis.session.defaults.DefaultSqlSession@5a582686] was not registered for synchronization because synchronization is not active
15:51:53.268 [http-nio-8080-exec-2] DEBUG o.s.jdbc.datasource.DataSourceUtils - Fetching JDBC Connection from DataSource
15:51:53.269 [http-nio-8080-exec-2] DEBUG o.m.s.t.SpringManagedTransaction - JDBC Connection [HikariProxyConnection@1094553347 wrapping org.mariadb.jdbc.Connection@4d7f6a4c] will not be managed by Spring
15:51:53.269 [http-nio-8080-exec-2] DEBUG c.e.d.d.l.PatternLogDAO.findTopSIPs - ==>  Preparing: SELECT s_ip, COUNT(*) AS ip_count FROM log_db.pattern_log_20240716 GROUP BY s_ip ORDER BY ip_count DESC LIMIT 5;
15:51:53.269 [http-nio-8080-exec-2] DEBUG c.e.d.d.l.PatternLogDAO.findTopSIPs - ==> Parameters: 
15:51:53.269 [http-nio-8080-exec-2] DEBUG o.m.jdbc.client.impl.StandardClient - execute query: SELECT s_ip, COUNT(*) AS ip_count
        FROM log_db.pattern_log_20240716
        GROUP BY s_ip
        ORDER BY ip_count DESC
        LIMIT 5;
15:51:53.272 [http-nio-8080-exec-2] DEBUG c.e.d.d.l.PatternLogDAO.findTopSIPs - <==      Total: 4
15:51:53.272 [http-nio-8080-exec-2] DEBUG org.mybatis.spring.SqlSessionUtils - Closing non transactional SqlSession [org.apache.ibatis.session.defaults.DefaultSqlSession@5a582686]
15:51:53.273 [http-nio-8080-exec-2] DEBUG o.s.w.s.m.m.a.HttpEntityMethodProcessor - Using 'application/json', given [*/*] and supported [application/json, application/*+json]
15:51:53.273 [http-nio-8080-exec-2] DEBUG o.s.w.s.m.m.a.HttpEntityMethodProcessor - Writing [[{s_ip=192.168.1.79, ip_count=470}, {s_ip=192.168.1.127, ip_count=262}, {s_ip=192.168.1.152, ip_coun (truncated)...]
15:51:53.273 [http-nio-8080-exec-2] DEBUG o.s.web.servlet.DispatcherServlet - Completed 200 OK
15:51:53.274 [http-nio-8080-exec-2] DEBUG o.s.web.servlet.DispatcherServlet - GET "/behaviorlog/top-sips", parameters={}
15:51:53.274 [http-nio-8080-exec-2] DEBUG o.s.w.s.m.m.a.RequestMappingHandlerMapping - Mapped to com.example.demo.controller.log.BehaviorLogController#getTopSIPs()
15:51:53.274 [http-nio-8080-exec-2] DEBUG org.mybatis.spring.SqlSessionUtils - Creating a new SqlSession
15:51:53.274 [http-nio-8080-exec-2] DEBUG org.mybatis.spring.SqlSessionUtils - SqlSession [org.apache.ibatis.session.defaults.DefaultSqlSession@35208a91] was not registered for synchronization because synchronization is not active
15:51:53.274 [http-nio-8080-exec-2] DEBUG o.s.jdbc.datasource.DataSourceUtils - Fetching JDBC Connection from DataSource
15:51:53.274 [http-nio-8080-exec-2] DEBUG o.m.s.t.SpringManagedTransaction - JDBC Connection [HikariProxyConnection@25193557 wrapping org.mariadb.jdbc.Connection@4d7f6a4c] will not be managed by Spring
15:51:53.274 [http-nio-8080-exec-2] DEBUG c.e.d.d.l.BehaviorLogDAO.findTopSIPs - ==>  Preparing: SELECT s_ip, COUNT(*) AS ip_count FROM log_db.behavior_log_20240717 GROUP BY s_ip ORDER BY ip_count DESC LIMIT 5;
15:51:53.274 [http-nio-8080-exec-2] DEBUG c.e.d.d.l.BehaviorLogDAO.findTopSIPs - ==> Parameters: 
15:51:53.274 [http-nio-8080-exec-2] DEBUG o.m.jdbc.client.impl.StandardClient - execute query: SELECT s_ip, COUNT(*) AS ip_count
        FROM log_db.behavior_log_20240717
        GROUP BY s_ip
        ORDER BY ip_count DESC
        LIMIT 5;
15:51:53.276 [http-nio-8080-exec-2] DEBUG c.e.d.d.l.BehaviorLogDAO.findTopSIPs - <==      Total: 4
15:51:53.277 [http-nio-8080-exec-2] DEBUG org.mybatis.spring.SqlSessionUtils - Closing non transactional SqlSession [org.apache.ibatis.session.defaults.DefaultSqlSession@35208a91]
15:51:53.277 [http-nio-8080-exec-2] DEBUG o.s.w.s.m.m.a.HttpEntityMethodProcessor - Using 'application/json', given [*/*] and supported [application/json, application/*+json]
15:51:53.277 [http-nio-8080-exec-2] DEBUG o.s.w.s.m.m.a.HttpEntityMethodProcessor - Writing [[{s_ip=192.168.1.127, ip_count=71}, {s_ip=192.168.1.152, ip_count=18}, {s_ip=192.168.1.73, ip_count= (truncated)...]
15:51:53.278 [http-nio-8080-exec-2] DEBUG o.s.web.servlet.DispatcherServlet - Completed 200 OK
15:51:53.280 [http-nio-8080-exec-1] DEBUG o.s.web.servlet.DispatcherServlet - GET "/api/patternlogs/top-pattern-combinations", parameters={}
15:51:53.281 [http-nio-8080-exec-1] DEBUG o.s.w.s.m.m.a.RequestMappingHandlerMapping - Mapped to com.example.demo.controller.log.PatternLogController#getTopPatternCombinations()
15:51:53.281 [http-nio-8080-exec-1] DEBUG org.mybatis.spring.SqlSessionUtils - Creating a new SqlSession
15:51:53.281 [http-nio-8080-exec-1] DEBUG org.mybatis.spring.SqlSessionUtils - SqlSession [org.apache.ibatis.session.defaults.DefaultSqlSession@253200f7] was not registered for synchronization because synchronization is not active
15:51:53.281 [http-nio-8080-exec-1] DEBUG o.s.jdbc.datasource.DataSourceUtils - Fetching JDBC Connection from DataSource
15:51:53.281 [http-nio-8080-exec-1] DEBUG o.m.s.t.SpringManagedTransaction - JDBC Connection [HikariProxyConnection@1282980197 wrapping org.mariadb.jdbc.Connection@4d7f6a4c] will not be managed by Spring
15:51:53.281 [http-nio-8080-exec-1] DEBUG c.e.d.d.l.P.findTopPatternCombinations - ==>  Preparing: SELECT CONCAT(pattern1, ',', pattern2, ',', pattern3) AS combined_pattern, COUNT(*) AS pattern_count FROM log_db.pattern_log_20240716 GROUP BY combined_pattern ORDER BY pattern_count DESC LIMIT 3;
15:51:53.281 [http-nio-8080-exec-1] DEBUG c.e.d.d.l.P.findTopPatternCombinations - ==> Parameters: 
15:51:53.281 [http-nio-8080-exec-1] DEBUG o.m.jdbc.client.impl.StandardClient - execute query: SELECT CONCAT(pattern1, ',', pattern2, ',', pattern3) AS combined_pattern,
               COUNT(*) AS pattern_count
        FROM log_db.pattern_log_20240716
        GROUP BY combined_pattern
        ORDER BY pattern_count DESC
        LIMIT 3;
15:51:53.286 [http-nio-8080-exec-1] DEBUG c.e.d.d.l.P.findTopPatternCombinations - <==      Total: 3
15:51:53.286 [http-nio-8080-exec-1] DEBUG org.mybatis.spring.SqlSessionUtils - Closing non transactional SqlSession [org.apache.ibatis.session.defaults.DefaultSqlSession@253200f7]
15:51:53.287 [http-nio-8080-exec-1] DEBUG o.s.w.s.m.m.a.HttpEntityMethodProcessor - Using 'application/json', given [*/*] and supported [application/json, application/*+json]
15:51:53.287 [http-nio-8080-exec-1] DEBUG o.s.w.s.m.m.a.HttpEntityMethodProcessor - Writing [[{pattern_count=336, combined_pattern=select,from user_data where,"a" = "a"}, {pattern_count=334, co (truncated)...]
15:51:53.287 [http-nio-8080-exec-1] DEBUG o.s.web.servlet.DispatcherServlet - Completed 200 OK
15:51:53.304 [http-nio-8080-exec-6] DEBUG o.s.web.servlet.DispatcherServlet - GET "/favicon.ico", parameters={}
15:51:53.307 [http-nio-8080-exec-6] DEBUG o.s.w.s.m.m.a.RequestMappingHandlerMapping - Mapped to com.example.demo.controller.log.FaviconController#returnNoFavicon()
15:51:53.313 [http-nio-8080-exec-6] DEBUG o.s.w.s.m.m.a.RequestResponseBodyMethodProcessor - Using 'application/json;q=0.8', given [image/avif, image/webp, image/apng, image/svg+xml, image/*, */*;q=0.8] and supported [application/json, application/*+json]
15:51:53.313 [http-nio-8080-exec-6] DEBUG o.s.w.s.m.m.a.RequestResponseBodyMethodProcessor - Nothing to write: null body
15:51:53.313 [http-nio-8080-exec-6] DEBUG o.s.web.servlet.DispatcherServlet - Completed 200 OK
15:51:53.320 [http-nio-8080-exec-10] DEBUG c.e.d.d.l.P.findAllOrderedByTimeDesc - <==      Total: 812
15:51:53.320 [http-nio-8080-exec-10] DEBUG org.mybatis.spring.SqlSessionUtils - Closing non transactional SqlSession [org.apache.ibatis.session.defaults.DefaultSqlSession@1a70fb0a]
15:51:53.322 [http-nio-8080-exec-10] DEBUG o.s.w.s.m.m.a.HttpEntityMethodProcessor - Using 'application/json', given [*/*] and supported [application/json, application/*+json]
15:51:53.325 [http-nio-8080-exec-10] DEBUG o.s.w.s.m.m.a.HttpEntityMethodProcessor - Writing [[PatternLog{id=812, time='2024-07-16 23:34:23', sIp='192.168.1.127', dIp='192.168.1.33', sPort=56932 (truncated)...]
15:51:53.332 [http-nio-8080-exec-10] DEBUG o.s.web.servlet.DispatcherServlet - Completed 200 OK
15:51:54.714 [http-nio-8080-exec-8] DEBUG o.s.web.servlet.DispatcherServlet - GET "/patternlog", parameters={}
15:51:54.714 [http-nio-8080-exec-8] DEBUG o.s.w.s.m.m.a.RequestMappingHandlerMapping - Mapped to com.example.demo.controller.detection.UsersController#patternlog()
15:51:54.714 [http-nio-8080-exec-8] DEBUG o.s.w.s.v.ContentNegotiatingViewResolver - Selected 'text/html' given [text/html, application/xhtml+xml, image/avif, image/webp, image/apng, application/xml;q=0.9, */*;q=0.8, application/signed-exchange;v=b3;q=0.7]
15:51:54.720 [http-nio-8080-exec-8] DEBUG o.s.web.servlet.DispatcherServlet - Completed 200 OK
15:51:54.772 [http-nio-8080-exec-9] DEBUG o.s.web.servlet.DispatcherServlet - GET "/api/patternlogs", parameters={}
15:51:54.772 [http-nio-8080-exec-9] DEBUG o.s.w.s.m.m.a.RequestMappingHandlerMapping - Mapped to com.example.demo.controller.log.PatternLogController#getAllPatternLogs()
15:51:54.772 [http-nio-8080-exec-9] DEBUG org.mybatis.spring.SqlSessionUtils - Creating a new SqlSession
15:51:54.772 [http-nio-8080-exec-9] DEBUG org.mybatis.spring.SqlSessionUtils - SqlSession [org.apache.ibatis.session.defaults.DefaultSqlSession@f644123] was not registered for synchronization because synchronization is not active
15:51:54.772 [http-nio-8080-exec-9] DEBUG o.s.jdbc.datasource.DataSourceUtils - Fetching JDBC Connection from DataSource
15:51:54.773 [http-nio-8080-exec-9] DEBUG o.m.s.t.SpringManagedTransaction - JDBC Connection [HikariProxyConnection@1171828571 wrapping org.mariadb.jdbc.Connection@270d2f52] will not be managed by Spring
15:51:54.774 [http-nio-8080-exec-9] DEBUG c.e.d.dao.log.PatternLogDAO.findAll - ==>  Preparing: SELECT * FROM log_db.pattern_log_20240716
15:51:54.774 [http-nio-8080-exec-9] DEBUG c.e.d.dao.log.PatternLogDAO.findAll - ==> Parameters: 
15:51:54.774 [http-nio-8080-exec-9] DEBUG o.m.jdbc.client.impl.StandardClient - execute query: SELECT * FROM log_db.pattern_log_20240716
15:51:54.804 [http-nio-8080-exec-5] DEBUG o.s.web.servlet.DispatcherServlet - GET "/favicon.ico", parameters={}
15:51:54.804 [http-nio-8080-exec-5] DEBUG o.s.w.s.m.m.a.RequestMappingHandlerMapping - Mapped to com.example.demo.controller.log.FaviconController#returnNoFavicon()
15:51:54.805 [http-nio-8080-exec-5] DEBUG o.s.w.s.m.m.a.RequestResponseBodyMethodProcessor - Using 'application/json;q=0.8', given [image/avif, image/webp, image/apng, image/svg+xml, image/*, */*;q=0.8] and supported [application/json, application/*+json]
15:51:54.805 [http-nio-8080-exec-5] DEBUG o.s.w.s.m.m.a.RequestResponseBodyMethodProcessor - Nothing to write: null body
15:51:54.805 [http-nio-8080-exec-5] DEBUG o.s.web.servlet.DispatcherServlet - Completed 200 OK
15:51:54.815 [http-nio-8080-exec-9] DEBUG c.e.d.dao.log.PatternLogDAO.findAll - <==      Total: 812
15:51:54.815 [http-nio-8080-exec-9] DEBUG org.mybatis.spring.SqlSessionUtils - Closing non transactional SqlSession [org.apache.ibatis.session.defaults.DefaultSqlSession@f644123]
15:51:54.815 [http-nio-8080-exec-9] DEBUG o.s.w.s.m.m.a.HttpEntityMethodProcessor - Using 'application/json', given [*/*] and supported [application/json, application/*+json]
15:51:54.817 [http-nio-8080-exec-9] DEBUG o.s.w.s.m.m.a.HttpEntityMethodProcessor - Writing [[PatternLog{id=1, time='2024-07-16 01:57:52', sIp='192.168.1.152', dIp='192.168.1.33', sPort=54015,  (truncated)...]
15:51:54.821 [http-nio-8080-exec-9] DEBUG o.s.web.servlet.DispatcherServlet - Completed 200 OK
