12:13:28.789 [http-nio-8080-exec-5] DEBUG o.s.web.servlet.DispatcherServlet - GET "/patternlog", parameters={}
12:13:28.796 [http-nio-8080-exec-5] DEBUG o.s.w.s.m.m.a.RequestMappingHandlerMapping - Mapped to com.example.demo.controller.detection.UsersController#patternlog()
12:13:28.799 [http-nio-8080-exec-5] DEBUG o.s.w.s.v.ContentNegotiatingViewResolver - Selected 'text/html' given [text/html, application/xhtml+xml, image/avif, image/webp, image/apng, application/xml;q=0.9, */*;q=0.8, application/signed-exchange;v=b3;q=0.7]
12:13:28.806 [http-nio-8080-exec-5] DEBUG o.s.web.servlet.DispatcherServlet - Completed 200 OK
12:13:28.884 [http-nio-8080-exec-7] DEBUG o.s.web.servlet.DispatcherServlet - GET "/api/patternlogs", parameters={}
12:13:28.885 [http-nio-8080-exec-7] DEBUG o.s.w.s.m.m.a.RequestMappingHandlerMapping - Mapped to com.example.demo.controller.log.PatternLogController#getAllPatternLogs()
12:13:28.885 [http-nio-8080-exec-9] DEBUG o.s.web.servlet.DispatcherServlet - GET "/favicon.ico", parameters={}
12:13:28.885 [http-nio-8080-exec-9] DEBUG o.s.w.s.m.m.a.RequestMappingHandlerMapping - Mapped to com.example.demo.controller.log.FaviconController#returnNoFavicon()
12:13:28.887 [http-nio-8080-exec-9] DEBUG o.s.w.s.m.m.a.RequestResponseBodyMethodProcessor - Using 'application/json;q=0.8', given [image/avif, image/webp, image/apng, image/svg+xml, image/*, */*;q=0.8] and supported [application/json, application/*+json]
12:13:28.887 [http-nio-8080-exec-9] DEBUG o.s.w.s.m.m.a.RequestResponseBodyMethodProcessor - Nothing to write: null body
12:13:28.887 [http-nio-8080-exec-9] DEBUG o.s.web.servlet.DispatcherServlet - Completed 200 OK
12:13:28.888 [http-nio-8080-exec-7] DEBUG org.mybatis.spring.SqlSessionUtils - Creating a new SqlSession
12:13:28.888 [http-nio-8080-exec-7] DEBUG org.mybatis.spring.SqlSessionUtils - SqlSession [org.apache.ibatis.session.defaults.DefaultSqlSession@75b8a57d] was not registered for synchronization because synchronization is not active
12:13:28.888 [http-nio-8080-exec-7] DEBUG o.s.jdbc.datasource.DataSourceUtils - Fetching JDBC Connection from DataSource
12:13:28.888 [http-nio-8080-exec-7] DEBUG com.zaxxer.hikari.HikariConfig - HikariPool-2 - configuration:
12:13:28.890 [http-nio-8080-exec-7] DEBUG com.zaxxer.hikari.HikariConfig - allowPoolSuspension.............false
12:13:28.890 [http-nio-8080-exec-7] DEBUG com.zaxxer.hikari.HikariConfig - autoCommit......................true
12:13:28.890 [http-nio-8080-exec-7] DEBUG com.zaxxer.hikari.HikariConfig - catalog.........................none
12:13:28.890 [http-nio-8080-exec-7] DEBUG com.zaxxer.hikari.HikariConfig - connectionInitSql...............none
12:13:28.890 [http-nio-8080-exec-7] DEBUG com.zaxxer.hikari.HikariConfig - connectionTestQuery.............none
12:13:28.890 [http-nio-8080-exec-7] DEBUG com.zaxxer.hikari.HikariConfig - connectionTimeout...............30000
12:13:28.890 [http-nio-8080-exec-7] DEBUG com.zaxxer.hikari.HikariConfig - dataSource......................none
12:13:28.890 [http-nio-8080-exec-7] DEBUG com.zaxxer.hikari.HikariConfig - dataSourceClassName.............none
12:13:28.890 [http-nio-8080-exec-7] DEBUG com.zaxxer.hikari.HikariConfig - dataSourceJNDI..................none
12:13:28.890 [http-nio-8080-exec-7] DEBUG com.zaxxer.hikari.HikariConfig - dataSourceProperties............{password=<masked>}
12:13:28.890 [http-nio-8080-exec-7] DEBUG com.zaxxer.hikari.HikariConfig - driverClassName................."org.mariadb.jdbc.Driver"
12:13:28.890 [http-nio-8080-exec-7] DEBUG com.zaxxer.hikari.HikariConfig - exceptionOverrideClassName......none
12:13:28.890 [http-nio-8080-exec-7] DEBUG com.zaxxer.hikari.HikariConfig - healthCheckProperties...........{}
12:13:28.890 [http-nio-8080-exec-7] DEBUG com.zaxxer.hikari.HikariConfig - healthCheckRegistry.............none
12:13:28.890 [http-nio-8080-exec-7] DEBUG com.zaxxer.hikari.HikariConfig - idleTimeout.....................600000
12:13:28.891 [http-nio-8080-exec-7] DEBUG com.zaxxer.hikari.HikariConfig - initializationFailTimeout.......1
12:13:28.891 [http-nio-8080-exec-7] DEBUG com.zaxxer.hikari.HikariConfig - isolateInternalQueries..........false
12:13:28.891 [http-nio-8080-exec-7] DEBUG com.zaxxer.hikari.HikariConfig - jdbcUrl.........................jdbc:mariadb://192.168.1.26:3306/log_db
12:13:28.891 [http-nio-8080-exec-7] DEBUG com.zaxxer.hikari.HikariConfig - keepaliveTime...................0
12:13:28.891 [http-nio-8080-exec-7] DEBUG com.zaxxer.hikari.HikariConfig - leakDetectionThreshold..........0
12:13:28.891 [http-nio-8080-exec-7] DEBUG com.zaxxer.hikari.HikariConfig - maxLifetime.....................1800000
12:13:28.891 [http-nio-8080-exec-7] DEBUG com.zaxxer.hikari.HikariConfig - maximumPoolSize.................10
12:13:28.891 [http-nio-8080-exec-7] DEBUG com.zaxxer.hikari.HikariConfig - metricRegistry..................none
12:13:28.891 [http-nio-8080-exec-7] DEBUG com.zaxxer.hikari.HikariConfig - metricsTrackerFactory...........none
12:13:28.891 [http-nio-8080-exec-7] DEBUG com.zaxxer.hikari.HikariConfig - minimumIdle.....................10
12:13:28.891 [http-nio-8080-exec-7] DEBUG com.zaxxer.hikari.HikariConfig - password........................<masked>
12:13:28.891 [http-nio-8080-exec-7] DEBUG com.zaxxer.hikari.HikariConfig - poolName........................"HikariPool-2"
12:13:28.891 [http-nio-8080-exec-7] DEBUG com.zaxxer.hikari.HikariConfig - readOnly........................false
12:13:28.891 [http-nio-8080-exec-7] DEBUG com.zaxxer.hikari.HikariConfig - registerMbeans..................false
12:13:28.891 [http-nio-8080-exec-7] DEBUG com.zaxxer.hikari.HikariConfig - scheduledExecutor...............none
12:13:28.891 [http-nio-8080-exec-7] DEBUG com.zaxxer.hikari.HikariConfig - schema..........................none
12:13:28.891 [http-nio-8080-exec-7] DEBUG com.zaxxer.hikari.HikariConfig - threadFactory...................internal
12:13:28.891 [http-nio-8080-exec-7] DEBUG com.zaxxer.hikari.HikariConfig - transactionIsolation............default
12:13:28.891 [http-nio-8080-exec-7] DEBUG com.zaxxer.hikari.HikariConfig - username........................"js_user"
12:13:28.892 [http-nio-8080-exec-7] DEBUG com.zaxxer.hikari.HikariConfig - validationTimeout...............5000
12:13:28.892 [http-nio-8080-exec-7] INFO  com.zaxxer.hikari.HikariDataSource - HikariPool-2 - Starting...
12:13:28.897 [http-nio-8080-exec-7] DEBUG o.m.jdbc.client.impl.StandardClient - execute query: SELECT @@tx_isolation
12:13:28.899 [http-nio-8080-exec-7] INFO  com.zaxxer.hikari.pool.HikariPool - HikariPool-2 - Added connection org.mariadb.jdbc.Connection@2601ad57
12:13:28.899 [http-nio-8080-exec-7] INFO  com.zaxxer.hikari.HikariDataSource - HikariPool-2 - Start completed.
12:13:28.899 [http-nio-8080-exec-7] DEBUG o.m.s.t.SpringManagedTransaction - JDBC Connection [HikariProxyConnection@407965889 wrapping org.mariadb.jdbc.Connection@2601ad57] will not be managed by Spring
12:13:28.899 [http-nio-8080-exec-7] DEBUG c.e.d.dao.log.PatternLogDAO.findAll - ==>  Preparing: SELECT * FROM log_db.pattern_log
12:13:28.899 [http-nio-8080-exec-7] DEBUG c.e.d.dao.log.PatternLogDAO.findAll - ==> Parameters: 
12:13:28.899 [http-nio-8080-exec-7] DEBUG o.m.jdbc.client.impl.StandardClient - execute query: SELECT * FROM log_db.pattern_log
12:13:28.901 [http-nio-8080-exec-7] DEBUG c.e.d.dao.log.PatternLogDAO.findAll - <==      Total: 3
12:13:28.902 [http-nio-8080-exec-7] DEBUG org.mybatis.spring.SqlSessionUtils - Closing non transactional SqlSession [org.apache.ibatis.session.defaults.DefaultSqlSession@75b8a57d]
12:13:28.904 [http-nio-8080-exec-7] DEBUG o.s.w.s.m.m.a.HttpEntityMethodProcessor - Using 'application/json', given [*/*] and supported [application/json, application/*+json]
12:13:28.909 [http-nio-8080-exec-7] DEBUG o.s.w.s.m.m.a.HttpEntityMethodProcessor - Writing [[PatternLog{detection_number=1, time='2024-07-10 09:00:00', sIp='192.168.1.1', dIp='10.0.0.1', sPort (truncated)...]
12:13:28.912 [http-nio-8080-exec-7] DEBUG o.s.web.servlet.DispatcherServlet - Completed 200 OK
12:13:29.001 [HikariPool-2 housekeeper] DEBUG com.zaxxer.hikari.pool.HikariPool - HikariPool-2 - Pool stats (total=1, active=0, idle=1, waiting=0)
12:13:29.008 [HikariPool-2 connection adder] DEBUG com.zaxxer.hikari.pool.HikariPool - HikariPool-2 - Added connection org.mariadb.jdbc.Connection@52aac8cd
12:13:29.040 [HikariPool-2 connection adder] DEBUG com.zaxxer.hikari.pool.HikariPool - HikariPool-2 - After adding stats (total=2, active=0, idle=2, waiting=0)
12:13:29.044 [HikariPool-2 connection adder] DEBUG com.zaxxer.hikari.pool.HikariPool - HikariPool-2 - Added connection org.mariadb.jdbc.Connection@7e24f46
12:13:29.075 [HikariPool-2 connection adder] DEBUG com.zaxxer.hikari.pool.HikariPool - HikariPool-2 - After adding stats (total=3, active=0, idle=3, waiting=0)
12:13:29.079 [HikariPool-2 connection adder] DEBUG com.zaxxer.hikari.pool.HikariPool - HikariPool-2 - Added connection org.mariadb.jdbc.Connection@6b7ccda6
12:13:29.111 [HikariPool-2 connection adder] DEBUG com.zaxxer.hikari.pool.HikariPool - HikariPool-2 - After adding stats (total=4, active=0, idle=4, waiting=0)
12:13:29.117 [HikariPool-2 connection adder] DEBUG com.zaxxer.hikari.pool.HikariPool - HikariPool-2 - Added connection org.mariadb.jdbc.Connection@2eea4c0e
12:13:29.149 [HikariPool-2 connection adder] DEBUG com.zaxxer.hikari.pool.HikariPool - HikariPool-2 - After adding stats (total=5, active=0, idle=5, waiting=0)
12:13:29.153 [HikariPool-2 connection adder] DEBUG com.zaxxer.hikari.pool.HikariPool - HikariPool-2 - Added connection org.mariadb.jdbc.Connection@5a802da6
12:13:29.186 [HikariPool-2 connection adder] DEBUG com.zaxxer.hikari.pool.HikariPool - HikariPool-2 - After adding stats (total=6, active=0, idle=6, waiting=0)
12:13:29.189 [HikariPool-2 connection adder] DEBUG com.zaxxer.hikari.pool.HikariPool - HikariPool-2 - Added connection org.mariadb.jdbc.Connection@e032d18
12:13:29.222 [HikariPool-2 connection adder] DEBUG com.zaxxer.hikari.pool.HikariPool - HikariPool-2 - After adding stats (total=7, active=0, idle=7, waiting=0)
12:13:29.227 [HikariPool-2 connection adder] DEBUG com.zaxxer.hikari.pool.HikariPool - HikariPool-2 - Added connection org.mariadb.jdbc.Connection@7e802cc0
12:13:29.257 [HikariPool-2 connection adder] DEBUG com.zaxxer.hikari.pool.HikariPool - HikariPool-2 - After adding stats (total=8, active=0, idle=8, waiting=0)
12:13:29.261 [HikariPool-2 connection adder] DEBUG com.zaxxer.hikari.pool.HikariPool - HikariPool-2 - Added connection org.mariadb.jdbc.Connection@6dc7e6ef
12:13:29.293 [HikariPool-2 connection adder] DEBUG com.zaxxer.hikari.pool.HikariPool - HikariPool-2 - After adding stats (total=9, active=0, idle=9, waiting=0)
12:13:29.297 [HikariPool-2 connection adder] DEBUG com.zaxxer.hikari.pool.HikariPool - HikariPool-2 - Added connection org.mariadb.jdbc.Connection@5971e622
12:13:29.329 [HikariPool-2 connection adder] DEBUG com.zaxxer.hikari.pool.HikariPool - HikariPool-2 - After adding stats (total=10, active=0, idle=10, waiting=0)
12:13:30.066 [http-nio-8080-exec-10] DEBUG o.s.web.servlet.DispatcherServlet - GET "/behaviorlog", parameters={}
12:13:30.066 [http-nio-8080-exec-10] DEBUG o.s.w.s.m.m.a.RequestMappingHandlerMapping - Mapped to com.example.demo.controller.log.BehaviorLogController#getAllLogs(Model)
12:13:30.067 [http-nio-8080-exec-10] DEBUG org.mybatis.spring.SqlSessionUtils - Creating a new SqlSession
12:13:30.067 [http-nio-8080-exec-10] DEBUG org.mybatis.spring.SqlSessionUtils - SqlSession [org.apache.ibatis.session.defaults.DefaultSqlSession@1285523f] was not registered for synchronization because synchronization is not active
12:13:30.067 [http-nio-8080-exec-10] DEBUG o.s.jdbc.datasource.DataSourceUtils - Fetching JDBC Connection from DataSource
12:13:30.068 [http-nio-8080-exec-10] DEBUG o.m.s.t.SpringManagedTransaction - JDBC Connection [HikariProxyConnection@842278081 wrapping org.mariadb.jdbc.Connection@2601ad57] will not be managed by Spring
12:13:30.068 [http-nio-8080-exec-10] DEBUG c.e.d.dao.log.BehaviorLogDAO.findAll - ==>  Preparing: SELECT * FROM log_db.behavior_log
12:13:30.068 [http-nio-8080-exec-10] DEBUG c.e.d.dao.log.BehaviorLogDAO.findAll - ==> Parameters: 
12:13:30.068 [http-nio-8080-exec-10] DEBUG o.m.jdbc.client.impl.StandardClient - execute query: SELECT * FROM log_db.behavior_log
12:13:30.071 [http-nio-8080-exec-10] DEBUG c.e.d.dao.log.BehaviorLogDAO.findAll - <==      Total: 3
12:13:30.071 [http-nio-8080-exec-10] DEBUG org.mybatis.spring.SqlSessionUtils - Closing non transactional SqlSession [org.apache.ibatis.session.defaults.DefaultSqlSession@1285523f]
12:13:30.072 [http-nio-8080-exec-10] DEBUG o.s.w.s.v.ContentNegotiatingViewResolver - Selected 'text/html' given [text/html, application/xhtml+xml, image/avif, image/webp, image/apng, application/xml;q=0.9, */*;q=0.8, application/signed-exchange;v=b3;q=0.7]
12:13:30.109 [HikariPool-1 housekeeper] DEBUG com.zaxxer.hikari.pool.HikariPool - HikariPool-1 - Pool stats (total=10, active=0, idle=10, waiting=0)
12:13:30.109 [HikariPool-1 housekeeper] DEBUG com.zaxxer.hikari.pool.HikariPool - HikariPool-1 - Fill pool skipped, pool has sufficient level or currently being filled.
12:13:30.244 [http-nio-8080-exec-10] DEBUG o.s.web.servlet.DispatcherServlet - Completed 200 OK
12:13:30.271 [http-nio-8080-exec-3] DEBUG o.s.web.servlet.DispatcherServlet - GET "/favicon.ico", parameters={}
12:13:30.271 [http-nio-8080-exec-1] DEBUG o.s.web.servlet.DispatcherServlet - GET "/api/behaviorlogs", parameters={}
12:13:30.271 [http-nio-8080-exec-3] DEBUG o.s.w.s.m.m.a.RequestMappingHandlerMapping - Mapped to com.example.demo.controller.log.FaviconController#returnNoFavicon()
12:13:30.272 [http-nio-8080-exec-3] DEBUG o.s.w.s.m.m.a.RequestResponseBodyMethodProcessor - Using 'application/json;q=0.8', given [image/avif, image/webp, image/apng, image/svg+xml, image/*, */*;q=0.8] and supported [application/json, application/*+json]
12:13:30.272 [http-nio-8080-exec-3] DEBUG o.s.w.s.m.m.a.RequestResponseBodyMethodProcessor - Nothing to write: null body
12:13:30.272 [http-nio-8080-exec-3] DEBUG o.s.web.servlet.DispatcherServlet - Completed 200 OK
12:13:30.276 [http-nio-8080-exec-1] DEBUG o.s.w.s.h.SimpleUrlHandlerMapping - Mapped to ResourceHttpRequestHandler [classpath [META-INF/resources/], classpath [resources/], classpath [static/], classpath [public/], ServletContext [/]]
12:13:30.281 [http-nio-8080-exec-1] DEBUG o.s.w.s.r.ResourceHttpRequestHandler - Resource not found
12:13:30.284 [http-nio-8080-exec-1] DEBUG o.s.w.s.m.m.a.ExceptionHandlerExceptionResolver - Using @ExceptionHandler com.example.demo.controller.detection.GlobalExceptionHandler#handleServletExcption(ServletException)
12:13:30.284 [http-nio-8080-exec-1] ERROR c.e.d.c.d.GlobalExceptionHandler - 서블릿 예외가 발생했습니다.
org.springframework.web.servlet.resource.NoResourceFoundException: No static resource api/behaviorlogs.
	at org.springframework.web.servlet.resource.ResourceHttpRequestHandler.handleRequest(ResourceHttpRequestHandler.java:585)
	at org.springframework.web.servlet.mvc.HttpRequestHandlerAdapter.handle(HttpRequestHandlerAdapter.java:52)
	at org.springframework.web.servlet.DispatcherServlet.doDispatch(DispatcherServlet.java:1089)
	at org.springframework.web.servlet.DispatcherServlet.doService(DispatcherServlet.java:979)
	at org.springframework.web.servlet.FrameworkServlet.processRequest(FrameworkServlet.java:1014)
	at org.springframework.web.servlet.FrameworkServlet.doGet(FrameworkServlet.java:903)
	at jakarta.servlet.http.HttpServlet.service(HttpServlet.java:564)
	at org.springframework.web.servlet.FrameworkServlet.service(FrameworkServlet.java:885)
	at jakarta.servlet.http.HttpServlet.service(HttpServlet.java:658)
	at org.apache.catalina.core.ApplicationFilterChain.internalDoFilter(ApplicationFilterChain.java:195)
	at org.apache.catalina.core.ApplicationFilterChain.doFilter(ApplicationFilterChain.java:140)
	at org.apache.tomcat.websocket.server.WsFilter.doFilter(WsFilter.java:51)
	at org.apache.catalina.core.ApplicationFilterChain.internalDoFilter(ApplicationFilterChain.java:164)
	at org.apache.catalina.core.ApplicationFilterChain.doFilter(ApplicationFilterChain.java:140)
	at org.springframework.web.filter.RequestContextFilter.doFilterInternal(RequestContextFilter.java:100)
	at org.springframework.web.filter.OncePerRequestFilter.doFilter(OncePerRequestFilter.java:116)
	at org.apache.catalina.core.ApplicationFilterChain.internalDoFilter(ApplicationFilterChain.java:164)
	at org.apache.catalina.core.ApplicationFilterChain.doFilter(ApplicationFilterChain.java:140)
	at org.springframework.web.filter.FormContentFilter.doFilterInternal(FormContentFilter.java:93)
	at org.springframework.web.filter.OncePerRequestFilter.doFilter(OncePerRequestFilter.java:116)
	at org.apache.catalina.core.ApplicationFilterChain.internalDoFilter(ApplicationFilterChain.java:164)
	at org.apache.catalina.core.ApplicationFilterChain.doFilter(ApplicationFilterChain.java:140)
	at org.springframework.web.filter.CharacterEncodingFilter.doFilterInternal(CharacterEncodingFilter.java:201)
	at org.springframework.web.filter.OncePerRequestFilter.doFilter(OncePerRequestFilter.java:116)
	at org.apache.catalina.core.ApplicationFilterChain.internalDoFilter(ApplicationFilterChain.java:164)
	at org.apache.catalina.core.ApplicationFilterChain.doFilter(ApplicationFilterChain.java:140)
	at org.apache.catalina.core.StandardWrapperValve.invoke(StandardWrapperValve.java:167)
	at org.apache.catalina.core.StandardContextValve.invoke(StandardContextValve.java:90)
	at org.apache.catalina.authenticator.AuthenticatorBase.invoke(AuthenticatorBase.java:482)
	at org.apache.catalina.core.StandardHostValve.invoke(StandardHostValve.java:115)
	at org.apache.catalina.valves.ErrorReportValve.invoke(ErrorReportValve.java:93)
	at org.apache.catalina.core.StandardEngineValve.invoke(StandardEngineValve.java:74)
	at org.apache.catalina.connector.CoyoteAdapter.service(CoyoteAdapter.java:344)
	at org.apache.coyote.http11.Http11Processor.service(Http11Processor.java:389)
	at org.apache.coyote.AbstractProcessorLight.process(AbstractProcessorLight.java:63)
	at org.apache.coyote.AbstractProtocol$ConnectionHandler.process(AbstractProtocol.java:904)
	at org.apache.tomcat.util.net.NioEndpoint$SocketProcessor.doRun(NioEndpoint.java:1741)
	at org.apache.tomcat.util.net.SocketProcessorBase.run(SocketProcessorBase.java:52)
	at org.apache.tomcat.util.threads.ThreadPoolExecutor.runWorker(ThreadPoolExecutor.java:1190)
	at org.apache.tomcat.util.threads.ThreadPoolExecutor$Worker.run(ThreadPoolExecutor.java:659)
	at org.apache.tomcat.util.threads.TaskThread$WrappingRunnable.run(TaskThread.java:63)
	at java.base/java.lang.Thread.run(Thread.java:1570)
12:13:30.287 [http-nio-8080-exec-1] WARN  o.s.w.s.m.m.a.ExceptionHandlerExceptionResolver - Resolved [org.springframework.web.servlet.resource.NoResourceFoundException: No static resource api/behaviorlogs.]
12:13:30.288 [http-nio-8080-exec-1] DEBUG o.s.web.servlet.DispatcherServlet - Using resolved error view: ModelAndView [view="404"; model={}]
12:13:30.288 [http-nio-8080-exec-1] DEBUG o.s.w.s.v.ContentNegotiatingViewResolver - Selected '*/*' given [*/*]
12:13:30.292 [http-nio-8080-exec-1] DEBUG o.s.web.servlet.DispatcherServlet - Completed 200 OK
12:13:30.439 [http-nio-8080-exec-2] DEBUG o.s.web.servlet.DispatcherServlet - GET "/dangerouslog", parameters={}
12:13:30.439 [http-nio-8080-exec-2] DEBUG o.s.w.s.m.m.a.RequestMappingHandlerMapping - Mapped to com.example.demo.controller.detection.UsersController#dangerouslog()
12:13:30.441 [http-nio-8080-exec-2] DEBUG o.s.w.s.v.ContentNegotiatingViewResolver - Selected 'text/html' given [text/html, application/xhtml+xml, image/avif, image/webp, image/apng, application/xml;q=0.9, */*;q=0.8, application/signed-exchange;v=b3;q=0.7]
12:13:30.465 [http-nio-8080-exec-2] DEBUG o.s.web.servlet.DispatcherServlet - Completed 200 OK
12:13:30.493 [http-nio-8080-exec-4] DEBUG o.s.web.servlet.DispatcherServlet - GET "/api/dangerouslogs", parameters={}
12:13:30.493 [http-nio-8080-exec-4] DEBUG o.s.w.s.m.m.a.RequestMappingHandlerMapping - Mapped to com.example.demo.controller.log.DangerousLogController#getAllDangerousLogs()
12:13:30.493 [http-nio-8080-exec-6] DEBUG o.s.web.servlet.DispatcherServlet - GET "/favicon.ico", parameters={}
12:13:30.494 [http-nio-8080-exec-4] DEBUG org.mybatis.spring.SqlSessionUtils - Creating a new SqlSession
12:13:30.494 [http-nio-8080-exec-6] DEBUG o.s.w.s.m.m.a.RequestMappingHandlerMapping - Mapped to com.example.demo.controller.log.FaviconController#returnNoFavicon()
12:13:30.494 [http-nio-8080-exec-4] DEBUG org.mybatis.spring.SqlSessionUtils - SqlSession [org.apache.ibatis.session.defaults.DefaultSqlSession@72fb359a] was not registered for synchronization because synchronization is not active
12:13:30.494 [http-nio-8080-exec-4] DEBUG o.s.jdbc.datasource.DataSourceUtils - Fetching JDBC Connection from DataSource
12:13:30.494 [http-nio-8080-exec-4] DEBUG o.m.s.t.SpringManagedTransaction - JDBC Connection [HikariProxyConnection@1886238103 wrapping org.mariadb.jdbc.Connection@2601ad57] will not be managed by Spring
12:13:30.494 [http-nio-8080-exec-4] DEBUG c.e.d.d.log.DangerousLogDAO.findAll - ==>  Preparing: SELECT * FROM log_db.dangerous_log
12:13:30.494 [http-nio-8080-exec-4] DEBUG c.e.d.d.log.DangerousLogDAO.findAll - ==> Parameters: 
12:13:30.494 [http-nio-8080-exec-4] DEBUG o.m.jdbc.client.impl.StandardClient - execute query: SELECT * FROM log_db.dangerous_log
12:13:30.494 [http-nio-8080-exec-6] DEBUG o.s.w.s.m.m.a.RequestResponseBodyMethodProcessor - Using 'application/json;q=0.8', given [image/avif, image/webp, image/apng, image/svg+xml, image/*, */*;q=0.8] and supported [application/json, application/*+json]
12:13:30.494 [http-nio-8080-exec-6] DEBUG o.s.w.s.m.m.a.RequestResponseBodyMethodProcessor - Nothing to write: null body
12:13:30.494 [http-nio-8080-exec-6] DEBUG o.s.web.servlet.DispatcherServlet - Completed 200 OK
12:13:30.500 [http-nio-8080-exec-4] DEBUG c.e.d.d.log.DangerousLogDAO.findAll - <==      Total: 3
12:13:30.501 [http-nio-8080-exec-4] DEBUG org.mybatis.spring.SqlSessionUtils - Closing non transactional SqlSession [org.apache.ibatis.session.defaults.DefaultSqlSession@72fb359a]
12:13:30.501 [http-nio-8080-exec-4] DEBUG o.s.w.s.m.m.a.RequestResponseBodyMethodProcessor - Using 'application/json', given [*/*] and supported [application/json, application/*+json]
12:13:30.504 [http-nio-8080-exec-4] DEBUG o.s.w.s.m.m.a.RequestResponseBodyMethodProcessor - Writing [[DangerousLog{detection_number=1, ip='192.168.1.1', port=8080, policy_number='101'}, DangerousLog{de (truncated)...]
12:13:30.507 [http-nio-8080-exec-4] DEBUG o.s.web.servlet.DispatcherServlet - Completed 200 OK
12:13:31.222 [http-nio-8080-exec-5] DEBUG o.s.web.servlet.DispatcherServlet - GET "/policylist", parameters={}
12:13:31.222 [http-nio-8080-exec-5] DEBUG o.s.w.s.m.m.a.RequestMappingHandlerMapping - Mapped to com.example.demo.controller.detection.PatternDetectionController#showPolicyList(Model)
12:13:31.222 [http-nio-8080-exec-5] DEBUG org.mybatis.spring.SqlSessionUtils - Creating a new SqlSession
12:13:31.222 [http-nio-8080-exec-5] DEBUG org.mybatis.spring.SqlSessionUtils - SqlSession [org.apache.ibatis.session.defaults.DefaultSqlSession@58d377cd] was not registered for synchronization because synchronization is not active
12:13:31.222 [http-nio-8080-exec-5] DEBUG o.s.jdbc.datasource.DataSourceUtils - Fetching JDBC Connection from DataSource
12:13:31.223 [http-nio-8080-exec-5] DEBUG o.m.s.t.SpringManagedTransaction - JDBC Connection [HikariProxyConnection@39998306 wrapping org.mariadb.jdbc.Connection@ff32f9e] will not be managed by Spring
12:13:31.224 [http-nio-8080-exec-5] DEBUG c.e.d.d.d.P.getAllPatternDetections - ==>  Preparing: SELECT detection_number, CONCAT(s_ip, ' to ', d_ip) AS s_to_ip, s_ip, d_ip, s_port, d_port, create_dt, modify_dt, action_type, policy_name, policy_info, pattern_1, pattern_2, pattern_3, dangerous FROM detection_db.pattern_detection
12:13:31.224 [http-nio-8080-exec-5] DEBUG c.e.d.d.d.P.getAllPatternDetections - ==> Parameters: 
12:13:31.224 [http-nio-8080-exec-5] DEBUG o.m.jdbc.client.impl.StandardClient - execute query: SELECT detection_number, CONCAT(s_ip, ' to ', d_ip) AS s_to_ip, s_ip, d_ip, s_port, d_port, create_dt, modify_dt, action_type, policy_name, policy_info, pattern_1, pattern_2, pattern_3, dangerous
        FROM detection_db.pattern_detection
12:13:31.227 [http-nio-8080-exec-5] DEBUG c.e.d.d.d.P.getAllPatternDetections - <==      Total: 17
12:13:31.227 [http-nio-8080-exec-5] DEBUG org.mybatis.spring.SqlSessionUtils - Closing non transactional SqlSession [org.apache.ibatis.session.defaults.DefaultSqlSession@58d377cd]
12:13:31.228 [http-nio-8080-exec-5] DEBUG o.s.w.s.v.ContentNegotiatingViewResolver - Selected 'text/html' given [text/html, application/xhtml+xml, image/avif, image/webp, image/apng, application/xml;q=0.9, */*;q=0.8, application/signed-exchange;v=b3;q=0.7]
12:13:31.233 [http-nio-8080-exec-5] DEBUG o.s.web.servlet.DispatcherServlet - Completed 200 OK
12:13:31.283 [http-nio-8080-exec-9] DEBUG o.s.web.servlet.DispatcherServlet - POST "/api/search-pattern-detections", parameters={}
12:13:31.284 [http-nio-8080-exec-9] DEBUG o.s.w.s.m.m.a.RequestMappingHandlerMapping - Mapped to com.example.demo.controller.detection.PatternDetectionController#searchPatternDetections(SearchCriteria)
12:13:31.285 [http-nio-8080-exec-9] DEBUG o.s.w.s.m.m.a.RequestResponseBodyMethodProcessor - Read "application/json;charset=UTF-8" to [com.example.demo.controller.log.SearchCriteria@3487af93]
12:13:31.285 [http-nio-8080-exec-9] DEBUG org.mybatis.spring.SqlSessionUtils - Creating a new SqlSession
12:13:31.285 [http-nio-8080-exec-9] DEBUG org.mybatis.spring.SqlSessionUtils - SqlSession [org.apache.ibatis.session.defaults.DefaultSqlSession@3a405773] was not registered for synchronization because synchronization is not active
12:13:31.285 [http-nio-8080-exec-9] DEBUG o.s.jdbc.datasource.DataSourceUtils - Fetching JDBC Connection from DataSource
12:13:31.285 [http-nio-8080-exec-9] DEBUG o.m.s.t.SpringManagedTransaction - JDBC Connection [HikariProxyConnection@1048560867 wrapping org.mariadb.jdbc.Connection@ff32f9e] will not be managed by Spring
12:13:31.285 [http-nio-8080-exec-9] DEBUG c.e.d.d.d.P.getAllPatternDetections - ==>  Preparing: SELECT detection_number, CONCAT(s_ip, ' to ', d_ip) AS s_to_ip, s_ip, d_ip, s_port, d_port, create_dt, modify_dt, action_type, policy_name, policy_info, pattern_1, pattern_2, pattern_3, dangerous FROM detection_db.pattern_detection
12:13:31.286 [http-nio-8080-exec-9] DEBUG c.e.d.d.d.P.getAllPatternDetections - ==> Parameters: 
12:13:31.286 [http-nio-8080-exec-9] DEBUG o.m.jdbc.client.impl.StandardClient - execute query: SELECT detection_number, CONCAT(s_ip, ' to ', d_ip) AS s_to_ip, s_ip, d_ip, s_port, d_port, create_dt, modify_dt, action_type, policy_name, policy_info, pattern_1, pattern_2, pattern_3, dangerous
        FROM detection_db.pattern_detection
12:13:31.286 [http-nio-8080-exec-7] DEBUG o.s.web.servlet.DispatcherServlet - GET "/favicon.ico", parameters={}
12:13:31.286 [http-nio-8080-exec-7] DEBUG o.s.w.s.m.m.a.RequestMappingHandlerMapping - Mapped to com.example.demo.controller.log.FaviconController#returnNoFavicon()
12:13:31.287 [http-nio-8080-exec-7] DEBUG o.s.w.s.m.m.a.RequestResponseBodyMethodProcessor - Using 'application/json;q=0.8', given [image/avif, image/webp, image/apng, image/svg+xml, image/*, */*;q=0.8] and supported [application/json, application/*+json]
12:13:31.287 [http-nio-8080-exec-7] DEBUG o.s.w.s.m.m.a.RequestResponseBodyMethodProcessor - Nothing to write: null body
12:13:31.287 [http-nio-8080-exec-7] DEBUG o.s.web.servlet.DispatcherServlet - Completed 200 OK
12:13:31.289 [http-nio-8080-exec-9] DEBUG c.e.d.d.d.P.getAllPatternDetections - <==      Total: 17
12:13:31.290 [http-nio-8080-exec-9] DEBUG org.mybatis.spring.SqlSessionUtils - Closing non transactional SqlSession [org.apache.ibatis.session.defaults.DefaultSqlSession@3a405773]
12:13:31.290 [http-nio-8080-exec-9] DEBUG o.s.w.s.m.m.a.RequestResponseBodyMethodProcessor - Using 'application/json', given [*/*] and supported [application/json, application/*+json]
12:13:31.290 [http-nio-8080-exec-9] DEBUG o.s.w.s.m.m.a.RequestResponseBodyMethodProcessor - Writing [[PatternDetection{detection_number=1, s_to_ip='192.168.1.73 to 192.168.1.26', s_ip='192.168.1.73', d (truncated)...]
12:13:31.291 [http-nio-8080-exec-9] DEBUG o.s.web.servlet.DispatcherServlet - Completed 200 OK
12:13:44.817 [http-nio-8080-exec-8] DEBUG o.s.web.servlet.DispatcherServlet - GET "/signin", parameters={}
12:13:44.817 [http-nio-8080-exec-8] DEBUG o.s.w.s.m.m.a.RequestMappingHandlerMapping - Mapped to com.example.demo.controller.detection.UsersController#loginForm()
12:13:44.818 [http-nio-8080-exec-8] DEBUG o.s.w.s.v.ContentNegotiatingViewResolver - Selected 'text/html' given [text/html, application/xhtml+xml, image/avif, image/webp, image/apng, application/xml;q=0.9, */*;q=0.8, application/signed-exchange;v=b3;q=0.7]
12:13:44.820 [http-nio-8080-exec-8] DEBUG o.s.web.servlet.DispatcherServlet - Completed 200 OK
12:13:44.848 [http-nio-8080-exec-10] DEBUG o.s.web.servlet.DispatcherServlet - GET "/signin.png", parameters={}
12:13:44.849 [http-nio-8080-exec-10] DEBUG o.s.w.s.h.SimpleUrlHandlerMapping - Mapped to ResourceHttpRequestHandler [classpath [META-INF/resources/], classpath [resources/], classpath [static/], classpath [public/], ServletContext [/]]
12:13:44.889 [http-nio-8080-exec-10] DEBUG o.s.web.servlet.DispatcherServlet - Completed 200 OK
12:13:44.899 [http-nio-8080-exec-3] DEBUG o.s.web.servlet.DispatcherServlet - GET "/favicon.ico", parameters={}
12:13:44.899 [http-nio-8080-exec-3] DEBUG o.s.w.s.m.m.a.RequestMappingHandlerMapping - Mapped to com.example.demo.controller.log.FaviconController#returnNoFavicon()
12:13:44.900 [http-nio-8080-exec-3] DEBUG o.s.w.s.m.m.a.RequestResponseBodyMethodProcessor - Using 'application/json;q=0.8', given [image/avif, image/webp, image/apng, image/svg+xml, image/*, */*;q=0.8] and supported [application/json, application/*+json]
12:13:44.901 [http-nio-8080-exec-3] DEBUG o.s.w.s.m.m.a.RequestResponseBodyMethodProcessor - Nothing to write: null body
12:13:44.901 [http-nio-8080-exec-3] DEBUG o.s.web.servlet.DispatcherServlet - Completed 200 OK
12:13:59.002 [HikariPool-2 housekeeper] DEBUG com.zaxxer.hikari.pool.HikariPool - HikariPool-2 - Pool stats (total=10, active=0, idle=10, waiting=0)
12:13:59.002 [HikariPool-2 housekeeper] DEBUG com.zaxxer.hikari.pool.HikariPool - HikariPool-2 - Fill pool skipped, pool has sufficient level or currently being filled.
12:14:00.111 [HikariPool-1 housekeeper] DEBUG com.zaxxer.hikari.pool.HikariPool - HikariPool-1 - Pool stats (total=10, active=0, idle=10, waiting=0)
12:14:00.111 [HikariPool-1 housekeeper] DEBUG com.zaxxer.hikari.pool.HikariPool - HikariPool-1 - Fill pool skipped, pool has sufficient level or currently being filled.
12:14:29.004 [HikariPool-2 housekeeper] DEBUG com.zaxxer.hikari.pool.HikariPool - HikariPool-2 - Pool stats (total=10, active=0, idle=10, waiting=0)
12:14:29.004 [HikariPool-2 housekeeper] DEBUG com.zaxxer.hikari.pool.HikariPool - HikariPool-2 - Fill pool skipped, pool has sufficient level or currently being filled.
12:14:30.112 [HikariPool-1 housekeeper] DEBUG com.zaxxer.hikari.pool.HikariPool - HikariPool-1 - Pool stats (total=10, active=0, idle=10, waiting=0)
12:14:30.112 [HikariPool-1 housekeeper] DEBUG com.zaxxer.hikari.pool.HikariPool - HikariPool-1 - Fill pool skipped, pool has sufficient level or currently being filled.
12:14:59.005 [HikariPool-2 housekeeper] DEBUG com.zaxxer.hikari.pool.HikariPool - HikariPool-2 - Pool stats (total=10, active=0, idle=10, waiting=0)
12:14:59.005 [HikariPool-2 housekeeper] DEBUG com.zaxxer.hikari.pool.HikariPool - HikariPool-2 - Fill pool skipped, pool has sufficient level or currently being filled.
12:15:00.114 [HikariPool-1 housekeeper] DEBUG com.zaxxer.hikari.pool.HikariPool - HikariPool-1 - Pool stats (total=10, active=0, idle=10, waiting=0)
12:15:00.114 [HikariPool-1 housekeeper] DEBUG com.zaxxer.hikari.pool.HikariPool - HikariPool-1 - Fill pool skipped, pool has sufficient level or currently being filled.
12:15:29.007 [HikariPool-2 housekeeper] DEBUG com.zaxxer.hikari.pool.HikariPool - HikariPool-2 - Pool stats (total=10, active=0, idle=10, waiting=0)
12:15:29.007 [HikariPool-2 housekeeper] DEBUG com.zaxxer.hikari.pool.HikariPool - HikariPool-2 - Fill pool skipped, pool has sufficient level or currently being filled.
12:15:30.115 [HikariPool-1 housekeeper] DEBUG com.zaxxer.hikari.pool.HikariPool - HikariPool-1 - Pool stats (total=10, active=0, idle=10, waiting=0)
12:15:30.115 [HikariPool-1 housekeeper] DEBUG com.zaxxer.hikari.pool.HikariPool - HikariPool-1 - Fill pool skipped, pool has sufficient level or currently being filled.
12:15:47.066 [RMI TCP Connection(5)-127.0.0.1] INFO  o.s.b.a.SpringApplicationAdminMXBeanRegistrar$SpringApplicationAdmin - Application shutdown requested.
12:15:47.066 [RMI TCP Connection(5)-127.0.0.1] DEBUG o.s.b.a.ApplicationAvailabilityBean - Application availability state ReadinessState changed from ACCEPTING_TRAFFIC to REFUSING_TRAFFIC
12:15:47.066 [RMI TCP Connection(5)-127.0.0.1] DEBUG o.s.b.w.s.c.AnnotationConfigServletWebServerApplicationContext - Closing org.springframework.boot.web.servlet.context.AnnotationConfigServletWebServerApplicationContext@7ed9fe67, started on Mon Jul 15 12:12:27 KST 2024
12:15:47.068 [RMI TCP Connection(5)-127.0.0.1] DEBUG o.s.c.s.DefaultLifecycleProcessor - Stopping beans in phase 2147483647
12:15:47.068 [RMI TCP Connection(5)-127.0.0.1] DEBUG o.s.c.s.DefaultLifecycleProcessor - Bean 'applicationTaskExecutor' completed its stop procedure
12:15:47.068 [RMI TCP Connection(5)-127.0.0.1] DEBUG o.s.c.s.DefaultLifecycleProcessor - Stopping beans in phase 2147482623
12:15:47.069 [RMI TCP Connection(5)-127.0.0.1] DEBUG o.s.c.s.DefaultLifecycleProcessor - Bean 'webServerGracefulShutdown' completed its stop procedure
12:15:47.069 [RMI TCP Connection(5)-127.0.0.1] DEBUG o.s.c.s.DefaultLifecycleProcessor - Stopping beans in phase 2147481599
12:15:47.069 [RMI TCP Connection(5)-127.0.0.1] INFO  o.a.coyote.http11.Http11NioProtocol - Stopping ProtocolHandler ["http-nio-8080"]
12:15:47.074 [RMI TCP Connection(5)-127.0.0.1] DEBUG o.s.c.s.DefaultLifecycleProcessor - Bean 'webServerStartStop' completed its stop procedure
12:15:47.074 [RMI TCP Connection(5)-127.0.0.1] DEBUG o.s.c.s.DefaultLifecycleProcessor - Stopping beans in phase -2147483647
12:15:47.075 [RMI TCP Connection(5)-127.0.0.1] DEBUG o.s.c.s.DefaultLifecycleProcessor - Bean 'springBootLoggingLifecycle' completed its stop procedure
12:15:47.075 [RMI TCP Connection(5)-127.0.0.1] DEBUG o.s.j.e.a.AnnotationMBeanExporter - Unregistering JMX-exposed beans on shutdown
12:15:47.076 [RMI TCP Connection(5)-127.0.0.1] DEBUG o.s.j.e.a.AnnotationMBeanExporter - Unregistering JMX-exposed beans
12:15:47.076 [RMI TCP Connection(5)-127.0.0.1] DEBUG o.s.s.c.ThreadPoolTaskExecutor - Shutting down ExecutorService 'applicationTaskExecutor'
12:15:47.077 [RMI TCP Connection(5)-127.0.0.1] INFO  com.zaxxer.hikari.HikariDataSource - HikariPool-2 - Shutdown initiated...
12:15:47.077 [RMI TCP Connection(5)-127.0.0.1] DEBUG com.zaxxer.hikari.pool.HikariPool - HikariPool-2 - Before shutdown stats (total=10, active=0, idle=10, waiting=0)
12:15:47.078 [HikariPool-2 connection closer] DEBUG com.zaxxer.hikari.pool.PoolBase - HikariPool-2 - Closing connection org.mariadb.jdbc.Connection@2601ad57: (connection evicted)
12:15:47.082 [HikariPool-2 connection closer] DEBUG com.zaxxer.hikari.pool.PoolBase - HikariPool-2 - Closing connection org.mariadb.jdbc.Connection@52aac8cd: (connection evicted)
12:15:47.086 [HikariPool-2 connection closer] DEBUG com.zaxxer.hikari.pool.PoolBase - HikariPool-2 - Closing connection org.mariadb.jdbc.Connection@7e24f46: (connection evicted)
12:15:47.090 [HikariPool-2 connection closer] DEBUG com.zaxxer.hikari.pool.PoolBase - HikariPool-2 - Closing connection org.mariadb.jdbc.Connection@6b7ccda6: (connection evicted)
12:15:47.094 [HikariPool-2 connection closer] DEBUG com.zaxxer.hikari.pool.PoolBase - HikariPool-2 - Closing connection org.mariadb.jdbc.Connection@2eea4c0e: (connection evicted)
12:15:47.098 [HikariPool-2 connection closer] DEBUG com.zaxxer.hikari.pool.PoolBase - HikariPool-2 - Closing connection org.mariadb.jdbc.Connection@5a802da6: (connection evicted)
12:15:47.102 [HikariPool-2 connection closer] DEBUG com.zaxxer.hikari.pool.PoolBase - HikariPool-2 - Closing connection org.mariadb.jdbc.Connection@e032d18: (connection evicted)
12:15:47.106 [HikariPool-2 connection closer] DEBUG com.zaxxer.hikari.pool.PoolBase - HikariPool-2 - Closing connection org.mariadb.jdbc.Connection@7e802cc0: (connection evicted)
12:15:47.110 [HikariPool-2 connection closer] DEBUG com.zaxxer.hikari.pool.PoolBase - HikariPool-2 - Closing connection org.mariadb.jdbc.Connection@6dc7e6ef: (connection evicted)
12:15:47.114 [HikariPool-2 connection closer] DEBUG com.zaxxer.hikari.pool.PoolBase - HikariPool-2 - Closing connection org.mariadb.jdbc.Connection@5971e622: (connection evicted)
12:15:47.118 [RMI TCP Connection(5)-127.0.0.1] DEBUG com.zaxxer.hikari.pool.HikariPool - HikariPool-2 - After shutdown stats (total=0, active=0, idle=0, waiting=0)
12:15:47.118 [RMI TCP Connection(5)-127.0.0.1] INFO  com.zaxxer.hikari.HikariDataSource - HikariPool-2 - Shutdown completed.
12:15:47.118 [RMI TCP Connection(5)-127.0.0.1] INFO  com.zaxxer.hikari.HikariDataSource - HikariPool-1 - Shutdown initiated...
12:15:47.118 [RMI TCP Connection(5)-127.0.0.1] DEBUG com.zaxxer.hikari.pool.HikariPool - HikariPool-1 - Before shutdown stats (total=10, active=0, idle=10, waiting=0)
12:15:47.119 [HikariPool-1 connection closer] DEBUG com.zaxxer.hikari.pool.PoolBase - HikariPool-1 - Closing connection org.mariadb.jdbc.Connection@ff32f9e: (connection evicted)
12:15:47.122 [HikariPool-1 connection closer] DEBUG com.zaxxer.hikari.pool.PoolBase - HikariPool-1 - Closing connection org.mariadb.jdbc.Connection@60e3e541: (connection evicted)
12:15:47.123 [HikariPool-1 connection closer] DEBUG com.zaxxer.hikari.pool.PoolBase - HikariPool-1 - Closing connection org.mariadb.jdbc.Connection@351991b0: (connection evicted)
12:15:47.123 [HikariPool-1 connection closer] DEBUG com.zaxxer.hikari.pool.PoolBase - HikariPool-1 - Closing connection org.mariadb.jdbc.Connection@debd1dd: (connection evicted)
12:15:47.124 [HikariPool-1 connection closer] DEBUG com.zaxxer.hikari.pool.PoolBase - HikariPool-1 - Closing connection org.mariadb.jdbc.Connection@470ff228: (connection evicted)
12:15:47.124 [HikariPool-1 connection closer] DEBUG com.zaxxer.hikari.pool.PoolBase - HikariPool-1 - Closing connection org.mariadb.jdbc.Connection@1445c385: (connection evicted)
12:15:47.125 [HikariPool-1 connection closer] DEBUG com.zaxxer.hikari.pool.PoolBase - HikariPool-1 - Closing connection org.mariadb.jdbc.Connection@165708c3: (connection evicted)
12:15:47.126 [HikariPool-1 connection closer] DEBUG com.zaxxer.hikari.pool.PoolBase - HikariPool-1 - Closing connection org.mariadb.jdbc.Connection@2b8495c0: (connection evicted)
12:15:47.127 [HikariPool-1 connection closer] DEBUG com.zaxxer.hikari.pool.PoolBase - HikariPool-1 - Closing connection org.mariadb.jdbc.Connection@6c129256: (connection evicted)
12:15:47.128 [HikariPool-1 connection closer] DEBUG com.zaxxer.hikari.pool.PoolBase - HikariPool-1 - Closing connection org.mariadb.jdbc.Connection@49ba4947: (connection evicted)
12:15:47.129 [RMI TCP Connection(5)-127.0.0.1] DEBUG com.zaxxer.hikari.pool.HikariPool - HikariPool-1 - After shutdown stats (total=0, active=0, idle=0, waiting=0)
12:15:47.129 [RMI TCP Connection(5)-127.0.0.1] INFO  com.zaxxer.hikari.HikariDataSource - HikariPool-1 - Shutdown completed.
