11:17:32.301 [HikariPool-1 housekeeper] DEBUG com.zaxxer.hikari.pool.HikariPool - HikariPool-1 - Pool stats (total=10, active=0, idle=10, waiting=0)
11:17:32.310 [HikariPool-1 housekeeper] DEBUG com.zaxxer.hikari.pool.HikariPool - HikariPool-1 - Fill pool skipped, pool has sufficient level or currently being filled.
11:18:02.313 [HikariPool-1 housekeeper] DEBUG com.zaxxer.hikari.pool.HikariPool - HikariPool-1 - Pool stats (total=10, active=0, idle=10, waiting=0)
11:18:02.313 [HikariPool-1 housekeeper] DEBUG com.zaxxer.hikari.pool.HikariPool - HikariPool-1 - Fill pool skipped, pool has sufficient level or currently being filled.
11:18:32.315 [HikariPool-1 housekeeper] DEBUG com.zaxxer.hikari.pool.HikariPool - HikariPool-1 - Pool stats (total=10, active=0, idle=10, waiting=0)
11:18:32.315 [HikariPool-1 housekeeper] DEBUG com.zaxxer.hikari.pool.HikariPool - HikariPool-1 - Fill pool skipped, pool has sufficient level or currently being filled.
11:18:32.425 [http-nio-8080-exec-1] DEBUG o.s.web.servlet.DispatcherServlet - GET "/policylist", parameters={}
11:18:32.425 [http-nio-8080-exec-1] DEBUG o.s.w.s.m.m.a.RequestMappingHandlerMapping - Mapped to com.example.demo.controller.detection.PatternDetectionController#showPolicyList(Model)
11:18:32.426 [http-nio-8080-exec-1] DEBUG org.mybatis.spring.SqlSessionUtils - Creating a new SqlSession
11:18:32.426 [http-nio-8080-exec-1] DEBUG org.mybatis.spring.SqlSessionUtils - SqlSession [org.apache.ibatis.session.defaults.DefaultSqlSession@787799d2] was not registered for synchronization because synchronization is not active
11:18:32.426 [http-nio-8080-exec-1] DEBUG o.s.jdbc.datasource.DataSourceUtils - Fetching JDBC Connection from DataSource
11:18:32.427 [http-nio-8080-exec-1] DEBUG o.m.s.t.SpringManagedTransaction - JDBC Connection [HikariProxyConnection@1622662416 wrapping org.mariadb.jdbc.Connection@3f14ff59] will not be managed by Spring
11:18:32.427 [http-nio-8080-exec-1] DEBUG c.e.d.d.d.P.getAllPatternDetections - ==>  Preparing: SELECT detection_number, s_to_ip, s_ip, d_ip, s_port, d_port, create_dt, modify_dt, action_type, policy_name, policy_info, pattern_1, pattern_2, pattern_3, dangerous FROM detection_db.pattern_detection
11:18:32.427 [http-nio-8080-exec-1] DEBUG c.e.d.d.d.P.getAllPatternDetections - ==> Parameters: 
11:18:32.427 [http-nio-8080-exec-1] DEBUG o.m.jdbc.client.impl.StandardClient - execute query: SELECT detection_number, s_to_ip, s_ip, d_ip, s_port, d_port, create_dt, modify_dt, action_type, policy_name, policy_info, pattern_1, pattern_2, pattern_3, dangerous
        FROM detection_db.pattern_detection
11:18:32.432 [http-nio-8080-exec-1] DEBUG c.e.d.d.d.P.getAllPatternDetections - <==      Total: 8
11:18:32.432 [http-nio-8080-exec-1] DEBUG org.mybatis.spring.SqlSessionUtils - Closing non transactional SqlSession [org.apache.ibatis.session.defaults.DefaultSqlSession@787799d2]
11:18:32.433 [http-nio-8080-exec-1] DEBUG o.s.w.s.v.ContentNegotiatingViewResolver - Selected 'text/html' given [text/html, application/xhtml+xml, image/avif, image/webp, image/apng, application/xml;q=0.9, */*;q=0.8, application/signed-exchange;v=b3;q=0.7]
11:18:32.444 [http-nio-8080-exec-1] DEBUG o.s.web.servlet.DispatcherServlet - Completed 200 OK
11:18:32.477 [http-nio-8080-exec-3] DEBUG o.s.web.servlet.DispatcherServlet - POST "/api/search-pattern-detections", parameters={}
11:18:32.478 [http-nio-8080-exec-2] DEBUG o.s.web.servlet.DispatcherServlet - GET "/favicon.ico", parameters={}
11:18:32.478 [http-nio-8080-exec-3] DEBUG o.s.w.s.m.m.a.RequestMappingHandlerMapping - Mapped to com.example.demo.controller.detection.PatternDetectionController#searchPatternDetections(SearchCriteria)
11:18:32.478 [http-nio-8080-exec-2] DEBUG o.s.w.s.m.m.a.RequestMappingHandlerMapping - Mapped to com.example.demo.controller.log.FaviconController#returnNoFavicon()
11:18:32.479 [http-nio-8080-exec-3] DEBUG o.s.w.s.m.m.a.RequestResponseBodyMethodProcessor - Read "application/json;charset=UTF-8" to [com.example.demo.controller.log.SearchCriteria@7e560ee4]
11:18:32.479 [http-nio-8080-exec-2] DEBUG o.s.w.s.m.m.a.RequestResponseBodyMethodProcessor - Using 'application/json;q=0.8', given [image/avif, image/webp, image/apng, image/svg+xml, image/*, */*;q=0.8] and supported [application/json, application/*+json]
11:18:32.480 [http-nio-8080-exec-3] DEBUG org.mybatis.spring.SqlSessionUtils - Creating a new SqlSession
11:18:32.480 [http-nio-8080-exec-3] DEBUG org.mybatis.spring.SqlSessionUtils - SqlSession [org.apache.ibatis.session.defaults.DefaultSqlSession@3d280382] was not registered for synchronization because synchronization is not active
11:18:32.480 [http-nio-8080-exec-2] DEBUG o.s.w.s.m.m.a.RequestResponseBodyMethodProcessor - Nothing to write: null body
11:18:32.480 [http-nio-8080-exec-3] DEBUG o.s.jdbc.datasource.DataSourceUtils - Fetching JDBC Connection from DataSource
11:18:32.480 [http-nio-8080-exec-2] DEBUG o.s.web.servlet.DispatcherServlet - Completed 200 OK
11:18:32.480 [http-nio-8080-exec-3] DEBUG o.m.s.t.SpringManagedTransaction - JDBC Connection [HikariProxyConnection@592371392 wrapping org.mariadb.jdbc.Connection@3f14ff59] will not be managed by Spring
11:18:32.480 [http-nio-8080-exec-3] DEBUG c.e.d.d.d.P.getAllPatternDetections - ==>  Preparing: SELECT detection_number, s_to_ip, s_ip, d_ip, s_port, d_port, create_dt, modify_dt, action_type, policy_name, policy_info, pattern_1, pattern_2, pattern_3, dangerous FROM detection_db.pattern_detection
11:18:32.480 [http-nio-8080-exec-3] DEBUG c.e.d.d.d.P.getAllPatternDetections - ==> Parameters: 
11:18:32.480 [http-nio-8080-exec-3] DEBUG o.m.jdbc.client.impl.StandardClient - execute query: SELECT detection_number, s_to_ip, s_ip, d_ip, s_port, d_port, create_dt, modify_dt, action_type, policy_name, policy_info, pattern_1, pattern_2, pattern_3, dangerous
        FROM detection_db.pattern_detection
11:18:32.485 [http-nio-8080-exec-3] DEBUG c.e.d.d.d.P.getAllPatternDetections - <==      Total: 8
11:18:32.486 [http-nio-8080-exec-3] DEBUG org.mybatis.spring.SqlSessionUtils - Closing non transactional SqlSession [org.apache.ibatis.session.defaults.DefaultSqlSession@3d280382]
11:18:32.486 [http-nio-8080-exec-3] DEBUG o.s.w.s.m.m.a.RequestResponseBodyMethodProcessor - Using 'application/json', given [*/*] and supported [application/json, application/*+json]
11:18:32.487 [http-nio-8080-exec-3] DEBUG o.s.w.s.m.m.a.RequestResponseBodyMethodProcessor - Writing [[PatternDetection{detection_number=1, s_to_ip='null', s_ip='192.168.1.73', d_ip='192.168.1.26', s_po (truncated)...]
11:18:32.488 [http-nio-8080-exec-3] DEBUG o.s.web.servlet.DispatcherServlet - Completed 200 OK
11:18:38.388 [http-nio-8080-exec-4] DEBUG o.s.web.servlet.DispatcherServlet - POST "/api/search-pattern-detections", parameters={}
11:18:38.389 [http-nio-8080-exec-4] DEBUG o.s.w.s.m.m.a.RequestMappingHandlerMapping - Mapped to com.example.demo.controller.detection.PatternDetectionController#searchPatternDetections(SearchCriteria)
11:18:38.390 [http-nio-8080-exec-4] DEBUG o.s.w.s.m.m.a.RequestResponseBodyMethodProcessor - Read "application/json;charset=UTF-8" to [com.example.demo.controller.log.SearchCriteria@1f6e6496]
11:18:38.390 [http-nio-8080-exec-4] DEBUG org.mybatis.spring.SqlSessionUtils - Creating a new SqlSession
11:18:38.390 [http-nio-8080-exec-4] DEBUG org.mybatis.spring.SqlSessionUtils - SqlSession [org.apache.ibatis.session.defaults.DefaultSqlSession@79d229e6] was not registered for synchronization because synchronization is not active
11:18:38.390 [http-nio-8080-exec-4] DEBUG o.s.jdbc.datasource.DataSourceUtils - Fetching JDBC Connection from DataSource
11:18:38.391 [http-nio-8080-exec-4] DEBUG o.m.s.t.SpringManagedTransaction - JDBC Connection [HikariProxyConnection@1979196208 wrapping org.mariadb.jdbc.Connection@3f14ff59] will not be managed by Spring
11:18:38.392 [http-nio-8080-exec-4] DEBUG c.e.d.d.d.P.getAllPatternDetections - ==>  Preparing: SELECT detection_number, s_to_ip, s_ip, d_ip, s_port, d_port, create_dt, modify_dt, action_type, policy_name, policy_info, pattern_1, pattern_2, pattern_3, dangerous FROM detection_db.pattern_detection
11:18:38.392 [http-nio-8080-exec-4] DEBUG c.e.d.d.d.P.getAllPatternDetections - ==> Parameters: 
11:18:38.392 [http-nio-8080-exec-4] DEBUG o.m.jdbc.client.impl.StandardClient - execute query: SELECT detection_number, s_to_ip, s_ip, d_ip, s_port, d_port, create_dt, modify_dt, action_type, policy_name, policy_info, pattern_1, pattern_2, pattern_3, dangerous
        FROM detection_db.pattern_detection
11:18:38.394 [http-nio-8080-exec-4] DEBUG c.e.d.d.d.P.getAllPatternDetections - <==      Total: 8
11:18:38.394 [http-nio-8080-exec-4] DEBUG org.mybatis.spring.SqlSessionUtils - Closing non transactional SqlSession [org.apache.ibatis.session.defaults.DefaultSqlSession@79d229e6]
11:18:38.394 [http-nio-8080-exec-4] DEBUG o.s.w.s.m.m.a.RequestResponseBodyMethodProcessor - Using 'application/json', given [*/*] and supported [application/json, application/*+json]
11:18:38.394 [http-nio-8080-exec-4] DEBUG o.s.w.s.m.m.a.RequestResponseBodyMethodProcessor - Writing [[PatternDetection{detection_number=1, s_to_ip='null', s_ip='192.168.1.73', d_ip='192.168.1.26', s_po (truncated)...]
11:18:38.395 [http-nio-8080-exec-4] DEBUG o.s.web.servlet.DispatcherServlet - Completed 200 OK
11:18:38.773 [http-nio-8080-exec-6] DEBUG o.s.web.servlet.DispatcherServlet - POST "/api/search-pattern-detections", parameters={}
11:18:38.773 [http-nio-8080-exec-6] DEBUG o.s.w.s.m.m.a.RequestMappingHandlerMapping - Mapped to com.example.demo.controller.detection.PatternDetectionController#searchPatternDetections(SearchCriteria)
11:18:38.773 [http-nio-8080-exec-6] DEBUG o.s.w.s.m.m.a.RequestResponseBodyMethodProcessor - Read "application/json;charset=UTF-8" to [com.example.demo.controller.log.SearchCriteria@86da750]
11:18:38.773 [http-nio-8080-exec-6] DEBUG org.mybatis.spring.SqlSessionUtils - Creating a new SqlSession
11:18:38.773 [http-nio-8080-exec-6] DEBUG org.mybatis.spring.SqlSessionUtils - SqlSession [org.apache.ibatis.session.defaults.DefaultSqlSession@6aa582d] was not registered for synchronization because synchronization is not active
11:18:38.773 [http-nio-8080-exec-6] DEBUG o.s.jdbc.datasource.DataSourceUtils - Fetching JDBC Connection from DataSource
11:18:38.773 [http-nio-8080-exec-6] DEBUG o.m.s.t.SpringManagedTransaction - JDBC Connection [HikariProxyConnection@43371552 wrapping org.mariadb.jdbc.Connection@3f14ff59] will not be managed by Spring
11:18:38.774 [http-nio-8080-exec-6] DEBUG c.e.d.d.d.P.getAllPatternDetections - ==>  Preparing: SELECT detection_number, s_to_ip, s_ip, d_ip, s_port, d_port, create_dt, modify_dt, action_type, policy_name, policy_info, pattern_1, pattern_2, pattern_3, dangerous FROM detection_db.pattern_detection
11:18:38.774 [http-nio-8080-exec-6] DEBUG c.e.d.d.d.P.getAllPatternDetections - ==> Parameters: 
11:18:38.774 [http-nio-8080-exec-6] DEBUG o.m.jdbc.client.impl.StandardClient - execute query: SELECT detection_number, s_to_ip, s_ip, d_ip, s_port, d_port, create_dt, modify_dt, action_type, policy_name, policy_info, pattern_1, pattern_2, pattern_3, dangerous
        FROM detection_db.pattern_detection
11:18:38.777 [http-nio-8080-exec-6] DEBUG c.e.d.d.d.P.getAllPatternDetections - <==      Total: 8
11:18:38.777 [http-nio-8080-exec-6] DEBUG org.mybatis.spring.SqlSessionUtils - Closing non transactional SqlSession [org.apache.ibatis.session.defaults.DefaultSqlSession@6aa582d]
11:18:38.777 [http-nio-8080-exec-6] DEBUG o.s.w.s.m.m.a.RequestResponseBodyMethodProcessor - Using 'application/json', given [*/*] and supported [application/json, application/*+json]
11:18:38.777 [http-nio-8080-exec-6] DEBUG o.s.w.s.m.m.a.RequestResponseBodyMethodProcessor - Writing [[PatternDetection{detection_number=1, s_to_ip='null', s_ip='192.168.1.73', d_ip='192.168.1.26', s_po (truncated)...]
11:18:38.778 [http-nio-8080-exec-6] DEBUG o.s.web.servlet.DispatcherServlet - Completed 200 OK
11:19:02.316 [HikariPool-1 housekeeper] DEBUG com.zaxxer.hikari.pool.HikariPool - HikariPool-1 - Pool stats (total=10, active=0, idle=10, waiting=0)
11:19:02.316 [HikariPool-1 housekeeper] DEBUG com.zaxxer.hikari.pool.HikariPool - HikariPool-1 - Fill pool skipped, pool has sufficient level or currently being filled.
11:19:32.317 [HikariPool-1 housekeeper] DEBUG com.zaxxer.hikari.pool.HikariPool - HikariPool-1 - Pool stats (total=10, active=0, idle=10, waiting=0)
11:19:32.317 [HikariPool-1 housekeeper] DEBUG com.zaxxer.hikari.pool.HikariPool - HikariPool-1 - Fill pool skipped, pool has sufficient level or currently being filled.
11:20:02.319 [HikariPool-1 housekeeper] DEBUG com.zaxxer.hikari.pool.HikariPool - HikariPool-1 - Pool stats (total=10, active=0, idle=10, waiting=0)
11:20:02.319 [HikariPool-1 housekeeper] DEBUG com.zaxxer.hikari.pool.HikariPool - HikariPool-1 - Fill pool skipped, pool has sufficient level or currently being filled.
11:20:32.320 [HikariPool-1 housekeeper] DEBUG com.zaxxer.hikari.pool.HikariPool - HikariPool-1 - Pool stats (total=10, active=0, idle=10, waiting=0)
11:20:32.320 [HikariPool-1 housekeeper] DEBUG com.zaxxer.hikari.pool.HikariPool - HikariPool-1 - Fill pool skipped, pool has sufficient level or currently being filled.
11:21:02.322 [HikariPool-1 housekeeper] DEBUG com.zaxxer.hikari.pool.HikariPool - HikariPool-1 - Pool stats (total=10, active=0, idle=10, waiting=0)
11:21:02.322 [HikariPool-1 housekeeper] DEBUG com.zaxxer.hikari.pool.HikariPool - HikariPool-1 - Fill pool skipped, pool has sufficient level or currently being filled.
11:21:32.323 [HikariPool-1 housekeeper] DEBUG com.zaxxer.hikari.pool.HikariPool - HikariPool-1 - Pool stats (total=10, active=0, idle=10, waiting=0)
11:21:32.323 [HikariPool-1 housekeeper] DEBUG com.zaxxer.hikari.pool.HikariPool - HikariPool-1 - Fill pool skipped, pool has sufficient level or currently being filled.
11:22:02.324 [HikariPool-1 housekeeper] DEBUG com.zaxxer.hikari.pool.HikariPool - HikariPool-1 - Pool stats (total=10, active=0, idle=10, waiting=0)
11:22:02.324 [HikariPool-1 housekeeper] DEBUG com.zaxxer.hikari.pool.HikariPool - HikariPool-1 - Fill pool skipped, pool has sufficient level or currently being filled.
11:22:32.326 [HikariPool-1 housekeeper] DEBUG com.zaxxer.hikari.pool.HikariPool - HikariPool-1 - Pool stats (total=10, active=0, idle=10, waiting=0)
11:22:32.326 [HikariPool-1 housekeeper] DEBUG com.zaxxer.hikari.pool.HikariPool - HikariPool-1 - Fill pool skipped, pool has sufficient level or currently being filled.
11:23:02.327 [HikariPool-1 housekeeper] DEBUG com.zaxxer.hikari.pool.HikariPool - HikariPool-1 - Pool stats (total=10, active=0, idle=10, waiting=0)
11:23:02.327 [HikariPool-1 housekeeper] DEBUG com.zaxxer.hikari.pool.HikariPool - HikariPool-1 - Fill pool skipped, pool has sufficient level or currently being filled.
11:23:32.329 [HikariPool-1 housekeeper] DEBUG com.zaxxer.hikari.pool.HikariPool - HikariPool-1 - Pool stats (total=10, active=0, idle=10, waiting=0)
11:23:32.329 [HikariPool-1 housekeeper] DEBUG com.zaxxer.hikari.pool.HikariPool - HikariPool-1 - Fill pool skipped, pool has sufficient level or currently being filled.
11:24:02.330 [HikariPool-1 housekeeper] DEBUG com.zaxxer.hikari.pool.HikariPool - HikariPool-1 - Pool stats (total=10, active=0, idle=10, waiting=0)
11:24:02.330 [HikariPool-1 housekeeper] DEBUG com.zaxxer.hikari.pool.HikariPool - HikariPool-1 - Fill pool skipped, pool has sufficient level or currently being filled.
11:24:32.332 [HikariPool-1 housekeeper] DEBUG com.zaxxer.hikari.pool.HikariPool - HikariPool-1 - Pool stats (total=10, active=0, idle=10, waiting=0)
11:24:32.332 [HikariPool-1 housekeeper] DEBUG com.zaxxer.hikari.pool.HikariPool - HikariPool-1 - Fill pool skipped, pool has sufficient level or currently being filled.
11:25:02.333 [HikariPool-1 housekeeper] DEBUG com.zaxxer.hikari.pool.HikariPool - HikariPool-1 - Pool stats (total=10, active=0, idle=10, waiting=0)
11:25:02.333 [HikariPool-1 housekeeper] DEBUG com.zaxxer.hikari.pool.HikariPool - HikariPool-1 - Fill pool skipped, pool has sufficient level or currently being filled.
11:25:32.334 [HikariPool-1 housekeeper] DEBUG com.zaxxer.hikari.pool.HikariPool - HikariPool-1 - Pool stats (total=10, active=0, idle=10, waiting=0)
11:25:32.334 [HikariPool-1 housekeeper] DEBUG com.zaxxer.hikari.pool.HikariPool - HikariPool-1 - Fill pool skipped, pool has sufficient level or currently being filled.
11:26:02.336 [HikariPool-1 housekeeper] DEBUG com.zaxxer.hikari.pool.HikariPool - HikariPool-1 - Pool stats (total=10, active=0, idle=10, waiting=0)
11:26:02.336 [HikariPool-1 housekeeper] DEBUG com.zaxxer.hikari.pool.HikariPool - HikariPool-1 - Fill pool skipped, pool has sufficient level or currently being filled.
11:26:32.338 [HikariPool-1 housekeeper] DEBUG com.zaxxer.hikari.pool.HikariPool - HikariPool-1 - Pool stats (total=10, active=0, idle=10, waiting=0)
11:26:32.338 [HikariPool-1 housekeeper] DEBUG com.zaxxer.hikari.pool.HikariPool - HikariPool-1 - Fill pool skipped, pool has sufficient level or currently being filled.
11:27:02.339 [HikariPool-1 housekeeper] DEBUG com.zaxxer.hikari.pool.HikariPool - HikariPool-1 - Pool stats (total=10, active=0, idle=10, waiting=0)
11:27:02.339 [HikariPool-1 housekeeper] DEBUG com.zaxxer.hikari.pool.HikariPool - HikariPool-1 - Fill pool skipped, pool has sufficient level or currently being filled.
11:27:32.340 [HikariPool-1 housekeeper] DEBUG com.zaxxer.hikari.pool.HikariPool - HikariPool-1 - Pool stats (total=10, active=0, idle=10, waiting=0)
11:27:32.340 [HikariPool-1 housekeeper] DEBUG com.zaxxer.hikari.pool.HikariPool - HikariPool-1 - Fill pool skipped, pool has sufficient level or currently being filled.
11:28:02.341 [HikariPool-1 housekeeper] DEBUG com.zaxxer.hikari.pool.HikariPool - HikariPool-1 - Pool stats (total=10, active=0, idle=10, waiting=0)
11:28:02.341 [HikariPool-1 housekeeper] DEBUG com.zaxxer.hikari.pool.HikariPool - HikariPool-1 - Fill pool skipped, pool has sufficient level or currently being filled.
11:28:26.534 [http-nio-8080-exec-8] DEBUG o.s.web.servlet.DispatcherServlet - GET "/behaviorpolicy", parameters={}
11:28:26.536 [http-nio-8080-exec-8] DEBUG o.s.w.s.m.m.a.RequestMappingHandlerMapping - Mapped to com.example.demo.controller.detection.BehaviorDetectionController#showPolicyList2(Model)
11:28:26.536 [http-nio-8080-exec-8] DEBUG org.mybatis.spring.SqlSessionUtils - Creating a new SqlSession
11:28:26.536 [http-nio-8080-exec-8] DEBUG org.mybatis.spring.SqlSessionUtils - SqlSession [org.apache.ibatis.session.defaults.DefaultSqlSession@7d5f1faf] was not registered for synchronization because synchronization is not active
11:28:26.536 [http-nio-8080-exec-8] DEBUG o.s.jdbc.datasource.DataSourceUtils - Fetching JDBC Connection from DataSource
11:28:26.538 [http-nio-8080-exec-8] DEBUG o.m.s.t.SpringManagedTransaction - JDBC Connection [HikariProxyConnection@1939406452 wrapping org.mariadb.jdbc.Connection@3f14ff59] will not be managed by Spring
11:28:26.538 [http-nio-8080-exec-8] DEBUG c.e.d.d.d.B.getAllBehaviorDetections - ==>  Preparing: SELECT * FROM detection_db.behavior_detection
11:28:26.538 [http-nio-8080-exec-8] DEBUG c.e.d.d.d.B.getAllBehaviorDetections - ==> Parameters: 
11:28:26.538 [http-nio-8080-exec-8] DEBUG o.m.jdbc.client.impl.StandardClient - execute query: SELECT * FROM detection_db.behavior_detection
11:28:26.542 [http-nio-8080-exec-8] DEBUG c.e.d.d.d.B.getAllBehaviorDetections - <==      Total: 4
11:28:26.543 [http-nio-8080-exec-8] DEBUG org.mybatis.spring.SqlSessionUtils - Closing non transactional SqlSession [org.apache.ibatis.session.defaults.DefaultSqlSession@7d5f1faf]
11:28:26.544 [http-nio-8080-exec-8] DEBUG o.s.w.s.v.ContentNegotiatingViewResolver - Selected 'text/html' given [text/html, application/xhtml+xml, image/avif, image/webp, image/apng, application/xml;q=0.9, */*;q=0.8, application/signed-exchange;v=b3;q=0.7]
11:28:26.550 [http-nio-8080-exec-8] DEBUG o.s.web.servlet.DispatcherServlet - Completed 200 OK
11:28:26.615 [http-nio-8080-exec-9] DEBUG o.s.web.servlet.DispatcherServlet - POST "/api/search-behavior-detections", parameters={}
11:28:26.615 [http-nio-8080-exec-9] DEBUG o.s.w.s.m.m.a.RequestMappingHandlerMapping - Mapped to com.example.demo.controller.detection.BehaviorDetectionController#searchBehaviorDetections(BehaviorDetection)
11:28:26.618 [http-nio-8080-exec-9] DEBUG o.s.w.s.m.m.a.RequestResponseBodyMethodProcessor - Read "application/json;charset=UTF-8" to [BehaviorDetection{detection_number=null, s_to_ip='null', s_ip='null', d_ip='null', s_port=null, d_po (truncated)...]
11:28:26.618 [http-nio-8080-exec-9] DEBUG org.mybatis.spring.SqlSessionUtils - Creating a new SqlSession
11:28:26.619 [http-nio-8080-exec-9] DEBUG org.mybatis.spring.SqlSessionUtils - SqlSession [org.apache.ibatis.session.defaults.DefaultSqlSession@223f819d] was not registered for synchronization because synchronization is not active
11:28:26.619 [http-nio-8080-exec-9] DEBUG o.s.jdbc.datasource.DataSourceUtils - Fetching JDBC Connection from DataSource
11:28:26.619 [http-nio-8080-exec-9] DEBUG o.m.s.t.SpringManagedTransaction - JDBC Connection [HikariProxyConnection@754482090 wrapping org.mariadb.jdbc.Connection@3f14ff59] will not be managed by Spring
11:28:26.619 [http-nio-8080-exec-9] DEBUG c.e.d.d.d.B.searchBehaviorDetections - ==>  Preparing: SELECT * FROM detection_db.behavior_detection WHERE (detection_number LIKE '%' || COALESCE(?, '') || '%' OR ? IS NULL) AND (s_to_ip LIKE '%' || COALESCE(?, '') || '%' OR ? IS NULL) AND (s_ip LIKE '%' || COALESCE(?, '') || '%' OR ? IS NULL) AND (s_port = ? OR ? IS NULL) AND (d_ip LIKE '%' || COALESCE(?, '') || '%' OR ? IS NULL) AND (d_port = ? OR ? IS NULL) AND (create_dt >= ? OR ? IS NULL) AND (modify_dt LIKE '%' || COALESCE(?, '') || '%' OR ? IS NULL) AND (action_type LIKE '%' || COALESCE(?, '') || '%' OR ? IS NULL) AND (policy_name LIKE '%' || COALESCE(?, '') || '%' OR ? IS NULL) AND (policy_info LIKE '%' || COALESCE(?, '') || '%' OR ? IS NULL) AND (base_cnt = ? OR ? IS NULL) AND (comp_cnt = ? OR ? IS NULL) AND (base_time = ? OR ? IS NULL) AND (pattern_1 LIKE '%' || COALESCE(?, '') || '%' OR ? IS NULL) AND (pattern_2 LIKE '%' || COALESCE(?, '') || '%' OR ? IS NULL) AND (pattern_3 LIKE '%' || COALESCE(?, '') || '%' OR ? IS NULL) AND (dangerous = ? OR ? IS NULL)
11:28:26.620 [http-nio-8080-exec-9] DEBUG c.e.d.d.d.B.searchBehaviorDetections - ==> Parameters: null, null, null, null, null, null, null, null, null, null, null, null, null, null, null, null, null, null, null, null, null, null, null, null, null, null, null, null, null, null, null, null, null, null, null, null
11:28:26.620 [http-nio-8080-exec-9] DEBUG o.m.jdbc.client.impl.StandardClient - execute query: SELECT * FROM detection_db.behavior_detection
    WHERE (detection_number LIKE '%' || COALESCE(?, '') || '%' OR ? IS NULL)
    AND (s_to_ip LIKE '%' || COALESCE(?, '') || '%' OR ? IS NULL)
    
    AND (s_ip LIKE '%' || COALESCE(?, '') || '%' OR ? IS NULL)
    AND (s_port = ? OR ? IS NULL)
    AND (d_ip LIKE '%' || COALESCE(?, '') || '%' OR ? IS NULL)
   
    AND (d_port = ? OR ? IS NULL)
    AND (create_dt >= ? OR ? IS NULL)
    AND (modify_dt LIKE '%' || COALESCE(?, '') || '%' OR ? IS NULL)
    AND (action_type LIKE '%' || COALESCE(?, '') || '%' OR ? IS NULL)
    AND (policy_name LIKE '%' || COALESCE(?, '') || '%' OR ? IS NULL)
    AND (policy_info LIKE '%' || COALESCE(?, '') || '%' OR ? IS NULL)
    AND (base_cnt = ? OR ? IS NULL)
    AND (comp_cnt = ? OR ? IS NULL)
    AND (base_time = ? OR ? IS NULL)
    AND (pattern_1 LIKE '%' || COALESCE(?, '') || '%' OR ? IS NULL)
    AND (pattern_2 LIKE '%' || COALESCE(?, '') || '%' OR ? IS NULL)
    AND (pattern_3 LIKE '%' || COALESCE(?, '') || '%' OR ? IS NULL)
    AND (dangerous = ? OR ? IS NULL)
11:28:26.623 [http-nio-8080-exec-9] DEBUG c.e.d.d.d.B.searchBehaviorDetections - <==      Total: 4
11:28:26.623 [http-nio-8080-exec-9] DEBUG org.mybatis.spring.SqlSessionUtils - Closing non transactional SqlSession [org.apache.ibatis.session.defaults.DefaultSqlSession@223f819d]
11:28:26.624 [http-nio-8080-exec-9] DEBUG o.s.w.s.m.m.a.RequestResponseBodyMethodProcessor - Using 'application/json', given [*/*] and supported [application/json, application/*+json]
11:28:26.624 [http-nio-8080-exec-10] DEBUG o.s.web.servlet.DispatcherServlet - GET "/favicon.ico", parameters={}
11:28:26.624 [http-nio-8080-exec-9] DEBUG o.s.w.s.m.m.a.RequestResponseBodyMethodProcessor - Writing [[BehaviorDetection{detection_number=1, s_to_ip='null', s_ip='null', d_ip='192.168.1.33', s_port=3306 (truncated)...]
11:28:26.624 [http-nio-8080-exec-10] DEBUG o.s.w.s.m.m.a.RequestMappingHandlerMapping - Mapped to com.example.demo.controller.log.FaviconController#returnNoFavicon()
11:28:26.624 [http-nio-8080-exec-10] DEBUG o.s.w.s.m.m.a.RequestResponseBodyMethodProcessor - Using 'application/json;q=0.8', given [image/avif, image/webp, image/apng, image/svg+xml, image/*, */*;q=0.8] and supported [application/json, application/*+json]
11:28:26.625 [http-nio-8080-exec-10] DEBUG o.s.w.s.m.m.a.RequestResponseBodyMethodProcessor - Nothing to write: null body
11:28:26.625 [http-nio-8080-exec-10] DEBUG o.s.web.servlet.DispatcherServlet - Completed 200 OK
11:28:26.625 [http-nio-8080-exec-9] DEBUG o.s.web.servlet.DispatcherServlet - Completed 200 OK
11:28:30.380 [http-nio-8080-exec-1] DEBUG o.s.web.servlet.DispatcherServlet - GET "/policylist", parameters={}
11:28:30.381 [http-nio-8080-exec-1] DEBUG o.s.w.s.m.m.a.RequestMappingHandlerMapping - Mapped to com.example.demo.controller.detection.PatternDetectionController#showPolicyList(Model)
11:28:30.381 [http-nio-8080-exec-1] DEBUG org.mybatis.spring.SqlSessionUtils - Creating a new SqlSession
11:28:30.381 [http-nio-8080-exec-1] DEBUG org.mybatis.spring.SqlSessionUtils - SqlSession [org.apache.ibatis.session.defaults.DefaultSqlSession@61526216] was not registered for synchronization because synchronization is not active
11:28:30.381 [http-nio-8080-exec-1] DEBUG o.s.jdbc.datasource.DataSourceUtils - Fetching JDBC Connection from DataSource
11:28:30.382 [http-nio-8080-exec-1] DEBUG o.m.s.t.SpringManagedTransaction - JDBC Connection [HikariProxyConnection@623894247 wrapping org.mariadb.jdbc.Connection@3f14ff59] will not be managed by Spring
11:28:30.382 [http-nio-8080-exec-1] DEBUG c.e.d.d.d.P.getAllPatternDetections - ==>  Preparing: SELECT detection_number, s_to_ip, s_ip, d_ip, s_port, d_port, create_dt, modify_dt, action_type, policy_name, policy_info, pattern_1, pattern_2, pattern_3, dangerous FROM detection_db.pattern_detection
11:28:30.382 [http-nio-8080-exec-1] DEBUG c.e.d.d.d.P.getAllPatternDetections - ==> Parameters: 
11:28:30.382 [http-nio-8080-exec-1] DEBUG o.m.jdbc.client.impl.StandardClient - execute query: SELECT detection_number, s_to_ip, s_ip, d_ip, s_port, d_port, create_dt, modify_dt, action_type, policy_name, policy_info, pattern_1, pattern_2, pattern_3, dangerous
        FROM detection_db.pattern_detection
11:28:30.385 [http-nio-8080-exec-1] DEBUG c.e.d.d.d.P.getAllPatternDetections - <==      Total: 8
11:28:30.385 [http-nio-8080-exec-1] DEBUG org.mybatis.spring.SqlSessionUtils - Closing non transactional SqlSession [org.apache.ibatis.session.defaults.DefaultSqlSession@61526216]
11:28:30.388 [http-nio-8080-exec-1] DEBUG o.s.w.s.v.ContentNegotiatingViewResolver - Selected 'text/html' given [text/html, application/xhtml+xml, image/avif, image/webp, image/apng, application/xml;q=0.9, */*;q=0.8, application/signed-exchange;v=b3;q=0.7]
11:28:30.396 [http-nio-8080-exec-1] DEBUG o.s.web.servlet.DispatcherServlet - Completed 200 OK
11:28:30.435 [http-nio-8080-exec-2] DEBUG o.s.web.servlet.DispatcherServlet - POST "/api/search-pattern-detections", parameters={}
11:28:30.435 [http-nio-8080-exec-2] DEBUG o.s.w.s.m.m.a.RequestMappingHandlerMapping - Mapped to com.example.demo.controller.detection.PatternDetectionController#searchPatternDetections(SearchCriteria)
11:28:30.437 [http-nio-8080-exec-2] DEBUG o.s.w.s.m.m.a.RequestResponseBodyMethodProcessor - Read "application/json;charset=UTF-8" to [com.example.demo.controller.log.SearchCriteria@12b8a3f8]
11:28:30.437 [http-nio-8080-exec-2] DEBUG org.mybatis.spring.SqlSessionUtils - Creating a new SqlSession
11:28:30.437 [http-nio-8080-exec-2] DEBUG org.mybatis.spring.SqlSessionUtils - SqlSession [org.apache.ibatis.session.defaults.DefaultSqlSession@5b575cdb] was not registered for synchronization because synchronization is not active
11:28:30.437 [http-nio-8080-exec-2] DEBUG o.s.jdbc.datasource.DataSourceUtils - Fetching JDBC Connection from DataSource
11:28:30.437 [http-nio-8080-exec-2] DEBUG o.m.s.t.SpringManagedTransaction - JDBC Connection [HikariProxyConnection@145152514 wrapping org.mariadb.jdbc.Connection@3f14ff59] will not be managed by Spring
11:28:30.437 [http-nio-8080-exec-2] DEBUG c.e.d.d.d.P.getAllPatternDetections - ==>  Preparing: SELECT detection_number, s_to_ip, s_ip, d_ip, s_port, d_port, create_dt, modify_dt, action_type, policy_name, policy_info, pattern_1, pattern_2, pattern_3, dangerous FROM detection_db.pattern_detection
11:28:30.437 [http-nio-8080-exec-2] DEBUG c.e.d.d.d.P.getAllPatternDetections - ==> Parameters: 
11:28:30.437 [http-nio-8080-exec-2] DEBUG o.m.jdbc.client.impl.StandardClient - execute query: SELECT detection_number, s_to_ip, s_ip, d_ip, s_port, d_port, create_dt, modify_dt, action_type, policy_name, policy_info, pattern_1, pattern_2, pattern_3, dangerous
        FROM detection_db.pattern_detection
11:28:30.441 [http-nio-8080-exec-2] DEBUG c.e.d.d.d.P.getAllPatternDetections - <==      Total: 8
11:28:30.441 [http-nio-8080-exec-2] DEBUG org.mybatis.spring.SqlSessionUtils - Closing non transactional SqlSession [org.apache.ibatis.session.defaults.DefaultSqlSession@5b575cdb]
11:28:30.441 [http-nio-8080-exec-2] DEBUG o.s.w.s.m.m.a.RequestResponseBodyMethodProcessor - Using 'application/json', given [*/*] and supported [application/json, application/*+json]
11:28:30.442 [http-nio-8080-exec-2] DEBUG o.s.w.s.m.m.a.RequestResponseBodyMethodProcessor - Writing [[PatternDetection{detection_number=1, s_to_ip='null', s_ip='192.168.1.73', d_ip='192.168.1.26', s_po (truncated)...]
11:28:30.443 [http-nio-8080-exec-2] DEBUG o.s.web.servlet.DispatcherServlet - Completed 200 OK
11:28:30.455 [http-nio-8080-exec-3] DEBUG o.s.web.servlet.DispatcherServlet - GET "/favicon.ico", parameters={}
11:28:30.455 [http-nio-8080-exec-3] DEBUG o.s.w.s.m.m.a.RequestMappingHandlerMapping - Mapped to com.example.demo.controller.log.FaviconController#returnNoFavicon()
11:28:30.457 [http-nio-8080-exec-3] DEBUG o.s.w.s.m.m.a.RequestResponseBodyMethodProcessor - Using 'application/json;q=0.8', given [image/avif, image/webp, image/apng, image/svg+xml, image/*, */*;q=0.8] and supported [application/json, application/*+json]
11:28:30.457 [http-nio-8080-exec-3] DEBUG o.s.w.s.m.m.a.RequestResponseBodyMethodProcessor - Nothing to write: null body
11:28:30.457 [http-nio-8080-exec-3] DEBUG o.s.web.servlet.DispatcherServlet - Completed 200 OK
