19:04:14.786 [HikariPool-1 housekeeper] DEBUG com.zaxxer.hikari.pool.HikariPool - HikariPool-1 - Pool stats (total=10, active=0, idle=10, waiting=0)
19:04:14.795 [HikariPool-1 housekeeper] DEBUG com.zaxxer.hikari.pool.HikariPool - HikariPool-1 - Fill pool skipped, pool has sufficient level or currently being filled.
19:04:19.028 [http-nio-8080-exec-2] DEBUG o.s.web.servlet.DispatcherServlet - GET "/addpolicy", parameters={}
19:04:19.028 [http-nio-8080-exec-2] DEBUG o.s.w.s.m.m.a.RequestMappingHandlerMapping - Mapped to com.example.demo.controller.detection.PatternDetectionController#showAddPatternForm(Model)
19:04:19.029 [http-nio-8080-exec-2] DEBUG o.s.w.s.v.ContentNegotiatingViewResolver - Selected 'text/html' given [text/html, application/xhtml+xml, image/avif, image/webp, image/apng, application/xml;q=0.9, */*;q=0.8, application/signed-exchange;v=b3;q=0.7]
19:04:19.035 [http-nio-8080-exec-2] DEBUG o.s.web.servlet.DispatcherServlet - Completed 200 OK
19:04:19.066 [http-nio-8080-exec-10] DEBUG o.s.web.servlet.DispatcherServlet - GET "/favicon.ico", parameters={}
19:04:19.066 [http-nio-8080-exec-10] DEBUG o.s.w.s.m.m.a.RequestMappingHandlerMapping - Mapped to com.example.demo.controller.log.FaviconController#returnNoFavicon()
19:04:19.067 [http-nio-8080-exec-10] DEBUG o.s.w.s.m.m.a.RequestResponseBodyMethodProcessor - Using 'application/json;q=0.8', given [image/avif, image/webp, image/apng, image/svg+xml, image/*, */*;q=0.8] and supported [application/json, application/*+json]
19:04:19.067 [http-nio-8080-exec-10] DEBUG o.s.w.s.m.m.a.RequestResponseBodyMethodProcessor - Nothing to write: null body
19:04:19.068 [http-nio-8080-exec-10] DEBUG o.s.web.servlet.DispatcherServlet - Completed 200 OK
19:04:44.796 [HikariPool-1 housekeeper] DEBUG com.zaxxer.hikari.pool.HikariPool - HikariPool-1 - Pool stats (total=10, active=0, idle=10, waiting=0)
19:04:44.796 [HikariPool-1 housekeeper] DEBUG com.zaxxer.hikari.pool.HikariPool - HikariPool-1 - Fill pool skipped, pool has sufficient level or currently being filled.
19:05:14.797 [HikariPool-1 housekeeper] DEBUG com.zaxxer.hikari.pool.HikariPool - HikariPool-1 - Pool stats (total=10, active=0, idle=10, waiting=0)
19:05:14.797 [HikariPool-1 housekeeper] DEBUG com.zaxxer.hikari.pool.HikariPool - HikariPool-1 - Fill pool skipped, pool has sufficient level or currently being filled.
19:05:44.798 [HikariPool-1 housekeeper] DEBUG com.zaxxer.hikari.pool.HikariPool - HikariPool-1 - Pool stats (total=10, active=0, idle=10, waiting=0)
19:05:44.798 [HikariPool-1 housekeeper] DEBUG com.zaxxer.hikari.pool.HikariPool - HikariPool-1 - Fill pool skipped, pool has sufficient level or currently being filled.
19:05:51.520 [http-nio-8080-exec-9] DEBUG o.s.web.servlet.DispatcherServlet - POST "/addpolicy", parameters={masked}
19:05:51.521 [http-nio-8080-exec-9] DEBUG o.s.w.s.m.m.a.RequestMappingHandlerMapping - Mapped to com.example.demo.controller.detection.PatternDetectionController#addPattern(PatternDetection)
19:05:51.523 [http-nio-8080-exec-9] DEBUG o.s.beans.CachedIntrospectionResults - Not strongly caching class [com.example.demo.dto.detection.PatternDetection] because it is not cache-safe
19:05:51.523 [http-nio-8080-exec-9] DEBUG org.mybatis.spring.SqlSessionUtils - Creating a new SqlSession
19:05:51.523 [http-nio-8080-exec-9] DEBUG org.mybatis.spring.SqlSessionUtils - SqlSession [org.apache.ibatis.session.defaults.DefaultSqlSession@4bc9281b] was not registered for synchronization because synchronization is not active
19:05:51.524 [http-nio-8080-exec-9] DEBUG o.s.jdbc.datasource.DataSourceUtils - Fetching JDBC Connection from DataSource
19:05:51.526 [http-nio-8080-exec-9] DEBUG o.m.s.t.SpringManagedTransaction - JDBC Connection [HikariProxyConnection@207061679 wrapping org.mariadb.jdbc.Connection@358383ef] will not be managed by Spring
19:05:51.526 [http-nio-8080-exec-9] DEBUG c.e.d.d.d.P.addPatternDetection - ==>  Preparing: INSERT INTO detection_db.pattern_detection (detection_number, s_ip, d_ip, s_port, d_port, create_dt, modify_dt, action_type, policy_name, policy_info, pattern_1, pattern_2, pattern_3, dangerous) VALUES (?, ?, ?, ?, ?, ?, ?, ?, ?, ?, ?, ?, ?, ?)
19:05:51.526 [http-nio-8080-exec-9] DEBUG c.e.d.d.d.P.addPatternDetection - ==> Parameters: null, null, null, null, null, null, null, null, null, null, null, null, null, 712(Integer)
19:05:51.527 [http-nio-8080-exec-9] DEBUG o.m.jdbc.client.impl.StandardClient - execute query: INSERT INTO detection_db.pattern_detection (detection_number, s_ip, d_ip, s_port, d_port, create_dt, modify_dt, action_type, policy_name, policy_info, pattern_1, pattern_2, pattern_3, dangerous)
        VALUES (?, ?, ?, ?, ?, ?, ?, ?, ?, ?, ?, ?, ?, ?)
19:05:51.529 [http-nio-8080-exec-9] WARN  o.m.jdbc.message.server.ErrorPacket - Error: 1048-23000: Column 'create_dt' cannot be null
19:05:51.529 [http-nio-8080-exec-9] DEBUG org.mybatis.spring.SqlSessionUtils - Closing non transactional SqlSession [org.apache.ibatis.session.defaults.DefaultSqlSession@4bc9281b]
19:05:51.529 [http-nio-8080-exec-9] DEBUG o.s.j.s.SQLErrorCodeSQLExceptionTranslator - Unable to translate SQLException with Error code '1048', will now try the fallback translator
19:05:51.529 [http-nio-8080-exec-9] DEBUG o.s.w.s.m.m.a.ExceptionHandlerExceptionResolver - Using @ExceptionHandler com.example.demo.controller.detection.GlobalExceptionHandler#handleException(Exception)
19:05:51.529 [http-nio-8080-exec-9] ERROR c.e.d.c.d.GlobalExceptionHandler - 알 수 없는 예외가 발생했습니다.
org.springframework.dao.DataIntegrityViolationException: 
### Error updating database.  Cause: java.sql.SQLIntegrityConstraintViolationException: (conn=4063) Column 'create_dt' cannot be null
### The error may exist in file [C:\Users\Administrator\Documents\workspace-spring-tool-suite-4-4.23.1.RELEASE\CetrinOs\bin\main\mapper\detection\PatternDetectionDAO.xml]
### The error may involve com.example.demo.dao.detection.PatternDetectionDAO.addPatternDetection-Inline
### The error occurred while setting parameters
### SQL: INSERT INTO detection_db.pattern_detection (detection_number, s_ip, d_ip, s_port, d_port, create_dt, modify_dt, action_type, policy_name, policy_info, pattern_1, pattern_2, pattern_3, dangerous)         VALUES (?, ?, ?, ?, ?, ?, ?, ?, ?, ?, ?, ?, ?, ?)
### Cause: java.sql.SQLIntegrityConstraintViolationException: (conn=4063) Column 'create_dt' cannot be null
; (conn=4063) Column 'create_dt' cannot be null
	at org.springframework.jdbc.support.SQLExceptionSubclassTranslator.doTranslate(SQLExceptionSubclassTranslator.java:97)
	at org.springframework.jdbc.support.AbstractFallbackSQLExceptionTranslator.translate(AbstractFallbackSQLExceptionTranslator.java:107)
	at org.springframework.jdbc.support.AbstractFallbackSQLExceptionTranslator.translate(AbstractFallbackSQLExceptionTranslator.java:116)
	at org.mybatis.spring.MyBatisExceptionTranslator.translateExceptionIfPossible(MyBatisExceptionTranslator.java:92)
	at org.mybatis.spring.SqlSessionTemplate$SqlSessionInterceptor.invoke(SqlSessionTemplate.java:439)
	at jdk.proxy2/jdk.proxy2.$Proxy64.insert(Unknown Source)
	at org.mybatis.spring.SqlSessionTemplate.insert(SqlSessionTemplate.java:272)
	at org.apache.ibatis.binding.MapperMethod.execute(MapperMethod.java:62)
	at org.apache.ibatis.binding.MapperProxy$PlainMethodInvoker.invoke(MapperProxy.java:141)
	at org.apache.ibatis.binding.MapperProxy.invoke(MapperProxy.java:86)
	at jdk.proxy3/jdk.proxy3.$Proxy69.addPatternDetection(Unknown Source)
	at com.example.demo.service.detection.PatternDetectionService.addPatternDetection(PatternDetectionService.java:40)
	at com.example.demo.controller.detection.PatternDetectionController.addPattern(PatternDetectionController.java:70)
	at java.base/jdk.internal.reflect.DirectMethodHandleAccessor.invoke(DirectMethodHandleAccessor.java:103)
	at java.base/java.lang.reflect.Method.invoke(Method.java:580)
	at org.springframework.web.method.support.InvocableHandlerMethod.doInvoke(InvocableHandlerMethod.java:255)
	at org.springframework.web.method.support.InvocableHandlerMethod.invokeForRequest(InvocableHandlerMethod.java:188)
	at org.springframework.web.servlet.mvc.method.annotation.ServletInvocableHandlerMethod.invokeAndHandle(ServletInvocableHandlerMethod.java:118)
	at org.springframework.web.servlet.mvc.method.annotation.RequestMappingHandlerAdapter.invokeHandlerMethod(RequestMappingHandlerAdapter.java:926)
	at org.springframework.web.servlet.mvc.method.annotation.RequestMappingHandlerAdapter.handleInternal(RequestMappingHandlerAdapter.java:831)
	at org.springframework.web.servlet.mvc.method.AbstractHandlerMethodAdapter.handle(AbstractHandlerMethodAdapter.java:87)
	at org.springframework.web.servlet.DispatcherServlet.doDispatch(DispatcherServlet.java:1089)
	at org.springframework.web.servlet.DispatcherServlet.doService(DispatcherServlet.java:979)
	at org.springframework.web.servlet.FrameworkServlet.processRequest(FrameworkServlet.java:1014)
	at org.springframework.web.servlet.FrameworkServlet.doPost(FrameworkServlet.java:914)
	at jakarta.servlet.http.HttpServlet.service(HttpServlet.java:590)
	at org.springframework.web.servlet.FrameworkServlet.service(FrameworkServlet.java:885)
	at jakarta.servlet.http.HttpServlet.service(HttpServlet.java:658)
	at org.apache.catalina.core.ApplicationFilterChain.internalDoFilter(ApplicationFilterChain.java:195)
	at org.apache.catalina.core.ApplicationFilterChain.doFilter(ApplicationFilterChain.java:140)
	at org.apache.tomcat.websocket.server.WsFilter.doFilter(WsFilter.java:51)
	at org.apache.catalina.core.ApplicationFilterChain.internalDoFilter(ApplicationFilterChain.java:164)
	at org.apache.catalina.core.ApplicationFilterChain.doFilter(ApplicationFilterChain.java:140)
	at org.springframework.web.filter.RequestContextFilter.doFilterInternal(RequestContextFilter.java:100)
	at org.springframework.web.filter.OncePerRequestFilter.doFilter(OncePerRequestFilter.java:116)
	at org.apache.catalina.core.ApplicationFilterChain.internalDoFilter(ApplicationFilterChain.java:164)
	at org.apache.catalina.core.ApplicationFilterChain.doFilter(ApplicationFilterChain.java:140)
	at org.springframework.web.filter.FormContentFilter.doFilterInternal(FormContentFilter.java:93)
	at org.springframework.web.filter.OncePerRequestFilter.doFilter(OncePerRequestFilter.java:116)
	at org.apache.catalina.core.ApplicationFilterChain.internalDoFilter(ApplicationFilterChain.java:164)
	at org.apache.catalina.core.ApplicationFilterChain.doFilter(ApplicationFilterChain.java:140)
	at org.springframework.web.filter.CharacterEncodingFilter.doFilterInternal(CharacterEncodingFilter.java:201)
	at org.springframework.web.filter.OncePerRequestFilter.doFilter(OncePerRequestFilter.java:116)
	at org.apache.catalina.core.ApplicationFilterChain.internalDoFilter(ApplicationFilterChain.java:164)
	at org.apache.catalina.core.ApplicationFilterChain.doFilter(ApplicationFilterChain.java:140)
	at org.apache.catalina.core.StandardWrapperValve.invoke(StandardWrapperValve.java:167)
	at org.apache.catalina.core.StandardContextValve.invoke(StandardContextValve.java:90)
	at org.apache.catalina.authenticator.AuthenticatorBase.invoke(AuthenticatorBase.java:482)
	at org.apache.catalina.core.StandardHostValve.invoke(StandardHostValve.java:115)
	at org.apache.catalina.valves.ErrorReportValve.invoke(ErrorReportValve.java:93)
	at org.apache.catalina.core.StandardEngineValve.invoke(StandardEngineValve.java:74)
	at org.apache.catalina.connector.CoyoteAdapter.service(CoyoteAdapter.java:344)
	at org.apache.coyote.http11.Http11Processor.service(Http11Processor.java:389)
	at org.apache.coyote.AbstractProcessorLight.process(AbstractProcessorLight.java:63)
	at org.apache.coyote.AbstractProtocol$ConnectionHandler.process(AbstractProtocol.java:904)
	at org.apache.tomcat.util.net.NioEndpoint$SocketProcessor.doRun(NioEndpoint.java:1741)
	at org.apache.tomcat.util.net.SocketProcessorBase.run(SocketProcessorBase.java:52)
	at org.apache.tomcat.util.threads.ThreadPoolExecutor.runWorker(ThreadPoolExecutor.java:1190)
	at org.apache.tomcat.util.threads.ThreadPoolExecutor$Worker.run(ThreadPoolExecutor.java:659)
	at org.apache.tomcat.util.threads.TaskThread$WrappingRunnable.run(TaskThread.java:63)
	at java.base/java.lang.Thread.run(Thread.java:1570)
Caused by: java.sql.SQLIntegrityConstraintViolationException: (conn=4063) Column 'create_dt' cannot be null
	at org.mariadb.jdbc.export.ExceptionFactory.createException(ExceptionFactory.java:290)
	at org.mariadb.jdbc.export.ExceptionFactory.create(ExceptionFactory.java:370)
	at org.mariadb.jdbc.message.ClientMessage.readPacket(ClientMessage.java:134)
	at org.mariadb.jdbc.client.impl.StandardClient.readPacket(StandardClient.java:872)
	at org.mariadb.jdbc.client.impl.StandardClient.readResults(StandardClient.java:811)
	at org.mariadb.jdbc.client.impl.StandardClient.readResponse(StandardClient.java:730)
	at org.mariadb.jdbc.client.impl.StandardClient.execute(StandardClient.java:654)
	at org.mariadb.jdbc.ClientPreparedStatement.executeInternal(ClientPreparedStatement.java:95)
	at org.mariadb.jdbc.ClientPreparedStatement.execute(ClientPreparedStatement.java:268)
	at com.zaxxer.hikari.pool.ProxyPreparedStatement.execute(ProxyPreparedStatement.java:44)
	at com.zaxxer.hikari.pool.HikariProxyPreparedStatement.execute(HikariProxyPreparedStatement.java)
	at java.base/jdk.internal.reflect.DirectMethodHandleAccessor.invoke(DirectMethodHandleAccessor.java:103)
	at java.base/java.lang.reflect.Method.invoke(Method.java:580)
	at org.apache.ibatis.logging.jdbc.PreparedStatementLogger.invoke(PreparedStatementLogger.java:58)
	at jdk.proxy4/jdk.proxy4.$Proxy93.execute(Unknown Source)
	at org.apache.ibatis.executor.statement.PreparedStatementHandler.update(PreparedStatementHandler.java:48)
	at org.apache.ibatis.executor.statement.RoutingStatementHandler.update(RoutingStatementHandler.java:75)
	at org.apache.ibatis.executor.SimpleExecutor.doUpdate(SimpleExecutor.java:50)
	at org.apache.ibatis.executor.BaseExecutor.update(BaseExecutor.java:117)
	at org.apache.ibatis.executor.CachingExecutor.update(CachingExecutor.java:76)
	at org.apache.ibatis.session.defaults.DefaultSqlSession.update(DefaultSqlSession.java:197)
	at org.apache.ibatis.session.defaults.DefaultSqlSession.insert(DefaultSqlSession.java:184)
	at java.base/jdk.internal.reflect.DirectMethodHandleAccessor.invoke(DirectMethodHandleAccessor.java:103)
	at java.base/java.lang.reflect.Method.invoke(Method.java:580)
	at org.mybatis.spring.SqlSessionTemplate$SqlSessionInterceptor.invoke(SqlSessionTemplate.java:425)
	... 56 common frames omitted
19:05:51.531 [http-nio-8080-exec-9] WARN  o.s.w.s.m.m.a.ExceptionHandlerExceptionResolver - Resolved [org.springframework.dao.DataIntegrityViolationException: <EOL><EOL>### Error updating database.  Cause: java.sql.SQLIntegrityConstraintViolationException: (conn=4063) Column 'create_dt' cannot be null<EOL><EOL>### The error may exist in file [C:\Users\Administrator\Documents\workspace-spring-tool-suite-4-4.23.1.RELEASE\CetrinOs\bin\main\mapper\detection\PatternDetectionDAO.xml]<EOL><EOL>### The error may involve com.example.demo.dao.detection.PatternDetectionDAO.addPatternDetection-Inline<EOL><EOL>### The error occurred while setting parameters<EOL><EOL>### SQL: INSERT INTO detection_db.pattern_detection (detection_number, s_ip, d_ip, s_port, d_port, create_dt, modify_dt, action_type, policy_name, policy_info, pattern_1, pattern_2, pattern_3, dangerous)         VALUES (?, ?, ?, ?, ?, ?, ?, ?, ?, ?, ?, ?, ?, ?)<EOL><EOL>### Cause: java.sql.SQLIntegrityConstraintViolationException: (conn=4063) Column 'create_dt' cannot be null<EOL>; (conn=4063) Column 'create_dt' cannot be null]
19:05:51.531 [http-nio-8080-exec-9] DEBUG o.s.web.servlet.DispatcherServlet - Using resolved error view: ModelAndView [view="500"; model={}]
19:05:51.531 [http-nio-8080-exec-9] DEBUG o.s.w.s.v.ContentNegotiatingViewResolver - Selected 'text/html' given [text/html, application/xhtml+xml, image/avif, image/webp, image/apng, application/xml;q=0.9, */*;q=0.8, application/signed-exchange;v=b3;q=0.7]
19:05:51.534 [http-nio-8080-exec-9] DEBUG o.s.web.servlet.DispatcherServlet - Completed 200 OK
19:05:51.568 [http-nio-8080-exec-6] DEBUG o.s.web.servlet.DispatcherServlet - GET "/css/bootstrap.min.css", parameters={}
19:05:51.568 [http-nio-8080-exec-2] DEBUG o.s.web.servlet.DispatcherServlet - GET "/css/style.css", parameters={}
19:05:51.568 [http-nio-8080-exec-2] DEBUG o.s.w.s.h.SimpleUrlHandlerMapping - Mapped to ResourceHttpRequestHandler [classpath [META-INF/resources/], classpath [resources/], classpath [static/], classpath [public/], ServletContext [/]]
19:05:51.569 [http-nio-8080-exec-6] DEBUG o.s.w.s.h.SimpleUrlHandlerMapping - Mapped to ResourceHttpRequestHandler [classpath [META-INF/resources/], classpath [resources/], classpath [static/], classpath [public/], ServletContext [/]]
19:05:51.571 [http-nio-8080-exec-2] DEBUG o.s.web.servlet.DispatcherServlet - Completed 200 OK
19:05:51.574 [http-nio-8080-exec-2] DEBUG o.s.web.servlet.DispatcherServlet - GET "/lib/chart/chart.min.js", parameters={}
19:05:51.574 [http-nio-8080-exec-4] DEBUG o.s.web.servlet.DispatcherServlet - GET "/lib/waypoints/waypoints.min.js", parameters={}
19:05:51.574 [http-nio-8080-exec-2] DEBUG o.s.w.s.h.SimpleUrlHandlerMapping - Mapped to ResourceHttpRequestHandler [classpath [META-INF/resources/], classpath [resources/], classpath [static/], classpath [public/], ServletContext [/]]
19:05:51.574 [http-nio-8080-exec-4] DEBUG o.s.w.s.h.SimpleUrlHandlerMapping - Mapped to ResourceHttpRequestHandler [classpath [META-INF/resources/], classpath [resources/], classpath [static/], classpath [public/], ServletContext [/]]
19:05:51.576 [http-nio-8080-exec-7] DEBUG o.s.web.servlet.DispatcherServlet - GET "/lib/owlcarousel/owl.carousel.min.js", parameters={}
19:05:51.574 [http-nio-8080-exec-10] DEBUG o.s.web.servlet.DispatcherServlet - GET "/lib/easing/easing.min.js", parameters={}
19:05:51.577 [http-nio-8080-exec-6] DEBUG o.s.web.servlet.DispatcherServlet - Completed 200 OK
19:05:51.577 [http-nio-8080-exec-10] DEBUG o.s.w.s.h.SimpleUrlHandlerMapping - Mapped to ResourceHttpRequestHandler [classpath [META-INF/resources/], classpath [resources/], classpath [static/], classpath [public/], ServletContext [/]]
19:05:51.577 [http-nio-8080-exec-7] DEBUG o.s.w.s.h.SimpleUrlHandlerMapping - Mapped to ResourceHttpRequestHandler [classpath [META-INF/resources/], classpath [resources/], classpath [static/], classpath [public/], ServletContext [/]]
19:05:51.578 [http-nio-8080-exec-1] DEBUG o.s.web.servlet.DispatcherServlet - GET "/lib/tempusdominus/js/moment.min.js", parameters={}
19:05:51.578 [http-nio-8080-exec-1] DEBUG o.s.w.s.h.SimpleUrlHandlerMapping - Mapped to ResourceHttpRequestHandler [classpath [META-INF/resources/], classpath [resources/], classpath [static/], classpath [public/], ServletContext [/]]
19:05:51.578 [http-nio-8080-exec-6] DEBUG o.s.web.servlet.DispatcherServlet - GET "/lib/tempusdominus/js/moment-timezone.min.js", parameters={}
19:05:51.578 [http-nio-8080-exec-6] DEBUG o.s.w.s.h.SimpleUrlHandlerMapping - Mapped to ResourceHttpRequestHandler [classpath [META-INF/resources/], classpath [resources/], classpath [static/], classpath [public/], ServletContext [/]]
19:05:51.580 [http-nio-8080-exec-7] DEBUG o.s.web.servlet.DispatcherServlet - Completed 200 OK
19:05:51.585 [http-nio-8080-exec-6] DEBUG o.s.web.servlet.DispatcherServlet - Completed 200 OK
19:05:51.586 [http-nio-8080-exec-6] DEBUG o.s.web.servlet.DispatcherServlet - GET "/lib/tempusdominus/js/tempusdominus-bootstrap-4.min.js", parameters={}
19:05:51.587 [http-nio-8080-exec-6] DEBUG o.s.w.s.h.SimpleUrlHandlerMapping - Mapped to ResourceHttpRequestHandler [classpath [META-INF/resources/], classpath [resources/], classpath [static/], classpath [public/], ServletContext [/]]
19:05:51.589 [http-nio-8080-exec-10] DEBUG o.s.web.servlet.DispatcherServlet - Completed 200 OK
19:05:51.589 [http-nio-8080-exec-6] DEBUG o.s.web.servlet.DispatcherServlet - Completed 200 OK
19:05:51.590 [http-nio-8080-exec-6] DEBUG o.s.web.servlet.DispatcherServlet - GET "/js/main.js", parameters={}
19:05:51.591 [http-nio-8080-exec-6] DEBUG o.s.w.s.h.SimpleUrlHandlerMapping - Mapped to ResourceHttpRequestHandler [classpath [META-INF/resources/], classpath [resources/], classpath [static/], classpath [public/], ServletContext [/]]
19:05:51.593 [http-nio-8080-exec-6] DEBUG o.s.web.servlet.DispatcherServlet - Completed 200 OK
19:05:51.585 [http-nio-8080-exec-2] DEBUG o.s.web.servlet.DispatcherServlet - Completed 200 OK
19:05:51.587 [http-nio-8080-exec-4] DEBUG o.s.web.servlet.DispatcherServlet - Completed 200 OK
19:05:51.599 [http-nio-8080-exec-1] DEBUG o.s.web.servlet.DispatcherServlet - Completed 200 OK
19:05:54.173 [http-nio-8080-exec-9] DEBUG o.s.web.servlet.DispatcherServlet - GET "/addpolicy", parameters={}
19:05:54.174 [http-nio-8080-exec-9] DEBUG o.s.w.s.m.m.a.RequestMappingHandlerMapping - Mapped to com.example.demo.controller.detection.PatternDetectionController#showAddPatternForm(Model)
19:05:54.174 [http-nio-8080-exec-9] DEBUG o.s.w.s.v.ContentNegotiatingViewResolver - Selected 'text/html' given [text/html, application/xhtml+xml, image/avif, image/webp, image/apng, application/xml;q=0.9, */*;q=0.8, application/signed-exchange;v=b3;q=0.7]
19:05:54.178 [http-nio-8080-exec-9] DEBUG o.s.web.servlet.DispatcherServlet - Completed 200 OK
19:05:54.235 [http-nio-8080-exec-5] DEBUG o.s.web.servlet.DispatcherServlet - GET "/favicon.ico", parameters={}
19:05:54.236 [http-nio-8080-exec-5] DEBUG o.s.w.s.m.m.a.RequestMappingHandlerMapping - Mapped to com.example.demo.controller.log.FaviconController#returnNoFavicon()
19:05:54.236 [http-nio-8080-exec-5] DEBUG o.s.w.s.m.m.a.RequestResponseBodyMethodProcessor - Using 'application/json;q=0.8', given [image/avif, image/webp, image/apng, image/svg+xml, image/*, */*;q=0.8] and supported [application/json, application/*+json]
19:05:54.236 [http-nio-8080-exec-5] DEBUG o.s.w.s.m.m.a.RequestResponseBodyMethodProcessor - Nothing to write: null body
19:05:54.236 [http-nio-8080-exec-5] DEBUG o.s.web.servlet.DispatcherServlet - Completed 200 OK
19:05:59.683 [http-nio-8080-exec-7] DEBUG o.s.web.servlet.DispatcherServlet - GET "/patternlog", parameters={}
19:05:59.683 [http-nio-8080-exec-7] DEBUG o.s.w.s.m.m.a.RequestMappingHandlerMapping - Mapped to com.example.demo.controller.detection.UsersController#patternlog()
19:05:59.685 [http-nio-8080-exec-7] DEBUG o.s.w.s.v.ContentNegotiatingViewResolver - Selected 'text/html' given [text/html, application/xhtml+xml, image/avif, image/webp, image/apng, application/xml;q=0.9, */*;q=0.8, application/signed-exchange;v=b3;q=0.7]
19:05:59.688 [http-nio-8080-exec-7] DEBUG o.s.web.servlet.DispatcherServlet - Completed 200 OK
19:05:59.741 [http-nio-8080-exec-8] DEBUG o.s.web.servlet.DispatcherServlet - GET "/favicon.ico", parameters={}
19:05:59.742 [http-nio-8080-exec-8] DEBUG o.s.w.s.m.m.a.RequestMappingHandlerMapping - Mapped to com.example.demo.controller.log.FaviconController#returnNoFavicon()
19:05:59.742 [http-nio-8080-exec-10] DEBUG o.s.web.servlet.DispatcherServlet - GET "/api/patternlogs", parameters={}
19:05:59.742 [http-nio-8080-exec-10] DEBUG o.s.w.s.m.m.a.RequestMappingHandlerMapping - Mapped to com.example.demo.controller.log.PatternLogController#getAllPatternLogs()
19:05:59.742 [http-nio-8080-exec-8] DEBUG o.s.w.s.m.m.a.RequestResponseBodyMethodProcessor - Using 'application/json;q=0.8', given [image/avif, image/webp, image/apng, image/svg+xml, image/*, */*;q=0.8] and supported [application/json, application/*+json]
19:05:59.742 [http-nio-8080-exec-8] DEBUG o.s.w.s.m.m.a.RequestResponseBodyMethodProcessor - Nothing to write: null body
19:05:59.742 [http-nio-8080-exec-8] DEBUG o.s.web.servlet.DispatcherServlet - Completed 200 OK
19:05:59.745 [http-nio-8080-exec-10] DEBUG org.mybatis.spring.SqlSessionUtils - Creating a new SqlSession
19:05:59.745 [http-nio-8080-exec-10] DEBUG org.mybatis.spring.SqlSessionUtils - SqlSession [org.apache.ibatis.session.defaults.DefaultSqlSession@98d4ac3] was not registered for synchronization because synchronization is not active
19:05:59.750 [http-nio-8080-exec-10] DEBUG o.s.jdbc.datasource.DataSourceUtils - Fetching JDBC Connection from DataSource
19:05:59.750 [http-nio-8080-exec-10] DEBUG com.zaxxer.hikari.HikariConfig - HikariPool-2 - configuration:
19:05:59.751 [http-nio-8080-exec-10] DEBUG com.zaxxer.hikari.HikariConfig - allowPoolSuspension.............false
19:05:59.751 [http-nio-8080-exec-10] DEBUG com.zaxxer.hikari.HikariConfig - autoCommit......................true
19:05:59.751 [http-nio-8080-exec-10] DEBUG com.zaxxer.hikari.HikariConfig - catalog.........................none
19:05:59.751 [http-nio-8080-exec-10] DEBUG com.zaxxer.hikari.HikariConfig - connectionInitSql...............none
19:05:59.751 [http-nio-8080-exec-10] DEBUG com.zaxxer.hikari.HikariConfig - connectionTestQuery.............none
19:05:59.751 [http-nio-8080-exec-10] DEBUG com.zaxxer.hikari.HikariConfig - connectionTimeout...............30000
19:05:59.751 [http-nio-8080-exec-10] DEBUG com.zaxxer.hikari.HikariConfig - dataSource......................none
19:05:59.751 [http-nio-8080-exec-10] DEBUG com.zaxxer.hikari.HikariConfig - dataSourceClassName.............none
19:05:59.751 [http-nio-8080-exec-10] DEBUG com.zaxxer.hikari.HikariConfig - dataSourceJNDI..................none
19:05:59.751 [http-nio-8080-exec-10] DEBUG com.zaxxer.hikari.HikariConfig - dataSourceProperties............{password=<masked>}
19:05:59.751 [http-nio-8080-exec-10] DEBUG com.zaxxer.hikari.HikariConfig - driverClassName................."org.mariadb.jdbc.Driver"
19:05:59.751 [http-nio-8080-exec-10] DEBUG com.zaxxer.hikari.HikariConfig - exceptionOverrideClassName......none
19:05:59.751 [http-nio-8080-exec-10] DEBUG com.zaxxer.hikari.HikariConfig - healthCheckProperties...........{}
19:05:59.751 [http-nio-8080-exec-10] DEBUG com.zaxxer.hikari.HikariConfig - healthCheckRegistry.............none
19:05:59.751 [http-nio-8080-exec-10] DEBUG com.zaxxer.hikari.HikariConfig - idleTimeout.....................600000
19:05:59.751 [http-nio-8080-exec-10] DEBUG com.zaxxer.hikari.HikariConfig - initializationFailTimeout.......1
19:05:59.751 [http-nio-8080-exec-10] DEBUG com.zaxxer.hikari.HikariConfig - isolateInternalQueries..........false
19:05:59.752 [http-nio-8080-exec-10] DEBUG com.zaxxer.hikari.HikariConfig - jdbcUrl.........................jdbc:mariadb://192.168.1.26:3306/log_db
19:05:59.752 [http-nio-8080-exec-10] DEBUG com.zaxxer.hikari.HikariConfig - keepaliveTime...................0
19:05:59.752 [http-nio-8080-exec-10] DEBUG com.zaxxer.hikari.HikariConfig - leakDetectionThreshold..........0
19:05:59.752 [http-nio-8080-exec-10] DEBUG com.zaxxer.hikari.HikariConfig - maxLifetime.....................1800000
19:05:59.752 [http-nio-8080-exec-10] DEBUG com.zaxxer.hikari.HikariConfig - maximumPoolSize.................10
19:05:59.752 [http-nio-8080-exec-10] DEBUG com.zaxxer.hikari.HikariConfig - metricRegistry..................none
19:05:59.752 [http-nio-8080-exec-10] DEBUG com.zaxxer.hikari.HikariConfig - metricsTrackerFactory...........none
19:05:59.752 [http-nio-8080-exec-10] DEBUG com.zaxxer.hikari.HikariConfig - minimumIdle.....................10
19:05:59.752 [http-nio-8080-exec-10] DEBUG com.zaxxer.hikari.HikariConfig - password........................<masked>
19:05:59.752 [http-nio-8080-exec-10] DEBUG com.zaxxer.hikari.HikariConfig - poolName........................"HikariPool-2"
19:05:59.752 [http-nio-8080-exec-10] DEBUG com.zaxxer.hikari.HikariConfig - readOnly........................false
19:05:59.752 [http-nio-8080-exec-10] DEBUG com.zaxxer.hikari.HikariConfig - registerMbeans..................false
19:05:59.752 [http-nio-8080-exec-10] DEBUG com.zaxxer.hikari.HikariConfig - scheduledExecutor...............none
19:05:59.752 [http-nio-8080-exec-10] DEBUG com.zaxxer.hikari.HikariConfig - schema..........................none
19:05:59.752 [http-nio-8080-exec-10] DEBUG com.zaxxer.hikari.HikariConfig - threadFactory...................internal
19:05:59.752 [http-nio-8080-exec-10] DEBUG com.zaxxer.hikari.HikariConfig - transactionIsolation............default
19:05:59.752 [http-nio-8080-exec-10] DEBUG com.zaxxer.hikari.HikariConfig - username........................"js_user"
19:05:59.752 [http-nio-8080-exec-10] DEBUG com.zaxxer.hikari.HikariConfig - validationTimeout...............5000
19:05:59.752 [http-nio-8080-exec-10] INFO  com.zaxxer.hikari.HikariDataSource - HikariPool-2 - Starting...
19:05:59.761 [http-nio-8080-exec-10] DEBUG o.m.jdbc.client.impl.StandardClient - execute query: SELECT @@tx_isolation
19:05:59.763 [http-nio-8080-exec-10] INFO  com.zaxxer.hikari.pool.HikariPool - HikariPool-2 - Added connection org.mariadb.jdbc.Connection@7dba30dc
19:05:59.763 [http-nio-8080-exec-10] INFO  com.zaxxer.hikari.HikariDataSource - HikariPool-2 - Start completed.
19:05:59.763 [http-nio-8080-exec-10] DEBUG o.m.s.t.SpringManagedTransaction - JDBC Connection [HikariProxyConnection@574457773 wrapping org.mariadb.jdbc.Connection@7dba30dc] will not be managed by Spring
19:05:59.763 [http-nio-8080-exec-10] DEBUG c.e.d.dao.log.PatternLogDAO.findAll - ==>  Preparing: SELECT * FROM log_db.pattern_log
19:05:59.763 [http-nio-8080-exec-10] DEBUG c.e.d.dao.log.PatternLogDAO.findAll - ==> Parameters: 
19:05:59.763 [http-nio-8080-exec-10] DEBUG o.m.jdbc.client.impl.StandardClient - execute query: SELECT * FROM log_db.pattern_log
19:05:59.788 [http-nio-8080-exec-10] DEBUG c.e.d.dao.log.PatternLogDAO.findAll - <==      Total: 3
19:05:59.789 [http-nio-8080-exec-10] DEBUG org.mybatis.spring.SqlSessionUtils - Closing non transactional SqlSession [org.apache.ibatis.session.defaults.DefaultSqlSession@98d4ac3]
19:05:59.794 [http-nio-8080-exec-10] DEBUG o.s.w.s.m.m.a.HttpEntityMethodProcessor - Using 'application/json', given [*/*] and supported [application/json, application/*+json]
19:05:59.802 [http-nio-8080-exec-10] DEBUG o.s.w.s.m.m.a.HttpEntityMethodProcessor - Writing [[PatternLog{detection_number=1, time='2024-07-10 09:00:00', sIp='192.168.1.1', dIp='10.0.0.1', sPort (truncated)...]
19:05:59.838 [http-nio-8080-exec-10] DEBUG o.s.web.servlet.DispatcherServlet - Completed 200 OK
19:05:59.864 [HikariPool-2 housekeeper] DEBUG com.zaxxer.hikari.pool.HikariPool - HikariPool-2 - Pool stats (total=1, active=0, idle=1, waiting=0)
19:05:59.869 [HikariPool-2 connection adder] DEBUG com.zaxxer.hikari.pool.HikariPool - HikariPool-2 - Added connection org.mariadb.jdbc.Connection@3be32750
19:05:59.901 [HikariPool-2 connection adder] DEBUG com.zaxxer.hikari.pool.HikariPool - HikariPool-2 - After adding stats (total=2, active=0, idle=2, waiting=0)
19:05:59.905 [HikariPool-2 connection adder] DEBUG com.zaxxer.hikari.pool.HikariPool - HikariPool-2 - Added connection org.mariadb.jdbc.Connection@6e420868
19:05:59.936 [HikariPool-2 connection adder] DEBUG com.zaxxer.hikari.pool.HikariPool - HikariPool-2 - After adding stats (total=3, active=0, idle=3, waiting=0)
19:05:59.940 [HikariPool-2 connection adder] DEBUG com.zaxxer.hikari.pool.HikariPool - HikariPool-2 - Added connection org.mariadb.jdbc.Connection@174a4601
19:05:59.972 [HikariPool-2 connection adder] DEBUG com.zaxxer.hikari.pool.HikariPool - HikariPool-2 - After adding stats (total=4, active=0, idle=4, waiting=0)
19:05:59.976 [HikariPool-2 connection adder] DEBUG com.zaxxer.hikari.pool.HikariPool - HikariPool-2 - Added connection org.mariadb.jdbc.Connection@6c428e69
19:06:00.008 [HikariPool-2 connection adder] DEBUG com.zaxxer.hikari.pool.HikariPool - HikariPool-2 - After adding stats (total=5, active=0, idle=5, waiting=0)
19:06:00.012 [HikariPool-2 connection adder] DEBUG com.zaxxer.hikari.pool.HikariPool - HikariPool-2 - Added connection org.mariadb.jdbc.Connection@5447dc26
19:06:00.044 [HikariPool-2 connection adder] DEBUG com.zaxxer.hikari.pool.HikariPool - HikariPool-2 - After adding stats (total=6, active=0, idle=6, waiting=0)
19:06:00.048 [HikariPool-2 connection adder] DEBUG com.zaxxer.hikari.pool.HikariPool - HikariPool-2 - Added connection org.mariadb.jdbc.Connection@4d5539d
19:06:00.081 [HikariPool-2 connection adder] DEBUG com.zaxxer.hikari.pool.HikariPool - HikariPool-2 - After adding stats (total=7, active=0, idle=7, waiting=0)
19:06:00.086 [HikariPool-2 connection adder] DEBUG com.zaxxer.hikari.pool.HikariPool - HikariPool-2 - Added connection org.mariadb.jdbc.Connection@6acb3c9a
19:06:00.116 [HikariPool-2 connection adder] DEBUG com.zaxxer.hikari.pool.HikariPool - HikariPool-2 - After adding stats (total=8, active=0, idle=8, waiting=0)
19:06:00.120 [HikariPool-2 connection adder] DEBUG com.zaxxer.hikari.pool.HikariPool - HikariPool-2 - Added connection org.mariadb.jdbc.Connection@67e28827
19:06:00.152 [HikariPool-2 connection adder] DEBUG com.zaxxer.hikari.pool.HikariPool - HikariPool-2 - After adding stats (total=9, active=0, idle=9, waiting=0)
19:06:00.156 [HikariPool-2 connection adder] DEBUG com.zaxxer.hikari.pool.HikariPool - HikariPool-2 - Added connection org.mariadb.jdbc.Connection@73ae95a8
19:06:00.188 [HikariPool-2 connection adder] DEBUG com.zaxxer.hikari.pool.HikariPool - HikariPool-2 - After adding stats (total=10, active=0, idle=10, waiting=0)
19:06:01.165 [http-nio-8080-exec-6] DEBUG o.s.web.servlet.DispatcherServlet - GET "/policylist", parameters={}
19:06:01.165 [http-nio-8080-exec-6] DEBUG o.s.w.s.m.m.a.RequestMappingHandlerMapping - Mapped to com.example.demo.controller.detection.PatternDetectionController#showPolicyList(Model)
19:06:01.166 [http-nio-8080-exec-6] DEBUG org.mybatis.spring.SqlSessionUtils - Creating a new SqlSession
19:06:01.166 [http-nio-8080-exec-6] DEBUG org.mybatis.spring.SqlSessionUtils - SqlSession [org.apache.ibatis.session.defaults.DefaultSqlSession@2b3bd085] was not registered for synchronization because synchronization is not active
19:06:01.167 [http-nio-8080-exec-6] DEBUG o.s.jdbc.datasource.DataSourceUtils - Fetching JDBC Connection from DataSource
19:06:01.168 [http-nio-8080-exec-6] DEBUG o.m.s.t.SpringManagedTransaction - JDBC Connection [HikariProxyConnection@1360292667 wrapping org.mariadb.jdbc.Connection@358383ef] will not be managed by Spring
19:06:01.168 [http-nio-8080-exec-6] DEBUG c.e.d.d.d.P.getAllPatternDetections - ==>  Preparing: SELECT * FROM detection_db.pattern_detection
19:06:01.168 [http-nio-8080-exec-6] DEBUG c.e.d.d.d.P.getAllPatternDetections - ==> Parameters: 
19:06:01.168 [http-nio-8080-exec-6] DEBUG o.m.jdbc.client.impl.StandardClient - execute query: SELECT * FROM detection_db.pattern_detection
19:06:01.173 [http-nio-8080-exec-6] DEBUG c.e.d.d.d.P.getAllPatternDetections - <==      Total: 9
19:06:01.173 [http-nio-8080-exec-6] DEBUG org.mybatis.spring.SqlSessionUtils - Closing non transactional SqlSession [org.apache.ibatis.session.defaults.DefaultSqlSession@2b3bd085]
19:06:01.174 [http-nio-8080-exec-6] DEBUG o.s.w.s.v.ContentNegotiatingViewResolver - Selected 'text/html' given [text/html, application/xhtml+xml, image/avif, image/webp, image/apng, application/xml;q=0.9, */*;q=0.8, application/signed-exchange;v=b3;q=0.7]
19:06:01.177 [http-nio-8080-exec-6] DEBUG o.s.web.servlet.DispatcherServlet - Completed 200 OK
19:06:01.225 [http-nio-8080-exec-2] DEBUG o.s.web.servlet.DispatcherServlet - POST "/api/search-pattern-detections", parameters={}
19:06:01.225 [http-nio-8080-exec-2] DEBUG o.s.w.s.m.m.a.RequestMappingHandlerMapping - Mapped to com.example.demo.controller.detection.PatternDetectionController#searchPatternDetections(SearchCriteria)
19:06:01.228 [http-nio-8080-exec-3] DEBUG o.s.web.servlet.DispatcherServlet - GET "/favicon.ico", parameters={}
19:06:01.228 [http-nio-8080-exec-3] DEBUG o.s.w.s.m.m.a.RequestMappingHandlerMapping - Mapped to com.example.demo.controller.log.FaviconController#returnNoFavicon()
19:06:01.229 [http-nio-8080-exec-3] DEBUG o.s.w.s.m.m.a.RequestResponseBodyMethodProcessor - Using 'application/json;q=0.8', given [image/avif, image/webp, image/apng, image/svg+xml, image/*, */*;q=0.8] and supported [application/json, application/*+json]
19:06:01.229 [http-nio-8080-exec-3] DEBUG o.s.w.s.m.m.a.RequestResponseBodyMethodProcessor - Nothing to write: null body
19:06:01.229 [http-nio-8080-exec-3] DEBUG o.s.web.servlet.DispatcherServlet - Completed 200 OK
19:06:01.276 [http-nio-8080-exec-2] DEBUG o.s.w.s.m.m.a.RequestResponseBodyMethodProcessor - Read "application/json;charset=UTF-8" to [com.example.demo.controller.log.SearchCriteria@7c40b129]
19:06:01.276 [http-nio-8080-exec-2] DEBUG org.mybatis.spring.SqlSessionUtils - Creating a new SqlSession
19:06:01.276 [http-nio-8080-exec-2] DEBUG org.mybatis.spring.SqlSessionUtils - SqlSession [org.apache.ibatis.session.defaults.DefaultSqlSession@7ee8f73d] was not registered for synchronization because synchronization is not active
19:06:01.276 [http-nio-8080-exec-2] DEBUG o.s.jdbc.datasource.DataSourceUtils - Fetching JDBC Connection from DataSource
19:06:01.276 [http-nio-8080-exec-2] DEBUG o.m.s.t.SpringManagedTransaction - JDBC Connection [HikariProxyConnection@84915893 wrapping org.mariadb.jdbc.Connection@358383ef] will not be managed by Spring
19:06:01.277 [http-nio-8080-exec-2] DEBUG c.e.d.d.d.P.getAllPatternDetections - ==>  Preparing: SELECT * FROM detection_db.pattern_detection
19:06:01.277 [http-nio-8080-exec-2] DEBUG c.e.d.d.d.P.getAllPatternDetections - ==> Parameters: 
19:06:01.277 [http-nio-8080-exec-2] DEBUG o.m.jdbc.client.impl.StandardClient - execute query: SELECT * FROM detection_db.pattern_detection
19:06:01.283 [http-nio-8080-exec-2] DEBUG c.e.d.d.d.P.getAllPatternDetections - <==      Total: 9
19:06:01.283 [http-nio-8080-exec-2] DEBUG org.mybatis.spring.SqlSessionUtils - Closing non transactional SqlSession [org.apache.ibatis.session.defaults.DefaultSqlSession@7ee8f73d]
19:06:01.283 [http-nio-8080-exec-2] DEBUG o.s.w.s.m.m.a.RequestResponseBodyMethodProcessor - Using 'application/json', given [*/*] and supported [application/json, application/*+json]
19:06:01.289 [http-nio-8080-exec-2] DEBUG o.s.w.s.m.m.a.RequestResponseBodyMethodProcessor - Writing [[PatternDetection{detection_number=1, s_ip='192.168.1.73', d_ip='192.168.1.27', s_port=3306, d_port= (truncated)...]
19:06:01.295 [http-nio-8080-exec-2] DEBUG o.s.web.servlet.DispatcherServlet - Completed 200 OK
19:06:02.371 [http-nio-8080-exec-4] DEBUG o.s.web.servlet.DispatcherServlet - GET "/addpolicy", parameters={}
19:06:02.371 [http-nio-8080-exec-4] DEBUG o.s.w.s.m.m.a.RequestMappingHandlerMapping - Mapped to com.example.demo.controller.detection.PatternDetectionController#showAddPatternForm(Model)
19:06:02.372 [http-nio-8080-exec-4] DEBUG o.s.w.s.v.ContentNegotiatingViewResolver - Selected 'text/html' given [text/html, application/xhtml+xml, image/avif, image/webp, image/apng, application/xml;q=0.9, */*;q=0.8, application/signed-exchange;v=b3;q=0.7]
19:06:02.376 [http-nio-8080-exec-4] DEBUG o.s.web.servlet.DispatcherServlet - Completed 200 OK
19:06:02.418 [http-nio-8080-exec-1] DEBUG o.s.web.servlet.DispatcherServlet - GET "/favicon.ico", parameters={}
19:06:02.419 [http-nio-8080-exec-1] DEBUG o.s.w.s.m.m.a.RequestMappingHandlerMapping - Mapped to com.example.demo.controller.log.FaviconController#returnNoFavicon()
19:06:02.419 [http-nio-8080-exec-1] DEBUG o.s.w.s.m.m.a.RequestResponseBodyMethodProcessor - Using 'application/json;q=0.8', given [image/avif, image/webp, image/apng, image/svg+xml, image/*, */*;q=0.8] and supported [application/json, application/*+json]
19:06:02.419 [http-nio-8080-exec-1] DEBUG o.s.w.s.m.m.a.RequestResponseBodyMethodProcessor - Nothing to write: null body
19:06:02.419 [http-nio-8080-exec-1] DEBUG o.s.web.servlet.DispatcherServlet - Completed 200 OK
