16:11:04.736 [HikariPool-1 housekeeper] DEBUG com.zaxxer.hikari.pool.HikariPool - HikariPool-1 - Pool stats (total=10, active=0, idle=10, waiting=0)
16:11:04.745 [HikariPool-1 housekeeper] DEBUG com.zaxxer.hikari.pool.HikariPool - HikariPool-1 - Fill pool skipped, pool has sufficient level or currently being filled.
16:11:34.747 [HikariPool-1 housekeeper] DEBUG com.zaxxer.hikari.pool.HikariPool - HikariPool-1 - Pool stats (total=10, active=0, idle=10, waiting=0)
16:11:34.747 [HikariPool-1 housekeeper] DEBUG com.zaxxer.hikari.pool.HikariPool - HikariPool-1 - Fill pool skipped, pool has sufficient level or currently being filled.
16:12:04.748 [HikariPool-1 housekeeper] DEBUG com.zaxxer.hikari.pool.HikariPool - HikariPool-1 - Pool stats (total=10, active=0, idle=10, waiting=0)
16:12:04.748 [HikariPool-1 housekeeper] DEBUG com.zaxxer.hikari.pool.HikariPool - HikariPool-1 - Fill pool skipped, pool has sufficient level or currently being filled.
16:12:34.749 [HikariPool-1 housekeeper] DEBUG com.zaxxer.hikari.pool.HikariPool - HikariPool-1 - Pool stats (total=10, active=0, idle=10, waiting=0)
16:12:34.749 [HikariPool-1 housekeeper] DEBUG com.zaxxer.hikari.pool.HikariPool - HikariPool-1 - Fill pool skipped, pool has sufficient level or currently being filled.
16:13:04.751 [HikariPool-1 housekeeper] DEBUG com.zaxxer.hikari.pool.HikariPool - HikariPool-1 - Pool stats (total=10, active=0, idle=10, waiting=0)
16:13:04.751 [HikariPool-1 housekeeper] DEBUG com.zaxxer.hikari.pool.HikariPool - HikariPool-1 - Fill pool skipped, pool has sufficient level or currently being filled.
16:13:11.015 [http-nio-8080-exec-4] DEBUG o.s.web.servlet.DispatcherServlet - GET "/behaviorpolicy", parameters={}
16:13:11.015 [http-nio-8080-exec-4] DEBUG o.s.w.s.m.m.a.RequestMappingHandlerMapping - Mapped to com.example.demo.controller.detection.BehaviorDetectionController#showPolicyList2(Model)
16:13:11.016 [http-nio-8080-exec-4] DEBUG org.mybatis.spring.SqlSessionUtils - Creating a new SqlSession
16:13:11.016 [http-nio-8080-exec-4] DEBUG org.mybatis.spring.SqlSessionUtils - SqlSession [org.apache.ibatis.session.defaults.DefaultSqlSession@8a725c3] was not registered for synchronization because synchronization is not active
16:13:11.016 [http-nio-8080-exec-4] DEBUG o.s.jdbc.datasource.DataSourceUtils - Fetching JDBC Connection from DataSource
16:13:11.018 [http-nio-8080-exec-4] DEBUG o.m.s.t.SpringManagedTransaction - JDBC Connection [HikariProxyConnection@648566418 wrapping org.mariadb.jdbc.Connection@56386db9] will not be managed by Spring
16:13:11.018 [http-nio-8080-exec-4] DEBUG c.e.d.d.d.B.getAllBehaviorDetections - ==>  Preparing: SELECT * FROM detection_db.behavior_detection
16:13:11.019 [http-nio-8080-exec-4] DEBUG c.e.d.d.d.B.getAllBehaviorDetections - ==> Parameters: 
16:13:11.019 [http-nio-8080-exec-4] DEBUG o.m.jdbc.client.impl.StandardClient - execute query: SELECT * FROM detection_db.behavior_detection
16:13:11.027 [http-nio-8080-exec-4] DEBUG c.e.d.d.d.B.getAllBehaviorDetections - <==      Total: 7
16:13:11.027 [http-nio-8080-exec-4] DEBUG org.mybatis.spring.SqlSessionUtils - Closing non transactional SqlSession [org.apache.ibatis.session.defaults.DefaultSqlSession@8a725c3]
16:13:11.029 [http-nio-8080-exec-4] DEBUG o.s.w.s.v.ContentNegotiatingViewResolver - Selected 'text/html' given [text/html, application/xhtml+xml, image/avif, image/webp, image/apng, application/xml;q=0.9, */*;q=0.8, application/signed-exchange;v=b3;q=0.7]
16:13:11.034 [http-nio-8080-exec-4] DEBUG o.s.web.servlet.DispatcherServlet - Completed 200 OK
16:13:11.065 [http-nio-8080-exec-5] DEBUG o.s.web.servlet.DispatcherServlet - POST "/api/search-behavior-detections", parameters={}
16:13:11.066 [http-nio-8080-exec-5] DEBUG o.s.w.s.m.m.a.RequestMappingHandlerMapping - Mapped to com.example.demo.controller.detection.BehaviorDetectionController#searchBehaviorDetections(BehaviorDetection)
16:13:11.096 [http-nio-8080-exec-6] DEBUG o.s.web.servlet.DispatcherServlet - GET "/favicon.ico", parameters={}
16:13:11.096 [http-nio-8080-exec-6] DEBUG o.s.w.s.m.m.a.RequestMappingHandlerMapping - Mapped to com.example.demo.controller.log.FaviconController#returnNoFavicon()
16:13:11.099 [http-nio-8080-exec-5] DEBUG o.s.w.s.m.m.a.RequestResponseBodyMethodProcessor - Read "application/json;charset=UTF-8" to [BehaviorDetection{detection_number=null, s_ip='null', d_ip='null', s_port=null, d_port=null, create_ (truncated)...]
16:13:11.099 [http-nio-8080-exec-6] DEBUG o.s.w.s.m.m.a.RequestResponseBodyMethodProcessor - Using 'application/json;q=0.8', given [image/avif, image/webp, image/apng, image/svg+xml, image/*, */*;q=0.8] and supported [application/json, application/*+json]
16:13:11.099 [http-nio-8080-exec-6] DEBUG o.s.w.s.m.m.a.RequestResponseBodyMethodProcessor - Nothing to write: null body
16:13:11.099 [http-nio-8080-exec-6] DEBUG o.s.web.servlet.DispatcherServlet - Completed 200 OK
16:13:11.102 [http-nio-8080-exec-5] DEBUG org.mybatis.spring.SqlSessionUtils - Creating a new SqlSession
16:13:11.102 [http-nio-8080-exec-5] DEBUG org.mybatis.spring.SqlSessionUtils - SqlSession [org.apache.ibatis.session.defaults.DefaultSqlSession@53163258] was not registered for synchronization because synchronization is not active
16:13:11.103 [http-nio-8080-exec-5] DEBUG o.s.jdbc.datasource.DataSourceUtils - Fetching JDBC Connection from DataSource
16:13:11.103 [http-nio-8080-exec-5] DEBUG o.m.s.t.SpringManagedTransaction - JDBC Connection [HikariProxyConnection@326497439 wrapping org.mariadb.jdbc.Connection@56386db9] will not be managed by Spring
16:13:11.103 [http-nio-8080-exec-5] DEBUG c.e.d.d.d.B.searchBehaviorDetections - ==>  Preparing: SELECT * FROM detection_db.behavior_detection WHERE (s_ip LIKE '%' || ? || '%' OR ? IS NULL) AND (d_ip LIKE '%' || ? || '%' OR ? IS NULL) AND (s_port LIKE '%' || ? || '%' OR ? IS NULL) AND (d_port LIKE '%' || ? || '%' OR ? IS NULL) AND (create_dt LIKE '%' || ? || '%' OR ? IS NULL) AND (modify_dt LIKE '%' || ? || '%' OR ? IS NULL) AND (action_type LIKE '%' || ? || '%' OR ? IS NULL) AND (policy_name LIKE '%' || ? || '%' OR ? IS NULL) AND (policy_info LIKE '%' || ? || '%' OR ? IS NULL) AND (pattern_1 LIKE '%' || ? || '%' OR ? IS NULL) AND (pattern_2 LIKE '%' || ? || '%' OR ? IS NULL) AND (pattern_3 LIKE '%' || ? || '%' OR ? IS NULL) AND (dangerous LIKE '%' || ? || '%' OR ? IS NULL)
16:13:11.108 [http-nio-8080-exec-5] DEBUG c.e.d.d.d.B.searchBehaviorDetections - ==> Parameters: null, null, null, null, null, null, null, null, null, null, null, null, null, null, null, null, null, null, null, null, null, null, null, null, null, null
16:13:11.108 [http-nio-8080-exec-5] DEBUG o.m.jdbc.client.impl.StandardClient - execute query: SELECT * FROM detection_db.behavior_detection 
        WHERE (s_ip LIKE '%' || ? || '%' OR ? IS NULL)
          AND (d_ip LIKE '%' || ? || '%' OR ? IS NULL)
          AND (s_port LIKE '%' || ? || '%' OR ? IS NULL)
          AND (d_port LIKE '%' || ? || '%' OR ? IS NULL)
          AND (create_dt LIKE '%' || ? || '%' OR ? IS NULL)
          AND (modify_dt LIKE '%' || ? || '%' OR ? IS NULL)
          AND (action_type LIKE '%' || ? || '%' OR ? IS NULL)
          AND (policy_name LIKE '%' || ? || '%' OR ? IS NULL)
          AND (policy_info LIKE '%' || ? || '%' OR ? IS NULL)
          AND (pattern_1 LIKE '%' || ? || '%' OR ? IS NULL)
          AND (pattern_2 LIKE '%' || ? || '%' OR ? IS NULL)
          AND (pattern_3 LIKE '%' || ? || '%' OR ? IS NULL)
          AND (dangerous LIKE '%' || ? || '%' OR ? IS NULL)
16:13:11.113 [http-nio-8080-exec-5] DEBUG c.e.d.d.d.B.searchBehaviorDetections - <==      Total: 7
16:13:11.114 [http-nio-8080-exec-5] DEBUG org.mybatis.spring.SqlSessionUtils - Closing non transactional SqlSession [org.apache.ibatis.session.defaults.DefaultSqlSession@53163258]
16:13:11.114 [http-nio-8080-exec-5] DEBUG o.s.w.s.m.m.a.RequestResponseBodyMethodProcessor - Using 'application/json', given [*/*] and supported [application/json, application/*+json]
16:13:11.114 [http-nio-8080-exec-5] DEBUG o.s.w.s.m.m.a.RequestResponseBodyMethodProcessor - Writing [[BehaviorDetection{detection_number=1, s_ip='null', d_ip='192.168.1.33', s_port=3306, d_port=null, c (truncated)...]
16:13:11.116 [http-nio-8080-exec-5] DEBUG o.s.web.servlet.DispatcherServlet - Completed 200 OK
