17:06:10.785 [HikariPool-1 housekeeper] DEBUG com.zaxxer.hikari.pool.HikariPool - HikariPool-1 - Pool stats (total=10, active=0, idle=10, waiting=0)
17:06:10.794 [HikariPool-1 housekeeper] DEBUG com.zaxxer.hikari.pool.HikariPool - HikariPool-1 - Fill pool skipped, pool has sufficient level or currently being filled.
17:06:28.144 [HikariPool-2 housekeeper] DEBUG com.zaxxer.hikari.pool.HikariPool - HikariPool-2 - Pool stats (total=10, active=0, idle=10, waiting=0)
17:06:28.144 [HikariPool-2 housekeeper] DEBUG com.zaxxer.hikari.pool.HikariPool - HikariPool-2 - Fill pool skipped, pool has sufficient level or currently being filled.
17:06:37.898 [http-nio-8080-exec-5] DEBUG o.s.web.servlet.DispatcherServlet - POST "/api/search-behavior-detections", parameters={}
17:06:37.898 [http-nio-8080-exec-5] DEBUG o.s.w.s.m.m.a.RequestMappingHandlerMapping - Mapped to com.example.demo.controller.detection.BehaviorDetectionController#searchBehaviorDetections(BehaviorDetection)
17:06:37.899 [http-nio-8080-exec-5] DEBUG o.s.w.s.m.m.a.RequestResponseBodyMethodProcessor - Read "application/json;charset=UTF-8" to [BehaviorDetection{detection_number=null, s_ip='null', d_ip='null', s_port=null, d_port=null, create_ (truncated)...]
17:06:37.899 [http-nio-8080-exec-5] DEBUG org.mybatis.spring.SqlSessionUtils - Creating a new SqlSession
17:06:37.899 [http-nio-8080-exec-5] DEBUG org.mybatis.spring.SqlSessionUtils - SqlSession [org.apache.ibatis.session.defaults.DefaultSqlSession@3c57c605] was not registered for synchronization because synchronization is not active
17:06:37.900 [http-nio-8080-exec-5] DEBUG o.s.jdbc.datasource.DataSourceUtils - Fetching JDBC Connection from DataSource
17:06:37.901 [http-nio-8080-exec-5] DEBUG o.m.s.t.SpringManagedTransaction - JDBC Connection [HikariProxyConnection@948535677 wrapping org.mariadb.jdbc.Connection@2711fb24] will not be managed by Spring
17:06:37.901 [http-nio-8080-exec-5] DEBUG c.e.d.d.d.B.searchBehaviorDetections - ==>  Preparing: SELECT * FROM detection_db.behavior_detection WHERE (s_ip LIKE '%' || ? || '%' OR ? IS NULL) AND (d_ip LIKE '%' || ? || '%' OR ? IS NULL) AND (s_port LIKE '%' || ? || '%' OR ? IS NULL) AND (d_port LIKE '%' || ? || '%' OR ? IS NULL) AND (create_dt LIKE '%' || ? || '%' OR ? IS NULL) AND (modify_dt LIKE '%' || ? || '%' OR ? IS NULL) AND (action_type LIKE '%' || ? || '%' OR ? IS NULL) AND (policy_name LIKE '%' || ? || '%' OR ? IS NULL) AND (policy_info LIKE '%' || ? || '%' OR ? IS NULL) AND (pattern_1 LIKE '%' || ? || '%' OR ? IS NULL) AND (pattern_2 LIKE '%' || ? || '%' OR ? IS NULL) AND (pattern_3 LIKE '%' || ? || '%' OR ? IS NULL) AND (dangerous LIKE '%' || ? || '%' OR ? IS NULL)
17:06:37.901 [http-nio-8080-exec-5] DEBUG c.e.d.d.d.B.searchBehaviorDetections - ==> Parameters: null, null, null, null, null, null, null, null, null, null, null, null, null, null, null, null, null, null, null, null, null, null, null, null, null, null
17:06:37.901 [http-nio-8080-exec-5] DEBUG o.m.jdbc.client.impl.StandardClient - execute query: SELECT * FROM detection_db.behavior_detection 
        WHERE (s_ip LIKE '%' || ? || '%' OR ? IS NULL)
          AND (d_ip LIKE '%' || ? || '%' OR ? IS NULL)
          AND (s_port LIKE '%' || ? || '%' OR ? IS NULL)
          AND (d_port LIKE '%' || ? || '%' OR ? IS NULL)
          AND (create_dt LIKE '%' || ? || '%' OR ? IS NULL)
          AND (modify_dt LIKE '%' || ? || '%' OR ? IS NULL)
          AND (action_type LIKE '%' || ? || '%' OR ? IS NULL)
          AND (policy_name LIKE '%' || ? || '%' OR ? IS NULL)
          AND (policy_info LIKE '%' || ? || '%' OR ? IS NULL)
          AND (pattern_1 LIKE '%' || ? || '%' OR ? IS NULL)
          AND (pattern_2 LIKE '%' || ? || '%' OR ? IS NULL)
          AND (pattern_3 LIKE '%' || ? || '%' OR ? IS NULL)
          AND (dangerous LIKE '%' || ? || '%' OR ? IS NULL)
17:06:37.904 [http-nio-8080-exec-5] DEBUG c.e.d.d.d.B.searchBehaviorDetections - <==      Total: 4
17:06:37.904 [http-nio-8080-exec-5] DEBUG org.mybatis.spring.SqlSessionUtils - Closing non transactional SqlSession [org.apache.ibatis.session.defaults.DefaultSqlSession@3c57c605]
17:06:37.904 [http-nio-8080-exec-5] DEBUG o.s.w.s.m.m.a.RequestResponseBodyMethodProcessor - Using 'application/json', given [*/*] and supported [application/json, application/*+json]
17:06:37.905 [http-nio-8080-exec-5] DEBUG o.s.w.s.m.m.a.RequestResponseBodyMethodProcessor - Writing [[BehaviorDetection{detection_number=1, s_ip='', d_ip='192.168.1.26', s_port=3306, d_port=null, creat (truncated)...]
17:06:37.906 [http-nio-8080-exec-5] DEBUG o.s.web.servlet.DispatcherServlet - Completed 200 OK
17:06:38.481 [http-nio-8080-exec-8] DEBUG o.s.web.servlet.DispatcherServlet - POST "/api/search-behavior-detections", parameters={}
17:06:38.481 [http-nio-8080-exec-8] DEBUG o.s.w.s.m.m.a.RequestMappingHandlerMapping - Mapped to com.example.demo.controller.detection.BehaviorDetectionController#searchBehaviorDetections(BehaviorDetection)
17:06:38.482 [http-nio-8080-exec-8] DEBUG o.s.w.s.m.m.a.RequestResponseBodyMethodProcessor - Read "application/json;charset=UTF-8" to [BehaviorDetection{detection_number=null, s_ip='null', d_ip='null', s_port=null, d_port=null, create_ (truncated)...]
17:06:38.482 [http-nio-8080-exec-8] DEBUG org.mybatis.spring.SqlSessionUtils - Creating a new SqlSession
17:06:38.482 [http-nio-8080-exec-8] DEBUG org.mybatis.spring.SqlSessionUtils - SqlSession [org.apache.ibatis.session.defaults.DefaultSqlSession@a781d64] was not registered for synchronization because synchronization is not active
17:06:38.482 [http-nio-8080-exec-8] DEBUG o.s.jdbc.datasource.DataSourceUtils - Fetching JDBC Connection from DataSource
17:06:38.483 [http-nio-8080-exec-8] DEBUG o.m.s.t.SpringManagedTransaction - JDBC Connection [HikariProxyConnection@1097038428 wrapping org.mariadb.jdbc.Connection@2711fb24] will not be managed by Spring
17:06:38.483 [http-nio-8080-exec-8] DEBUG c.e.d.d.d.B.searchBehaviorDetections - ==>  Preparing: SELECT * FROM detection_db.behavior_detection WHERE (s_ip LIKE '%' || ? || '%' OR ? IS NULL) AND (d_ip LIKE '%' || ? || '%' OR ? IS NULL) AND (s_port LIKE '%' || ? || '%' OR ? IS NULL) AND (d_port LIKE '%' || ? || '%' OR ? IS NULL) AND (create_dt LIKE '%' || ? || '%' OR ? IS NULL) AND (modify_dt LIKE '%' || ? || '%' OR ? IS NULL) AND (action_type LIKE '%' || ? || '%' OR ? IS NULL) AND (policy_name LIKE '%' || ? || '%' OR ? IS NULL) AND (policy_info LIKE '%' || ? || '%' OR ? IS NULL) AND (pattern_1 LIKE '%' || ? || '%' OR ? IS NULL) AND (pattern_2 LIKE '%' || ? || '%' OR ? IS NULL) AND (pattern_3 LIKE '%' || ? || '%' OR ? IS NULL) AND (dangerous LIKE '%' || ? || '%' OR ? IS NULL)
17:06:38.484 [http-nio-8080-exec-8] DEBUG c.e.d.d.d.B.searchBehaviorDetections - ==> Parameters: null, null, null, null, null, null, null, null, null, null, null, null, null, null, null, null, null, null, null, null, null, null, null, null, null, null
17:06:38.484 [http-nio-8080-exec-8] DEBUG o.m.jdbc.client.impl.StandardClient - execute query: SELECT * FROM detection_db.behavior_detection 
        WHERE (s_ip LIKE '%' || ? || '%' OR ? IS NULL)
          AND (d_ip LIKE '%' || ? || '%' OR ? IS NULL)
          AND (s_port LIKE '%' || ? || '%' OR ? IS NULL)
          AND (d_port LIKE '%' || ? || '%' OR ? IS NULL)
          AND (create_dt LIKE '%' || ? || '%' OR ? IS NULL)
          AND (modify_dt LIKE '%' || ? || '%' OR ? IS NULL)
          AND (action_type LIKE '%' || ? || '%' OR ? IS NULL)
          AND (policy_name LIKE '%' || ? || '%' OR ? IS NULL)
          AND (policy_info LIKE '%' || ? || '%' OR ? IS NULL)
          AND (pattern_1 LIKE '%' || ? || '%' OR ? IS NULL)
          AND (pattern_2 LIKE '%' || ? || '%' OR ? IS NULL)
          AND (pattern_3 LIKE '%' || ? || '%' OR ? IS NULL)
          AND (dangerous LIKE '%' || ? || '%' OR ? IS NULL)
17:06:38.487 [http-nio-8080-exec-8] DEBUG c.e.d.d.d.B.searchBehaviorDetections - <==      Total: 4
17:06:38.487 [http-nio-8080-exec-8] DEBUG org.mybatis.spring.SqlSessionUtils - Closing non transactional SqlSession [org.apache.ibatis.session.defaults.DefaultSqlSession@a781d64]
17:06:38.487 [http-nio-8080-exec-8] DEBUG o.s.w.s.m.m.a.RequestResponseBodyMethodProcessor - Using 'application/json', given [*/*] and supported [application/json, application/*+json]
17:06:38.488 [http-nio-8080-exec-8] DEBUG o.s.w.s.m.m.a.RequestResponseBodyMethodProcessor - Writing [[BehaviorDetection{detection_number=1, s_ip='', d_ip='192.168.1.26', s_port=3306, d_port=null, creat (truncated)...]
17:06:38.489 [http-nio-8080-exec-8] DEBUG o.s.web.servlet.DispatcherServlet - Completed 200 OK
17:06:40.795 [HikariPool-1 housekeeper] DEBUG com.zaxxer.hikari.pool.HikariPool - HikariPool-1 - Pool stats (total=10, active=0, idle=10, waiting=0)
17:06:40.795 [HikariPool-1 housekeeper] DEBUG com.zaxxer.hikari.pool.HikariPool - HikariPool-1 - Fill pool skipped, pool has sufficient level or currently being filled.
17:06:58.147 [HikariPool-2 housekeeper] DEBUG com.zaxxer.hikari.pool.HikariPool - HikariPool-2 - Pool stats (total=10, active=0, idle=10, waiting=0)
17:06:58.147 [HikariPool-2 housekeeper] DEBUG com.zaxxer.hikari.pool.HikariPool - HikariPool-2 - Fill pool skipped, pool has sufficient level or currently being filled.
