18:32:17.616 [HikariPool-1 housekeeper] DEBUG com.zaxxer.hikari.pool.HikariPool - HikariPool-1 - Pool stats (total=10, active=0, idle=10, waiting=0)
18:32:17.618 [HikariPool-1 housekeeper] DEBUG com.zaxxer.hikari.pool.HikariPool - HikariPool-1 - Fill pool skipped, pool has sufficient level or currently being filled.
18:32:47.620 [HikariPool-1 housekeeper] DEBUG com.zaxxer.hikari.pool.HikariPool - HikariPool-1 - Pool stats (total=10, active=0, idle=10, waiting=0)
18:32:47.620 [HikariPool-1 housekeeper] DEBUG com.zaxxer.hikari.pool.HikariPool - HikariPool-1 - Fill pool skipped, pool has sufficient level or currently being filled.
18:33:17.621 [HikariPool-1 housekeeper] DEBUG com.zaxxer.hikari.pool.HikariPool - HikariPool-1 - Pool stats (total=10, active=0, idle=10, waiting=0)
18:33:17.621 [HikariPool-1 housekeeper] DEBUG com.zaxxer.hikari.pool.HikariPool - HikariPool-1 - Fill pool skipped, pool has sufficient level or currently being filled.
18:33:22.217 [http-nio-8080-exec-7] DEBUG o.s.web.servlet.DispatcherServlet - GET "/userlist", parameters={}
18:33:22.217 [http-nio-8080-exec-7] DEBUG o.s.w.s.m.m.a.RequestMappingHandlerMapping - Mapped to com.example.demo.controller.detection.UsersController#userlistForm(Model, HttpSession, RedirectAttributes)
18:33:22.221 [http-nio-8080-exec-7] DEBUG o.s.web.servlet.view.RedirectView - View name 'redirect:', model {}
18:33:22.229 [http-nio-8080-exec-7] DEBUG o.s.web.servlet.DispatcherServlet - Completed 302 FOUND
18:33:22.235 [http-nio-8080-exec-8] DEBUG o.s.web.servlet.DispatcherServlet - GET "/signin", parameters={}
18:33:22.236 [http-nio-8080-exec-8] DEBUG o.s.w.s.m.m.a.RequestMappingHandlerMapping - Mapped to com.example.demo.controller.detection.UsersController#loginForm()
18:33:22.237 [http-nio-8080-exec-8] DEBUG o.s.w.s.v.ContentNegotiatingViewResolver - Selected 'text/html' given [text/html, application/xhtml+xml, image/avif, image/webp, image/apng, application/xml;q=0.9, */*;q=0.8, application/signed-exchange;v=b3;q=0.7]
18:33:22.344 [http-nio-8080-exec-8] DEBUG o.s.web.servlet.DispatcherServlet - Completed 200 OK
18:33:22.376 [http-nio-8080-exec-9] DEBUG o.s.web.servlet.DispatcherServlet - GET "/signin.png", parameters={}
18:33:22.379 [http-nio-8080-exec-9] DEBUG o.s.w.s.h.SimpleUrlHandlerMapping - Mapped to ResourceHttpRequestHandler [classpath [META-INF/resources/], classpath [resources/], classpath [static/], classpath [public/], ServletContext [/]]
18:33:22.405 [http-nio-8080-exec-9] DEBUG o.s.web.servlet.DispatcherServlet - Completed 200 OK
18:33:22.431 [http-nio-8080-exec-10] DEBUG o.s.web.servlet.DispatcherServlet - GET "/favicon.ico", parameters={}
18:33:22.431 [http-nio-8080-exec-10] DEBUG o.s.w.s.m.m.a.RequestMappingHandlerMapping - Mapped to com.example.demo.controller.log.FaviconController#returnNoFavicon()
18:33:22.432 [http-nio-8080-exec-10] DEBUG o.s.w.s.m.m.a.RequestResponseBodyMethodProcessor - Using 'application/json;q=0.8', given [image/avif, image/webp, image/apng, image/svg+xml, image/*, */*;q=0.8] and supported [application/json, application/*+json]
18:33:22.433 [http-nio-8080-exec-10] DEBUG o.s.w.s.m.m.a.RequestResponseBodyMethodProcessor - Nothing to write: null body
18:33:22.433 [http-nio-8080-exec-10] DEBUG o.s.web.servlet.DispatcherServlet - Completed 200 OK
18:33:25.549 [http-nio-8080-exec-1] DEBUG o.s.web.servlet.DispatcherServlet - POST "/login", parameters={masked}
18:33:25.550 [http-nio-8080-exec-1] DEBUG o.s.w.s.m.m.a.RequestMappingHandlerMapping - Mapped to com.example.demo.controller.detection.UsersController#login(String, String, HttpSession, RedirectAttributes)
18:33:25.559 [http-nio-8080-exec-1] DEBUG org.mybatis.spring.SqlSessionUtils - Creating a new SqlSession
18:33:25.560 [http-nio-8080-exec-1] DEBUG org.mybatis.spring.SqlSessionUtils - SqlSession [org.apache.ibatis.session.defaults.DefaultSqlSession@2063b6b0] was not registered for synchronization because synchronization is not active
18:33:25.560 [http-nio-8080-exec-1] DEBUG o.s.jdbc.datasource.DataSourceUtils - Fetching JDBC Connection from DataSource
18:33:25.561 [http-nio-8080-exec-1] DEBUG o.m.s.t.SpringManagedTransaction - JDBC Connection [HikariProxyConnection@434407474 wrapping org.mariadb.jdbc.Connection@641f5ecb] will not be managed by Spring
18:33:25.561 [http-nio-8080-exec-1] DEBUG c.e.d.d.d.UsersDAO.getUserById - ==>  Preparing: SELECT * FROM detection_db.user_data WHERE user_id = ?
18:33:25.563 [http-nio-8080-exec-1] DEBUG c.e.d.d.d.UsersDAO.getUserById - ==> Parameters: 0714(String)
18:33:25.563 [http-nio-8080-exec-1] DEBUG o.m.jdbc.client.impl.StandardClient - execute query: SELECT * FROM detection_db.user_data  WHERE user_id = ?
18:33:25.564 [http-nio-8080-exec-1] DEBUG c.e.d.d.d.UsersDAO.getUserById - <==      Total: 1
18:33:25.564 [http-nio-8080-exec-1] DEBUG org.mybatis.spring.SqlSessionUtils - Closing non transactional SqlSession [org.apache.ibatis.session.defaults.DefaultSqlSession@2063b6b0]
18:33:25.675 [http-nio-8080-exec-1] DEBUG o.s.web.servlet.view.RedirectView - View name 'redirect:', model {}
18:33:25.675 [http-nio-8080-exec-1] DEBUG o.s.web.servlet.DispatcherServlet - Completed 302 FOUND
18:33:25.680 [http-nio-8080-exec-3] DEBUG o.s.web.servlet.DispatcherServlet - GET "/dashboard", parameters={}
18:33:25.680 [http-nio-8080-exec-3] DEBUG o.s.w.s.m.m.a.RequestMappingHandlerMapping - Mapped to com.example.demo.controller.detection.UsersController#dashboard(HttpSession, RedirectAttributes)
18:33:25.681 [http-nio-8080-exec-3] DEBUG o.s.w.s.v.ContentNegotiatingViewResolver - Selected 'text/html' given [text/html, application/xhtml+xml, image/avif, image/webp, image/apng, application/xml;q=0.9, */*;q=0.8, application/signed-exchange;v=b3;q=0.7]
18:33:25.690 [http-nio-8080-exec-3] DEBUG o.s.web.servlet.DispatcherServlet - Completed 200 OK
18:33:25.792 [http-nio-8080-exec-2] DEBUG o.s.web.servlet.DispatcherServlet - GET "/favicon.ico", parameters={}
18:33:25.793 [http-nio-8080-exec-2] DEBUG o.s.w.s.m.m.a.RequestMappingHandlerMapping - Mapped to com.example.demo.controller.log.FaviconController#returnNoFavicon()
18:33:25.794 [http-nio-8080-exec-2] DEBUG o.s.w.s.m.m.a.RequestResponseBodyMethodProcessor - Using 'application/json;q=0.8', given [image/avif, image/webp, image/apng, image/svg+xml, image/*, */*;q=0.8] and supported [application/json, application/*+json]
18:33:25.794 [http-nio-8080-exec-2] DEBUG o.s.w.s.m.m.a.RequestResponseBodyMethodProcessor - Nothing to write: null body
18:33:25.794 [http-nio-8080-exec-2] DEBUG o.s.web.servlet.DispatcherServlet - Completed 200 OK
18:33:28.578 [http-nio-8080-exec-6] DEBUG o.s.web.servlet.DispatcherServlet - GET "/policylist", parameters={}
18:33:28.578 [http-nio-8080-exec-6] DEBUG o.s.w.s.m.m.a.RequestMappingHandlerMapping - Mapped to com.example.demo.controller.detection.PatternDetectionController#showPolicyList(Model)
18:33:28.578 [http-nio-8080-exec-6] DEBUG org.mybatis.spring.SqlSessionUtils - Creating a new SqlSession
18:33:28.578 [http-nio-8080-exec-6] DEBUG org.mybatis.spring.SqlSessionUtils - SqlSession [org.apache.ibatis.session.defaults.DefaultSqlSession@3d2581ef] was not registered for synchronization because synchronization is not active
18:33:28.578 [http-nio-8080-exec-6] DEBUG o.s.jdbc.datasource.DataSourceUtils - Fetching JDBC Connection from DataSource
18:33:28.579 [http-nio-8080-exec-6] DEBUG o.m.s.t.SpringManagedTransaction - JDBC Connection [HikariProxyConnection@870479931 wrapping org.mariadb.jdbc.Connection@641f5ecb] will not be managed by Spring
18:33:28.580 [http-nio-8080-exec-6] DEBUG c.e.d.d.d.P.getAllPatternDetections - ==>  Preparing: SELECT * FROM detection_db.pattern_detection
18:33:28.580 [http-nio-8080-exec-6] DEBUG c.e.d.d.d.P.getAllPatternDetections - ==> Parameters: 
18:33:28.580 [http-nio-8080-exec-6] DEBUG o.m.jdbc.client.impl.StandardClient - execute query: SELECT * FROM detection_db.pattern_detection
18:33:28.585 [http-nio-8080-exec-6] DEBUG c.e.d.d.d.P.getAllPatternDetections - <==      Total: 16
18:33:28.585 [http-nio-8080-exec-6] DEBUG org.mybatis.spring.SqlSessionUtils - Closing non transactional SqlSession [org.apache.ibatis.session.defaults.DefaultSqlSession@3d2581ef]
18:33:28.586 [http-nio-8080-exec-6] DEBUG o.s.w.s.v.ContentNegotiatingViewResolver - Selected 'text/html' given [text/html, application/xhtml+xml, image/avif, image/webp, image/apng, application/xml;q=0.9, */*;q=0.8, application/signed-exchange;v=b3;q=0.7]
18:33:28.594 [http-nio-8080-exec-6] DEBUG o.s.web.servlet.DispatcherServlet - Completed 200 OK
18:33:28.660 [http-nio-8080-exec-4] DEBUG o.s.web.servlet.DispatcherServlet - POST "/api/search-pattern-detections", parameters={}
18:33:28.661 [http-nio-8080-exec-4] DEBUG o.s.w.s.m.m.a.RequestMappingHandlerMapping - Mapped to com.example.demo.controller.detection.PatternDetectionController#searchPatternDetections(SearchCriteria)
18:33:28.662 [http-nio-8080-exec-4] DEBUG o.s.w.s.m.m.a.RequestResponseBodyMethodProcessor - Read "application/json;charset=UTF-8" to [com.example.demo.controller.log.SearchCriteria@53dd7bf6]
18:33:28.662 [http-nio-8080-exec-4] DEBUG org.mybatis.spring.SqlSessionUtils - Creating a new SqlSession
18:33:28.662 [http-nio-8080-exec-4] DEBUG org.mybatis.spring.SqlSessionUtils - SqlSession [org.apache.ibatis.session.defaults.DefaultSqlSession@1c2795c6] was not registered for synchronization because synchronization is not active
18:33:28.662 [http-nio-8080-exec-4] DEBUG o.s.jdbc.datasource.DataSourceUtils - Fetching JDBC Connection from DataSource
18:33:28.662 [http-nio-8080-exec-4] DEBUG o.m.s.t.SpringManagedTransaction - JDBC Connection [HikariProxyConnection@605904767 wrapping org.mariadb.jdbc.Connection@641f5ecb] will not be managed by Spring
18:33:28.662 [http-nio-8080-exec-4] DEBUG c.e.d.d.d.P.getAllPatternDetections - ==>  Preparing: SELECT * FROM detection_db.pattern_detection
18:33:28.662 [http-nio-8080-exec-4] DEBUG c.e.d.d.d.P.getAllPatternDetections - ==> Parameters: 
18:33:28.662 [http-nio-8080-exec-4] DEBUG o.m.jdbc.client.impl.StandardClient - execute query: SELECT * FROM detection_db.pattern_detection
18:33:28.663 [http-nio-8080-exec-5] DEBUG o.s.web.servlet.DispatcherServlet - GET "/favicon.ico", parameters={}
18:33:28.665 [http-nio-8080-exec-5] DEBUG o.s.w.s.m.m.a.RequestMappingHandlerMapping - Mapped to com.example.demo.controller.log.FaviconController#returnNoFavicon()
18:33:28.666 [http-nio-8080-exec-5] DEBUG o.s.w.s.m.m.a.RequestResponseBodyMethodProcessor - Using 'application/json;q=0.8', given [image/avif, image/webp, image/apng, image/svg+xml, image/*, */*;q=0.8] and supported [application/json, application/*+json]
18:33:28.666 [http-nio-8080-exec-5] DEBUG o.s.w.s.m.m.a.RequestResponseBodyMethodProcessor - Nothing to write: null body
18:33:28.666 [http-nio-8080-exec-5] DEBUG o.s.web.servlet.DispatcherServlet - Completed 200 OK
18:33:28.669 [http-nio-8080-exec-4] DEBUG c.e.d.d.d.P.getAllPatternDetections - <==      Total: 16
18:33:28.670 [http-nio-8080-exec-4] DEBUG org.mybatis.spring.SqlSessionUtils - Closing non transactional SqlSession [org.apache.ibatis.session.defaults.DefaultSqlSession@1c2795c6]
18:33:28.670 [http-nio-8080-exec-4] DEBUG o.s.w.s.m.m.a.RequestResponseBodyMethodProcessor - Using 'application/json', given [*/*] and supported [application/json, application/*+json]
18:33:28.671 [http-nio-8080-exec-4] DEBUG o.s.w.s.m.m.a.RequestResponseBodyMethodProcessor - Writing [[PatternDetection{detection_number=1, s_ip='192.168.1.73', d_ip='192.168.1.26', s_port=3306, d_port= (truncated)...]
18:33:28.672 [http-nio-8080-exec-4] DEBUG o.s.web.servlet.DispatcherServlet - Completed 200 OK
18:33:47.622 [HikariPool-1 housekeeper] DEBUG com.zaxxer.hikari.pool.HikariPool - HikariPool-1 - Pool stats (total=10, active=0, idle=10, waiting=0)
18:33:47.622 [HikariPool-1 housekeeper] DEBUG com.zaxxer.hikari.pool.HikariPool - HikariPool-1 - Fill pool skipped, pool has sufficient level or currently being filled.
18:34:17.624 [HikariPool-1 housekeeper] DEBUG com.zaxxer.hikari.pool.HikariPool - HikariPool-1 - Pool stats (total=10, active=0, idle=10, waiting=0)
18:34:17.624 [HikariPool-1 housekeeper] DEBUG com.zaxxer.hikari.pool.HikariPool - HikariPool-1 - Fill pool skipped, pool has sufficient level or currently being filled.
18:34:47.625 [HikariPool-1 housekeeper] DEBUG com.zaxxer.hikari.pool.HikariPool - HikariPool-1 - Pool stats (total=10, active=0, idle=10, waiting=0)
18:34:47.625 [HikariPool-1 housekeeper] DEBUG com.zaxxer.hikari.pool.HikariPool - HikariPool-1 - Fill pool skipped, pool has sufficient level or currently being filled.
18:35:17.627 [HikariPool-1 housekeeper] DEBUG com.zaxxer.hikari.pool.HikariPool - HikariPool-1 - Pool stats (total=10, active=0, idle=10, waiting=0)
18:35:17.627 [HikariPool-1 housekeeper] DEBUG com.zaxxer.hikari.pool.HikariPool - HikariPool-1 - Fill pool skipped, pool has sufficient level or currently being filled.
18:35:24.760 [http-nio-8080-exec-9] DEBUG o.s.web.servlet.DispatcherServlet - POST "/api/search-pattern-detections", parameters={}
18:35:24.761 [http-nio-8080-exec-9] DEBUG o.s.w.s.m.m.a.RequestMappingHandlerMapping - Mapped to com.example.demo.controller.detection.PatternDetectionController#searchPatternDetections(SearchCriteria)
18:35:24.762 [http-nio-8080-exec-9] DEBUG o.s.w.s.m.m.a.RequestResponseBodyMethodProcessor - Read "application/json;charset=UTF-8" to [com.example.demo.controller.log.SearchCriteria@6a03dbe9]
18:35:24.762 [http-nio-8080-exec-9] DEBUG org.mybatis.spring.SqlSessionUtils - Creating a new SqlSession
18:35:24.762 [http-nio-8080-exec-9] DEBUG org.mybatis.spring.SqlSessionUtils - SqlSession [org.apache.ibatis.session.defaults.DefaultSqlSession@185c5254] was not registered for synchronization because synchronization is not active
18:35:24.762 [http-nio-8080-exec-9] DEBUG o.s.jdbc.datasource.DataSourceUtils - Fetching JDBC Connection from DataSource
18:35:24.763 [http-nio-8080-exec-9] DEBUG o.m.s.t.SpringManagedTransaction - JDBC Connection [HikariProxyConnection@331659040 wrapping org.mariadb.jdbc.Connection@641f5ecb] will not be managed by Spring
18:35:24.763 [http-nio-8080-exec-9] DEBUG c.e.d.d.d.P.getAllPatternDetections - ==>  Preparing: SELECT * FROM detection_db.pattern_detection
18:35:24.763 [http-nio-8080-exec-9] DEBUG c.e.d.d.d.P.getAllPatternDetections - ==> Parameters: 
18:35:24.763 [http-nio-8080-exec-9] DEBUG o.m.jdbc.client.impl.StandardClient - execute query: SELECT * FROM detection_db.pattern_detection
18:35:24.767 [http-nio-8080-exec-9] DEBUG c.e.d.d.d.P.getAllPatternDetections - <==      Total: 16
18:35:24.767 [http-nio-8080-exec-9] DEBUG org.mybatis.spring.SqlSessionUtils - Closing non transactional SqlSession [org.apache.ibatis.session.defaults.DefaultSqlSession@185c5254]
18:35:24.767 [http-nio-8080-exec-9] DEBUG o.s.w.s.m.m.a.RequestResponseBodyMethodProcessor - Using 'application/json', given [*/*] and supported [application/json, application/*+json]
18:35:24.767 [http-nio-8080-exec-9] DEBUG o.s.w.s.m.m.a.RequestResponseBodyMethodProcessor - Writing [[PatternDetection{detection_number=1, s_ip='192.168.1.73', d_ip='192.168.1.26', s_port=3306, d_port= (truncated)...]
18:35:24.768 [http-nio-8080-exec-9] DEBUG o.s.web.servlet.DispatcherServlet - Completed 200 OK
18:35:26.376 [http-nio-8080-exec-10] DEBUG o.s.web.servlet.DispatcherServlet - POST "/api/search-pattern-detections", parameters={}
18:35:26.376 [http-nio-8080-exec-10] DEBUG o.s.w.s.m.m.a.RequestMappingHandlerMapping - Mapped to com.example.demo.controller.detection.PatternDetectionController#searchPatternDetections(SearchCriteria)
18:35:26.376 [http-nio-8080-exec-10] DEBUG o.s.w.s.m.m.a.RequestResponseBodyMethodProcessor - Read "application/json;charset=UTF-8" to [com.example.demo.controller.log.SearchCriteria@72e5b0bf]
18:35:26.377 [http-nio-8080-exec-10] DEBUG org.mybatis.spring.SqlSessionUtils - Creating a new SqlSession
18:35:26.377 [http-nio-8080-exec-10] DEBUG org.mybatis.spring.SqlSessionUtils - SqlSession [org.apache.ibatis.session.defaults.DefaultSqlSession@6d994228] was not registered for synchronization because synchronization is not active
18:35:26.377 [http-nio-8080-exec-10] DEBUG o.s.jdbc.datasource.DataSourceUtils - Fetching JDBC Connection from DataSource
18:35:26.379 [http-nio-8080-exec-10] DEBUG o.m.s.t.SpringManagedTransaction - JDBC Connection [HikariProxyConnection@1152586650 wrapping org.mariadb.jdbc.Connection@641f5ecb] will not be managed by Spring
18:35:26.379 [http-nio-8080-exec-10] DEBUG c.e.d.d.d.P.getAllPatternDetections - ==>  Preparing: SELECT * FROM detection_db.pattern_detection
18:35:26.379 [http-nio-8080-exec-10] DEBUG c.e.d.d.d.P.getAllPatternDetections - ==> Parameters: 
18:35:26.379 [http-nio-8080-exec-10] DEBUG o.m.jdbc.client.impl.StandardClient - execute query: SELECT * FROM detection_db.pattern_detection
18:35:26.384 [http-nio-8080-exec-10] DEBUG c.e.d.d.d.P.getAllPatternDetections - <==      Total: 16
18:35:26.384 [http-nio-8080-exec-10] DEBUG org.mybatis.spring.SqlSessionUtils - Closing non transactional SqlSession [org.apache.ibatis.session.defaults.DefaultSqlSession@6d994228]
18:35:26.384 [http-nio-8080-exec-10] DEBUG o.s.w.s.m.m.a.RequestResponseBodyMethodProcessor - Using 'application/json', given [*/*] and supported [application/json, application/*+json]
18:35:26.385 [http-nio-8080-exec-10] DEBUG o.s.w.s.m.m.a.RequestResponseBodyMethodProcessor - Writing [[PatternDetection{detection_number=1, s_ip='192.168.1.73', d_ip='192.168.1.26', s_port=3306, d_port= (truncated)...]
18:35:26.386 [http-nio-8080-exec-10] DEBUG o.s.web.servlet.DispatcherServlet - Completed 200 OK
18:35:47.628 [HikariPool-1 housekeeper] DEBUG com.zaxxer.hikari.pool.HikariPool - HikariPool-1 - Pool stats (total=10, active=0, idle=10, waiting=0)
18:35:47.628 [HikariPool-1 housekeeper] DEBUG com.zaxxer.hikari.pool.HikariPool - HikariPool-1 - Fill pool skipped, pool has sufficient level or currently being filled.
18:36:17.629 [HikariPool-1 housekeeper] DEBUG com.zaxxer.hikari.pool.HikariPool - HikariPool-1 - Pool stats (total=10, active=0, idle=10, waiting=0)
18:36:17.629 [HikariPool-1 housekeeper] DEBUG com.zaxxer.hikari.pool.HikariPool - HikariPool-1 - Fill pool skipped, pool has sufficient level or currently being filled.
18:36:47.630 [HikariPool-1 housekeeper] DEBUG com.zaxxer.hikari.pool.HikariPool - HikariPool-1 - Pool stats (total=10, active=0, idle=10, waiting=0)
18:36:47.630 [HikariPool-1 housekeeper] DEBUG com.zaxxer.hikari.pool.HikariPool - HikariPool-1 - Fill pool skipped, pool has sufficient level or currently being filled.
18:36:51.910 [http-nio-8080-exec-3] DEBUG o.s.web.servlet.DispatcherServlet - GET "/behaviorpolicy", parameters={}
18:36:51.910 [http-nio-8080-exec-3] DEBUG o.s.w.s.m.m.a.RequestMappingHandlerMapping - Mapped to com.example.demo.controller.detection.BehaviorDetectionController#showPolicyList2(Model)
18:36:51.911 [http-nio-8080-exec-3] DEBUG org.mybatis.spring.SqlSessionUtils - Creating a new SqlSession
18:36:51.911 [http-nio-8080-exec-3] DEBUG org.mybatis.spring.SqlSessionUtils - SqlSession [org.apache.ibatis.session.defaults.DefaultSqlSession@22bf2225] was not registered for synchronization because synchronization is not active
18:36:51.911 [http-nio-8080-exec-3] DEBUG o.s.jdbc.datasource.DataSourceUtils - Fetching JDBC Connection from DataSource
18:36:51.913 [http-nio-8080-exec-3] DEBUG o.m.s.t.SpringManagedTransaction - JDBC Connection [HikariProxyConnection@1600723700 wrapping org.mariadb.jdbc.Connection@641f5ecb] will not be managed by Spring
18:36:51.913 [http-nio-8080-exec-3] DEBUG c.e.d.d.d.B.getAllBehaviorDetections - ==>  Preparing: SELECT * FROM detection_db.behavior_detection
18:36:51.913 [http-nio-8080-exec-3] DEBUG c.e.d.d.d.B.getAllBehaviorDetections - ==> Parameters: 
18:36:51.913 [http-nio-8080-exec-3] DEBUG o.m.jdbc.client.impl.StandardClient - execute query: SELECT * FROM detection_db.behavior_detection
18:36:51.918 [http-nio-8080-exec-3] DEBUG c.e.d.d.d.B.getAllBehaviorDetections - <==      Total: 6
18:36:51.918 [http-nio-8080-exec-3] DEBUG org.mybatis.spring.SqlSessionUtils - Closing non transactional SqlSession [org.apache.ibatis.session.defaults.DefaultSqlSession@22bf2225]
18:36:51.919 [http-nio-8080-exec-3] DEBUG o.s.w.s.v.ContentNegotiatingViewResolver - Selected 'text/html' given [text/html, application/xhtml+xml, image/avif, image/webp, image/apng, application/xml;q=0.9, */*;q=0.8, application/signed-exchange;v=b3;q=0.7]
18:36:51.929 [http-nio-8080-exec-3] DEBUG o.s.web.servlet.DispatcherServlet - Completed 200 OK
18:36:51.975 [http-nio-8080-exec-2] DEBUG o.s.web.servlet.DispatcherServlet - POST "/api/search-behavior-detections", parameters={}
18:36:51.975 [http-nio-8080-exec-2] DEBUG o.s.w.s.m.m.a.RequestMappingHandlerMapping - Mapped to com.example.demo.controller.detection.BehaviorDetectionController#searchBehaviorDetections(BehaviorDetection)
18:36:51.983 [http-nio-8080-exec-6] DEBUG o.s.web.servlet.DispatcherServlet - GET "/favicon.ico", parameters={}
18:36:51.983 [http-nio-8080-exec-6] DEBUG o.s.w.s.m.m.a.RequestMappingHandlerMapping - Mapped to com.example.demo.controller.log.FaviconController#returnNoFavicon()
18:36:51.985 [http-nio-8080-exec-6] DEBUG o.s.w.s.m.m.a.RequestResponseBodyMethodProcessor - Using 'application/json;q=0.8', given [image/avif, image/webp, image/apng, image/svg+xml, image/*, */*;q=0.8] and supported [application/json, application/*+json]
18:36:51.985 [http-nio-8080-exec-6] DEBUG o.s.w.s.m.m.a.RequestResponseBodyMethodProcessor - Nothing to write: null body
18:36:51.985 [http-nio-8080-exec-6] DEBUG o.s.web.servlet.DispatcherServlet - Completed 200 OK
18:36:52.000 [http-nio-8080-exec-2] DEBUG o.s.w.s.m.m.a.RequestResponseBodyMethodProcessor - Read "application/json;charset=UTF-8" to [BehaviorDetection{detection_number=null, s_ip='null', d_ip='null', s_port=null, d_port=null, create_ (truncated)...]
18:36:52.001 [http-nio-8080-exec-2] DEBUG org.mybatis.spring.SqlSessionUtils - Creating a new SqlSession
18:36:52.001 [http-nio-8080-exec-2] DEBUG org.mybatis.spring.SqlSessionUtils - SqlSession [org.apache.ibatis.session.defaults.DefaultSqlSession@63996be1] was not registered for synchronization because synchronization is not active
18:36:52.001 [http-nio-8080-exec-2] DEBUG o.s.jdbc.datasource.DataSourceUtils - Fetching JDBC Connection from DataSource
18:36:52.002 [http-nio-8080-exec-2] DEBUG o.m.s.t.SpringManagedTransaction - JDBC Connection [HikariProxyConnection@700622959 wrapping org.mariadb.jdbc.Connection@641f5ecb] will not be managed by Spring
18:36:52.002 [http-nio-8080-exec-2] DEBUG c.e.d.d.d.B.searchBehaviorDetections - ==>  Preparing: SELECT * FROM detection_db.behavior_detection WHERE (s_ip LIKE '%' || ? || '%' OR ? IS NULL) AND (d_ip LIKE '%' || ? || '%' OR ? IS NULL) AND (s_port LIKE '%' || ? || '%' OR ? IS NULL) AND (d_port LIKE '%' || ? || '%' OR ? IS NULL) AND (create_dt LIKE '%' || ? || '%' OR ? IS NULL) AND (modify_dt LIKE '%' || ? || '%' OR ? IS NULL) AND (action_type LIKE '%' || ? || '%' OR ? IS NULL) AND (policy_name LIKE '%' || ? || '%' OR ? IS NULL) AND (policy_info LIKE '%' || ? || '%' OR ? IS NULL) AND (pattern_1 LIKE '%' || ? || '%' OR ? IS NULL) AND (pattern_2 LIKE '%' || ? || '%' OR ? IS NULL) AND (pattern_3 LIKE '%' || ? || '%' OR ? IS NULL) AND (dangerous LIKE '%' || ? || '%' OR ? IS NULL)
18:36:52.004 [http-nio-8080-exec-2] DEBUG c.e.d.d.d.B.searchBehaviorDetections - ==> Parameters: null, null, null, null, null, null, null, null, null, null, null, null, null, null, null, null, null, null, null, null, null, null, null, null, null, null
18:36:52.004 [http-nio-8080-exec-2] DEBUG o.m.jdbc.client.impl.StandardClient - execute query: SELECT * FROM detection_db.behavior_detection 
        WHERE (s_ip LIKE '%' || ? || '%' OR ? IS NULL)
          AND (d_ip LIKE '%' || ? || '%' OR ? IS NULL)
          AND (s_port LIKE '%' || ? || '%' OR ? IS NULL)
          AND (d_port LIKE '%' || ? || '%' OR ? IS NULL)
          AND (create_dt LIKE '%' || ? || '%' OR ? IS NULL)
          AND (modify_dt LIKE '%' || ? || '%' OR ? IS NULL)
          AND (action_type LIKE '%' || ? || '%' OR ? IS NULL)
          AND (policy_name LIKE '%' || ? || '%' OR ? IS NULL)
          AND (policy_info LIKE '%' || ? || '%' OR ? IS NULL)
          AND (pattern_1 LIKE '%' || ? || '%' OR ? IS NULL)
          AND (pattern_2 LIKE '%' || ? || '%' OR ? IS NULL)
          AND (pattern_3 LIKE '%' || ? || '%' OR ? IS NULL)
          AND (dangerous LIKE '%' || ? || '%' OR ? IS NULL)
18:36:52.008 [http-nio-8080-exec-2] DEBUG c.e.d.d.d.B.searchBehaviorDetections - <==      Total: 6
18:36:52.008 [http-nio-8080-exec-2] DEBUG org.mybatis.spring.SqlSessionUtils - Closing non transactional SqlSession [org.apache.ibatis.session.defaults.DefaultSqlSession@63996be1]
18:36:52.008 [http-nio-8080-exec-2] DEBUG o.s.w.s.m.m.a.RequestResponseBodyMethodProcessor - Using 'application/json', given [*/*] and supported [application/json, application/*+json]
18:36:52.008 [http-nio-8080-exec-2] DEBUG o.s.w.s.m.m.a.RequestResponseBodyMethodProcessor - Writing [[BehaviorDetection{detection_number=1, s_ip='null', d_ip='192.168.1.33', s_port=3306, d_port=null, c (truncated)...]
18:36:52.012 [http-nio-8080-exec-2] DEBUG o.s.web.servlet.DispatcherServlet - Completed 200 OK
18:36:58.950 [http-nio-8080-exec-5] DEBUG o.s.web.servlet.DispatcherServlet - POST "/api/search-behavior-detections", parameters={}
18:36:58.950 [http-nio-8080-exec-5] DEBUG o.s.w.s.m.m.a.RequestMappingHandlerMapping - Mapped to com.example.demo.controller.detection.BehaviorDetectionController#searchBehaviorDetections(BehaviorDetection)
18:36:58.951 [http-nio-8080-exec-5] DEBUG o.s.w.s.m.m.a.RequestResponseBodyMethodProcessor - Read "application/json;charset=UTF-8" to [BehaviorDetection{detection_number=null, s_ip='null', d_ip='null', s_port=null, d_port=null, create_ (truncated)...]
18:36:58.952 [http-nio-8080-exec-5] DEBUG org.mybatis.spring.SqlSessionUtils - Creating a new SqlSession
18:36:58.952 [http-nio-8080-exec-5] DEBUG org.mybatis.spring.SqlSessionUtils - SqlSession [org.apache.ibatis.session.defaults.DefaultSqlSession@79e135c5] was not registered for synchronization because synchronization is not active
18:36:58.952 [http-nio-8080-exec-5] DEBUG o.s.jdbc.datasource.DataSourceUtils - Fetching JDBC Connection from DataSource
18:36:58.955 [http-nio-8080-exec-5] DEBUG o.m.s.t.SpringManagedTransaction - JDBC Connection [HikariProxyConnection@1999029385 wrapping org.mariadb.jdbc.Connection@641f5ecb] will not be managed by Spring
18:36:58.955 [http-nio-8080-exec-5] DEBUG c.e.d.d.d.B.searchBehaviorDetections - ==>  Preparing: SELECT * FROM detection_db.behavior_detection WHERE (s_ip LIKE '%' || ? || '%' OR ? IS NULL) AND (d_ip LIKE '%' || ? || '%' OR ? IS NULL) AND (s_port LIKE '%' || ? || '%' OR ? IS NULL) AND (d_port LIKE '%' || ? || '%' OR ? IS NULL) AND (create_dt LIKE '%' || ? || '%' OR ? IS NULL) AND (modify_dt LIKE '%' || ? || '%' OR ? IS NULL) AND (action_type LIKE '%' || ? || '%' OR ? IS NULL) AND (policy_name LIKE '%' || ? || '%' OR ? IS NULL) AND (policy_info LIKE '%' || ? || '%' OR ? IS NULL) AND (pattern_1 LIKE '%' || ? || '%' OR ? IS NULL) AND (pattern_2 LIKE '%' || ? || '%' OR ? IS NULL) AND (pattern_3 LIKE '%' || ? || '%' OR ? IS NULL) AND (dangerous LIKE '%' || ? || '%' OR ? IS NULL)
18:36:58.955 [http-nio-8080-exec-5] DEBUG c.e.d.d.d.B.searchBehaviorDetections - ==> Parameters: null, null, null, null, null, null, null, null, null, null, null, null, null, null, null, null, null, null, null, null, null, null, null, null, null, null
18:36:58.955 [http-nio-8080-exec-5] DEBUG o.m.jdbc.client.impl.StandardClient - execute query: SELECT * FROM detection_db.behavior_detection 
        WHERE (s_ip LIKE '%' || ? || '%' OR ? IS NULL)
          AND (d_ip LIKE '%' || ? || '%' OR ? IS NULL)
          AND (s_port LIKE '%' || ? || '%' OR ? IS NULL)
          AND (d_port LIKE '%' || ? || '%' OR ? IS NULL)
          AND (create_dt LIKE '%' || ? || '%' OR ? IS NULL)
          AND (modify_dt LIKE '%' || ? || '%' OR ? IS NULL)
          AND (action_type LIKE '%' || ? || '%' OR ? IS NULL)
          AND (policy_name LIKE '%' || ? || '%' OR ? IS NULL)
          AND (policy_info LIKE '%' || ? || '%' OR ? IS NULL)
          AND (pattern_1 LIKE '%' || ? || '%' OR ? IS NULL)
          AND (pattern_2 LIKE '%' || ? || '%' OR ? IS NULL)
          AND (pattern_3 LIKE '%' || ? || '%' OR ? IS NULL)
          AND (dangerous LIKE '%' || ? || '%' OR ? IS NULL)
18:36:58.959 [http-nio-8080-exec-5] DEBUG c.e.d.d.d.B.searchBehaviorDetections - <==      Total: 6
18:36:58.959 [http-nio-8080-exec-5] DEBUG org.mybatis.spring.SqlSessionUtils - Closing non transactional SqlSession [org.apache.ibatis.session.defaults.DefaultSqlSession@79e135c5]
18:36:58.960 [http-nio-8080-exec-5] DEBUG o.s.w.s.m.m.a.RequestResponseBodyMethodProcessor - Using 'application/json', given [*/*] and supported [application/json, application/*+json]
18:36:58.960 [http-nio-8080-exec-5] DEBUG o.s.w.s.m.m.a.RequestResponseBodyMethodProcessor - Writing [[BehaviorDetection{detection_number=1, s_ip='null', d_ip='192.168.1.33', s_port=3306, d_port=null, c (truncated)...]
18:36:58.961 [http-nio-8080-exec-5] DEBUG o.s.web.servlet.DispatcherServlet - Completed 200 OK
18:36:59.318 [http-nio-8080-exec-4] DEBUG o.s.web.servlet.DispatcherServlet - POST "/api/search-behavior-detections", parameters={}
18:36:59.318 [http-nio-8080-exec-4] DEBUG o.s.w.s.m.m.a.RequestMappingHandlerMapping - Mapped to com.example.demo.controller.detection.BehaviorDetectionController#searchBehaviorDetections(BehaviorDetection)
18:36:59.319 [http-nio-8080-exec-4] DEBUG o.s.w.s.m.m.a.RequestResponseBodyMethodProcessor - Read "application/json;charset=UTF-8" to [BehaviorDetection{detection_number=null, s_ip='null', d_ip='null', s_port=null, d_port=null, create_ (truncated)...]
18:36:59.320 [http-nio-8080-exec-4] DEBUG org.mybatis.spring.SqlSessionUtils - Creating a new SqlSession
18:36:59.320 [http-nio-8080-exec-4] DEBUG org.mybatis.spring.SqlSessionUtils - SqlSession [org.apache.ibatis.session.defaults.DefaultSqlSession@7c086a89] was not registered for synchronization because synchronization is not active
18:36:59.320 [http-nio-8080-exec-4] DEBUG o.s.jdbc.datasource.DataSourceUtils - Fetching JDBC Connection from DataSource
18:36:59.320 [http-nio-8080-exec-4] DEBUG o.m.s.t.SpringManagedTransaction - JDBC Connection [HikariProxyConnection@840971472 wrapping org.mariadb.jdbc.Connection@641f5ecb] will not be managed by Spring
18:36:59.320 [http-nio-8080-exec-4] DEBUG c.e.d.d.d.B.searchBehaviorDetections - ==>  Preparing: SELECT * FROM detection_db.behavior_detection WHERE (s_ip LIKE '%' || ? || '%' OR ? IS NULL) AND (d_ip LIKE '%' || ? || '%' OR ? IS NULL) AND (s_port LIKE '%' || ? || '%' OR ? IS NULL) AND (d_port LIKE '%' || ? || '%' OR ? IS NULL) AND (create_dt LIKE '%' || ? || '%' OR ? IS NULL) AND (modify_dt LIKE '%' || ? || '%' OR ? IS NULL) AND (action_type LIKE '%' || ? || '%' OR ? IS NULL) AND (policy_name LIKE '%' || ? || '%' OR ? IS NULL) AND (policy_info LIKE '%' || ? || '%' OR ? IS NULL) AND (pattern_1 LIKE '%' || ? || '%' OR ? IS NULL) AND (pattern_2 LIKE '%' || ? || '%' OR ? IS NULL) AND (pattern_3 LIKE '%' || ? || '%' OR ? IS NULL) AND (dangerous LIKE '%' || ? || '%' OR ? IS NULL)
18:36:59.321 [http-nio-8080-exec-4] DEBUG c.e.d.d.d.B.searchBehaviorDetections - ==> Parameters: null, null, null, null, null, null, null, null, null, null, null, null, null, null, null, null, null, null, null, null, null, null, null, null, null, null
18:36:59.321 [http-nio-8080-exec-4] DEBUG o.m.jdbc.client.impl.StandardClient - execute query: SELECT * FROM detection_db.behavior_detection 
        WHERE (s_ip LIKE '%' || ? || '%' OR ? IS NULL)
          AND (d_ip LIKE '%' || ? || '%' OR ? IS NULL)
          AND (s_port LIKE '%' || ? || '%' OR ? IS NULL)
          AND (d_port LIKE '%' || ? || '%' OR ? IS NULL)
          AND (create_dt LIKE '%' || ? || '%' OR ? IS NULL)
          AND (modify_dt LIKE '%' || ? || '%' OR ? IS NULL)
          AND (action_type LIKE '%' || ? || '%' OR ? IS NULL)
          AND (policy_name LIKE '%' || ? || '%' OR ? IS NULL)
          AND (policy_info LIKE '%' || ? || '%' OR ? IS NULL)
          AND (pattern_1 LIKE '%' || ? || '%' OR ? IS NULL)
          AND (pattern_2 LIKE '%' || ? || '%' OR ? IS NULL)
          AND (pattern_3 LIKE '%' || ? || '%' OR ? IS NULL)
          AND (dangerous LIKE '%' || ? || '%' OR ? IS NULL)
18:36:59.324 [http-nio-8080-exec-4] DEBUG c.e.d.d.d.B.searchBehaviorDetections - <==      Total: 6
18:36:59.324 [http-nio-8080-exec-4] DEBUG org.mybatis.spring.SqlSessionUtils - Closing non transactional SqlSession [org.apache.ibatis.session.defaults.DefaultSqlSession@7c086a89]
18:36:59.325 [http-nio-8080-exec-4] DEBUG o.s.w.s.m.m.a.RequestResponseBodyMethodProcessor - Using 'application/json', given [*/*] and supported [application/json, application/*+json]
18:36:59.325 [http-nio-8080-exec-4] DEBUG o.s.w.s.m.m.a.RequestResponseBodyMethodProcessor - Writing [[BehaviorDetection{detection_number=1, s_ip='null', d_ip='192.168.1.33', s_port=3306, d_port=null, c (truncated)...]
18:36:59.326 [http-nio-8080-exec-4] DEBUG o.s.web.servlet.DispatcherServlet - Completed 200 OK
18:37:17.632 [HikariPool-1 housekeeper] DEBUG com.zaxxer.hikari.pool.HikariPool - HikariPool-1 - Pool stats (total=10, active=0, idle=10, waiting=0)
18:37:17.632 [HikariPool-1 housekeeper] DEBUG com.zaxxer.hikari.pool.HikariPool - HikariPool-1 - Fill pool skipped, pool has sufficient level or currently being filled.
18:37:47.633 [HikariPool-1 housekeeper] DEBUG com.zaxxer.hikari.pool.HikariPool - HikariPool-1 - Pool stats (total=10, active=0, idle=10, waiting=0)
18:37:47.633 [HikariPool-1 housekeeper] DEBUG com.zaxxer.hikari.pool.HikariPool - HikariPool-1 - Fill pool skipped, pool has sufficient level or currently being filled.
18:38:17.635 [HikariPool-1 housekeeper] DEBUG com.zaxxer.hikari.pool.HikariPool - HikariPool-1 - Pool stats (total=10, active=0, idle=10, waiting=0)
18:38:17.635 [HikariPool-1 housekeeper] DEBUG com.zaxxer.hikari.pool.HikariPool - HikariPool-1 - Fill pool skipped, pool has sufficient level or currently being filled.
18:38:40.444 [RMI TCP Connection(9)-127.0.0.1] INFO  o.s.b.a.SpringApplicationAdminMXBeanRegistrar$SpringApplicationAdmin - Application shutdown requested.
18:38:40.444 [RMI TCP Connection(9)-127.0.0.1] DEBUG o.s.b.a.ApplicationAvailabilityBean - Application availability state ReadinessState changed from ACCEPTING_TRAFFIC to REFUSING_TRAFFIC
18:38:40.445 [RMI TCP Connection(9)-127.0.0.1] DEBUG o.s.b.w.s.c.AnnotationConfigServletWebServerApplicationContext - Closing org.springframework.boot.web.servlet.context.AnnotationConfigServletWebServerApplicationContext@7ed9fe67, started on Sun Jul 14 18:31:14 KST 2024
18:38:40.446 [RMI TCP Connection(9)-127.0.0.1] DEBUG o.s.c.s.DefaultLifecycleProcessor - Stopping beans in phase 2147483647
18:38:40.447 [RMI TCP Connection(9)-127.0.0.1] DEBUG o.s.c.s.DefaultLifecycleProcessor - Bean 'applicationTaskExecutor' completed its stop procedure
18:38:40.447 [RMI TCP Connection(9)-127.0.0.1] DEBUG o.s.c.s.DefaultLifecycleProcessor - Stopping beans in phase 2147482623
18:38:40.448 [RMI TCP Connection(9)-127.0.0.1] DEBUG o.s.c.s.DefaultLifecycleProcessor - Bean 'webServerGracefulShutdown' completed its stop procedure
18:38:40.448 [RMI TCP Connection(9)-127.0.0.1] DEBUG o.s.c.s.DefaultLifecycleProcessor - Stopping beans in phase 2147481599
18:38:40.448 [RMI TCP Connection(9)-127.0.0.1] INFO  o.a.coyote.http11.Http11NioProtocol - Stopping ProtocolHandler ["http-nio-8080"]
18:38:40.454 [RMI TCP Connection(9)-127.0.0.1] DEBUG o.s.c.s.DefaultLifecycleProcessor - Bean 'webServerStartStop' completed its stop procedure
18:38:40.454 [RMI TCP Connection(9)-127.0.0.1] DEBUG o.s.c.s.DefaultLifecycleProcessor - Stopping beans in phase -2147483647
18:38:40.454 [RMI TCP Connection(9)-127.0.0.1] DEBUG o.s.c.s.DefaultLifecycleProcessor - Bean 'springBootLoggingLifecycle' completed its stop procedure
18:38:40.455 [RMI TCP Connection(9)-127.0.0.1] DEBUG o.s.j.e.a.AnnotationMBeanExporter - Unregistering JMX-exposed beans on shutdown
18:38:40.455 [RMI TCP Connection(9)-127.0.0.1] DEBUG o.s.j.e.a.AnnotationMBeanExporter - Unregistering JMX-exposed beans
18:38:40.455 [RMI TCP Connection(9)-127.0.0.1] DEBUG o.s.s.c.ThreadPoolTaskExecutor - Shutting down ExecutorService 'applicationTaskExecutor'
18:38:40.455 [RMI TCP Connection(9)-127.0.0.1] INFO  com.zaxxer.hikari.HikariDataSource - HikariPool-1 - Shutdown initiated...
18:38:40.456 [RMI TCP Connection(9)-127.0.0.1] DEBUG com.zaxxer.hikari.pool.HikariPool - HikariPool-1 - Before shutdown stats (total=10, active=0, idle=10, waiting=0)
18:38:40.457 [HikariPool-1 connection closer] DEBUG com.zaxxer.hikari.pool.PoolBase - HikariPool-1 - Closing connection org.mariadb.jdbc.Connection@641f5ecb: (connection evicted)
18:38:40.460 [HikariPool-1 connection closer] DEBUG com.zaxxer.hikari.pool.PoolBase - HikariPool-1 - Closing connection org.mariadb.jdbc.Connection@41ec996: (connection evicted)
18:38:40.462 [HikariPool-1 connection closer] DEBUG com.zaxxer.hikari.pool.PoolBase - HikariPool-1 - Closing connection org.mariadb.jdbc.Connection@5100bcb2: (connection evicted)
18:38:40.464 [HikariPool-1 connection closer] DEBUG com.zaxxer.hikari.pool.PoolBase - HikariPool-1 - Closing connection org.mariadb.jdbc.Connection@2520f3dc: (connection evicted)
18:38:40.466 [HikariPool-1 connection closer] DEBUG com.zaxxer.hikari.pool.PoolBase - HikariPool-1 - Closing connection org.mariadb.jdbc.Connection@51241d05: (connection evicted)
18:38:40.469 [HikariPool-1 connection closer] DEBUG com.zaxxer.hikari.pool.PoolBase - HikariPool-1 - Closing connection org.mariadb.jdbc.Connection@1a82a521: (connection evicted)
18:38:40.471 [HikariPool-1 connection closer] DEBUG com.zaxxer.hikari.pool.PoolBase - HikariPool-1 - Closing connection org.mariadb.jdbc.Connection@13261752: (connection evicted)
18:38:40.473 [HikariPool-1 connection closer] DEBUG com.zaxxer.hikari.pool.PoolBase - HikariPool-1 - Closing connection org.mariadb.jdbc.Connection@5639c970: (connection evicted)
18:38:40.475 [HikariPool-1 connection closer] DEBUG com.zaxxer.hikari.pool.PoolBase - HikariPool-1 - Closing connection org.mariadb.jdbc.Connection@f8ca01a: (connection evicted)
18:38:40.477 [HikariPool-1 connection closer] DEBUG com.zaxxer.hikari.pool.PoolBase - HikariPool-1 - Closing connection org.mariadb.jdbc.Connection@629e7bdd: (connection evicted)
18:38:40.479 [RMI TCP Connection(9)-127.0.0.1] DEBUG com.zaxxer.hikari.pool.HikariPool - HikariPool-1 - After shutdown stats (total=0, active=0, idle=0, waiting=0)
18:38:40.480 [RMI TCP Connection(9)-127.0.0.1] INFO  com.zaxxer.hikari.HikariDataSource - HikariPool-1 - Shutdown completed.
