13:31:24.094 [http-nio-8080-exec-2] DEBUG o.s.web.servlet.DispatcherServlet - POST "/addbehaviorpolicy", parameters={masked}
13:31:24.104 [http-nio-8080-exec-2] DEBUG o.s.w.s.m.m.a.RequestMappingHandlerMapping - Mapped to com.example.demo.controller.detection.BehaviorDetectionController#addBehavior(BehaviorDetection)
13:31:24.109 [http-nio-8080-exec-2] DEBUG o.s.beans.CachedIntrospectionResults - Not strongly caching class [com.example.demo.dto.detection.BehaviorDetection] because it is not cache-safe
13:31:24.114 [http-nio-8080-exec-2] DEBUG o.s.w.s.m.m.a.ExceptionHandlerExceptionResolver - Using @ExceptionHandler com.example.demo.controller.detection.GlobalExceptionHandler#handleException(Exception)
13:31:24.114 [http-nio-8080-exec-2] ERROR c.e.d.c.d.GlobalExceptionHandler - 알 수 없는 예외가 발생했습니다.
org.springframework.web.bind.MethodArgumentNotValidException: Validation failed for argument [0] in public java.lang.String com.example.demo.controller.detection.BehaviorDetectionController.addBehavior(com.example.demo.dto.detection.BehaviorDetection) with 2 errors: [Field error in object 'behaviorDetection' on field 'create_dt': rejected value [2024-07-16 12:00]; codes [typeMismatch.behaviorDetection.create_dt,typeMismatch.create_dt,typeMismatch.java.time.LocalDateTime,typeMismatch]; arguments [org.springframework.context.support.DefaultMessageSourceResolvable: codes [behaviorDetection.create_dt,create_dt]; arguments []; default message [create_dt]]; default message [Failed to convert property value of type 'java.lang.String' to required type 'java.time.LocalDateTime' for property 'create_dt'; Failed to convert from type [java.lang.String] to type [java.time.LocalDateTime] for value [2024-07-16 12:00]]] [Field error in object 'behaviorDetection' on field 'modify_dt': rejected value [2024-07-16 12:00]; codes [typeMismatch.behaviorDetection.modify_dt,typeMismatch.modify_dt,typeMismatch.java.time.LocalDateTime,typeMismatch]; arguments [org.springframework.context.support.DefaultMessageSourceResolvable: codes [behaviorDetection.modify_dt,modify_dt]; arguments []; default message [modify_dt]]; default message [Failed to convert property value of type 'java.lang.String' to required type 'java.time.LocalDateTime' for property 'modify_dt'; Failed to convert from type [java.lang.String] to type [java.time.LocalDateTime] for value [2024-07-16 12:00]]] 
	at org.springframework.web.method.annotation.ModelAttributeMethodProcessor.resolveArgument(ModelAttributeMethodProcessor.java:158)
	at org.springframework.web.method.support.HandlerMethodArgumentResolverComposite.resolveArgument(HandlerMethodArgumentResolverComposite.java:122)
	at org.springframework.web.method.support.InvocableHandlerMethod.getMethodArgumentValues(InvocableHandlerMethod.java:224)
	at org.springframework.web.method.support.InvocableHandlerMethod.invokeForRequest(InvocableHandlerMethod.java:178)
	at org.springframework.web.servlet.mvc.method.annotation.ServletInvocableHandlerMethod.invokeAndHandle(ServletInvocableHandlerMethod.java:118)
	at org.springframework.web.servlet.mvc.method.annotation.RequestMappingHandlerAdapter.invokeHandlerMethod(RequestMappingHandlerAdapter.java:926)
	at org.springframework.web.servlet.mvc.method.annotation.RequestMappingHandlerAdapter.handleInternal(RequestMappingHandlerAdapter.java:831)
	at org.springframework.web.servlet.mvc.method.AbstractHandlerMethodAdapter.handle(AbstractHandlerMethodAdapter.java:87)
	at org.springframework.web.servlet.DispatcherServlet.doDispatch(DispatcherServlet.java:1089)
	at org.springframework.web.servlet.DispatcherServlet.doService(DispatcherServlet.java:979)
	at org.springframework.web.servlet.FrameworkServlet.processRequest(FrameworkServlet.java:1014)
	at org.springframework.web.servlet.FrameworkServlet.doPost(FrameworkServlet.java:914)
	at jakarta.servlet.http.HttpServlet.service(HttpServlet.java:590)
	at org.springframework.web.servlet.FrameworkServlet.service(FrameworkServlet.java:885)
	at jakarta.servlet.http.HttpServlet.service(HttpServlet.java:658)
	at org.apache.catalina.core.ApplicationFilterChain.internalDoFilter(ApplicationFilterChain.java:195)
	at org.apache.catalina.core.ApplicationFilterChain.doFilter(ApplicationFilterChain.java:140)
	at org.apache.tomcat.websocket.server.WsFilter.doFilter(WsFilter.java:51)
	at org.apache.catalina.core.ApplicationFilterChain.internalDoFilter(ApplicationFilterChain.java:164)
	at org.apache.catalina.core.ApplicationFilterChain.doFilter(ApplicationFilterChain.java:140)
	at org.springframework.web.filter.RequestContextFilter.doFilterInternal(RequestContextFilter.java:100)
	at org.springframework.web.filter.OncePerRequestFilter.doFilter(OncePerRequestFilter.java:116)
	at org.apache.catalina.core.ApplicationFilterChain.internalDoFilter(ApplicationFilterChain.java:164)
	at org.apache.catalina.core.ApplicationFilterChain.doFilter(ApplicationFilterChain.java:140)
	at org.springframework.web.filter.FormContentFilter.doFilterInternal(FormContentFilter.java:93)
	at org.springframework.web.filter.OncePerRequestFilter.doFilter(OncePerRequestFilter.java:116)
	at org.apache.catalina.core.ApplicationFilterChain.internalDoFilter(ApplicationFilterChain.java:164)
	at org.apache.catalina.core.ApplicationFilterChain.doFilter(ApplicationFilterChain.java:140)
	at org.springframework.web.filter.CharacterEncodingFilter.doFilterInternal(CharacterEncodingFilter.java:201)
	at org.springframework.web.filter.OncePerRequestFilter.doFilter(OncePerRequestFilter.java:116)
	at org.apache.catalina.core.ApplicationFilterChain.internalDoFilter(ApplicationFilterChain.java:164)
	at org.apache.catalina.core.ApplicationFilterChain.doFilter(ApplicationFilterChain.java:140)
	at org.apache.catalina.core.StandardWrapperValve.invoke(StandardWrapperValve.java:167)
	at org.apache.catalina.core.StandardContextValve.invoke(StandardContextValve.java:90)
	at org.apache.catalina.authenticator.AuthenticatorBase.invoke(AuthenticatorBase.java:482)
	at org.apache.catalina.core.StandardHostValve.invoke(StandardHostValve.java:115)
	at org.apache.catalina.valves.ErrorReportValve.invoke(ErrorReportValve.java:93)
	at org.apache.catalina.core.StandardEngineValve.invoke(StandardEngineValve.java:74)
	at org.apache.catalina.connector.CoyoteAdapter.service(CoyoteAdapter.java:344)
	at org.apache.coyote.http11.Http11Processor.service(Http11Processor.java:389)
	at org.apache.coyote.AbstractProcessorLight.process(AbstractProcessorLight.java:63)
	at org.apache.coyote.AbstractProtocol$ConnectionHandler.process(AbstractProtocol.java:904)
	at org.apache.tomcat.util.net.NioEndpoint$SocketProcessor.doRun(NioEndpoint.java:1741)
	at org.apache.tomcat.util.net.SocketProcessorBase.run(SocketProcessorBase.java:52)
	at org.apache.tomcat.util.threads.ThreadPoolExecutor.runWorker(ThreadPoolExecutor.java:1190)
	at org.apache.tomcat.util.threads.ThreadPoolExecutor$Worker.run(ThreadPoolExecutor.java:659)
	at org.apache.tomcat.util.threads.TaskThread$WrappingRunnable.run(TaskThread.java:63)
	at java.base/java.lang.Thread.run(Thread.java:1570)
13:31:24.116 [http-nio-8080-exec-2] WARN  o.s.w.s.m.m.a.ExceptionHandlerExceptionResolver - Resolved [org.springframework.web.bind.MethodArgumentNotValidException: Validation failed for argument [0] in public java.lang.String com.example.demo.controller.detection.BehaviorDetectionController.addBehavior(com.example.demo.dto.detection.BehaviorDetection) with 2 errors: [Field error in object 'behaviorDetection' on field 'create_dt': rejected value [2024-07-16 12:00]; codes [typeMismatch.behaviorDetection.create_dt,typeMismatch.create_dt,typeMismatch.java.time.LocalDateTime,typeMismatch]; arguments [org.springframework.context.support.DefaultMessageSourceResolvable: codes [behaviorDetection.create_dt,create_dt]; arguments []; default message [create_dt]]; default message [Failed to convert property value of type 'java.lang.String' to required type 'java.time.LocalDateTime' for property 'create_dt'; Failed to convert from type [java.lang.String] to type [java.time.LocalDateTime] for value [2024-07-16 12:00]]] [Field error in object 'behaviorDetection' on field 'modify_dt': rejected value [2024-07-16 12:00]; codes [typeMismatch.behaviorDetection.modify_dt,typeMismatch.modify_dt,typeMismatch.java.time.LocalDateTime,typeMismatch]; arguments [org.springframework.context.support.DefaultMessageSourceResolvable: codes [behaviorDetection.modify_dt,modify_dt]; arguments []; default message [modify_dt]]; default message [Failed to convert property value of type 'java.lang.String' to required type 'java.time.LocalDateTime' for property 'modify_dt'; Failed to convert from type [java.lang.String] to type [java.time.LocalDateTime] for value [2024-07-16 12:00]]] ]
13:31:24.116 [http-nio-8080-exec-2] DEBUG o.s.web.servlet.DispatcherServlet - Using resolved error view: ModelAndView [view="500"; model={}]
13:31:24.117 [http-nio-8080-exec-2] DEBUG o.s.w.s.v.ContentNegotiatingViewResolver - Selected 'text/html' given [text/html, application/xhtml+xml, image/avif, image/webp, image/apng, application/xml;q=0.9, */*;q=0.8, application/signed-exchange;v=b3;q=0.7]
13:31:24.119 [http-nio-8080-exec-2] DEBUG o.s.web.servlet.DispatcherServlet - Completed 200 OK
13:31:24.136 [http-nio-8080-exec-5] DEBUG o.s.web.servlet.DispatcherServlet - GET "/css/bootstrap.min.css", parameters={}
13:31:24.136 [http-nio-8080-exec-8] DEBUG o.s.web.servlet.DispatcherServlet - GET "/lib/chart/chart.min.js", parameters={}
13:31:24.136 [http-nio-8080-exec-10] DEBUG o.s.web.servlet.DispatcherServlet - GET "/css/style.css", parameters={}
13:31:24.136 [http-nio-8080-exec-5] DEBUG o.s.w.s.h.SimpleUrlHandlerMapping - Mapped to ResourceHttpRequestHandler [classpath [META-INF/resources/], classpath [resources/], classpath [static/], classpath [public/], ServletContext [/]]
13:31:24.136 [http-nio-8080-exec-8] DEBUG o.s.w.s.h.SimpleUrlHandlerMapping - Mapped to ResourceHttpRequestHandler [classpath [META-INF/resources/], classpath [resources/], classpath [static/], classpath [public/], ServletContext [/]]
13:31:24.137 [http-nio-8080-exec-10] DEBUG o.s.w.s.h.SimpleUrlHandlerMapping - Mapped to ResourceHttpRequestHandler [classpath [META-INF/resources/], classpath [resources/], classpath [static/], classpath [public/], ServletContext [/]]
13:31:24.139 [http-nio-8080-exec-4] DEBUG o.s.web.servlet.DispatcherServlet - GET "/lib/waypoints/waypoints.min.js", parameters={}
13:31:24.139 [http-nio-8080-exec-4] DEBUG o.s.w.s.h.SimpleUrlHandlerMapping - Mapped to ResourceHttpRequestHandler [classpath [META-INF/resources/], classpath [resources/], classpath [static/], classpath [public/], ServletContext [/]]
13:31:24.140 [http-nio-8080-exec-6] DEBUG o.s.web.servlet.DispatcherServlet - GET "/lib/easing/easing.min.js", parameters={}
13:31:24.140 [http-nio-8080-exec-6] DEBUG o.s.w.s.h.SimpleUrlHandlerMapping - Mapped to ResourceHttpRequestHandler [classpath [META-INF/resources/], classpath [resources/], classpath [static/], classpath [public/], ServletContext [/]]
13:31:24.145 [http-nio-8080-exec-10] DEBUG o.s.web.servlet.DispatcherServlet - Completed 200 OK
13:31:24.145 [http-nio-8080-exec-10] DEBUG o.s.web.servlet.DispatcherServlet - GET "/lib/tempusdominus/js/moment.min.js", parameters={}
13:31:24.149 [http-nio-8080-exec-5] DEBUG o.s.web.servlet.DispatcherServlet - Completed 200 OK
13:31:24.149 [http-nio-8080-exec-10] DEBUG o.s.w.s.h.SimpleUrlHandlerMapping - Mapped to ResourceHttpRequestHandler [classpath [META-INF/resources/], classpath [resources/], classpath [static/], classpath [public/], ServletContext [/]]
13:31:24.150 [http-nio-8080-exec-1] DEBUG o.s.web.servlet.DispatcherServlet - GET "/lib/owlcarousel/owl.carousel.min.js", parameters={}
13:31:24.150 [http-nio-8080-exec-1] DEBUG o.s.w.s.h.SimpleUrlHandlerMapping - Mapped to ResourceHttpRequestHandler [classpath [META-INF/resources/], classpath [resources/], classpath [static/], classpath [public/], ServletContext [/]]
13:31:24.154 [http-nio-8080-exec-1] DEBUG o.s.web.servlet.DispatcherServlet - Completed 200 OK
13:31:24.155 [http-nio-8080-exec-1] DEBUG o.s.web.servlet.DispatcherServlet - GET "/lib/tempusdominus/js/tempusdominus-bootstrap-4.min.js", parameters={}
13:31:24.160 [http-nio-8080-exec-1] DEBUG o.s.w.s.h.SimpleUrlHandlerMapping - Mapped to ResourceHttpRequestHandler [classpath [META-INF/resources/], classpath [resources/], classpath [static/], classpath [public/], ServletContext [/]]
13:31:24.164 [http-nio-8080-exec-10] DEBUG o.s.web.servlet.DispatcherServlet - Completed 200 OK
13:31:24.165 [http-nio-8080-exec-10] DEBUG o.s.web.servlet.DispatcherServlet - GET "/js/main.js", parameters={}
13:31:24.165 [http-nio-8080-exec-10] DEBUG o.s.w.s.h.SimpleUrlHandlerMapping - Mapped to ResourceHttpRequestHandler [classpath [META-INF/resources/], classpath [resources/], classpath [static/], classpath [public/], ServletContext [/]]
13:31:24.169 [http-nio-8080-exec-6] DEBUG o.s.web.servlet.DispatcherServlet - Completed 200 OK
13:31:24.169 [http-nio-8080-exec-4] DEBUG o.s.web.servlet.DispatcherServlet - Completed 200 OK
13:31:24.170 [http-nio-8080-exec-6] DEBUG o.s.web.servlet.DispatcherServlet - GET "/lib/tempusdominus/js/moment-timezone.min.js", parameters={}
13:31:24.170 [http-nio-8080-exec-6] DEBUG o.s.w.s.h.SimpleUrlHandlerMapping - Mapped to ResourceHttpRequestHandler [classpath [META-INF/resources/], classpath [resources/], classpath [static/], classpath [public/], ServletContext [/]]
13:31:24.170 [http-nio-8080-exec-8] DEBUG o.s.web.servlet.DispatcherServlet - Completed 200 OK
13:31:24.171 [http-nio-8080-exec-10] DEBUG o.s.web.servlet.DispatcherServlet - Completed 200 OK
13:31:24.173 [http-nio-8080-exec-1] DEBUG o.s.web.servlet.DispatcherServlet - Completed 200 OK
13:31:24.177 [http-nio-8080-exec-6] DEBUG o.s.web.servlet.DispatcherServlet - Completed 200 OK
13:31:27.054 [http-nio-8080-exec-7] DEBUG o.s.web.servlet.DispatcherServlet - GET "/addbehaviorpolicy", parameters={}
13:31:27.054 [http-nio-8080-exec-7] DEBUG o.s.w.s.m.m.a.RequestMappingHandlerMapping - Mapped to com.example.demo.controller.detection.BehaviorDetectionController#showAddBehaviorForm(Model)
13:31:27.055 [http-nio-8080-exec-7] DEBUG o.s.w.s.v.ContentNegotiatingViewResolver - Selected 'text/html' given [text/html, application/xhtml+xml, image/avif, image/webp, image/apng, application/xml;q=0.9, */*;q=0.8, application/signed-exchange;v=b3;q=0.7]
13:31:27.062 [http-nio-8080-exec-7] DEBUG o.s.web.servlet.DispatcherServlet - Completed 200 OK
13:31:27.126 [http-nio-8080-exec-3] DEBUG o.s.web.servlet.DispatcherServlet - GET "/favicon.ico", parameters={}
13:31:27.126 [http-nio-8080-exec-3] DEBUG o.s.w.s.m.m.a.RequestMappingHandlerMapping - Mapped to com.example.demo.controller.log.FaviconController#returnNoFavicon()
13:31:27.127 [http-nio-8080-exec-3] DEBUG o.s.w.s.m.m.a.RequestResponseBodyMethodProcessor - Using 'application/json;q=0.8', given [image/avif, image/webp, image/apng, image/svg+xml, image/*, */*;q=0.8] and supported [application/json, application/*+json]
13:31:27.127 [http-nio-8080-exec-3] DEBUG o.s.w.s.m.m.a.RequestResponseBodyMethodProcessor - Nothing to write: null body
13:31:27.127 [http-nio-8080-exec-3] DEBUG o.s.web.servlet.DispatcherServlet - Completed 200 OK
13:31:37.591 [http-nio-8080-exec-2] DEBUG o.s.web.servlet.DispatcherServlet - POST "/addbehaviorpolicy", parameters={masked}
13:31:37.592 [http-nio-8080-exec-2] DEBUG o.s.w.s.m.m.a.RequestMappingHandlerMapping - Mapped to com.example.demo.controller.detection.BehaviorDetectionController#addBehavior(BehaviorDetection)
13:31:37.593 [http-nio-8080-exec-2] DEBUG o.s.w.s.m.m.a.ExceptionHandlerExceptionResolver - Using @ExceptionHandler com.example.demo.controller.detection.GlobalExceptionHandler#handleException(Exception)
13:31:37.593 [http-nio-8080-exec-2] ERROR c.e.d.c.d.GlobalExceptionHandler - 알 수 없는 예외가 발생했습니다.
org.springframework.web.bind.MethodArgumentNotValidException: Validation failed for argument [0] in public java.lang.String com.example.demo.controller.detection.BehaviorDetectionController.addBehavior(com.example.demo.dto.detection.BehaviorDetection) with 2 errors: [Field error in object 'behaviorDetection' on field 'create_dt': rejected value [2024-07-14 12:00]; codes [typeMismatch.behaviorDetection.create_dt,typeMismatch.create_dt,typeMismatch.java.time.LocalDateTime,typeMismatch]; arguments [org.springframework.context.support.DefaultMessageSourceResolvable: codes [behaviorDetection.create_dt,create_dt]; arguments []; default message [create_dt]]; default message [Failed to convert property value of type 'java.lang.String' to required type 'java.time.LocalDateTime' for property 'create_dt'; Failed to convert from type [java.lang.String] to type [java.time.LocalDateTime] for value [2024-07-14 12:00]]] [Field error in object 'behaviorDetection' on field 'modify_dt': rejected value [2024-07-26 12:00]; codes [typeMismatch.behaviorDetection.modify_dt,typeMismatch.modify_dt,typeMismatch.java.time.LocalDateTime,typeMismatch]; arguments [org.springframework.context.support.DefaultMessageSourceResolvable: codes [behaviorDetection.modify_dt,modify_dt]; arguments []; default message [modify_dt]]; default message [Failed to convert property value of type 'java.lang.String' to required type 'java.time.LocalDateTime' for property 'modify_dt'; Failed to convert from type [java.lang.String] to type [java.time.LocalDateTime] for value [2024-07-26 12:00]]] 
	at org.springframework.web.method.annotation.ModelAttributeMethodProcessor.resolveArgument(ModelAttributeMethodProcessor.java:158)
	at org.springframework.web.method.support.HandlerMethodArgumentResolverComposite.resolveArgument(HandlerMethodArgumentResolverComposite.java:122)
	at org.springframework.web.method.support.InvocableHandlerMethod.getMethodArgumentValues(InvocableHandlerMethod.java:224)
	at org.springframework.web.method.support.InvocableHandlerMethod.invokeForRequest(InvocableHandlerMethod.java:178)
	at org.springframework.web.servlet.mvc.method.annotation.ServletInvocableHandlerMethod.invokeAndHandle(ServletInvocableHandlerMethod.java:118)
	at org.springframework.web.servlet.mvc.method.annotation.RequestMappingHandlerAdapter.invokeHandlerMethod(RequestMappingHandlerAdapter.java:926)
	at org.springframework.web.servlet.mvc.method.annotation.RequestMappingHandlerAdapter.handleInternal(RequestMappingHandlerAdapter.java:831)
	at org.springframework.web.servlet.mvc.method.AbstractHandlerMethodAdapter.handle(AbstractHandlerMethodAdapter.java:87)
	at org.springframework.web.servlet.DispatcherServlet.doDispatch(DispatcherServlet.java:1089)
	at org.springframework.web.servlet.DispatcherServlet.doService(DispatcherServlet.java:979)
	at org.springframework.web.servlet.FrameworkServlet.processRequest(FrameworkServlet.java:1014)
	at org.springframework.web.servlet.FrameworkServlet.doPost(FrameworkServlet.java:914)
	at jakarta.servlet.http.HttpServlet.service(HttpServlet.java:590)
	at org.springframework.web.servlet.FrameworkServlet.service(FrameworkServlet.java:885)
	at jakarta.servlet.http.HttpServlet.service(HttpServlet.java:658)
	at org.apache.catalina.core.ApplicationFilterChain.internalDoFilter(ApplicationFilterChain.java:195)
	at org.apache.catalina.core.ApplicationFilterChain.doFilter(ApplicationFilterChain.java:140)
	at org.apache.tomcat.websocket.server.WsFilter.doFilter(WsFilter.java:51)
	at org.apache.catalina.core.ApplicationFilterChain.internalDoFilter(ApplicationFilterChain.java:164)
	at org.apache.catalina.core.ApplicationFilterChain.doFilter(ApplicationFilterChain.java:140)
	at org.springframework.web.filter.RequestContextFilter.doFilterInternal(RequestContextFilter.java:100)
	at org.springframework.web.filter.OncePerRequestFilter.doFilter(OncePerRequestFilter.java:116)
	at org.apache.catalina.core.ApplicationFilterChain.internalDoFilter(ApplicationFilterChain.java:164)
	at org.apache.catalina.core.ApplicationFilterChain.doFilter(ApplicationFilterChain.java:140)
	at org.springframework.web.filter.FormContentFilter.doFilterInternal(FormContentFilter.java:93)
	at org.springframework.web.filter.OncePerRequestFilter.doFilter(OncePerRequestFilter.java:116)
	at org.apache.catalina.core.ApplicationFilterChain.internalDoFilter(ApplicationFilterChain.java:164)
	at org.apache.catalina.core.ApplicationFilterChain.doFilter(ApplicationFilterChain.java:140)
	at org.springframework.web.filter.CharacterEncodingFilter.doFilterInternal(CharacterEncodingFilter.java:201)
	at org.springframework.web.filter.OncePerRequestFilter.doFilter(OncePerRequestFilter.java:116)
	at org.apache.catalina.core.ApplicationFilterChain.internalDoFilter(ApplicationFilterChain.java:164)
	at org.apache.catalina.core.ApplicationFilterChain.doFilter(ApplicationFilterChain.java:140)
	at org.apache.catalina.core.StandardWrapperValve.invoke(StandardWrapperValve.java:167)
	at org.apache.catalina.core.StandardContextValve.invoke(StandardContextValve.java:90)
	at org.apache.catalina.authenticator.AuthenticatorBase.invoke(AuthenticatorBase.java:482)
	at org.apache.catalina.core.StandardHostValve.invoke(StandardHostValve.java:115)
	at org.apache.catalina.valves.ErrorReportValve.invoke(ErrorReportValve.java:93)
	at org.apache.catalina.core.StandardEngineValve.invoke(StandardEngineValve.java:74)
	at org.apache.catalina.connector.CoyoteAdapter.service(CoyoteAdapter.java:344)
	at org.apache.coyote.http11.Http11Processor.service(Http11Processor.java:389)
	at org.apache.coyote.AbstractProcessorLight.process(AbstractProcessorLight.java:63)
	at org.apache.coyote.AbstractProtocol$ConnectionHandler.process(AbstractProtocol.java:904)
	at org.apache.tomcat.util.net.NioEndpoint$SocketProcessor.doRun(NioEndpoint.java:1741)
	at org.apache.tomcat.util.net.SocketProcessorBase.run(SocketProcessorBase.java:52)
	at org.apache.tomcat.util.threads.ThreadPoolExecutor.runWorker(ThreadPoolExecutor.java:1190)
	at org.apache.tomcat.util.threads.ThreadPoolExecutor$Worker.run(ThreadPoolExecutor.java:659)
	at org.apache.tomcat.util.threads.TaskThread$WrappingRunnable.run(TaskThread.java:63)
	at java.base/java.lang.Thread.run(Thread.java:1570)
13:31:37.595 [http-nio-8080-exec-2] WARN  o.s.w.s.m.m.a.ExceptionHandlerExceptionResolver - Resolved [org.springframework.web.bind.MethodArgumentNotValidException: Validation failed for argument [0] in public java.lang.String com.example.demo.controller.detection.BehaviorDetectionController.addBehavior(com.example.demo.dto.detection.BehaviorDetection) with 2 errors: [Field error in object 'behaviorDetection' on field 'create_dt': rejected value [2024-07-14 12:00]; codes [typeMismatch.behaviorDetection.create_dt,typeMismatch.create_dt,typeMismatch.java.time.LocalDateTime,typeMismatch]; arguments [org.springframework.context.support.DefaultMessageSourceResolvable: codes [behaviorDetection.create_dt,create_dt]; arguments []; default message [create_dt]]; default message [Failed to convert property value of type 'java.lang.String' to required type 'java.time.LocalDateTime' for property 'create_dt'; Failed to convert from type [java.lang.String] to type [java.time.LocalDateTime] for value [2024-07-14 12:00]]] [Field error in object 'behaviorDetection' on field 'modify_dt': rejected value [2024-07-26 12:00]; codes [typeMismatch.behaviorDetection.modify_dt,typeMismatch.modify_dt,typeMismatch.java.time.LocalDateTime,typeMismatch]; arguments [org.springframework.context.support.DefaultMessageSourceResolvable: codes [behaviorDetection.modify_dt,modify_dt]; arguments []; default message [modify_dt]]; default message [Failed to convert property value of type 'java.lang.String' to required type 'java.time.LocalDateTime' for property 'modify_dt'; Failed to convert from type [java.lang.String] to type [java.time.LocalDateTime] for value [2024-07-26 12:00]]] ]
13:31:37.595 [http-nio-8080-exec-2] DEBUG o.s.web.servlet.DispatcherServlet - Using resolved error view: ModelAndView [view="500"; model={}]
13:31:37.596 [http-nio-8080-exec-2] DEBUG o.s.w.s.v.ContentNegotiatingViewResolver - Selected 'text/html' given [text/html, application/xhtml+xml, image/avif, image/webp, image/apng, application/xml;q=0.9, */*;q=0.8, application/signed-exchange;v=b3;q=0.7]
13:31:37.599 [http-nio-8080-exec-2] DEBUG o.s.web.servlet.DispatcherServlet - Completed 200 OK
13:31:37.616 [http-nio-8080-exec-5] DEBUG o.s.web.servlet.DispatcherServlet - GET "/css/bootstrap.min.css", parameters={}
13:31:37.617 [http-nio-8080-exec-5] DEBUG o.s.w.s.h.SimpleUrlHandlerMapping - Mapped to ResourceHttpRequestHandler [classpath [META-INF/resources/], classpath [resources/], classpath [static/], classpath [public/], ServletContext [/]]
13:31:37.619 [http-nio-8080-exec-4] DEBUG o.s.web.servlet.DispatcherServlet - GET "/css/style.css", parameters={}
13:31:37.620 [http-nio-8080-exec-4] DEBUG o.s.w.s.h.SimpleUrlHandlerMapping - Mapped to ResourceHttpRequestHandler [classpath [META-INF/resources/], classpath [resources/], classpath [static/], classpath [public/], ServletContext [/]]
13:31:37.621 [http-nio-8080-exec-5] DEBUG o.s.web.servlet.DispatcherServlet - Completed 200 OK
13:31:37.622 [http-nio-8080-exec-9] DEBUG o.s.web.servlet.DispatcherServlet - GET "/lib/chart/chart.min.js", parameters={}
13:31:37.623 [http-nio-8080-exec-9] DEBUG o.s.w.s.h.SimpleUrlHandlerMapping - Mapped to ResourceHttpRequestHandler [classpath [META-INF/resources/], classpath [resources/], classpath [static/], classpath [public/], ServletContext [/]]
13:31:37.625 [http-nio-8080-exec-4] DEBUG o.s.web.servlet.DispatcherServlet - Completed 200 OK
13:31:37.626 [http-nio-8080-exec-4] DEBUG o.s.web.servlet.DispatcherServlet - GET "/lib/easing/easing.min.js", parameters={}
13:31:37.626 [http-nio-8080-exec-4] DEBUG o.s.w.s.h.SimpleUrlHandlerMapping - Mapped to ResourceHttpRequestHandler [classpath [META-INF/resources/], classpath [resources/], classpath [static/], classpath [public/], ServletContext [/]]
13:31:37.628 [http-nio-8080-exec-9] DEBUG o.s.web.servlet.DispatcherServlet - Completed 200 OK
13:31:37.629 [http-nio-8080-exec-4] DEBUG o.s.web.servlet.DispatcherServlet - Completed 200 OK
13:31:37.630 [http-nio-8080-exec-10] DEBUG o.s.web.servlet.DispatcherServlet - GET "/lib/waypoints/waypoints.min.js", parameters={}
13:31:37.631 [http-nio-8080-exec-10] DEBUG o.s.w.s.h.SimpleUrlHandlerMapping - Mapped to ResourceHttpRequestHandler [classpath [META-INF/resources/], classpath [resources/], classpath [static/], classpath [public/], ServletContext [/]]
13:31:37.634 [http-nio-8080-exec-10] DEBUG o.s.web.servlet.DispatcherServlet - Completed 200 OK
13:31:37.636 [http-nio-8080-exec-1] DEBUG o.s.web.servlet.DispatcherServlet - GET "/lib/owlcarousel/owl.carousel.min.js", parameters={}
13:31:37.636 [http-nio-8080-exec-1] DEBUG o.s.w.s.h.SimpleUrlHandlerMapping - Mapped to ResourceHttpRequestHandler [classpath [META-INF/resources/], classpath [resources/], classpath [static/], classpath [public/], ServletContext [/]]
13:31:37.640 [http-nio-8080-exec-1] DEBUG o.s.web.servlet.DispatcherServlet - Completed 200 OK
13:31:37.641 [http-nio-8080-exec-6] DEBUG o.s.web.servlet.DispatcherServlet - GET "/lib/tempusdominus/js/moment.min.js", parameters={}
13:31:37.642 [http-nio-8080-exec-6] DEBUG o.s.w.s.h.SimpleUrlHandlerMapping - Mapped to ResourceHttpRequestHandler [classpath [META-INF/resources/], classpath [resources/], classpath [static/], classpath [public/], ServletContext [/]]
13:31:37.656 [http-nio-8080-exec-6] DEBUG o.s.web.servlet.DispatcherServlet - Completed 200 OK
13:31:37.659 [http-nio-8080-exec-7] DEBUG o.s.web.servlet.DispatcherServlet - GET "/lib/tempusdominus/js/moment-timezone.min.js", parameters={}
13:31:37.660 [http-nio-8080-exec-7] DEBUG o.s.w.s.h.SimpleUrlHandlerMapping - Mapped to ResourceHttpRequestHandler [classpath [META-INF/resources/], classpath [resources/], classpath [static/], classpath [public/], ServletContext [/]]
13:31:37.662 [http-nio-8080-exec-7] DEBUG o.s.web.servlet.DispatcherServlet - Completed 200 OK
13:31:37.664 [http-nio-8080-exec-3] DEBUG o.s.web.servlet.DispatcherServlet - GET "/lib/tempusdominus/js/tempusdominus-bootstrap-4.min.js", parameters={}
13:31:37.665 [http-nio-8080-exec-3] DEBUG o.s.w.s.h.SimpleUrlHandlerMapping - Mapped to ResourceHttpRequestHandler [classpath [META-INF/resources/], classpath [resources/], classpath [static/], classpath [public/], ServletContext [/]]
13:31:37.666 [http-nio-8080-exec-2] DEBUG o.s.web.servlet.DispatcherServlet - GET "/js/main.js", parameters={}
13:31:37.667 [http-nio-8080-exec-2] DEBUG o.s.w.s.h.SimpleUrlHandlerMapping - Mapped to ResourceHttpRequestHandler [classpath [META-INF/resources/], classpath [resources/], classpath [static/], classpath [public/], ServletContext [/]]
13:31:37.670 [http-nio-8080-exec-3] DEBUG o.s.web.servlet.DispatcherServlet - Completed 200 OK
13:31:37.671 [http-nio-8080-exec-2] DEBUG o.s.web.servlet.DispatcherServlet - Completed 200 OK
13:31:39.326 [http-nio-8080-exec-5] DEBUG o.s.web.servlet.DispatcherServlet - GET "/addbehaviorpolicy", parameters={}
13:31:39.326 [http-nio-8080-exec-5] DEBUG o.s.w.s.m.m.a.RequestMappingHandlerMapping - Mapped to com.example.demo.controller.detection.BehaviorDetectionController#showAddBehaviorForm(Model)
13:31:39.327 [http-nio-8080-exec-5] DEBUG o.s.w.s.v.ContentNegotiatingViewResolver - Selected 'text/html' given [text/html, application/xhtml+xml, image/avif, image/webp, image/apng, application/xml;q=0.9, */*;q=0.8, application/signed-exchange;v=b3;q=0.7]
13:31:39.336 [http-nio-8080-exec-5] DEBUG o.s.web.servlet.DispatcherServlet - Completed 200 OK
13:31:39.376 [http-nio-8080-exec-9] DEBUG o.s.web.servlet.DispatcherServlet - GET "/favicon.ico", parameters={}
13:31:39.376 [http-nio-8080-exec-9] DEBUG o.s.w.s.m.m.a.RequestMappingHandlerMapping - Mapped to com.example.demo.controller.log.FaviconController#returnNoFavicon()
13:31:39.377 [http-nio-8080-exec-9] DEBUG o.s.w.s.m.m.a.RequestResponseBodyMethodProcessor - Using 'application/json;q=0.8', given [image/avif, image/webp, image/apng, image/svg+xml, image/*, */*;q=0.8] and supported [application/json, application/*+json]
13:31:39.377 [http-nio-8080-exec-9] DEBUG o.s.w.s.m.m.a.RequestResponseBodyMethodProcessor - Nothing to write: null body
13:31:39.377 [http-nio-8080-exec-9] DEBUG o.s.web.servlet.DispatcherServlet - Completed 200 OK
