11:28:35.567 [http-nio-8080-exec-2] DEBUG o.s.web.servlet.DispatcherServlet - GET "/signin", parameters={}
11:28:35.576 [http-nio-8080-exec-2] DEBUG o.s.w.s.m.m.a.RequestMappingHandlerMapping - Mapped to com.example.demo.controller.detection.UsersController#loginForm()
11:28:35.577 [http-nio-8080-exec-2] DEBUG o.s.w.s.v.ContentNegotiatingViewResolver - Selected 'text/html' given [text/html, application/xhtml+xml, image/avif, image/webp, image/apng, application/xml;q=0.9, */*;q=0.8, application/signed-exchange;v=b3;q=0.7]
11:28:35.579 [http-nio-8080-exec-2] DEBUG o.s.web.servlet.DispatcherServlet - Completed 200 OK
11:28:35.610 [http-nio-8080-exec-4] DEBUG o.s.web.servlet.DispatcherServlet - GET "/signin.png", parameters={}
11:28:35.611 [http-nio-8080-exec-4] DEBUG o.s.w.s.h.SimpleUrlHandlerMapping - Mapped to ResourceHttpRequestHandler [classpath [META-INF/resources/], classpath [resources/], classpath [static/], classpath [public/], ServletContext [/]]
11:28:35.634 [http-nio-8080-exec-4] DEBUG o.s.web.servlet.DispatcherServlet - Completed 200 OK
11:28:35.665 [http-nio-8080-exec-5] DEBUG o.s.web.servlet.DispatcherServlet - GET "/favicon.ico", parameters={}
11:28:35.666 [http-nio-8080-exec-5] DEBUG o.s.w.s.m.m.a.RequestMappingHandlerMapping - Mapped to com.example.demo.controller.log.FaviconController#returnNoFavicon()
11:28:35.666 [http-nio-8080-exec-5] DEBUG o.s.w.s.m.m.a.RequestResponseBodyMethodProcessor - Using 'application/json;q=0.8', given [image/avif, image/webp, image/apng, image/svg+xml, image/*, */*;q=0.8] and supported [application/json, application/*+json]
11:28:35.666 [http-nio-8080-exec-5] DEBUG o.s.w.s.m.m.a.RequestResponseBodyMethodProcessor - Nothing to write: null body
11:28:35.666 [http-nio-8080-exec-5] DEBUG o.s.web.servlet.DispatcherServlet - Completed 200 OK
11:28:38.341 [http-nio-8080-exec-7] DEBUG o.s.web.servlet.DispatcherServlet - POST "/login", parameters={masked}
11:28:38.341 [http-nio-8080-exec-7] DEBUG o.s.w.s.m.m.a.RequestMappingHandlerMapping - Mapped to com.example.demo.controller.detection.UsersController#login(String, String, HttpSession, RedirectAttributes)
11:28:38.341 [http-nio-8080-exec-7] DEBUG org.mybatis.spring.SqlSessionUtils - Creating a new SqlSession
11:28:38.341 [http-nio-8080-exec-7] DEBUG org.mybatis.spring.SqlSessionUtils - SqlSession [org.apache.ibatis.session.defaults.DefaultSqlSession@1e5041c] was not registered for synchronization because synchronization is not active
11:28:38.342 [http-nio-8080-exec-7] DEBUG o.s.jdbc.datasource.DataSourceUtils - Fetching JDBC Connection from DataSource
11:28:38.343 [http-nio-8080-exec-7] DEBUG o.m.s.t.SpringManagedTransaction - JDBC Connection [HikariProxyConnection@1873257593 wrapping org.mariadb.jdbc.Connection@74770375] will not be managed by Spring
11:28:38.343 [http-nio-8080-exec-7] DEBUG c.e.d.d.d.UsersDAO.getUserById - ==>  Preparing: SELECT * FROM detection_db.user_data WHERE user_id = ?
11:28:38.343 [http-nio-8080-exec-7] DEBUG c.e.d.d.d.UsersDAO.getUserById - ==> Parameters: 1125(String)
11:28:38.343 [http-nio-8080-exec-7] DEBUG o.m.jdbc.client.impl.StandardClient - execute query: SELECT * FROM detection_db.user_data  WHERE user_id = ?
11:28:38.344 [http-nio-8080-exec-7] DEBUG c.e.d.d.d.UsersDAO.getUserById - <==      Total: 1
11:28:38.344 [http-nio-8080-exec-7] DEBUG org.mybatis.spring.SqlSessionUtils - Closing non transactional SqlSession [org.apache.ibatis.session.defaults.DefaultSqlSession@1e5041c]
11:28:38.450 [http-nio-8080-exec-7] DEBUG o.s.web.servlet.view.RedirectView - View name 'redirect:', model {}
11:28:38.450 [http-nio-8080-exec-7] DEBUG o.s.web.servlet.DispatcherServlet - Completed 302 FOUND
11:28:38.455 [http-nio-8080-exec-6] DEBUG o.s.web.servlet.DispatcherServlet - GET "/dashboard", parameters={}
11:28:38.455 [http-nio-8080-exec-6] DEBUG o.s.w.s.m.m.a.RequestMappingHandlerMapping - Mapped to com.example.demo.controller.detection.UsersController#dashboard(HttpSession, RedirectAttributes)
11:28:38.455 [http-nio-8080-exec-6] DEBUG o.s.w.s.v.ContentNegotiatingViewResolver - Selected 'text/html' given [text/html, application/xhtml+xml, image/avif, image/webp, image/apng, application/xml;q=0.9, */*;q=0.8, application/signed-exchange;v=b3;q=0.7]
11:28:38.459 [http-nio-8080-exec-6] DEBUG o.s.web.servlet.DispatcherServlet - Completed 200 OK
11:28:38.487 [http-nio-8080-exec-3] DEBUG o.s.web.servlet.DispatcherServlet - GET "/api/patternlogs/top-sips", parameters={}
11:28:38.488 [http-nio-8080-exec-3] DEBUG o.s.w.s.m.m.a.RequestMappingHandlerMapping - Mapped to com.example.demo.controller.log.PatternLogController#getTopSIPs()
11:28:38.488 [http-nio-8080-exec-8] DEBUG o.s.web.servlet.DispatcherServlet - GET "/behaviorlog/top-sips", parameters={}
11:28:38.488 [http-nio-8080-exec-8] DEBUG o.s.w.s.m.m.a.RequestMappingHandlerMapping - Mapped to com.example.demo.controller.log.BehaviorLogController#getTopSIPs()
11:28:38.488 [http-nio-8080-exec-3] DEBUG org.mybatis.spring.SqlSessionUtils - Creating a new SqlSession
11:28:38.488 [http-nio-8080-exec-3] DEBUG org.mybatis.spring.SqlSessionUtils - SqlSession [org.apache.ibatis.session.defaults.DefaultSqlSession@11d014d7] was not registered for synchronization because synchronization is not active
11:28:38.488 [http-nio-8080-exec-8] DEBUG org.mybatis.spring.SqlSessionUtils - Creating a new SqlSession
11:28:38.488 [http-nio-8080-exec-8] DEBUG org.mybatis.spring.SqlSessionUtils - SqlSession [org.apache.ibatis.session.defaults.DefaultSqlSession@668e3c0b] was not registered for synchronization because synchronization is not active
11:28:38.488 [http-nio-8080-exec-3] DEBUG o.s.jdbc.datasource.DataSourceUtils - Fetching JDBC Connection from DataSource
11:28:38.488 [http-nio-8080-exec-8] DEBUG o.s.jdbc.datasource.DataSourceUtils - Fetching JDBC Connection from DataSource
11:28:38.488 [http-nio-8080-exec-9] DEBUG o.s.web.servlet.DispatcherServlet - GET "/api/patternlogs/top-pattern-combinations", parameters={}
11:28:38.488 [http-nio-8080-exec-9] DEBUG o.s.w.s.m.m.a.RequestMappingHandlerMapping - Mapped to com.example.demo.controller.log.PatternLogController#getTopPatternCombinations()
11:28:38.489 [http-nio-8080-exec-8] DEBUG o.m.s.t.SpringManagedTransaction - JDBC Connection [HikariProxyConnection@846384568 wrapping org.mariadb.jdbc.Connection@6dfc8765] will not be managed by Spring
11:28:38.489 [http-nio-8080-exec-8] DEBUG c.e.d.d.l.BehaviorLogDAO.findTopSIPs - ==>  Preparing: SELECT s_ip, COUNT(*) AS ip_count FROM log_db.behavior_log_20240717 GROUP BY s_ip ORDER BY ip_count DESC LIMIT 5;
11:28:38.489 [http-nio-8080-exec-3] DEBUG o.m.s.t.SpringManagedTransaction - JDBC Connection [HikariProxyConnection@1457945352 wrapping org.mariadb.jdbc.Connection@1b85e57f] will not be managed by Spring
11:28:38.489 [http-nio-8080-exec-3] DEBUG c.e.d.d.l.PatternLogDAO.findTopSIPs - ==>  Preparing: SELECT s_ip, COUNT(*) AS ip_count FROM log_db.pattern_log_20240716 GROUP BY s_ip ORDER BY ip_count DESC LIMIT 5;
11:28:38.489 [http-nio-8080-exec-8] DEBUG c.e.d.d.l.BehaviorLogDAO.findTopSIPs - ==> Parameters: 
11:28:38.489 [http-nio-8080-exec-8] DEBUG o.m.jdbc.client.impl.StandardClient - execute query: SELECT s_ip, COUNT(*) AS ip_count
        FROM log_db.behavior_log_20240717
        GROUP BY s_ip
        ORDER BY ip_count DESC
        LIMIT 5;
11:28:38.489 [http-nio-8080-exec-3] DEBUG c.e.d.d.l.PatternLogDAO.findTopSIPs - ==> Parameters: 
11:28:38.490 [http-nio-8080-exec-3] DEBUG o.m.jdbc.client.impl.StandardClient - execute query: SELECT s_ip, COUNT(*) AS ip_count
        FROM log_db.pattern_log_20240716
        GROUP BY s_ip
        ORDER BY ip_count DESC
        LIMIT 5;
11:28:38.490 [http-nio-8080-exec-1] DEBUG o.s.web.servlet.DispatcherServlet - GET "/api/patternlogs/ordered-by-time", parameters={}
11:28:38.491 [http-nio-8080-exec-3] DEBUG c.e.d.d.l.PatternLogDAO.findTopSIPs - <==      Total: 4
11:28:38.491 [http-nio-8080-exec-8] DEBUG c.e.d.d.l.BehaviorLogDAO.findTopSIPs - <==      Total: 4
11:28:38.491 [http-nio-8080-exec-3] DEBUG org.mybatis.spring.SqlSessionUtils - Closing non transactional SqlSession [org.apache.ibatis.session.defaults.DefaultSqlSession@11d014d7]
11:28:38.491 [http-nio-8080-exec-8] DEBUG org.mybatis.spring.SqlSessionUtils - Closing non transactional SqlSession [org.apache.ibatis.session.defaults.DefaultSqlSession@668e3c0b]
11:28:38.492 [http-nio-8080-exec-1] DEBUG o.s.w.s.m.m.a.RequestMappingHandlerMapping - Mapped to com.example.demo.controller.log.PatternLogController#getAllPatternLogsOrderedByTimeDesc()
11:28:38.492 [http-nio-8080-exec-9] DEBUG org.mybatis.spring.SqlSessionUtils - Creating a new SqlSession
11:28:38.492 [http-nio-8080-exec-9] DEBUG org.mybatis.spring.SqlSessionUtils - SqlSession [org.apache.ibatis.session.defaults.DefaultSqlSession@5558989] was not registered for synchronization because synchronization is not active
11:28:38.492 [http-nio-8080-exec-1] DEBUG org.mybatis.spring.SqlSessionUtils - Creating a new SqlSession
11:28:38.492 [http-nio-8080-exec-1] DEBUG org.mybatis.spring.SqlSessionUtils - SqlSession [org.apache.ibatis.session.defaults.DefaultSqlSession@7d5e164e] was not registered for synchronization because synchronization is not active
11:28:38.492 [http-nio-8080-exec-1] DEBUG o.s.jdbc.datasource.DataSourceUtils - Fetching JDBC Connection from DataSource
11:28:38.492 [http-nio-8080-exec-9] DEBUG o.s.jdbc.datasource.DataSourceUtils - Fetching JDBC Connection from DataSource
11:28:38.492 [http-nio-8080-exec-8] DEBUG o.s.w.s.m.m.a.HttpEntityMethodProcessor - Using 'application/json', given [*/*] and supported [application/json, application/*+json]
11:28:38.492 [http-nio-8080-exec-3] DEBUG o.s.w.s.m.m.a.HttpEntityMethodProcessor - Using 'application/json', given [*/*] and supported [application/json, application/*+json]
11:28:38.492 [http-nio-8080-exec-3] DEBUG o.s.w.s.m.m.a.HttpEntityMethodProcessor - Writing [[{s_ip=192.168.1.79, ip_count=470}, {s_ip=192.168.1.127, ip_count=262}, {s_ip=192.168.1.152, ip_coun (truncated)...]
11:28:38.492 [http-nio-8080-exec-8] DEBUG o.s.w.s.m.m.a.HttpEntityMethodProcessor - Writing [[{s_ip=192.168.1.127, ip_count=71}, {s_ip=192.168.1.152, ip_count=18}, {s_ip=192.168.1.73, ip_count= (truncated)...]
11:28:38.492 [http-nio-8080-exec-9] DEBUG o.m.s.t.SpringManagedTransaction - JDBC Connection [HikariProxyConnection@1702649617 wrapping org.mariadb.jdbc.Connection@1b85e57f] will not be managed by Spring
11:28:38.493 [http-nio-8080-exec-9] DEBUG c.e.d.d.l.P.findTopPatternCombinations - ==>  Preparing: SELECT CONCAT(pattern1, ',', pattern2, ',', pattern3) AS combined_pattern, COUNT(*) AS pattern_count FROM log_db.pattern_log_20240716 GROUP BY combined_pattern ORDER BY pattern_count DESC LIMIT 3;
11:28:38.492 [http-nio-8080-exec-1] DEBUG o.m.s.t.SpringManagedTransaction - JDBC Connection [HikariProxyConnection@206241917 wrapping org.mariadb.jdbc.Connection@6dfc8765] will not be managed by Spring
11:28:38.493 [http-nio-8080-exec-8] DEBUG o.s.web.servlet.DispatcherServlet - Completed 200 OK
11:28:38.493 [http-nio-8080-exec-3] DEBUG o.s.web.servlet.DispatcherServlet - Completed 200 OK
11:28:38.493 [http-nio-8080-exec-9] DEBUG c.e.d.d.l.P.findTopPatternCombinations - ==> Parameters: 
11:28:38.493 [http-nio-8080-exec-9] DEBUG o.m.jdbc.client.impl.StandardClient - execute query: SELECT CONCAT(pattern1, ',', pattern2, ',', pattern3) AS combined_pattern,
               COUNT(*) AS pattern_count
        FROM log_db.pattern_log_20240716
        GROUP BY combined_pattern
        ORDER BY pattern_count DESC
        LIMIT 3;
11:28:38.493 [http-nio-8080-exec-1] DEBUG c.e.d.d.l.P.findAllOrderedByTimeDesc - ==>  Preparing: SELECT * FROM log_db.pattern_log_20240716 ORDER BY time DESC;
11:28:38.493 [http-nio-8080-exec-1] DEBUG c.e.d.d.l.P.findAllOrderedByTimeDesc - ==> Parameters: 
11:28:38.493 [http-nio-8080-exec-1] DEBUG o.m.jdbc.client.impl.StandardClient - execute query: SELECT *
        FROM log_db.pattern_log_20240716
        ORDER BY time DESC;
11:28:38.496 [http-nio-8080-exec-10] DEBUG o.s.web.servlet.DispatcherServlet - GET "/behaviorlog/top-sips", parameters={}
11:28:38.496 [http-nio-8080-exec-10] DEBUG o.s.w.s.m.m.a.RequestMappingHandlerMapping - Mapped to com.example.demo.controller.log.BehaviorLogController#getTopSIPs()
11:28:38.496 [http-nio-8080-exec-10] DEBUG org.mybatis.spring.SqlSessionUtils - Creating a new SqlSession
11:28:38.496 [http-nio-8080-exec-10] DEBUG org.mybatis.spring.SqlSessionUtils - SqlSession [org.apache.ibatis.session.defaults.DefaultSqlSession@1dd45e15] was not registered for synchronization because synchronization is not active
11:28:38.496 [http-nio-8080-exec-10] DEBUG o.s.jdbc.datasource.DataSourceUtils - Fetching JDBC Connection from DataSource
11:28:38.498 [http-nio-8080-exec-2] DEBUG o.s.web.servlet.DispatcherServlet - GET "/api/patternlogs/top-sips", parameters={}
11:28:38.498 [http-nio-8080-exec-2] DEBUG o.s.w.s.m.m.a.RequestMappingHandlerMapping - Mapped to com.example.demo.controller.log.PatternLogController#getTopSIPs()
11:28:38.498 [http-nio-8080-exec-2] DEBUG org.mybatis.spring.SqlSessionUtils - Creating a new SqlSession
11:28:38.498 [http-nio-8080-exec-2] DEBUG org.mybatis.spring.SqlSessionUtils - SqlSession [org.apache.ibatis.session.defaults.DefaultSqlSession@10bfef15] was not registered for synchronization because synchronization is not active
11:28:38.498 [http-nio-8080-exec-2] DEBUG o.s.jdbc.datasource.DataSourceUtils - Fetching JDBC Connection from DataSource
11:28:38.501 [http-nio-8080-exec-10] DEBUG o.m.s.t.SpringManagedTransaction - JDBC Connection [HikariProxyConnection@1672046022 wrapping org.mariadb.jdbc.Connection@4e840cf7] will not be managed by Spring
11:28:38.501 [http-nio-8080-exec-10] DEBUG c.e.d.d.l.BehaviorLogDAO.findTopSIPs - ==>  Preparing: SELECT s_ip, COUNT(*) AS ip_count FROM log_db.behavior_log_20240717 GROUP BY s_ip ORDER BY ip_count DESC LIMIT 5;
11:28:38.501 [http-nio-8080-exec-10] DEBUG c.e.d.d.l.BehaviorLogDAO.findTopSIPs - ==> Parameters: 
11:28:38.501 [http-nio-8080-exec-10] DEBUG o.m.jdbc.client.impl.StandardClient - execute query: SELECT s_ip, COUNT(*) AS ip_count
        FROM log_db.behavior_log_20240717
        GROUP BY s_ip
        ORDER BY ip_count DESC
        LIMIT 5;
11:28:38.501 [http-nio-8080-exec-2] DEBUG o.m.s.t.SpringManagedTransaction - JDBC Connection [HikariProxyConnection@570238366 wrapping org.mariadb.jdbc.Connection@618aacc3] will not be managed by Spring
11:28:38.501 [http-nio-8080-exec-2] DEBUG c.e.d.d.l.PatternLogDAO.findTopSIPs - ==>  Preparing: SELECT s_ip, COUNT(*) AS ip_count FROM log_db.pattern_log_20240716 GROUP BY s_ip ORDER BY ip_count DESC LIMIT 5;
11:28:38.501 [http-nio-8080-exec-2] DEBUG c.e.d.d.l.PatternLogDAO.findTopSIPs - ==> Parameters: 
11:28:38.502 [http-nio-8080-exec-2] DEBUG o.m.jdbc.client.impl.StandardClient - execute query: SELECT s_ip, COUNT(*) AS ip_count
        FROM log_db.pattern_log_20240716
        GROUP BY s_ip
        ORDER BY ip_count DESC
        LIMIT 5;
11:28:38.502 [http-nio-8080-exec-9] DEBUG c.e.d.d.l.P.findTopPatternCombinations - <==      Total: 3
11:28:38.502 [http-nio-8080-exec-9] DEBUG org.mybatis.spring.SqlSessionUtils - Closing non transactional SqlSession [org.apache.ibatis.session.defaults.DefaultSqlSession@5558989]
11:28:38.502 [http-nio-8080-exec-9] DEBUG o.s.w.s.m.m.a.HttpEntityMethodProcessor - Using 'application/json', given [*/*] and supported [application/json, application/*+json]
11:28:38.502 [http-nio-8080-exec-9] DEBUG o.s.w.s.m.m.a.HttpEntityMethodProcessor - Writing [[{pattern_count=336, combined_pattern=select,from user_data where,"a" = "a"}, {pattern_count=334, co (truncated)...]
11:28:38.502 [http-nio-8080-exec-10] DEBUG c.e.d.d.l.BehaviorLogDAO.findTopSIPs - <==      Total: 4
11:28:38.502 [http-nio-8080-exec-10] DEBUG org.mybatis.spring.SqlSessionUtils - Closing non transactional SqlSession [org.apache.ibatis.session.defaults.DefaultSqlSession@1dd45e15]
11:28:38.503 [http-nio-8080-exec-9] DEBUG o.s.web.servlet.DispatcherServlet - Completed 200 OK
11:28:38.503 [http-nio-8080-exec-10] DEBUG o.s.w.s.m.m.a.HttpEntityMethodProcessor - Using 'application/json', given [*/*] and supported [application/json, application/*+json]
11:28:38.504 [http-nio-8080-exec-10] DEBUG o.s.w.s.m.m.a.HttpEntityMethodProcessor - Writing [[{s_ip=192.168.1.127, ip_count=71}, {s_ip=192.168.1.152, ip_count=18}, {s_ip=192.168.1.73, ip_count= (truncated)...]
11:28:38.504 [http-nio-8080-exec-2] DEBUG c.e.d.d.l.PatternLogDAO.findTopSIPs - <==      Total: 4
11:28:38.504 [http-nio-8080-exec-10] DEBUG o.s.web.servlet.DispatcherServlet - Completed 200 OK
11:28:38.504 [http-nio-8080-exec-2] DEBUG org.mybatis.spring.SqlSessionUtils - Closing non transactional SqlSession [org.apache.ibatis.session.defaults.DefaultSqlSession@10bfef15]
11:28:38.504 [http-nio-8080-exec-2] DEBUG o.s.w.s.m.m.a.HttpEntityMethodProcessor - Using 'application/json', given [*/*] and supported [application/json, application/*+json]
11:28:38.505 [http-nio-8080-exec-2] DEBUG o.s.w.s.m.m.a.HttpEntityMethodProcessor - Writing [[{s_ip=192.168.1.79, ip_count=470}, {s_ip=192.168.1.127, ip_count=262}, {s_ip=192.168.1.152, ip_coun (truncated)...]
11:28:38.505 [http-nio-8080-exec-2] DEBUG o.s.web.servlet.DispatcherServlet - Completed 200 OK
11:28:38.509 [http-nio-8080-exec-4] DEBUG o.s.web.servlet.DispatcherServlet - GET "/api/patternlogs/top-pattern-combinations", parameters={}
11:28:38.509 [http-nio-8080-exec-4] DEBUG o.s.w.s.m.m.a.RequestMappingHandlerMapping - Mapped to com.example.demo.controller.log.PatternLogController#getTopPatternCombinations()
11:28:38.509 [http-nio-8080-exec-4] DEBUG org.mybatis.spring.SqlSessionUtils - Creating a new SqlSession
11:28:38.509 [http-nio-8080-exec-4] DEBUG org.mybatis.spring.SqlSessionUtils - SqlSession [org.apache.ibatis.session.defaults.DefaultSqlSession@d03d3d] was not registered for synchronization because synchronization is not active
11:28:38.509 [http-nio-8080-exec-4] DEBUG o.s.jdbc.datasource.DataSourceUtils - Fetching JDBC Connection from DataSource
11:28:38.509 [http-nio-8080-exec-4] DEBUG o.m.s.t.SpringManagedTransaction - JDBC Connection [HikariProxyConnection@1158620528 wrapping org.mariadb.jdbc.Connection@1b85e57f] will not be managed by Spring
11:28:38.509 [http-nio-8080-exec-4] DEBUG c.e.d.d.l.P.findTopPatternCombinations - ==>  Preparing: SELECT CONCAT(pattern1, ',', pattern2, ',', pattern3) AS combined_pattern, COUNT(*) AS pattern_count FROM log_db.pattern_log_20240716 GROUP BY combined_pattern ORDER BY pattern_count DESC LIMIT 3;
11:28:38.509 [http-nio-8080-exec-4] DEBUG c.e.d.d.l.P.findTopPatternCombinations - ==> Parameters: 
11:28:38.509 [http-nio-8080-exec-4] DEBUG o.m.jdbc.client.impl.StandardClient - execute query: SELECT CONCAT(pattern1, ',', pattern2, ',', pattern3) AS combined_pattern,
               COUNT(*) AS pattern_count
        FROM log_db.pattern_log_20240716
        GROUP BY combined_pattern
        ORDER BY pattern_count DESC
        LIMIT 3;
11:28:38.515 [http-nio-8080-exec-4] DEBUG c.e.d.d.l.P.findTopPatternCombinations - <==      Total: 3
11:28:38.515 [http-nio-8080-exec-4] DEBUG org.mybatis.spring.SqlSessionUtils - Closing non transactional SqlSession [org.apache.ibatis.session.defaults.DefaultSqlSession@d03d3d]
11:28:38.516 [http-nio-8080-exec-4] DEBUG o.s.w.s.m.m.a.HttpEntityMethodProcessor - Using 'application/json', given [*/*] and supported [application/json, application/*+json]
11:28:38.516 [http-nio-8080-exec-4] DEBUG o.s.w.s.m.m.a.HttpEntityMethodProcessor - Writing [[{pattern_count=336, combined_pattern=select,from user_data where,"a" = "a"}, {pattern_count=334, co (truncated)...]
11:28:38.516 [http-nio-8080-exec-4] DEBUG o.s.web.servlet.DispatcherServlet - Completed 200 OK
11:28:38.540 [http-nio-8080-exec-1] DEBUG c.e.d.d.l.P.findAllOrderedByTimeDesc - <==      Total: 812
11:28:38.540 [http-nio-8080-exec-1] DEBUG org.mybatis.spring.SqlSessionUtils - Closing non transactional SqlSession [org.apache.ibatis.session.defaults.DefaultSqlSession@7d5e164e]
11:28:38.540 [http-nio-8080-exec-1] DEBUG o.s.w.s.m.m.a.HttpEntityMethodProcessor - Using 'application/json', given [*/*] and supported [application/json, application/*+json]
11:28:38.542 [http-nio-8080-exec-1] DEBUG o.s.w.s.m.m.a.HttpEntityMethodProcessor - Writing [[PatternLog{id=812, time='2024-07-16 23:34:23', sIp='192.168.1.127', dIp='192.168.1.33', sPort=56932 (truncated)...]
11:28:38.547 [http-nio-8080-exec-1] DEBUG o.s.web.servlet.DispatcherServlet - Completed 200 OK
11:28:38.563 [http-nio-8080-exec-5] DEBUG o.s.web.servlet.DispatcherServlet - GET "/favicon.ico", parameters={}
11:28:38.563 [http-nio-8080-exec-5] DEBUG o.s.w.s.m.m.a.RequestMappingHandlerMapping - Mapped to com.example.demo.controller.log.FaviconController#returnNoFavicon()
11:28:38.563 [http-nio-8080-exec-5] DEBUG o.s.w.s.m.m.a.RequestResponseBodyMethodProcessor - Using 'application/json;q=0.8', given [image/avif, image/webp, image/apng, image/svg+xml, image/*, */*;q=0.8] and supported [application/json, application/*+json]
11:28:38.563 [http-nio-8080-exec-5] DEBUG o.s.w.s.m.m.a.RequestResponseBodyMethodProcessor - Nothing to write: null body
11:28:38.563 [http-nio-8080-exec-5] DEBUG o.s.web.servlet.DispatcherServlet - Completed 200 OK
11:28:39.881 [http-nio-8080-exec-7] DEBUG o.s.web.servlet.DispatcherServlet - GET "/userlist", parameters={}
11:28:39.881 [http-nio-8080-exec-7] DEBUG o.s.w.s.m.m.a.RequestMappingHandlerMapping - Mapped to com.example.demo.controller.detection.UsersController#userlistForm(Model, HttpSession, RedirectAttributes)
11:28:39.882 [http-nio-8080-exec-7] DEBUG org.mybatis.spring.SqlSessionUtils - Creating a new SqlSession
11:28:39.882 [http-nio-8080-exec-7] DEBUG org.mybatis.spring.SqlSessionUtils - SqlSession [org.apache.ibatis.session.defaults.DefaultSqlSession@412ddf91] was not registered for synchronization because synchronization is not active
11:28:39.882 [http-nio-8080-exec-7] DEBUG o.s.jdbc.datasource.DataSourceUtils - Fetching JDBC Connection from DataSource
11:28:39.883 [http-nio-8080-exec-7] DEBUG o.m.s.t.SpringManagedTransaction - JDBC Connection [HikariProxyConnection@1211778997 wrapping org.mariadb.jdbc.Connection@74770375] will not be managed by Spring
11:28:39.883 [http-nio-8080-exec-7] DEBUG c.e.d.d.d.UsersDAO.getAllUsers - ==>  Preparing: SELECT * FROM detection_db.user_data
11:28:39.884 [http-nio-8080-exec-7] DEBUG c.e.d.d.d.UsersDAO.getAllUsers - ==> Parameters: 
11:28:39.884 [http-nio-8080-exec-7] DEBUG o.m.jdbc.client.impl.StandardClient - execute query: SELECT * FROM detection_db.user_data
11:28:39.885 [http-nio-8080-exec-7] DEBUG c.e.d.d.d.UsersDAO.getAllUsers - <==      Total: 14
11:28:39.886 [http-nio-8080-exec-7] DEBUG org.mybatis.spring.SqlSessionUtils - Closing non transactional SqlSession [org.apache.ibatis.session.defaults.DefaultSqlSession@412ddf91]
11:28:39.886 [http-nio-8080-exec-7] DEBUG o.s.w.s.v.ContentNegotiatingViewResolver - Selected 'text/html' given [text/html, application/xhtml+xml, image/avif, image/webp, image/apng, application/xml;q=0.9, */*;q=0.8, application/signed-exchange;v=b3;q=0.7]
11:28:39.890 [http-nio-8080-exec-7] DEBUG o.s.web.servlet.DispatcherServlet - Completed 200 OK
11:28:39.928 [http-nio-8080-exec-6] DEBUG o.s.web.servlet.DispatcherServlet - GET "/api/users", parameters={}
11:28:39.928 [http-nio-8080-exec-6] DEBUG o.s.w.s.m.m.a.RequestMappingHandlerMapping - Mapped to com.example.demo.controller.detection.UsersController#getUsers()
11:28:39.928 [http-nio-8080-exec-6] DEBUG org.mybatis.spring.SqlSessionUtils - Creating a new SqlSession
11:28:39.928 [http-nio-8080-exec-6] DEBUG org.mybatis.spring.SqlSessionUtils - SqlSession [org.apache.ibatis.session.defaults.DefaultSqlSession@5c12baf5] was not registered for synchronization because synchronization is not active
11:28:39.928 [http-nio-8080-exec-6] DEBUG o.s.jdbc.datasource.DataSourceUtils - Fetching JDBC Connection from DataSource
11:28:39.929 [http-nio-8080-exec-6] DEBUG o.m.s.t.SpringManagedTransaction - JDBC Connection [HikariProxyConnection@1218458143 wrapping org.mariadb.jdbc.Connection@74770375] will not be managed by Spring
11:28:39.929 [http-nio-8080-exec-6] DEBUG c.e.d.d.d.UsersDAO.getAllUsers - ==>  Preparing: SELECT * FROM detection_db.user_data
11:28:39.929 [http-nio-8080-exec-6] DEBUG c.e.d.d.d.UsersDAO.getAllUsers - ==> Parameters: 
11:28:39.929 [http-nio-8080-exec-6] DEBUG o.m.jdbc.client.impl.StandardClient - execute query: SELECT * FROM detection_db.user_data
11:28:39.931 [http-nio-8080-exec-6] DEBUG c.e.d.d.d.UsersDAO.getAllUsers - <==      Total: 14
11:28:39.931 [http-nio-8080-exec-6] DEBUG org.mybatis.spring.SqlSessionUtils - Closing non transactional SqlSession [org.apache.ibatis.session.defaults.DefaultSqlSession@5c12baf5]
11:28:39.931 [http-nio-8080-exec-6] DEBUG o.s.w.s.m.m.a.RequestResponseBodyMethodProcessor - Using 'application/json', given [*/*] and supported [application/json, application/*+json]
11:28:39.931 [http-nio-8080-exec-6] DEBUG o.s.w.s.m.m.a.RequestResponseBodyMethodProcessor - Writing [[com.example.demo.dto.detection.Users@1151b626, com.example.demo.dto.detection.Users@7e6fa99d, com.e (truncated)...]
11:28:39.932 [http-nio-8080-exec-6] DEBUG o.s.web.servlet.DispatcherServlet - Completed 200 OK
11:28:39.976 [http-nio-8080-exec-3] DEBUG o.s.web.servlet.DispatcherServlet - GET "/favicon.ico", parameters={}
11:28:39.977 [http-nio-8080-exec-3] DEBUG o.s.w.s.m.m.a.RequestMappingHandlerMapping - Mapped to com.example.demo.controller.log.FaviconController#returnNoFavicon()
11:28:39.977 [http-nio-8080-exec-3] DEBUG o.s.w.s.m.m.a.RequestResponseBodyMethodProcessor - Using 'application/json;q=0.8', given [image/avif, image/webp, image/apng, image/svg+xml, image/*, */*;q=0.8] and supported [application/json, application/*+json]
11:28:39.977 [http-nio-8080-exec-3] DEBUG o.s.w.s.m.m.a.RequestResponseBodyMethodProcessor - Nothing to write: null body
11:28:39.977 [http-nio-8080-exec-3] DEBUG o.s.web.servlet.DispatcherServlet - Completed 200 OK
11:28:41.323 [http-nio-8080-exec-8] DEBUG o.s.web.servlet.DispatcherServlet - GET "/favicon.ico", parameters={}
11:28:41.323 [http-nio-8080-exec-8] DEBUG o.s.w.s.m.m.a.RequestMappingHandlerMapping - Mapped to com.example.demo.controller.log.FaviconController#returnNoFavicon()
11:28:41.325 [http-nio-8080-exec-8] DEBUG o.s.w.s.m.m.a.RequestResponseBodyMethodProcessor - Using 'application/json;q=0.8', given [image/avif, image/webp, image/apng, image/svg+xml, image/*, */*;q=0.8] and supported [application/json, application/*+json]
11:28:41.325 [http-nio-8080-exec-8] DEBUG o.s.w.s.m.m.a.RequestResponseBodyMethodProcessor - Nothing to write: null body
11:28:41.325 [http-nio-8080-exec-8] DEBUG o.s.web.servlet.DispatcherServlet - Completed 200 OK
11:28:42.608 [http-nio-8080-exec-9] DEBUG o.s.web.servlet.DispatcherServlet - GET "/modifyuser", parameters={}
11:28:42.608 [http-nio-8080-exec-9] DEBUG o.s.w.s.m.m.a.RequestMappingHandlerMapping - Mapped to com.example.demo.controller.detection.UsersController#modify()
11:28:42.609 [http-nio-8080-exec-9] DEBUG o.s.w.s.v.ContentNegotiatingViewResolver - Selected 'text/html' given [text/html, application/xhtml+xml, image/avif, image/webp, image/apng, application/xml;q=0.9, */*;q=0.8, application/signed-exchange;v=b3;q=0.7]
11:28:42.612 [http-nio-8080-exec-9] DEBUG o.s.web.servlet.DispatcherServlet - Completed 200 OK
11:28:42.692 [http-nio-8080-exec-10] DEBUG o.s.web.servlet.DispatcherServlet - GET "/favicon.ico", parameters={}
11:28:42.692 [http-nio-8080-exec-10] DEBUG o.s.w.s.m.m.a.RequestMappingHandlerMapping - Mapped to com.example.demo.controller.log.FaviconController#returnNoFavicon()
11:28:42.693 [http-nio-8080-exec-10] DEBUG o.s.w.s.m.m.a.RequestResponseBodyMethodProcessor - Using 'application/json;q=0.8', given [image/avif, image/webp, image/apng, image/svg+xml, image/*, */*;q=0.8] and supported [application/json, application/*+json]
11:28:42.693 [http-nio-8080-exec-10] DEBUG o.s.w.s.m.m.a.RequestResponseBodyMethodProcessor - Nothing to write: null body
11:28:42.693 [http-nio-8080-exec-10] DEBUG o.s.web.servlet.DispatcherServlet - Completed 200 OK
11:28:49.045 [HikariPool-1 housekeeper] DEBUG com.zaxxer.hikari.pool.HikariPool - HikariPool-1 - Pool stats (total=10, active=0, idle=10, waiting=0)
11:28:49.045 [HikariPool-1 housekeeper] DEBUG com.zaxxer.hikari.pool.HikariPool - HikariPool-1 - Fill pool skipped, pool has sufficient level or currently being filled.
11:28:49.764 [http-nio-8080-exec-2] DEBUG o.s.web.servlet.DispatcherServlet - POST "/modifyuser", parameters={}
11:28:49.764 [http-nio-8080-exec-2] DEBUG o.s.w.s.m.m.a.RequestMappingHandlerMapping - Mapped to com.example.demo.controller.detection.UsersController#modifyUserSubmit(Users, HttpSession, RedirectAttributes)
11:28:49.765 [http-nio-8080-exec-2] DEBUG o.s.w.s.m.m.a.RequestResponseBodyMethodProcessor - Read "application/json;charset=UTF-8" to [com.example.demo.dto.detection.Users@c8f8010]
11:28:49.765 [http-nio-8080-exec-2] DEBUG org.mybatis.spring.SqlSessionUtils - Creating a new SqlSession
11:28:49.765 [http-nio-8080-exec-2] DEBUG org.mybatis.spring.SqlSessionUtils - SqlSession [org.apache.ibatis.session.defaults.DefaultSqlSession@77ef8cd1] was not registered for synchronization because synchronization is not active
11:28:49.765 [http-nio-8080-exec-2] DEBUG o.s.jdbc.datasource.DataSourceUtils - Fetching JDBC Connection from DataSource
11:28:49.766 [http-nio-8080-exec-2] DEBUG o.m.s.t.SpringManagedTransaction - JDBC Connection [HikariProxyConnection@2118908688 wrapping org.mariadb.jdbc.Connection@74770375] will not be managed by Spring
11:28:49.766 [http-nio-8080-exec-2] DEBUG c.e.d.d.d.UsersDAO.getUserById - ==>  Preparing: SELECT * FROM detection_db.user_data WHERE user_id = ?
11:28:49.766 [http-nio-8080-exec-2] DEBUG c.e.d.d.d.UsersDAO.getUserById - ==> Parameters: 1125(String)
11:28:49.767 [http-nio-8080-exec-2] DEBUG o.m.jdbc.client.impl.StandardClient - execute query: SELECT * FROM detection_db.user_data  WHERE user_id = ?
11:28:49.768 [http-nio-8080-exec-2] DEBUG c.e.d.d.d.UsersDAO.getUserById - <==      Total: 1
11:28:49.768 [http-nio-8080-exec-2] DEBUG org.mybatis.spring.SqlSessionUtils - Closing non transactional SqlSession [org.apache.ibatis.session.defaults.DefaultSqlSession@77ef8cd1]
11:28:49.871 [http-nio-8080-exec-2] DEBUG org.mybatis.spring.SqlSessionUtils - Creating a new SqlSession
11:28:49.871 [http-nio-8080-exec-2] DEBUG org.mybatis.spring.SqlSessionUtils - SqlSession [org.apache.ibatis.session.defaults.DefaultSqlSession@7985af88] was not registered for synchronization because synchronization is not active
11:28:49.871 [http-nio-8080-exec-2] DEBUG o.s.jdbc.datasource.DataSourceUtils - Fetching JDBC Connection from DataSource
11:28:49.871 [http-nio-8080-exec-2] DEBUG o.m.s.t.SpringManagedTransaction - JDBC Connection [HikariProxyConnection@167395240 wrapping org.mariadb.jdbc.Connection@74770375] will not be managed by Spring
11:28:49.871 [http-nio-8080-exec-2] DEBUG c.e.d.d.d.UsersDAO.updateUser - ==>  Preparing: UPDATE detection_db.user_data SET user_name = ?, user_privilege = ?, password = ? WHERE user_id = ?
11:28:49.871 [http-nio-8080-exec-2] DEBUG c.e.d.d.d.UsersDAO.updateUser - ==> Parameters: 6666(String), admin(String), $2a$10$BmOB.h/lj9JUKnN7W53R/O/ifmV17TMQIDrqeEA7OyMgOEA7d0APm(String), 1125(String)
11:28:49.871 [http-nio-8080-exec-2] DEBUG o.m.jdbc.client.impl.StandardClient - execute query: UPDATE detection_db.user_data
        SET user_name = ?,
            user_privilege = ?,
            password = ?
        WHERE user_id = ?
11:28:49.875 [http-nio-8080-exec-2] DEBUG c.e.d.d.d.UsersDAO.updateUser - <==    Updates: 1
11:28:49.875 [http-nio-8080-exec-2] DEBUG org.mybatis.spring.SqlSessionUtils - Closing non transactional SqlSession [org.apache.ibatis.session.defaults.DefaultSqlSession@7985af88]
11:28:49.875 [http-nio-8080-exec-2] DEBUG o.s.w.s.v.ContentNegotiatingViewResolver - Selected '*/*' given [*/*]
11:28:49.876 [http-nio-8080-exec-2] ERROR org.thymeleaf.TemplateEngine - [THYMELEAF][http-nio-8080-exec-2] Exception processing template "success": Error resolving template [success], template might not exist or might not be accessible by any of the configured Template Resolvers
org.thymeleaf.exceptions.TemplateInputException: Error resolving template [success], template might not exist or might not be accessible by any of the configured Template Resolvers
	at org.thymeleaf.engine.TemplateManager.resolveTemplate(TemplateManager.java:869)
	at org.thymeleaf.engine.TemplateManager.parseAndProcess(TemplateManager.java:607)
	at org.thymeleaf.TemplateEngine.process(TemplateEngine.java:1103)
	at org.thymeleaf.TemplateEngine.process(TemplateEngine.java:1077)
	at org.thymeleaf.spring6.view.ThymeleafView.renderFragment(ThymeleafView.java:372)
	at org.thymeleaf.spring6.view.ThymeleafView.render(ThymeleafView.java:192)
	at org.springframework.web.servlet.DispatcherServlet.render(DispatcherServlet.java:1431)
	at org.springframework.web.servlet.DispatcherServlet.processDispatchResult(DispatcherServlet.java:1167)
	at org.springframework.web.servlet.DispatcherServlet.doDispatch(DispatcherServlet.java:1106)
	at org.springframework.web.servlet.DispatcherServlet.doService(DispatcherServlet.java:979)
	at org.springframework.web.servlet.FrameworkServlet.processRequest(FrameworkServlet.java:1014)
	at org.springframework.web.servlet.FrameworkServlet.doPost(FrameworkServlet.java:914)
	at jakarta.servlet.http.HttpServlet.service(HttpServlet.java:590)
	at org.springframework.web.servlet.FrameworkServlet.service(FrameworkServlet.java:885)
	at jakarta.servlet.http.HttpServlet.service(HttpServlet.java:658)
	at org.apache.catalina.core.ApplicationFilterChain.internalDoFilter(ApplicationFilterChain.java:195)
	at org.apache.catalina.core.ApplicationFilterChain.doFilter(ApplicationFilterChain.java:140)
	at org.apache.tomcat.websocket.server.WsFilter.doFilter(WsFilter.java:51)
	at org.apache.catalina.core.ApplicationFilterChain.internalDoFilter(ApplicationFilterChain.java:164)
	at org.apache.catalina.core.ApplicationFilterChain.doFilter(ApplicationFilterChain.java:140)
	at org.springframework.web.filter.RequestContextFilter.doFilterInternal(RequestContextFilter.java:100)
	at org.springframework.web.filter.OncePerRequestFilter.doFilter(OncePerRequestFilter.java:116)
	at org.apache.catalina.core.ApplicationFilterChain.internalDoFilter(ApplicationFilterChain.java:164)
	at org.apache.catalina.core.ApplicationFilterChain.doFilter(ApplicationFilterChain.java:140)
	at org.springframework.web.filter.FormContentFilter.doFilterInternal(FormContentFilter.java:93)
	at org.springframework.web.filter.OncePerRequestFilter.doFilter(OncePerRequestFilter.java:116)
	at org.apache.catalina.core.ApplicationFilterChain.internalDoFilter(ApplicationFilterChain.java:164)
	at org.apache.catalina.core.ApplicationFilterChain.doFilter(ApplicationFilterChain.java:140)
	at org.springframework.web.filter.CharacterEncodingFilter.doFilterInternal(CharacterEncodingFilter.java:201)
	at org.springframework.web.filter.OncePerRequestFilter.doFilter(OncePerRequestFilter.java:116)
	at org.apache.catalina.core.ApplicationFilterChain.internalDoFilter(ApplicationFilterChain.java:164)
	at org.apache.catalina.core.ApplicationFilterChain.doFilter(ApplicationFilterChain.java:140)
	at org.apache.catalina.core.StandardWrapperValve.invoke(StandardWrapperValve.java:167)
	at org.apache.catalina.core.StandardContextValve.invoke(StandardContextValve.java:90)
	at org.apache.catalina.authenticator.AuthenticatorBase.invoke(AuthenticatorBase.java:482)
	at org.apache.catalina.core.StandardHostValve.invoke(StandardHostValve.java:115)
	at org.apache.catalina.valves.ErrorReportValve.invoke(ErrorReportValve.java:93)
	at org.apache.catalina.core.StandardEngineValve.invoke(StandardEngineValve.java:74)
	at org.apache.catalina.connector.CoyoteAdapter.service(CoyoteAdapter.java:344)
	at org.apache.coyote.http11.Http11Processor.service(Http11Processor.java:389)
	at org.apache.coyote.AbstractProcessorLight.process(AbstractProcessorLight.java:63)
	at org.apache.coyote.AbstractProtocol$ConnectionHandler.process(AbstractProtocol.java:904)
	at org.apache.tomcat.util.net.NioEndpoint$SocketProcessor.doRun(NioEndpoint.java:1741)
	at org.apache.tomcat.util.net.SocketProcessorBase.run(SocketProcessorBase.java:52)
	at org.apache.tomcat.util.threads.ThreadPoolExecutor.runWorker(ThreadPoolExecutor.java:1190)
	at org.apache.tomcat.util.threads.ThreadPoolExecutor$Worker.run(ThreadPoolExecutor.java:659)
	at org.apache.tomcat.util.threads.TaskThread$WrappingRunnable.run(TaskThread.java:63)
	at java.base/java.lang.Thread.run(Thread.java:1583)
11:28:49.876 [http-nio-8080-exec-2] DEBUG o.s.web.servlet.DispatcherServlet - Error rendering view [org.thymeleaf.spring6.view.ThymeleafView@234a5b66]
org.thymeleaf.exceptions.TemplateInputException: Error resolving template [success], template might not exist or might not be accessible by any of the configured Template Resolvers
	at org.thymeleaf.engine.TemplateManager.resolveTemplate(TemplateManager.java:869)
	at org.thymeleaf.engine.TemplateManager.parseAndProcess(TemplateManager.java:607)
	at org.thymeleaf.TemplateEngine.process(TemplateEngine.java:1103)
	at org.thymeleaf.TemplateEngine.process(TemplateEngine.java:1077)
	at org.thymeleaf.spring6.view.ThymeleafView.renderFragment(ThymeleafView.java:372)
	at org.thymeleaf.spring6.view.ThymeleafView.render(ThymeleafView.java:192)
	at org.springframework.web.servlet.DispatcherServlet.render(DispatcherServlet.java:1431)
	at org.springframework.web.servlet.DispatcherServlet.processDispatchResult(DispatcherServlet.java:1167)
	at org.springframework.web.servlet.DispatcherServlet.doDispatch(DispatcherServlet.java:1106)
	at org.springframework.web.servlet.DispatcherServlet.doService(DispatcherServlet.java:979)
	at org.springframework.web.servlet.FrameworkServlet.processRequest(FrameworkServlet.java:1014)
	at org.springframework.web.servlet.FrameworkServlet.doPost(FrameworkServlet.java:914)
	at jakarta.servlet.http.HttpServlet.service(HttpServlet.java:590)
	at org.springframework.web.servlet.FrameworkServlet.service(FrameworkServlet.java:885)
	at jakarta.servlet.http.HttpServlet.service(HttpServlet.java:658)
	at org.apache.catalina.core.ApplicationFilterChain.internalDoFilter(ApplicationFilterChain.java:195)
	at org.apache.catalina.core.ApplicationFilterChain.doFilter(ApplicationFilterChain.java:140)
	at org.apache.tomcat.websocket.server.WsFilter.doFilter(WsFilter.java:51)
	at org.apache.catalina.core.ApplicationFilterChain.internalDoFilter(ApplicationFilterChain.java:164)
	at org.apache.catalina.core.ApplicationFilterChain.doFilter(ApplicationFilterChain.java:140)
	at org.springframework.web.filter.RequestContextFilter.doFilterInternal(RequestContextFilter.java:100)
	at org.springframework.web.filter.OncePerRequestFilter.doFilter(OncePerRequestFilter.java:116)
	at org.apache.catalina.core.ApplicationFilterChain.internalDoFilter(ApplicationFilterChain.java:164)
	at org.apache.catalina.core.ApplicationFilterChain.doFilter(ApplicationFilterChain.java:140)
	at org.springframework.web.filter.FormContentFilter.doFilterInternal(FormContentFilter.java:93)
	at org.springframework.web.filter.OncePerRequestFilter.doFilter(OncePerRequestFilter.java:116)
	at org.apache.catalina.core.ApplicationFilterChain.internalDoFilter(ApplicationFilterChain.java:164)
	at org.apache.catalina.core.ApplicationFilterChain.doFilter(ApplicationFilterChain.java:140)
	at org.springframework.web.filter.CharacterEncodingFilter.doFilterInternal(CharacterEncodingFilter.java:201)
	at org.springframework.web.filter.OncePerRequestFilter.doFilter(OncePerRequestFilter.java:116)
	at org.apache.catalina.core.ApplicationFilterChain.internalDoFilter(ApplicationFilterChain.java:164)
	at org.apache.catalina.core.ApplicationFilterChain.doFilter(ApplicationFilterChain.java:140)
	at org.apache.catalina.core.StandardWrapperValve.invoke(StandardWrapperValve.java:167)
	at org.apache.catalina.core.StandardContextValve.invoke(StandardContextValve.java:90)
	at org.apache.catalina.authenticator.AuthenticatorBase.invoke(AuthenticatorBase.java:482)
	at org.apache.catalina.core.StandardHostValve.invoke(StandardHostValve.java:115)
	at org.apache.catalina.valves.ErrorReportValve.invoke(ErrorReportValve.java:93)
	at org.apache.catalina.core.StandardEngineValve.invoke(StandardEngineValve.java:74)
	at org.apache.catalina.connector.CoyoteAdapter.service(CoyoteAdapter.java:344)
	at org.apache.coyote.http11.Http11Processor.service(Http11Processor.java:389)
	at org.apache.coyote.AbstractProcessorLight.process(AbstractProcessorLight.java:63)
	at org.apache.coyote.AbstractProtocol$ConnectionHandler.process(AbstractProtocol.java:904)
	at org.apache.tomcat.util.net.NioEndpoint$SocketProcessor.doRun(NioEndpoint.java:1741)
	at org.apache.tomcat.util.net.SocketProcessorBase.run(SocketProcessorBase.java:52)
	at org.apache.tomcat.util.threads.ThreadPoolExecutor.runWorker(ThreadPoolExecutor.java:1190)
	at org.apache.tomcat.util.threads.ThreadPoolExecutor$Worker.run(ThreadPoolExecutor.java:659)
	at org.apache.tomcat.util.threads.TaskThread$WrappingRunnable.run(TaskThread.java:63)
	at java.base/java.lang.Thread.run(Thread.java:1583)
11:28:49.876 [http-nio-8080-exec-2] DEBUG o.s.web.servlet.DispatcherServlet - Failed to complete request: org.thymeleaf.exceptions.TemplateInputException: Error resolving template [success], template might not exist or might not be accessible by any of the configured Template Resolvers
11:28:49.876 [http-nio-8080-exec-2] ERROR o.a.c.c.C.[.[.[.[dispatcherServlet] - Servlet.service() for servlet [dispatcherServlet] in context with path [] threw exception [Request processing failed: org.thymeleaf.exceptions.TemplateInputException: Error resolving template [success], template might not exist or might not be accessible by any of the configured Template Resolvers] with root cause
org.thymeleaf.exceptions.TemplateInputException: Error resolving template [success], template might not exist or might not be accessible by any of the configured Template Resolvers
	at org.thymeleaf.engine.TemplateManager.resolveTemplate(TemplateManager.java:869)
	at org.thymeleaf.engine.TemplateManager.parseAndProcess(TemplateManager.java:607)
	at org.thymeleaf.TemplateEngine.process(TemplateEngine.java:1103)
	at org.thymeleaf.TemplateEngine.process(TemplateEngine.java:1077)
	at org.thymeleaf.spring6.view.ThymeleafView.renderFragment(ThymeleafView.java:372)
	at org.thymeleaf.spring6.view.ThymeleafView.render(ThymeleafView.java:192)
	at org.springframework.web.servlet.DispatcherServlet.render(DispatcherServlet.java:1431)
	at org.springframework.web.servlet.DispatcherServlet.processDispatchResult(DispatcherServlet.java:1167)
	at org.springframework.web.servlet.DispatcherServlet.doDispatch(DispatcherServlet.java:1106)
	at org.springframework.web.servlet.DispatcherServlet.doService(DispatcherServlet.java:979)
	at org.springframework.web.servlet.FrameworkServlet.processRequest(FrameworkServlet.java:1014)
	at org.springframework.web.servlet.FrameworkServlet.doPost(FrameworkServlet.java:914)
	at jakarta.servlet.http.HttpServlet.service(HttpServlet.java:590)
	at org.springframework.web.servlet.FrameworkServlet.service(FrameworkServlet.java:885)
	at jakarta.servlet.http.HttpServlet.service(HttpServlet.java:658)
	at org.apache.catalina.core.ApplicationFilterChain.internalDoFilter(ApplicationFilterChain.java:195)
	at org.apache.catalina.core.ApplicationFilterChain.doFilter(ApplicationFilterChain.java:140)
	at org.apache.tomcat.websocket.server.WsFilter.doFilter(WsFilter.java:51)
	at org.apache.catalina.core.ApplicationFilterChain.internalDoFilter(ApplicationFilterChain.java:164)
	at org.apache.catalina.core.ApplicationFilterChain.doFilter(ApplicationFilterChain.java:140)
	at org.springframework.web.filter.RequestContextFilter.doFilterInternal(RequestContextFilter.java:100)
	at org.springframework.web.filter.OncePerRequestFilter.doFilter(OncePerRequestFilter.java:116)
	at org.apache.catalina.core.ApplicationFilterChain.internalDoFilter(ApplicationFilterChain.java:164)
	at org.apache.catalina.core.ApplicationFilterChain.doFilter(ApplicationFilterChain.java:140)
	at org.springframework.web.filter.FormContentFilter.doFilterInternal(FormContentFilter.java:93)
	at org.springframework.web.filter.OncePerRequestFilter.doFilter(OncePerRequestFilter.java:116)
	at org.apache.catalina.core.ApplicationFilterChain.internalDoFilter(ApplicationFilterChain.java:164)
	at org.apache.catalina.core.ApplicationFilterChain.doFilter(ApplicationFilterChain.java:140)
	at org.springframework.web.filter.CharacterEncodingFilter.doFilterInternal(CharacterEncodingFilter.java:201)
	at org.springframework.web.filter.OncePerRequestFilter.doFilter(OncePerRequestFilter.java:116)
	at org.apache.catalina.core.ApplicationFilterChain.internalDoFilter(ApplicationFilterChain.java:164)
	at org.apache.catalina.core.ApplicationFilterChain.doFilter(ApplicationFilterChain.java:140)
	at org.apache.catalina.core.StandardWrapperValve.invoke(StandardWrapperValve.java:167)
	at org.apache.catalina.core.StandardContextValve.invoke(StandardContextValve.java:90)
	at org.apache.catalina.authenticator.AuthenticatorBase.invoke(AuthenticatorBase.java:482)
	at org.apache.catalina.core.StandardHostValve.invoke(StandardHostValve.java:115)
	at org.apache.catalina.valves.ErrorReportValve.invoke(ErrorReportValve.java:93)
	at org.apache.catalina.core.StandardEngineValve.invoke(StandardEngineValve.java:74)
	at org.apache.catalina.connector.CoyoteAdapter.service(CoyoteAdapter.java:344)
	at org.apache.coyote.http11.Http11Processor.service(Http11Processor.java:389)
	at org.apache.coyote.AbstractProcessorLight.process(AbstractProcessorLight.java:63)
	at org.apache.coyote.AbstractProtocol$ConnectionHandler.process(AbstractProtocol.java:904)
	at org.apache.tomcat.util.net.NioEndpoint$SocketProcessor.doRun(NioEndpoint.java:1741)
	at org.apache.tomcat.util.net.SocketProcessorBase.run(SocketProcessorBase.java:52)
	at org.apache.tomcat.util.threads.ThreadPoolExecutor.runWorker(ThreadPoolExecutor.java:1190)
	at org.apache.tomcat.util.threads.ThreadPoolExecutor$Worker.run(ThreadPoolExecutor.java:659)
	at org.apache.tomcat.util.threads.TaskThread$WrappingRunnable.run(TaskThread.java:63)
	at java.base/java.lang.Thread.run(Thread.java:1583)
11:28:49.877 [http-nio-8080-exec-2] DEBUG o.s.web.servlet.DispatcherServlet - "ERROR" dispatch for POST "/error", parameters={}
11:28:49.877 [http-nio-8080-exec-2] DEBUG o.s.w.s.m.m.a.RequestMappingHandlerMapping - Mapped to org.springframework.boot.autoconfigure.web.servlet.error.BasicErrorController#error(HttpServletRequest)
11:28:49.878 [http-nio-8080-exec-2] DEBUG o.s.w.s.m.m.a.HttpEntityMethodProcessor - Using 'application/json', given [*/*] and supported [application/json, application/*+json]
11:28:49.878 [http-nio-8080-exec-2] DEBUG o.s.w.s.m.m.a.HttpEntityMethodProcessor - Writing [{timestamp=Mon Jul 22 11:28:49 KST 2024, status=500, error=Internal Server Error, trace=org.thymelea (truncated)...]
11:28:49.879 [http-nio-8080-exec-2] DEBUG o.s.web.servlet.DispatcherServlet - Exiting from "ERROR" dispatch, status 500
11:28:51.817 [http-nio-8080-exec-4] DEBUG o.s.web.servlet.DispatcherServlet - GET "/signin", parameters={}
11:28:51.818 [http-nio-8080-exec-4] DEBUG o.s.w.s.m.m.a.RequestMappingHandlerMapping - Mapped to com.example.demo.controller.detection.UsersController#loginForm()
11:28:51.819 [http-nio-8080-exec-4] DEBUG o.s.w.s.v.ContentNegotiatingViewResolver - Selected 'text/html' given [text/html, application/xhtml+xml, image/avif, image/webp, image/apng, application/xml;q=0.9, */*;q=0.8, application/signed-exchange;v=b3;q=0.7]
11:28:51.821 [http-nio-8080-exec-4] DEBUG o.s.web.servlet.DispatcherServlet - Completed 200 OK
11:28:51.849 [http-nio-8080-exec-1] DEBUG o.s.web.servlet.DispatcherServlet - GET "/signin.png", parameters={}
11:28:51.849 [http-nio-8080-exec-1] DEBUG o.s.w.s.h.SimpleUrlHandlerMapping - Mapped to ResourceHttpRequestHandler [classpath [META-INF/resources/], classpath [resources/], classpath [static/], classpath [public/], ServletContext [/]]
11:28:51.874 [http-nio-8080-exec-1] DEBUG o.s.web.servlet.DispatcherServlet - Completed 200 OK
11:28:51.906 [http-nio-8080-exec-5] DEBUG o.s.web.servlet.DispatcherServlet - GET "/favicon.ico", parameters={}
11:28:51.907 [http-nio-8080-exec-5] DEBUG o.s.w.s.m.m.a.RequestMappingHandlerMapping - Mapped to com.example.demo.controller.log.FaviconController#returnNoFavicon()
11:28:51.907 [http-nio-8080-exec-5] DEBUG o.s.w.s.m.m.a.RequestResponseBodyMethodProcessor - Using 'application/json;q=0.8', given [image/avif, image/webp, image/apng, image/svg+xml, image/*, */*;q=0.8] and supported [application/json, application/*+json]
11:28:51.907 [http-nio-8080-exec-5] DEBUG o.s.w.s.m.m.a.RequestResponseBodyMethodProcessor - Nothing to write: null body
11:28:51.908 [http-nio-8080-exec-5] DEBUG o.s.web.servlet.DispatcherServlet - Completed 200 OK
11:28:54.784 [http-nio-8080-exec-7] DEBUG o.s.web.servlet.DispatcherServlet - POST "/login", parameters={masked}
11:28:54.784 [http-nio-8080-exec-7] DEBUG o.s.w.s.m.m.a.RequestMappingHandlerMapping - Mapped to com.example.demo.controller.detection.UsersController#login(String, String, HttpSession, RedirectAttributes)
11:28:54.785 [http-nio-8080-exec-7] DEBUG org.mybatis.spring.SqlSessionUtils - Creating a new SqlSession
11:28:54.785 [http-nio-8080-exec-7] DEBUG org.mybatis.spring.SqlSessionUtils - SqlSession [org.apache.ibatis.session.defaults.DefaultSqlSession@7f0e1ff2] was not registered for synchronization because synchronization is not active
11:28:54.785 [http-nio-8080-exec-7] DEBUG o.s.jdbc.datasource.DataSourceUtils - Fetching JDBC Connection from DataSource
11:28:54.786 [http-nio-8080-exec-7] DEBUG o.m.s.t.SpringManagedTransaction - JDBC Connection [HikariProxyConnection@1921923079 wrapping org.mariadb.jdbc.Connection@74770375] will not be managed by Spring
11:28:54.786 [http-nio-8080-exec-7] DEBUG c.e.d.d.d.UsersDAO.getUserById - ==>  Preparing: SELECT * FROM detection_db.user_data WHERE user_id = ?
11:28:54.786 [http-nio-8080-exec-7] DEBUG c.e.d.d.d.UsersDAO.getUserById - ==> Parameters: 1125(String)
11:28:54.786 [http-nio-8080-exec-7] DEBUG o.m.jdbc.client.impl.StandardClient - execute query: SELECT * FROM detection_db.user_data  WHERE user_id = ?
11:28:54.788 [http-nio-8080-exec-7] DEBUG c.e.d.d.d.UsersDAO.getUserById - <==      Total: 1
11:28:54.788 [http-nio-8080-exec-7] DEBUG org.mybatis.spring.SqlSessionUtils - Closing non transactional SqlSession [org.apache.ibatis.session.defaults.DefaultSqlSession@7f0e1ff2]
11:28:54.893 [http-nio-8080-exec-7] DEBUG o.s.web.servlet.view.RedirectView - View name 'redirect:', model {}
11:28:54.894 [http-nio-8080-exec-7] DEBUG o.s.web.servlet.DispatcherServlet - Completed 302 FOUND
11:28:54.898 [http-nio-8080-exec-6] DEBUG o.s.web.servlet.DispatcherServlet - GET "/dashboard", parameters={}
11:28:54.898 [http-nio-8080-exec-6] DEBUG o.s.w.s.m.m.a.RequestMappingHandlerMapping - Mapped to com.example.demo.controller.detection.UsersController#dashboard(HttpSession, RedirectAttributes)
11:28:54.899 [http-nio-8080-exec-6] DEBUG o.s.w.s.v.ContentNegotiatingViewResolver - Selected 'text/html' given [text/html, application/xhtml+xml, image/avif, image/webp, image/apng, application/xml;q=0.9, */*;q=0.8, application/signed-exchange;v=b3;q=0.7]
11:28:54.901 [http-nio-8080-exec-6] DEBUG o.s.web.servlet.DispatcherServlet - Completed 200 OK
11:28:54.932 [http-nio-8080-exec-3] DEBUG o.s.web.servlet.DispatcherServlet - GET "/api/patternlogs/top-sips", parameters={}
11:28:54.932 [http-nio-8080-exec-3] DEBUG o.s.w.s.m.m.a.RequestMappingHandlerMapping - Mapped to com.example.demo.controller.log.PatternLogController#getTopSIPs()
11:28:54.932 [http-nio-8080-exec-3] DEBUG org.mybatis.spring.SqlSessionUtils - Creating a new SqlSession
11:28:54.932 [http-nio-8080-exec-3] DEBUG org.mybatis.spring.SqlSessionUtils - SqlSession [org.apache.ibatis.session.defaults.DefaultSqlSession@4ccc95be] was not registered for synchronization because synchronization is not active
11:28:54.932 [http-nio-8080-exec-8] DEBUG o.s.web.servlet.DispatcherServlet - GET "/behaviorlog/top-sips", parameters={}
11:28:54.933 [http-nio-8080-exec-3] DEBUG o.s.jdbc.datasource.DataSourceUtils - Fetching JDBC Connection from DataSource
11:28:54.933 [http-nio-8080-exec-8] DEBUG o.s.w.s.m.m.a.RequestMappingHandlerMapping - Mapped to com.example.demo.controller.log.BehaviorLogController#getTopSIPs()
11:28:54.933 [http-nio-8080-exec-8] DEBUG org.mybatis.spring.SqlSessionUtils - Creating a new SqlSession
11:28:54.933 [http-nio-8080-exec-9] DEBUG o.s.web.servlet.DispatcherServlet - GET "/api/patternlogs/top-pattern-combinations", parameters={}
11:28:54.933 [http-nio-8080-exec-8] DEBUG org.mybatis.spring.SqlSessionUtils - SqlSession [org.apache.ibatis.session.defaults.DefaultSqlSession@775e49c8] was not registered for synchronization because synchronization is not active
11:28:54.933 [http-nio-8080-exec-8] DEBUG o.s.jdbc.datasource.DataSourceUtils - Fetching JDBC Connection from DataSource
11:28:54.933 [http-nio-8080-exec-9] DEBUG o.s.w.s.m.m.a.RequestMappingHandlerMapping - Mapped to com.example.demo.controller.log.PatternLogController#getTopPatternCombinations()
11:28:54.933 [http-nio-8080-exec-9] DEBUG org.mybatis.spring.SqlSessionUtils - Creating a new SqlSession
11:28:54.933 [http-nio-8080-exec-9] DEBUG org.mybatis.spring.SqlSessionUtils - SqlSession [org.apache.ibatis.session.defaults.DefaultSqlSession@337c87ba] was not registered for synchronization because synchronization is not active
11:28:54.933 [http-nio-8080-exec-9] DEBUG o.s.jdbc.datasource.DataSourceUtils - Fetching JDBC Connection from DataSource
11:28:54.934 [http-nio-8080-exec-10] DEBUG o.s.web.servlet.DispatcherServlet - GET "/api/patternlogs/ordered-by-time", parameters={}
11:28:54.934 [http-nio-8080-exec-8] DEBUG o.m.s.t.SpringManagedTransaction - JDBC Connection [HikariProxyConnection@1613192524 wrapping org.mariadb.jdbc.Connection@6dfc8765] will not be managed by Spring
11:28:54.934 [http-nio-8080-exec-3] DEBUG o.m.s.t.SpringManagedTransaction - JDBC Connection [HikariProxyConnection@1617029889 wrapping org.mariadb.jdbc.Connection@1b85e57f] will not be managed by Spring
11:28:54.934 [http-nio-8080-exec-8] DEBUG c.e.d.d.l.BehaviorLogDAO.findTopSIPs - ==>  Preparing: SELECT s_ip, COUNT(*) AS ip_count FROM log_db.behavior_log_20240717 GROUP BY s_ip ORDER BY ip_count DESC LIMIT 5;
11:28:54.934 [http-nio-8080-exec-3] DEBUG c.e.d.d.l.PatternLogDAO.findTopSIPs - ==>  Preparing: SELECT s_ip, COUNT(*) AS ip_count FROM log_db.pattern_log_20240716 GROUP BY s_ip ORDER BY ip_count DESC LIMIT 5;
11:28:54.934 [http-nio-8080-exec-3] DEBUG c.e.d.d.l.PatternLogDAO.findTopSIPs - ==> Parameters: 
11:28:54.934 [http-nio-8080-exec-8] DEBUG c.e.d.d.l.BehaviorLogDAO.findTopSIPs - ==> Parameters: 
11:28:54.934 [http-nio-8080-exec-3] DEBUG o.m.jdbc.client.impl.StandardClient - execute query: SELECT s_ip, COUNT(*) AS ip_count
        FROM log_db.pattern_log_20240716
        GROUP BY s_ip
        ORDER BY ip_count DESC
        LIMIT 5;
11:28:54.934 [http-nio-8080-exec-8] DEBUG o.m.jdbc.client.impl.StandardClient - execute query: SELECT s_ip, COUNT(*) AS ip_count
        FROM log_db.behavior_log_20240717
        GROUP BY s_ip
        ORDER BY ip_count DESC
        LIMIT 5;
11:28:54.934 [http-nio-8080-exec-10] DEBUG o.s.w.s.m.m.a.RequestMappingHandlerMapping - Mapped to com.example.demo.controller.log.PatternLogController#getAllPatternLogsOrderedByTimeDesc()
11:28:54.934 [http-nio-8080-exec-10] DEBUG org.mybatis.spring.SqlSessionUtils - Creating a new SqlSession
11:28:54.934 [http-nio-8080-exec-9] DEBUG o.m.s.t.SpringManagedTransaction - JDBC Connection [HikariProxyConnection@449595805 wrapping org.mariadb.jdbc.Connection@4e840cf7] will not be managed by Spring
11:28:54.934 [http-nio-8080-exec-9] DEBUG c.e.d.d.l.P.findTopPatternCombinations - ==>  Preparing: SELECT CONCAT(pattern1, ',', pattern2, ',', pattern3) AS combined_pattern, COUNT(*) AS pattern_count FROM log_db.pattern_log_20240716 GROUP BY combined_pattern ORDER BY pattern_count DESC LIMIT 3;
11:28:54.934 [http-nio-8080-exec-10] DEBUG org.mybatis.spring.SqlSessionUtils - SqlSession [org.apache.ibatis.session.defaults.DefaultSqlSession@3ad7662c] was not registered for synchronization because synchronization is not active
11:28:54.934 [http-nio-8080-exec-9] DEBUG c.e.d.d.l.P.findTopPatternCombinations - ==> Parameters: 
11:28:54.934 [http-nio-8080-exec-9] DEBUG o.m.jdbc.client.impl.StandardClient - execute query: SELECT CONCAT(pattern1, ',', pattern2, ',', pattern3) AS combined_pattern,
               COUNT(*) AS pattern_count
        FROM log_db.pattern_log_20240716
        GROUP BY combined_pattern
        ORDER BY pattern_count DESC
        LIMIT 3;
11:28:54.934 [http-nio-8080-exec-10] DEBUG o.s.jdbc.datasource.DataSourceUtils - Fetching JDBC Connection from DataSource
11:28:54.936 [http-nio-8080-exec-10] DEBUG o.m.s.t.SpringManagedTransaction - JDBC Connection [HikariProxyConnection@2068763903 wrapping org.mariadb.jdbc.Connection@618aacc3] will not be managed by Spring
11:28:54.936 [http-nio-8080-exec-10] DEBUG c.e.d.d.l.P.findAllOrderedByTimeDesc - ==>  Preparing: SELECT * FROM log_db.pattern_log_20240716 ORDER BY time DESC;
11:28:54.936 [http-nio-8080-exec-10] DEBUG c.e.d.d.l.P.findAllOrderedByTimeDesc - ==> Parameters: 
11:28:54.936 [http-nio-8080-exec-10] DEBUG o.m.jdbc.client.impl.StandardClient - execute query: SELECT *
        FROM log_db.pattern_log_20240716
        ORDER BY time DESC;
11:28:54.936 [http-nio-8080-exec-3] DEBUG c.e.d.d.l.PatternLogDAO.findTopSIPs - <==      Total: 4
11:28:54.937 [http-nio-8080-exec-3] DEBUG org.mybatis.spring.SqlSessionUtils - Closing non transactional SqlSession [org.apache.ibatis.session.defaults.DefaultSqlSession@4ccc95be]
11:28:54.937 [http-nio-8080-exec-3] DEBUG o.s.w.s.m.m.a.HttpEntityMethodProcessor - Using 'application/json', given [*/*] and supported [application/json, application/*+json]
11:28:54.938 [http-nio-8080-exec-3] DEBUG o.s.w.s.m.m.a.HttpEntityMethodProcessor - Writing [[{s_ip=192.168.1.79, ip_count=470}, {s_ip=192.168.1.127, ip_count=262}, {s_ip=192.168.1.152, ip_coun (truncated)...]
11:28:54.938 [http-nio-8080-exec-3] DEBUG o.s.web.servlet.DispatcherServlet - Completed 200 OK
11:28:54.939 [http-nio-8080-exec-9] DEBUG c.e.d.d.l.P.findTopPatternCombinations - <==      Total: 3
11:28:54.940 [http-nio-8080-exec-9] DEBUG org.mybatis.spring.SqlSessionUtils - Closing non transactional SqlSession [org.apache.ibatis.session.defaults.DefaultSqlSession@337c87ba]
11:28:54.940 [http-nio-8080-exec-8] DEBUG c.e.d.d.l.BehaviorLogDAO.findTopSIPs - <==      Total: 4
11:28:54.940 [http-nio-8080-exec-8] DEBUG org.mybatis.spring.SqlSessionUtils - Closing non transactional SqlSession [org.apache.ibatis.session.defaults.DefaultSqlSession@775e49c8]
11:28:54.940 [http-nio-8080-exec-9] DEBUG o.s.w.s.m.m.a.HttpEntityMethodProcessor - Using 'application/json', given [*/*] and supported [application/json, application/*+json]
11:28:54.940 [http-nio-8080-exec-9] DEBUG o.s.w.s.m.m.a.HttpEntityMethodProcessor - Writing [[{pattern_count=336, combined_pattern=select,from user_data where,"a" = "a"}, {pattern_count=334, co (truncated)...]
11:28:54.940 [http-nio-8080-exec-8] DEBUG o.s.w.s.m.m.a.HttpEntityMethodProcessor - Using 'application/json', given [*/*] and supported [application/json, application/*+json]
11:28:54.940 [http-nio-8080-exec-8] DEBUG o.s.w.s.m.m.a.HttpEntityMethodProcessor - Writing [[{s_ip=192.168.1.127, ip_count=71}, {s_ip=192.168.1.152, ip_count=18}, {s_ip=192.168.1.73, ip_count= (truncated)...]
11:28:54.941 [http-nio-8080-exec-9] DEBUG o.s.web.servlet.DispatcherServlet - Completed 200 OK
11:28:54.941 [http-nio-8080-exec-8] DEBUG o.s.web.servlet.DispatcherServlet - Completed 200 OK
11:28:54.981 [http-nio-8080-exec-10] DEBUG c.e.d.d.l.P.findAllOrderedByTimeDesc - <==      Total: 812
11:28:54.982 [http-nio-8080-exec-10] DEBUG org.mybatis.spring.SqlSessionUtils - Closing non transactional SqlSession [org.apache.ibatis.session.defaults.DefaultSqlSession@3ad7662c]
11:28:54.982 [http-nio-8080-exec-10] DEBUG o.s.w.s.m.m.a.HttpEntityMethodProcessor - Using 'application/json', given [*/*] and supported [application/json, application/*+json]
11:28:54.986 [http-nio-8080-exec-10] DEBUG o.s.w.s.m.m.a.HttpEntityMethodProcessor - Writing [[PatternLog{id=812, time='2024-07-16 23:34:23', sIp='192.168.1.127', dIp='192.168.1.33', sPort=56932 (truncated)...]
11:28:54.995 [http-nio-8080-exec-10] DEBUG o.s.web.servlet.DispatcherServlet - Completed 200 OK
11:28:55.010 [http-nio-8080-exec-4] DEBUG o.s.web.servlet.DispatcherServlet - GET "/api/patternlogs/top-pattern-combinations", parameters={}
11:28:55.010 [http-nio-8080-exec-2] DEBUG o.s.web.servlet.DispatcherServlet - GET "/api/patternlogs/top-sips", parameters={}
11:28:55.010 [http-nio-8080-exec-2] DEBUG o.s.w.s.m.m.a.RequestMappingHandlerMapping - Mapped to com.example.demo.controller.log.PatternLogController#getTopSIPs()
11:28:55.010 [http-nio-8080-exec-4] DEBUG o.s.w.s.m.m.a.RequestMappingHandlerMapping - Mapped to com.example.demo.controller.log.PatternLogController#getTopPatternCombinations()
11:28:55.010 [http-nio-8080-exec-2] DEBUG org.mybatis.spring.SqlSessionUtils - Creating a new SqlSession
11:28:55.010 [http-nio-8080-exec-4] DEBUG org.mybatis.spring.SqlSessionUtils - Creating a new SqlSession
11:28:55.010 [http-nio-8080-exec-2] DEBUG org.mybatis.spring.SqlSessionUtils - SqlSession [org.apache.ibatis.session.defaults.DefaultSqlSession@40616e69] was not registered for synchronization because synchronization is not active
11:28:55.010 [http-nio-8080-exec-4] DEBUG org.mybatis.spring.SqlSessionUtils - SqlSession [org.apache.ibatis.session.defaults.DefaultSqlSession@2afef556] was not registered for synchronization because synchronization is not active
11:28:55.010 [http-nio-8080-exec-2] DEBUG o.s.jdbc.datasource.DataSourceUtils - Fetching JDBC Connection from DataSource
11:28:55.010 [http-nio-8080-exec-2] DEBUG o.m.s.t.SpringManagedTransaction - JDBC Connection [HikariProxyConnection@1313853874 wrapping org.mariadb.jdbc.Connection@618aacc3] will not be managed by Spring
11:28:55.010 [http-nio-8080-exec-1] DEBUG o.s.web.servlet.DispatcherServlet - GET "/behaviorlog/top-sips", parameters={}
11:28:55.010 [http-nio-8080-exec-4] DEBUG o.s.jdbc.datasource.DataSourceUtils - Fetching JDBC Connection from DataSource
11:28:55.010 [http-nio-8080-exec-2] DEBUG c.e.d.d.l.PatternLogDAO.findTopSIPs - ==>  Preparing: SELECT s_ip, COUNT(*) AS ip_count FROM log_db.pattern_log_20240716 GROUP BY s_ip ORDER BY ip_count DESC LIMIT 5;
11:28:55.010 [http-nio-8080-exec-1] DEBUG o.s.w.s.m.m.a.RequestMappingHandlerMapping - Mapped to com.example.demo.controller.log.BehaviorLogController#getTopSIPs()
11:28:55.010 [http-nio-8080-exec-2] DEBUG c.e.d.d.l.PatternLogDAO.findTopSIPs - ==> Parameters: 
11:28:55.010 [http-nio-8080-exec-2] DEBUG o.m.jdbc.client.impl.StandardClient - execute query: SELECT s_ip, COUNT(*) AS ip_count
        FROM log_db.pattern_log_20240716
        GROUP BY s_ip
        ORDER BY ip_count DESC
        LIMIT 5;
11:28:55.010 [http-nio-8080-exec-4] DEBUG o.m.s.t.SpringManagedTransaction - JDBC Connection [HikariProxyConnection@726011105 wrapping org.mariadb.jdbc.Connection@1b85e57f] will not be managed by Spring
11:28:55.010 [http-nio-8080-exec-1] DEBUG org.mybatis.spring.SqlSessionUtils - Creating a new SqlSession
11:28:55.010 [http-nio-8080-exec-4] DEBUG c.e.d.d.l.P.findTopPatternCombinations - ==>  Preparing: SELECT CONCAT(pattern1, ',', pattern2, ',', pattern3) AS combined_pattern, COUNT(*) AS pattern_count FROM log_db.pattern_log_20240716 GROUP BY combined_pattern ORDER BY pattern_count DESC LIMIT 3;
11:28:55.010 [http-nio-8080-exec-1] DEBUG org.mybatis.spring.SqlSessionUtils - SqlSession [org.apache.ibatis.session.defaults.DefaultSqlSession@1f551078] was not registered for synchronization because synchronization is not active
11:28:55.010 [http-nio-8080-exec-1] DEBUG o.s.jdbc.datasource.DataSourceUtils - Fetching JDBC Connection from DataSource
11:28:55.010 [http-nio-8080-exec-4] DEBUG c.e.d.d.l.P.findTopPatternCombinations - ==> Parameters: 
11:28:55.010 [http-nio-8080-exec-1] DEBUG o.m.s.t.SpringManagedTransaction - JDBC Connection [HikariProxyConnection@305437114 wrapping org.mariadb.jdbc.Connection@6dfc8765] will not be managed by Spring
11:28:55.010 [http-nio-8080-exec-4] DEBUG o.m.jdbc.client.impl.StandardClient - execute query: SELECT CONCAT(pattern1, ',', pattern2, ',', pattern3) AS combined_pattern,
               COUNT(*) AS pattern_count
        FROM log_db.pattern_log_20240716
        GROUP BY combined_pattern
        ORDER BY pattern_count DESC
        LIMIT 3;
11:28:55.010 [http-nio-8080-exec-1] DEBUG c.e.d.d.l.BehaviorLogDAO.findTopSIPs - ==>  Preparing: SELECT s_ip, COUNT(*) AS ip_count FROM log_db.behavior_log_20240717 GROUP BY s_ip ORDER BY ip_count DESC LIMIT 5;
11:28:55.011 [http-nio-8080-exec-1] DEBUG c.e.d.d.l.BehaviorLogDAO.findTopSIPs - ==> Parameters: 
11:28:55.011 [http-nio-8080-exec-1] DEBUG o.m.jdbc.client.impl.StandardClient - execute query: SELECT s_ip, COUNT(*) AS ip_count
        FROM log_db.behavior_log_20240717
        GROUP BY s_ip
        ORDER BY ip_count DESC
        LIMIT 5;
11:28:55.012 [http-nio-8080-exec-1] DEBUG c.e.d.d.l.BehaviorLogDAO.findTopSIPs - <==      Total: 4
11:28:55.012 [http-nio-8080-exec-1] DEBUG org.mybatis.spring.SqlSessionUtils - Closing non transactional SqlSession [org.apache.ibatis.session.defaults.DefaultSqlSession@1f551078]
11:28:55.012 [http-nio-8080-exec-1] DEBUG o.s.w.s.m.m.a.HttpEntityMethodProcessor - Using 'application/json', given [*/*] and supported [application/json, application/*+json]
11:28:55.013 [http-nio-8080-exec-1] DEBUG o.s.w.s.m.m.a.HttpEntityMethodProcessor - Writing [[{s_ip=192.168.1.127, ip_count=71}, {s_ip=192.168.1.152, ip_count=18}, {s_ip=192.168.1.73, ip_count= (truncated)...]
11:28:55.014 [http-nio-8080-exec-1] DEBUG o.s.web.servlet.DispatcherServlet - Completed 200 OK
11:28:55.014 [http-nio-8080-exec-2] DEBUG c.e.d.d.l.PatternLogDAO.findTopSIPs - <==      Total: 4
11:28:55.014 [http-nio-8080-exec-2] DEBUG org.mybatis.spring.SqlSessionUtils - Closing non transactional SqlSession [org.apache.ibatis.session.defaults.DefaultSqlSession@40616e69]
11:28:55.015 [http-nio-8080-exec-2] DEBUG o.s.w.s.m.m.a.HttpEntityMethodProcessor - Using 'application/json', given [*/*] and supported [application/json, application/*+json]
11:28:55.016 [http-nio-8080-exec-2] DEBUG o.s.w.s.m.m.a.HttpEntityMethodProcessor - Writing [[{s_ip=192.168.1.79, ip_count=470}, {s_ip=192.168.1.127, ip_count=262}, {s_ip=192.168.1.152, ip_coun (truncated)...]
11:28:55.016 [http-nio-8080-exec-4] DEBUG c.e.d.d.l.P.findTopPatternCombinations - <==      Total: 3
11:28:55.016 [http-nio-8080-exec-4] DEBUG org.mybatis.spring.SqlSessionUtils - Closing non transactional SqlSession [org.apache.ibatis.session.defaults.DefaultSqlSession@2afef556]
11:28:55.016 [http-nio-8080-exec-4] DEBUG o.s.w.s.m.m.a.HttpEntityMethodProcessor - Using 'application/json', given [*/*] and supported [application/json, application/*+json]
11:28:55.016 [http-nio-8080-exec-2] DEBUG o.s.web.servlet.DispatcherServlet - Completed 200 OK
11:28:55.016 [http-nio-8080-exec-4] DEBUG o.s.w.s.m.m.a.HttpEntityMethodProcessor - Writing [[{pattern_count=336, combined_pattern=select,from user_data where,"a" = "a"}, {pattern_count=334, co (truncated)...]
11:28:55.017 [http-nio-8080-exec-4] DEBUG o.s.web.servlet.DispatcherServlet - Completed 200 OK
11:28:55.019 [http-nio-8080-exec-5] DEBUG o.s.web.servlet.DispatcherServlet - GET "/favicon.ico", parameters={}
11:28:55.019 [http-nio-8080-exec-5] DEBUG o.s.w.s.m.m.a.RequestMappingHandlerMapping - Mapped to com.example.demo.controller.log.FaviconController#returnNoFavicon()
11:28:55.020 [http-nio-8080-exec-5] DEBUG o.s.w.s.m.m.a.RequestResponseBodyMethodProcessor - Using 'application/json;q=0.8', given [image/avif, image/webp, image/apng, image/svg+xml, image/*, */*;q=0.8] and supported [application/json, application/*+json]
11:28:55.020 [http-nio-8080-exec-5] DEBUG o.s.w.s.m.m.a.RequestResponseBodyMethodProcessor - Nothing to write: null body
11:28:55.020 [http-nio-8080-exec-5] DEBUG o.s.web.servlet.DispatcherServlet - Completed 200 OK
11:28:56.240 [http-nio-8080-exec-7] DEBUG o.s.web.servlet.DispatcherServlet - GET "/userlist", parameters={}
11:28:56.240 [http-nio-8080-exec-7] DEBUG o.s.w.s.m.m.a.RequestMappingHandlerMapping - Mapped to com.example.demo.controller.detection.UsersController#userlistForm(Model, HttpSession, RedirectAttributes)
11:28:56.241 [http-nio-8080-exec-7] DEBUG org.mybatis.spring.SqlSessionUtils - Creating a new SqlSession
11:28:56.241 [http-nio-8080-exec-7] DEBUG org.mybatis.spring.SqlSessionUtils - SqlSession [org.apache.ibatis.session.defaults.DefaultSqlSession@21e5a3a2] was not registered for synchronization because synchronization is not active
11:28:56.241 [http-nio-8080-exec-7] DEBUG o.s.jdbc.datasource.DataSourceUtils - Fetching JDBC Connection from DataSource
11:28:56.242 [http-nio-8080-exec-7] DEBUG o.m.s.t.SpringManagedTransaction - JDBC Connection [HikariProxyConnection@575817645 wrapping org.mariadb.jdbc.Connection@74770375] will not be managed by Spring
11:28:56.242 [http-nio-8080-exec-7] DEBUG c.e.d.d.d.UsersDAO.getAllUsers - ==>  Preparing: SELECT * FROM detection_db.user_data
11:28:56.242 [http-nio-8080-exec-7] DEBUG c.e.d.d.d.UsersDAO.getAllUsers - ==> Parameters: 
11:28:56.242 [http-nio-8080-exec-7] DEBUG o.m.jdbc.client.impl.StandardClient - execute query: SELECT * FROM detection_db.user_data
11:28:56.244 [http-nio-8080-exec-7] DEBUG c.e.d.d.d.UsersDAO.getAllUsers - <==      Total: 14
11:28:56.244 [http-nio-8080-exec-7] DEBUG org.mybatis.spring.SqlSessionUtils - Closing non transactional SqlSession [org.apache.ibatis.session.defaults.DefaultSqlSession@21e5a3a2]
11:28:56.244 [http-nio-8080-exec-7] DEBUG o.s.w.s.v.ContentNegotiatingViewResolver - Selected 'text/html' given [text/html, application/xhtml+xml, image/avif, image/webp, image/apng, application/xml;q=0.9, */*;q=0.8, application/signed-exchange;v=b3;q=0.7]
11:28:56.247 [http-nio-8080-exec-7] DEBUG o.s.web.servlet.DispatcherServlet - Completed 200 OK
11:28:56.275 [http-nio-8080-exec-6] DEBUG o.s.web.servlet.DispatcherServlet - GET "/api/users", parameters={}
11:28:56.275 [http-nio-8080-exec-6] DEBUG o.s.w.s.m.m.a.RequestMappingHandlerMapping - Mapped to com.example.demo.controller.detection.UsersController#getUsers()
11:28:56.276 [http-nio-8080-exec-6] DEBUG org.mybatis.spring.SqlSessionUtils - Creating a new SqlSession
11:28:56.276 [http-nio-8080-exec-6] DEBUG org.mybatis.spring.SqlSessionUtils - SqlSession [org.apache.ibatis.session.defaults.DefaultSqlSession@54552cae] was not registered for synchronization because synchronization is not active
11:28:56.276 [http-nio-8080-exec-6] DEBUG o.s.jdbc.datasource.DataSourceUtils - Fetching JDBC Connection from DataSource
11:28:56.276 [http-nio-8080-exec-6] DEBUG o.m.s.t.SpringManagedTransaction - JDBC Connection [HikariProxyConnection@1001275414 wrapping org.mariadb.jdbc.Connection@74770375] will not be managed by Spring
11:28:56.276 [http-nio-8080-exec-6] DEBUG c.e.d.d.d.UsersDAO.getAllUsers - ==>  Preparing: SELECT * FROM detection_db.user_data
11:28:56.276 [http-nio-8080-exec-6] DEBUG c.e.d.d.d.UsersDAO.getAllUsers - ==> Parameters: 
11:28:56.276 [http-nio-8080-exec-6] DEBUG o.m.jdbc.client.impl.StandardClient - execute query: SELECT * FROM detection_db.user_data
11:28:56.278 [http-nio-8080-exec-6] DEBUG c.e.d.d.d.UsersDAO.getAllUsers - <==      Total: 14
11:28:56.278 [http-nio-8080-exec-6] DEBUG org.mybatis.spring.SqlSessionUtils - Closing non transactional SqlSession [org.apache.ibatis.session.defaults.DefaultSqlSession@54552cae]
11:28:56.278 [http-nio-8080-exec-6] DEBUG o.s.w.s.m.m.a.RequestResponseBodyMethodProcessor - Using 'application/json', given [*/*] and supported [application/json, application/*+json]
11:28:56.279 [http-nio-8080-exec-6] DEBUG o.s.w.s.m.m.a.RequestResponseBodyMethodProcessor - Writing [[com.example.demo.dto.detection.Users@629d5ac3, com.example.demo.dto.detection.Users@707d9ecb, com.e (truncated)...]
11:28:56.279 [http-nio-8080-exec-6] DEBUG o.s.web.servlet.DispatcherServlet - Completed 200 OK
11:28:56.326 [http-nio-8080-exec-3] DEBUG o.s.web.servlet.DispatcherServlet - GET "/favicon.ico", parameters={}
11:28:56.326 [http-nio-8080-exec-3] DEBUG o.s.w.s.m.m.a.RequestMappingHandlerMapping - Mapped to com.example.demo.controller.log.FaviconController#returnNoFavicon()
11:28:56.327 [http-nio-8080-exec-3] DEBUG o.s.w.s.m.m.a.RequestResponseBodyMethodProcessor - Using 'application/json;q=0.8', given [image/avif, image/webp, image/apng, image/svg+xml, image/*, */*;q=0.8] and supported [application/json, application/*+json]
11:28:56.327 [http-nio-8080-exec-3] DEBUG o.s.w.s.m.m.a.RequestResponseBodyMethodProcessor - Nothing to write: null body
11:28:56.327 [http-nio-8080-exec-3] DEBUG o.s.web.servlet.DispatcherServlet - Completed 200 OK
11:28:56.661 [HikariPool-2 housekeeper] DEBUG com.zaxxer.hikari.pool.HikariPool - HikariPool-2 - Pool stats (total=10, active=0, idle=10, waiting=0)
11:28:56.661 [HikariPool-2 housekeeper] DEBUG com.zaxxer.hikari.pool.HikariPool - HikariPool-2 - Fill pool skipped, pool has sufficient level or currently being filled.
