13:47:40.675 [HikariPool-1 housekeeper] DEBUG com.zaxxer.hikari.pool.HikariPool - HikariPool-1 - Pool stats (total=10, active=0, idle=10, waiting=0)
13:47:40.677 [HikariPool-1 housekeeper] DEBUG com.zaxxer.hikari.pool.HikariPool - HikariPool-1 - Fill pool skipped, pool has sufficient level or currently being filled.
13:47:48.080 [http-nio-8080-exec-6] DEBUG o.s.web.servlet.DispatcherServlet - GET "/behaviorpolicy", parameters={}
13:47:48.080 [http-nio-8080-exec-6] DEBUG o.s.w.s.m.m.a.RequestMappingHandlerMapping - Mapped to com.example.demo.controller.detection.BehaviorDetectionController#showPolicyList2(Model)
13:47:48.081 [http-nio-8080-exec-6] DEBUG org.mybatis.spring.SqlSessionUtils - Creating a new SqlSession
13:47:48.081 [http-nio-8080-exec-6] DEBUG org.mybatis.spring.SqlSessionUtils - SqlSession [org.apache.ibatis.session.defaults.DefaultSqlSession@13498630] was not registered for synchronization because synchronization is not active
13:47:48.081 [http-nio-8080-exec-6] DEBUG o.s.jdbc.datasource.DataSourceUtils - Fetching JDBC Connection from DataSource
13:47:48.082 [http-nio-8080-exec-6] DEBUG o.m.s.t.SpringManagedTransaction - JDBC Connection [HikariProxyConnection@270251495 wrapping org.mariadb.jdbc.Connection@291f2491] will not be managed by Spring
13:47:48.082 [http-nio-8080-exec-6] DEBUG c.e.d.d.d.B.getAllBehaviorDetections - ==>  Preparing: SELECT * FROM detection_db.behavior_detection
13:47:48.082 [http-nio-8080-exec-6] DEBUG c.e.d.d.d.B.getAllBehaviorDetections - ==> Parameters: 
13:47:48.082 [http-nio-8080-exec-6] DEBUG o.m.jdbc.client.impl.StandardClient - execute query: SELECT * FROM detection_db.behavior_detection
13:47:48.085 [http-nio-8080-exec-6] DEBUG c.e.d.d.d.B.getAllBehaviorDetections - <==      Total: 9
13:47:48.085 [http-nio-8080-exec-6] DEBUG org.mybatis.spring.SqlSessionUtils - Closing non transactional SqlSession [org.apache.ibatis.session.defaults.DefaultSqlSession@13498630]
13:47:48.086 [http-nio-8080-exec-6] DEBUG o.s.w.s.v.ContentNegotiatingViewResolver - Selected 'text/html' given [text/html, application/xhtml+xml, image/avif, image/webp, image/apng, application/xml;q=0.9, */*;q=0.8, application/signed-exchange;v=b3;q=0.7]
13:47:48.091 [http-nio-8080-exec-6] DEBUG o.s.web.servlet.DispatcherServlet - Completed 200 OK
13:47:48.137 [http-nio-8080-exec-8] DEBUG o.s.web.servlet.DispatcherServlet - POST "/api/search-behavior-detections", parameters={}
13:47:48.138 [http-nio-8080-exec-8] DEBUG o.s.w.s.m.m.a.RequestMappingHandlerMapping - Mapped to com.example.demo.controller.detection.BehaviorDetectionController#searchBehaviorDetections(BehaviorDetection)
13:47:48.147 [http-nio-8080-exec-9] DEBUG o.s.web.servlet.DispatcherServlet - GET "/favicon.ico", parameters={}
13:47:48.148 [http-nio-8080-exec-9] DEBUG o.s.w.s.m.m.a.RequestMappingHandlerMapping - Mapped to com.example.demo.controller.log.FaviconController#returnNoFavicon()
13:47:48.150 [http-nio-8080-exec-9] DEBUG o.s.w.s.m.m.a.RequestResponseBodyMethodProcessor - Using 'application/json;q=0.8', given [image/avif, image/webp, image/apng, image/svg+xml, image/*, */*;q=0.8] and supported [application/json, application/*+json]
13:47:48.150 [http-nio-8080-exec-9] DEBUG o.s.w.s.m.m.a.RequestResponseBodyMethodProcessor - Nothing to write: null body
13:47:48.150 [http-nio-8080-exec-9] DEBUG o.s.web.servlet.DispatcherServlet - Completed 200 OK
13:47:48.165 [http-nio-8080-exec-8] DEBUG o.s.w.s.m.m.a.RequestResponseBodyMethodProcessor - Read "application/json;charset=UTF-8" to [BehaviorDetection{detection_number=null, s_to_ip='null', s_ip='null', d_ip='null', s_port=null, d_po (truncated)...]
13:47:48.165 [http-nio-8080-exec-8] DEBUG org.mybatis.spring.SqlSessionUtils - Creating a new SqlSession
13:47:48.166 [http-nio-8080-exec-8] DEBUG org.mybatis.spring.SqlSessionUtils - SqlSession [org.apache.ibatis.session.defaults.DefaultSqlSession@727d1674] was not registered for synchronization because synchronization is not active
13:47:48.166 [http-nio-8080-exec-8] DEBUG o.s.jdbc.datasource.DataSourceUtils - Fetching JDBC Connection from DataSource
13:47:48.166 [http-nio-8080-exec-8] DEBUG o.m.s.t.SpringManagedTransaction - JDBC Connection [HikariProxyConnection@1242066410 wrapping org.mariadb.jdbc.Connection@291f2491] will not be managed by Spring
13:47:48.166 [http-nio-8080-exec-8] DEBUG c.e.d.d.d.B.searchBehaviorDetections - ==>  Preparing: SELECT * FROM detection_db.behavior_detection WHERE (detection_number LIKE '%' || COALESCE(?, '') || '%' OR ? IS NULL) AND (s_to_ip LIKE '%' || COALESCE(?, '') || '%' OR ? IS NULL) AND (s_ip LIKE '%' || COALESCE(?, '') || '%' OR ? IS NULL) AND (d_ip LIKE '%' || COALESCE(?, '') || '%' OR ? IS NULL) AND (s_port = ? OR ? IS NULL) AND (d_port = ? OR ? IS NULL) AND (create_dt >= ? OR ? IS NULL) AND (modify_dt LIKE '%' || COALESCE(?, '') || '%' OR ? IS NULL) AND (action_type LIKE '%' || COALESCE(?, '') || '%' OR ? IS NULL) AND (policy_name LIKE '%' || COALESCE(?, '') || '%' OR ? IS NULL) AND (policy_info LIKE '%' || COALESCE(?, '') || '%' OR ? IS NULL) AND (pattern_1 LIKE '%' || COALESCE(?, '') || '%' OR ? IS NULL) AND (pattern_2 LIKE '%' || COALESCE(?, '') || '%' OR ? IS NULL) AND (pattern_3 LIKE '%' || COALESCE(?, '') || '%' OR ? IS NULL) AND (dangerous = ? OR ? IS NULL)
13:47:48.167 [http-nio-8080-exec-8] DEBUG c.e.d.d.d.B.searchBehaviorDetections - ==> Parameters: null, null, null, null, null, null, null, null, null, null, null, null, null, null, null, null, null, null, null, null, null, null, null, null, null, null, null, null, null, null
13:47:48.167 [http-nio-8080-exec-8] DEBUG o.m.jdbc.client.impl.StandardClient - execute query: SELECT * FROM detection_db.behavior_detection
    WHERE (detection_number LIKE '%' || COALESCE(?, '') || '%' OR ? IS NULL)
    AND (s_to_ip LIKE '%' || COALESCE(?, '') || '%' OR ? IS NULL)
    AND (s_ip LIKE '%' || COALESCE(?, '') || '%' OR ? IS NULL)
    AND (d_ip LIKE '%' || COALESCE(?, '') || '%' OR ? IS NULL)
    AND (s_port = ? OR ? IS NULL)
    AND (d_port = ? OR ? IS NULL)
    AND (create_dt >= ? OR ? IS NULL)
    AND (modify_dt LIKE '%' || COALESCE(?, '') || '%' OR ? IS NULL)
    AND (action_type LIKE '%' || COALESCE(?, '') || '%' OR ? IS NULL)
    AND (policy_name LIKE '%' || COALESCE(?, '') || '%' OR ? IS NULL)
    AND (policy_info LIKE '%' || COALESCE(?, '') || '%' OR ? IS NULL)
    AND (pattern_1 LIKE '%' || COALESCE(?, '') || '%' OR ? IS NULL)
    AND (pattern_2 LIKE '%' || COALESCE(?, '') || '%' OR ? IS NULL)
    AND (pattern_3 LIKE '%' || COALESCE(?, '') || '%' OR ? IS NULL)
    AND (dangerous = ? OR ? IS NULL)
13:47:48.171 [http-nio-8080-exec-8] DEBUG c.e.d.d.d.B.searchBehaviorDetections - <==      Total: 9
13:47:48.171 [http-nio-8080-exec-8] DEBUG org.mybatis.spring.SqlSessionUtils - Closing non transactional SqlSession [org.apache.ibatis.session.defaults.DefaultSqlSession@727d1674]
13:47:48.171 [http-nio-8080-exec-8] DEBUG o.s.w.s.m.m.a.RequestResponseBodyMethodProcessor - Using 'application/json', given [*/*] and supported [application/json, application/*+json]
13:47:48.172 [http-nio-8080-exec-8] DEBUG o.s.w.s.m.m.a.RequestResponseBodyMethodProcessor - Writing [[BehaviorDetection{detection_number=1, s_to_ip='null', s_ip='null', d_ip='192.168.1.33', s_port=3306 (truncated)...]
13:47:48.177 [http-nio-8080-exec-8] DEBUG o.s.web.servlet.DispatcherServlet - Completed 200 OK
13:47:55.184 [http-nio-8080-exec-1] DEBUG o.s.web.servlet.DispatcherServlet - GET "/addpolicy", parameters={}
13:47:55.184 [http-nio-8080-exec-1] DEBUG o.s.w.s.m.m.a.RequestMappingHandlerMapping - Mapped to com.example.demo.controller.detection.PatternDetectionController#showAddPatternForm(Model)
13:47:55.186 [http-nio-8080-exec-1] DEBUG o.s.w.s.v.ContentNegotiatingViewResolver - Selected 'text/html' given [text/html, application/xhtml+xml, image/avif, image/webp, image/apng, application/xml;q=0.9, */*;q=0.8, application/signed-exchange;v=b3;q=0.7]
13:47:55.192 [http-nio-8080-exec-1] DEBUG o.s.web.servlet.DispatcherServlet - Completed 200 OK
13:47:55.235 [http-nio-8080-exec-2] DEBUG o.s.web.servlet.DispatcherServlet - GET "/favicon.ico", parameters={}
13:47:55.236 [http-nio-8080-exec-2] DEBUG o.s.w.s.m.m.a.RequestMappingHandlerMapping - Mapped to com.example.demo.controller.log.FaviconController#returnNoFavicon()
13:47:55.239 [http-nio-8080-exec-2] DEBUG o.s.w.s.m.m.a.RequestResponseBodyMethodProcessor - Using 'application/json;q=0.8', given [image/avif, image/webp, image/apng, image/svg+xml, image/*, */*;q=0.8] and supported [application/json, application/*+json]
13:47:55.239 [http-nio-8080-exec-2] DEBUG o.s.w.s.m.m.a.RequestResponseBodyMethodProcessor - Nothing to write: null body
13:47:55.239 [http-nio-8080-exec-2] DEBUG o.s.web.servlet.DispatcherServlet - Completed 200 OK
13:47:55.926 [http-nio-8080-exec-3] DEBUG o.s.web.servlet.DispatcherServlet - GET "/addbehaviorpolicy", parameters={}
13:47:55.926 [http-nio-8080-exec-3] DEBUG o.s.w.s.m.m.a.RequestMappingHandlerMapping - Mapped to com.example.demo.controller.detection.BehaviorDetectionController#showAddBehaviorForm(Model)
13:47:55.928 [http-nio-8080-exec-3] DEBUG o.s.w.s.v.ContentNegotiatingViewResolver - Selected 'text/html' given [text/html, application/xhtml+xml, image/avif, image/webp, image/apng, application/xml;q=0.9, */*;q=0.8, application/signed-exchange;v=b3;q=0.7]
13:47:55.932 [http-nio-8080-exec-3] DEBUG o.s.web.servlet.DispatcherServlet - Completed 200 OK
13:47:55.997 [http-nio-8080-exec-7] DEBUG o.s.web.servlet.DispatcherServlet - GET "/favicon.ico", parameters={}
13:47:55.997 [http-nio-8080-exec-7] DEBUG o.s.w.s.m.m.a.RequestMappingHandlerMapping - Mapped to com.example.demo.controller.log.FaviconController#returnNoFavicon()
13:47:55.999 [http-nio-8080-exec-7] DEBUG o.s.w.s.m.m.a.RequestResponseBodyMethodProcessor - Using 'application/json;q=0.8', given [image/avif, image/webp, image/apng, image/svg+xml, image/*, */*;q=0.8] and supported [application/json, application/*+json]
13:47:56.000 [http-nio-8080-exec-7] DEBUG o.s.w.s.m.m.a.RequestResponseBodyMethodProcessor - Nothing to write: null body
13:47:56.000 [http-nio-8080-exec-7] DEBUG o.s.web.servlet.DispatcherServlet - Completed 200 OK
13:48:10.680 [HikariPool-1 housekeeper] DEBUG com.zaxxer.hikari.pool.HikariPool - HikariPool-1 - Pool stats (total=10, active=0, idle=10, waiting=0)
13:48:10.680 [HikariPool-1 housekeeper] DEBUG com.zaxxer.hikari.pool.HikariPool - HikariPool-1 - Fill pool skipped, pool has sufficient level or currently being filled.
13:48:27.776 [http-nio-8080-exec-9] DEBUG o.s.web.servlet.DispatcherServlet - POST "/addbehaviorpolicy", parameters={masked}
13:48:27.776 [http-nio-8080-exec-9] DEBUG o.s.w.s.m.m.a.RequestMappingHandlerMapping - Mapped to com.example.demo.controller.detection.BehaviorDetectionController#addBehavior(BehaviorDetection)
13:48:27.778 [http-nio-8080-exec-9] DEBUG o.s.beans.CachedIntrospectionResults - Not strongly caching class [com.example.demo.dto.detection.BehaviorDetection] because it is not cache-safe
13:48:27.818 [http-nio-8080-exec-9] DEBUG o.s.w.s.m.m.a.ExceptionHandlerExceptionResolver - Using @ExceptionHandler com.example.demo.controller.detection.GlobalExceptionHandler#handleException(Exception)
13:48:27.818 [http-nio-8080-exec-9] ERROR c.e.d.c.d.GlobalExceptionHandler - 알 수 없는 예외가 발생했습니다.
org.springframework.web.bind.MethodArgumentNotValidException: Validation failed for argument [0] in public java.lang.String com.example.demo.controller.detection.BehaviorDetectionController.addBehavior(com.example.demo.dto.detection.BehaviorDetection): [Field error in object 'behaviorDetection' on field 'dangerous': rejected value [a]; codes [typeMismatch.behaviorDetection.dangerous,typeMismatch.dangerous,typeMismatch.java.lang.Integer,typeMismatch]; arguments [org.springframework.context.support.DefaultMessageSourceResolvable: codes [behaviorDetection.dangerous,dangerous]; arguments []; default message [dangerous]]; default message [Failed to convert property value of type 'java.lang.String' to required type 'java.lang.Integer' for property 'dangerous'; For input string: "a"]] 
	at org.springframework.web.method.annotation.ModelAttributeMethodProcessor.resolveArgument(ModelAttributeMethodProcessor.java:158)
	at org.springframework.web.method.support.HandlerMethodArgumentResolverComposite.resolveArgument(HandlerMethodArgumentResolverComposite.java:122)
	at org.springframework.web.method.support.InvocableHandlerMethod.getMethodArgumentValues(InvocableHandlerMethod.java:224)
	at org.springframework.web.method.support.InvocableHandlerMethod.invokeForRequest(InvocableHandlerMethod.java:178)
	at org.springframework.web.servlet.mvc.method.annotation.ServletInvocableHandlerMethod.invokeAndHandle(ServletInvocableHandlerMethod.java:118)
	at org.springframework.web.servlet.mvc.method.annotation.RequestMappingHandlerAdapter.invokeHandlerMethod(RequestMappingHandlerAdapter.java:926)
	at org.springframework.web.servlet.mvc.method.annotation.RequestMappingHandlerAdapter.handleInternal(RequestMappingHandlerAdapter.java:831)
	at org.springframework.web.servlet.mvc.method.AbstractHandlerMethodAdapter.handle(AbstractHandlerMethodAdapter.java:87)
	at org.springframework.web.servlet.DispatcherServlet.doDispatch(DispatcherServlet.java:1089)
	at org.springframework.web.servlet.DispatcherServlet.doService(DispatcherServlet.java:979)
	at org.springframework.web.servlet.FrameworkServlet.processRequest(FrameworkServlet.java:1014)
	at org.springframework.web.servlet.FrameworkServlet.doPost(FrameworkServlet.java:914)
	at jakarta.servlet.http.HttpServlet.service(HttpServlet.java:590)
	at org.springframework.web.servlet.FrameworkServlet.service(FrameworkServlet.java:885)
	at jakarta.servlet.http.HttpServlet.service(HttpServlet.java:658)
	at org.apache.catalina.core.ApplicationFilterChain.internalDoFilter(ApplicationFilterChain.java:195)
	at org.apache.catalina.core.ApplicationFilterChain.doFilter(ApplicationFilterChain.java:140)
	at org.apache.tomcat.websocket.server.WsFilter.doFilter(WsFilter.java:51)
	at org.apache.catalina.core.ApplicationFilterChain.internalDoFilter(ApplicationFilterChain.java:164)
	at org.apache.catalina.core.ApplicationFilterChain.doFilter(ApplicationFilterChain.java:140)
	at org.springframework.web.filter.RequestContextFilter.doFilterInternal(RequestContextFilter.java:100)
	at org.springframework.web.filter.OncePerRequestFilter.doFilter(OncePerRequestFilter.java:116)
	at org.apache.catalina.core.ApplicationFilterChain.internalDoFilter(ApplicationFilterChain.java:164)
	at org.apache.catalina.core.ApplicationFilterChain.doFilter(ApplicationFilterChain.java:140)
	at org.springframework.web.filter.FormContentFilter.doFilterInternal(FormContentFilter.java:93)
	at org.springframework.web.filter.OncePerRequestFilter.doFilter(OncePerRequestFilter.java:116)
	at org.apache.catalina.core.ApplicationFilterChain.internalDoFilter(ApplicationFilterChain.java:164)
	at org.apache.catalina.core.ApplicationFilterChain.doFilter(ApplicationFilterChain.java:140)
	at org.springframework.web.filter.CharacterEncodingFilter.doFilterInternal(CharacterEncodingFilter.java:201)
	at org.springframework.web.filter.OncePerRequestFilter.doFilter(OncePerRequestFilter.java:116)
	at org.apache.catalina.core.ApplicationFilterChain.internalDoFilter(ApplicationFilterChain.java:164)
	at org.apache.catalina.core.ApplicationFilterChain.doFilter(ApplicationFilterChain.java:140)
	at org.apache.catalina.core.StandardWrapperValve.invoke(StandardWrapperValve.java:167)
	at org.apache.catalina.core.StandardContextValve.invoke(StandardContextValve.java:90)
	at org.apache.catalina.authenticator.AuthenticatorBase.invoke(AuthenticatorBase.java:482)
	at org.apache.catalina.core.StandardHostValve.invoke(StandardHostValve.java:115)
	at org.apache.catalina.valves.ErrorReportValve.invoke(ErrorReportValve.java:93)
	at org.apache.catalina.core.StandardEngineValve.invoke(StandardEngineValve.java:74)
	at org.apache.catalina.connector.CoyoteAdapter.service(CoyoteAdapter.java:344)
	at org.apache.coyote.http11.Http11Processor.service(Http11Processor.java:389)
	at org.apache.coyote.AbstractProcessorLight.process(AbstractProcessorLight.java:63)
	at org.apache.coyote.AbstractProtocol$ConnectionHandler.process(AbstractProtocol.java:904)
	at org.apache.tomcat.util.net.NioEndpoint$SocketProcessor.doRun(NioEndpoint.java:1741)
	at org.apache.tomcat.util.net.SocketProcessorBase.run(SocketProcessorBase.java:52)
	at org.apache.tomcat.util.threads.ThreadPoolExecutor.runWorker(ThreadPoolExecutor.java:1190)
	at org.apache.tomcat.util.threads.ThreadPoolExecutor$Worker.run(ThreadPoolExecutor.java:659)
	at org.apache.tomcat.util.threads.TaskThread$WrappingRunnable.run(TaskThread.java:63)
	at java.base/java.lang.Thread.run(Thread.java:1570)
13:48:27.820 [http-nio-8080-exec-9] WARN  o.s.w.s.m.m.a.ExceptionHandlerExceptionResolver - Resolved [org.springframework.web.bind.MethodArgumentNotValidException: Validation failed for argument [0] in public java.lang.String com.example.demo.controller.detection.BehaviorDetectionController.addBehavior(com.example.demo.dto.detection.BehaviorDetection): [Field error in object 'behaviorDetection' on field 'dangerous': rejected value [a]; codes [typeMismatch.behaviorDetection.dangerous,typeMismatch.dangerous,typeMismatch.java.lang.Integer,typeMismatch]; arguments [org.springframework.context.support.DefaultMessageSourceResolvable: codes [behaviorDetection.dangerous,dangerous]; arguments []; default message [dangerous]]; default message [Failed to convert property value of type 'java.lang.String' to required type 'java.lang.Integer' for property 'dangerous'; For input string: "a"]] ]
13:48:27.821 [http-nio-8080-exec-9] DEBUG o.s.web.servlet.DispatcherServlet - Using resolved error view: ModelAndView [view="500"; model={}]
13:48:27.821 [http-nio-8080-exec-9] DEBUG o.s.w.s.v.ContentNegotiatingViewResolver - Selected 'text/html' given [text/html, application/xhtml+xml, image/avif, image/webp, image/apng, application/xml;q=0.9, */*;q=0.8, application/signed-exchange;v=b3;q=0.7]
13:48:27.823 [http-nio-8080-exec-9] DEBUG o.s.web.servlet.DispatcherServlet - Completed 200 OK
13:48:27.854 [http-nio-8080-exec-8] DEBUG o.s.web.servlet.DispatcherServlet - GET "/css/bootstrap.min.css", parameters={}
13:48:27.855 [http-nio-8080-exec-1] DEBUG o.s.web.servlet.DispatcherServlet - GET "/css/style.css", parameters={}
13:48:27.855 [http-nio-8080-exec-2] DEBUG o.s.web.servlet.DispatcherServlet - GET "/lib/chart/chart.min.js", parameters={}
13:48:27.856 [http-nio-8080-exec-1] DEBUG o.s.w.s.h.SimpleUrlHandlerMapping - Mapped to ResourceHttpRequestHandler [classpath [META-INF/resources/], classpath [resources/], classpath [static/], classpath [public/], ServletContext [/]]
13:48:27.856 [http-nio-8080-exec-8] DEBUG o.s.w.s.h.SimpleUrlHandlerMapping - Mapped to ResourceHttpRequestHandler [classpath [META-INF/resources/], classpath [resources/], classpath [static/], classpath [public/], ServletContext [/]]
13:48:27.856 [http-nio-8080-exec-3] DEBUG o.s.web.servlet.DispatcherServlet - GET "/lib/easing/easing.min.js", parameters={}
13:48:27.857 [http-nio-8080-exec-3] DEBUG o.s.w.s.h.SimpleUrlHandlerMapping - Mapped to ResourceHttpRequestHandler [classpath [META-INF/resources/], classpath [resources/], classpath [static/], classpath [public/], ServletContext [/]]
13:48:27.857 [http-nio-8080-exec-7] DEBUG o.s.web.servlet.DispatcherServlet - GET "/lib/waypoints/waypoints.min.js", parameters={}
13:48:27.858 [http-nio-8080-exec-7] DEBUG o.s.w.s.h.SimpleUrlHandlerMapping - Mapped to ResourceHttpRequestHandler [classpath [META-INF/resources/], classpath [resources/], classpath [static/], classpath [public/], ServletContext [/]]
13:48:27.856 [http-nio-8080-exec-2] DEBUG o.s.w.s.h.SimpleUrlHandlerMapping - Mapped to ResourceHttpRequestHandler [classpath [META-INF/resources/], classpath [resources/], classpath [static/], classpath [public/], ServletContext [/]]
13:48:27.860 [http-nio-8080-exec-1] DEBUG o.s.web.servlet.DispatcherServlet - Completed 200 OK
13:48:27.862 [http-nio-8080-exec-7] DEBUG o.s.web.servlet.DispatcherServlet - Completed 200 OK
13:48:27.863 [http-nio-8080-exec-7] DEBUG o.s.web.servlet.DispatcherServlet - GET "/lib/owlcarousel/owl.carousel.min.js", parameters={}
13:48:27.864 [http-nio-8080-exec-2] DEBUG o.s.web.servlet.DispatcherServlet - Completed 200 OK
13:48:27.864 [http-nio-8080-exec-7] DEBUG o.s.w.s.h.SimpleUrlHandlerMapping - Mapped to ResourceHttpRequestHandler [classpath [META-INF/resources/], classpath [resources/], classpath [static/], classpath [public/], ServletContext [/]]
13:48:27.866 [http-nio-8080-exec-8] DEBUG o.s.web.servlet.DispatcherServlet - Completed 200 OK
13:48:27.867 [http-nio-8080-exec-4] DEBUG o.s.web.servlet.DispatcherServlet - GET "/lib/tempusdominus/js/moment.min.js", parameters={}
13:48:27.868 [http-nio-8080-exec-7] DEBUG o.s.web.servlet.DispatcherServlet - Completed 200 OK
13:48:27.869 [http-nio-8080-exec-4] DEBUG o.s.w.s.h.SimpleUrlHandlerMapping - Mapped to ResourceHttpRequestHandler [classpath [META-INF/resources/], classpath [resources/], classpath [static/], classpath [public/], ServletContext [/]]
13:48:27.871 [http-nio-8080-exec-5] DEBUG o.s.web.servlet.DispatcherServlet - GET "/lib/tempusdominus/js/moment-timezone.min.js", parameters={}
13:48:27.872 [http-nio-8080-exec-5] DEBUG o.s.w.s.h.SimpleUrlHandlerMapping - Mapped to ResourceHttpRequestHandler [classpath [META-INF/resources/], classpath [resources/], classpath [static/], classpath [public/], ServletContext [/]]
13:48:27.878 [http-nio-8080-exec-4] DEBUG o.s.web.servlet.DispatcherServlet - Completed 200 OK
13:48:27.879 [http-nio-8080-exec-5] DEBUG o.s.web.servlet.DispatcherServlet - Completed 200 OK
13:48:27.883 [http-nio-8080-exec-6] DEBUG o.s.web.servlet.DispatcherServlet - GET "/lib/tempusdominus/js/tempusdominus-bootstrap-4.min.js", parameters={}
13:48:27.883 [http-nio-8080-exec-9] DEBUG o.s.web.servlet.DispatcherServlet - GET "/js/main.js", parameters={}
13:48:27.883 [http-nio-8080-exec-6] DEBUG o.s.w.s.h.SimpleUrlHandlerMapping - Mapped to ResourceHttpRequestHandler [classpath [META-INF/resources/], classpath [resources/], classpath [static/], classpath [public/], ServletContext [/]]
13:48:27.883 [http-nio-8080-exec-9] DEBUG o.s.w.s.h.SimpleUrlHandlerMapping - Mapped to ResourceHttpRequestHandler [classpath [META-INF/resources/], classpath [resources/], classpath [static/], classpath [public/], ServletContext [/]]
13:48:27.892 [http-nio-8080-exec-6] DEBUG o.s.web.servlet.DispatcherServlet - Completed 200 OK
13:48:27.896 [http-nio-8080-exec-9] DEBUG o.s.web.servlet.DispatcherServlet - Completed 200 OK
13:48:27.901 [http-nio-8080-exec-3] DEBUG o.s.web.servlet.DispatcherServlet - Completed 200 OK
13:48:29.022 [http-nio-8080-exec-1] DEBUG o.s.web.servlet.DispatcherServlet - GET "/addbehaviorpolicy", parameters={}
13:48:29.022 [http-nio-8080-exec-1] DEBUG o.s.w.s.m.m.a.RequestMappingHandlerMapping - Mapped to com.example.demo.controller.detection.BehaviorDetectionController#showAddBehaviorForm(Model)
13:48:29.022 [http-nio-8080-exec-1] DEBUG o.s.w.s.v.ContentNegotiatingViewResolver - Selected 'text/html' given [text/html, application/xhtml+xml, image/avif, image/webp, image/apng, application/xml;q=0.9, */*;q=0.8, application/signed-exchange;v=b3;q=0.7]
13:48:29.026 [http-nio-8080-exec-1] DEBUG o.s.web.servlet.DispatcherServlet - Completed 200 OK
13:48:29.105 [http-nio-8080-exec-10] DEBUG o.s.web.servlet.DispatcherServlet - GET "/favicon.ico", parameters={}
13:48:29.105 [http-nio-8080-exec-10] DEBUG o.s.w.s.m.m.a.RequestMappingHandlerMapping - Mapped to com.example.demo.controller.log.FaviconController#returnNoFavicon()
13:48:29.106 [http-nio-8080-exec-10] DEBUG o.s.w.s.m.m.a.RequestResponseBodyMethodProcessor - Using 'application/json;q=0.8', given [image/avif, image/webp, image/apng, image/svg+xml, image/*, */*;q=0.8] and supported [application/json, application/*+json]
13:48:29.106 [http-nio-8080-exec-10] DEBUG o.s.w.s.m.m.a.RequestResponseBodyMethodProcessor - Nothing to write: null body
13:48:29.106 [http-nio-8080-exec-10] DEBUG o.s.web.servlet.DispatcherServlet - Completed 200 OK
13:48:30.077 [http-nio-8080-exec-2] DEBUG o.s.web.servlet.DispatcherServlet - POST "/addbehaviorpolicy", parameters={masked}
13:48:30.077 [http-nio-8080-exec-2] DEBUG o.s.w.s.m.m.a.RequestMappingHandlerMapping - Mapped to com.example.demo.controller.detection.BehaviorDetectionController#addBehavior(BehaviorDetection)
13:48:30.079 [http-nio-8080-exec-2] DEBUG org.mybatis.spring.SqlSessionUtils - Creating a new SqlSession
13:48:30.079 [http-nio-8080-exec-2] DEBUG org.mybatis.spring.SqlSessionUtils - SqlSession [org.apache.ibatis.session.defaults.DefaultSqlSession@60a0535] was not registered for synchronization because synchronization is not active
13:48:30.079 [http-nio-8080-exec-2] DEBUG o.s.jdbc.datasource.DataSourceUtils - Fetching JDBC Connection from DataSource
13:48:30.081 [http-nio-8080-exec-2] DEBUG o.m.s.t.SpringManagedTransaction - JDBC Connection [HikariProxyConnection@591170241 wrapping org.mariadb.jdbc.Connection@291f2491] will not be managed by Spring
13:48:30.081 [http-nio-8080-exec-2] DEBUG c.e.d.d.d.B.addBehaviorDetection - ==>  Preparing: INSERT INTO detection_db.behavior_detection (detection_number,s_to_ip, s_ip, d_ip, s_port, d_port, create_dt, modify_dt, action_type, policy_name, policy_info, pattern_1, pattern_2, pattern_3, dangerous, base_cnt, comp_cnt, base_time) VALUES (?, ?, ?, ?, ?, ?, ?, ?, ?, ?, ?, ?, ?, ?, ?, ?, ?, ?)
13:48:30.081 [http-nio-8080-exec-2] DEBUG c.e.d.d.d.B.addBehaviorDetection - ==> Parameters: 2024202420(Integer), 192.168.1.1 to 192.168.1.131(String), 192.168.1.155(String), 192.168.1.27(String), 3306(Integer), 3306(Integer), 2024-07-15T13:48(LocalDateTime), 2024-07-31T13:48(LocalDateTime), 0714(String), a(String), a(String), 3306(String), 3306(String), 3306(String), 3306(Integer), 1(Integer), 1(Integer), 1(Integer)
13:48:30.081 [http-nio-8080-exec-2] DEBUG o.m.jdbc.client.impl.StandardClient - execute query: INSERT INTO detection_db.behavior_detection (detection_number,s_to_ip, s_ip, d_ip, s_port, d_port, create_dt, modify_dt, action_type, policy_name, policy_info, pattern_1, pattern_2, pattern_3, dangerous, base_cnt, comp_cnt, base_time)
        VALUES (?, ?, ?, ?, ?, ?, ?, ?, ?, ?, ?, ?, ?, ?, ?, ?, ?, ?)
13:48:30.097 [http-nio-8080-exec-2] DEBUG c.e.d.d.d.B.addBehaviorDetection - <==    Updates: 1
13:48:30.097 [http-nio-8080-exec-2] DEBUG org.mybatis.spring.SqlSessionUtils - Closing non transactional SqlSession [org.apache.ibatis.session.defaults.DefaultSqlSession@60a0535]
13:48:30.097 [http-nio-8080-exec-2] DEBUG o.s.web.servlet.view.RedirectView - View name 'redirect:', model {}
13:48:30.098 [http-nio-8080-exec-2] DEBUG o.s.web.servlet.DispatcherServlet - Completed 302 FOUND
13:48:30.102 [http-nio-8080-exec-8] DEBUG o.s.web.servlet.DispatcherServlet - GET "/policylist", parameters={}
13:48:30.102 [http-nio-8080-exec-8] DEBUG o.s.w.s.m.m.a.RequestMappingHandlerMapping - Mapped to com.example.demo.controller.detection.PatternDetectionController#showPolicyList(Model)
13:48:30.103 [http-nio-8080-exec-8] DEBUG org.mybatis.spring.SqlSessionUtils - Creating a new SqlSession
13:48:30.103 [http-nio-8080-exec-8] DEBUG org.mybatis.spring.SqlSessionUtils - SqlSession [org.apache.ibatis.session.defaults.DefaultSqlSession@5a8957f8] was not registered for synchronization because synchronization is not active
13:48:30.103 [http-nio-8080-exec-8] DEBUG o.s.jdbc.datasource.DataSourceUtils - Fetching JDBC Connection from DataSource
13:48:30.103 [http-nio-8080-exec-8] DEBUG o.m.s.t.SpringManagedTransaction - JDBC Connection [HikariProxyConnection@1079850091 wrapping org.mariadb.jdbc.Connection@291f2491] will not be managed by Spring
13:48:30.103 [http-nio-8080-exec-8] DEBUG c.e.d.d.d.P.getAllPatternDetections - ==>  Preparing: SELECT detection_number, s_to_ip, s_ip, d_ip, s_port, d_port, create_dt, modify_dt, action_type, policy_name, policy_info, pattern_1, pattern_2, pattern_3, dangerous FROM detection_db.pattern_detection
13:48:30.103 [http-nio-8080-exec-8] DEBUG c.e.d.d.d.P.getAllPatternDetections - ==> Parameters: 
13:48:30.103 [http-nio-8080-exec-8] DEBUG o.m.jdbc.client.impl.StandardClient - execute query: SELECT detection_number, s_to_ip, s_ip, d_ip, s_port, d_port, create_dt, modify_dt, action_type, policy_name, policy_info, pattern_1, pattern_2, pattern_3, dangerous
        FROM detection_db.pattern_detection
13:48:30.107 [http-nio-8080-exec-8] DEBUG c.e.d.d.d.P.getAllPatternDetections - <==      Total: 20
13:48:30.107 [http-nio-8080-exec-8] DEBUG org.mybatis.spring.SqlSessionUtils - Closing non transactional SqlSession [org.apache.ibatis.session.defaults.DefaultSqlSession@5a8957f8]
13:48:30.108 [http-nio-8080-exec-8] DEBUG o.s.w.s.v.ContentNegotiatingViewResolver - Selected 'text/html' given [text/html, application/xhtml+xml, image/avif, image/webp, image/apng, application/xml;q=0.9, */*;q=0.8, application/signed-exchange;v=b3;q=0.7]
13:48:30.112 [http-nio-8080-exec-8] DEBUG o.s.web.servlet.DispatcherServlet - Completed 200 OK
13:48:30.169 [http-nio-8080-exec-7] DEBUG o.s.web.servlet.DispatcherServlet - POST "/api/search-pattern-detections", parameters={}
13:48:30.169 [http-nio-8080-exec-4] DEBUG o.s.web.servlet.DispatcherServlet - GET "/favicon.ico", parameters={}
13:48:30.169 [http-nio-8080-exec-7] DEBUG o.s.w.s.m.m.a.RequestMappingHandlerMapping - Mapped to com.example.demo.controller.detection.PatternDetectionController#searchPatternDetections(SearchCriteria)
13:48:30.169 [http-nio-8080-exec-4] DEBUG o.s.w.s.m.m.a.RequestMappingHandlerMapping - Mapped to com.example.demo.controller.log.FaviconController#returnNoFavicon()
13:48:30.169 [http-nio-8080-exec-4] DEBUG o.s.w.s.m.m.a.RequestResponseBodyMethodProcessor - Using 'application/json;q=0.8', given [image/avif, image/webp, image/apng, image/svg+xml, image/*, */*;q=0.8] and supported [application/json, application/*+json]
13:48:30.169 [http-nio-8080-exec-4] DEBUG o.s.w.s.m.m.a.RequestResponseBodyMethodProcessor - Nothing to write: null body
13:48:30.169 [http-nio-8080-exec-7] DEBUG o.s.w.s.m.m.a.RequestResponseBodyMethodProcessor - Read "application/json;charset=UTF-8" to [com.example.demo.controller.log.SearchCriteria@1575df57]
13:48:30.170 [http-nio-8080-exec-4] DEBUG o.s.web.servlet.DispatcherServlet - Completed 200 OK
13:48:30.170 [http-nio-8080-exec-7] DEBUG org.mybatis.spring.SqlSessionUtils - Creating a new SqlSession
13:48:30.170 [http-nio-8080-exec-7] DEBUG org.mybatis.spring.SqlSessionUtils - SqlSession [org.apache.ibatis.session.defaults.DefaultSqlSession@55de1b51] was not registered for synchronization because synchronization is not active
13:48:30.170 [http-nio-8080-exec-7] DEBUG o.s.jdbc.datasource.DataSourceUtils - Fetching JDBC Connection from DataSource
13:48:30.170 [http-nio-8080-exec-7] DEBUG o.m.s.t.SpringManagedTransaction - JDBC Connection [HikariProxyConnection@1620302872 wrapping org.mariadb.jdbc.Connection@291f2491] will not be managed by Spring
13:48:30.170 [http-nio-8080-exec-7] DEBUG c.e.d.d.d.P.getAllPatternDetections - ==>  Preparing: SELECT detection_number, s_to_ip, s_ip, d_ip, s_port, d_port, create_dt, modify_dt, action_type, policy_name, policy_info, pattern_1, pattern_2, pattern_3, dangerous FROM detection_db.pattern_detection
13:48:30.170 [http-nio-8080-exec-7] DEBUG c.e.d.d.d.P.getAllPatternDetections - ==> Parameters: 
13:48:30.170 [http-nio-8080-exec-7] DEBUG o.m.jdbc.client.impl.StandardClient - execute query: SELECT detection_number, s_to_ip, s_ip, d_ip, s_port, d_port, create_dt, modify_dt, action_type, policy_name, policy_info, pattern_1, pattern_2, pattern_3, dangerous
        FROM detection_db.pattern_detection
13:48:30.177 [http-nio-8080-exec-7] DEBUG c.e.d.d.d.P.getAllPatternDetections - <==      Total: 20
13:48:30.177 [http-nio-8080-exec-7] DEBUG org.mybatis.spring.SqlSessionUtils - Closing non transactional SqlSession [org.apache.ibatis.session.defaults.DefaultSqlSession@55de1b51]
13:48:30.177 [http-nio-8080-exec-7] DEBUG o.s.w.s.m.m.a.RequestResponseBodyMethodProcessor - Using 'application/json', given [*/*] and supported [application/json, application/*+json]
13:48:30.178 [http-nio-8080-exec-7] DEBUG o.s.w.s.m.m.a.RequestResponseBodyMethodProcessor - Writing [[PatternDetection{detection_number=1, s_to_ip='null', s_ip='192.168.1.73', d_ip='192.168.1.26', s_po (truncated)...]
13:48:30.179 [http-nio-8080-exec-7] DEBUG o.s.web.servlet.DispatcherServlet - Completed 200 OK
13:48:39.939 [http-nio-8080-exec-5] DEBUG o.s.web.servlet.DispatcherServlet - GET "/behaviorpolicy", parameters={}
13:48:39.939 [http-nio-8080-exec-5] DEBUG o.s.w.s.m.m.a.RequestMappingHandlerMapping - Mapped to com.example.demo.controller.detection.BehaviorDetectionController#showPolicyList2(Model)
13:48:39.939 [http-nio-8080-exec-5] DEBUG org.mybatis.spring.SqlSessionUtils - Creating a new SqlSession
13:48:39.939 [http-nio-8080-exec-5] DEBUG org.mybatis.spring.SqlSessionUtils - SqlSession [org.apache.ibatis.session.defaults.DefaultSqlSession@48fb6ef0] was not registered for synchronization because synchronization is not active
13:48:39.939 [http-nio-8080-exec-5] DEBUG o.s.jdbc.datasource.DataSourceUtils - Fetching JDBC Connection from DataSource
13:48:39.941 [http-nio-8080-exec-5] DEBUG o.m.s.t.SpringManagedTransaction - JDBC Connection [HikariProxyConnection@1087332353 wrapping org.mariadb.jdbc.Connection@291f2491] will not be managed by Spring
13:48:39.941 [http-nio-8080-exec-5] DEBUG c.e.d.d.d.B.getAllBehaviorDetections - ==>  Preparing: SELECT * FROM detection_db.behavior_detection
13:48:39.941 [http-nio-8080-exec-5] DEBUG c.e.d.d.d.B.getAllBehaviorDetections - ==> Parameters: 
13:48:39.941 [http-nio-8080-exec-5] DEBUG o.m.jdbc.client.impl.StandardClient - execute query: SELECT * FROM detection_db.behavior_detection
13:48:39.944 [http-nio-8080-exec-5] DEBUG c.e.d.d.d.B.getAllBehaviorDetections - <==      Total: 10
13:48:39.944 [http-nio-8080-exec-5] DEBUG org.mybatis.spring.SqlSessionUtils - Closing non transactional SqlSession [org.apache.ibatis.session.defaults.DefaultSqlSession@48fb6ef0]
13:48:39.945 [http-nio-8080-exec-5] DEBUG o.s.w.s.v.ContentNegotiatingViewResolver - Selected 'text/html' given [text/html, application/xhtml+xml, image/avif, image/webp, image/apng, application/xml;q=0.9, */*;q=0.8, application/signed-exchange;v=b3;q=0.7]
13:48:39.948 [http-nio-8080-exec-5] DEBUG o.s.web.servlet.DispatcherServlet - Completed 200 OK
13:48:39.990 [http-nio-8080-exec-6] DEBUG o.s.web.servlet.DispatcherServlet - POST "/api/search-behavior-detections", parameters={}
13:48:39.990 [http-nio-8080-exec-6] DEBUG o.s.w.s.m.m.a.RequestMappingHandlerMapping - Mapped to com.example.demo.controller.detection.BehaviorDetectionController#searchBehaviorDetections(BehaviorDetection)
13:48:39.991 [http-nio-8080-exec-6] DEBUG o.s.w.s.m.m.a.RequestResponseBodyMethodProcessor - Read "application/json;charset=UTF-8" to [BehaviorDetection{detection_number=null, s_to_ip='null', s_ip='null', d_ip='null', s_port=null, d_po (truncated)...]
13:48:39.992 [http-nio-8080-exec-6] DEBUG org.mybatis.spring.SqlSessionUtils - Creating a new SqlSession
13:48:39.992 [http-nio-8080-exec-6] DEBUG org.mybatis.spring.SqlSessionUtils - SqlSession [org.apache.ibatis.session.defaults.DefaultSqlSession@12566a2] was not registered for synchronization because synchronization is not active
13:48:39.992 [http-nio-8080-exec-6] DEBUG o.s.jdbc.datasource.DataSourceUtils - Fetching JDBC Connection from DataSource
13:48:39.992 [http-nio-8080-exec-6] DEBUG o.m.s.t.SpringManagedTransaction - JDBC Connection [HikariProxyConnection@1289510892 wrapping org.mariadb.jdbc.Connection@291f2491] will not be managed by Spring
13:48:39.993 [http-nio-8080-exec-6] DEBUG c.e.d.d.d.B.searchBehaviorDetections - ==>  Preparing: SELECT * FROM detection_db.behavior_detection WHERE (detection_number LIKE '%' || COALESCE(?, '') || '%' OR ? IS NULL) AND (s_to_ip LIKE '%' || COALESCE(?, '') || '%' OR ? IS NULL) AND (s_ip LIKE '%' || COALESCE(?, '') || '%' OR ? IS NULL) AND (d_ip LIKE '%' || COALESCE(?, '') || '%' OR ? IS NULL) AND (s_port = ? OR ? IS NULL) AND (d_port = ? OR ? IS NULL) AND (create_dt >= ? OR ? IS NULL) AND (modify_dt LIKE '%' || COALESCE(?, '') || '%' OR ? IS NULL) AND (action_type LIKE '%' || COALESCE(?, '') || '%' OR ? IS NULL) AND (policy_name LIKE '%' || COALESCE(?, '') || '%' OR ? IS NULL) AND (policy_info LIKE '%' || COALESCE(?, '') || '%' OR ? IS NULL) AND (pattern_1 LIKE '%' || COALESCE(?, '') || '%' OR ? IS NULL) AND (pattern_2 LIKE '%' || COALESCE(?, '') || '%' OR ? IS NULL) AND (pattern_3 LIKE '%' || COALESCE(?, '') || '%' OR ? IS NULL) AND (dangerous = ? OR ? IS NULL)
13:48:39.993 [http-nio-8080-exec-6] DEBUG c.e.d.d.d.B.searchBehaviorDetections - ==> Parameters: null, null, null, null, null, null, null, null, null, null, null, null, null, null, null, null, null, null, null, null, null, null, null, null, null, null, null, null, null, null
13:48:39.993 [http-nio-8080-exec-6] DEBUG o.m.jdbc.client.impl.StandardClient - execute query: SELECT * FROM detection_db.behavior_detection
    WHERE (detection_number LIKE '%' || COALESCE(?, '') || '%' OR ? IS NULL)
    AND (s_to_ip LIKE '%' || COALESCE(?, '') || '%' OR ? IS NULL)
    AND (s_ip LIKE '%' || COALESCE(?, '') || '%' OR ? IS NULL)
    AND (d_ip LIKE '%' || COALESCE(?, '') || '%' OR ? IS NULL)
    AND (s_port = ? OR ? IS NULL)
    AND (d_port = ? OR ? IS NULL)
    AND (create_dt >= ? OR ? IS NULL)
    AND (modify_dt LIKE '%' || COALESCE(?, '') || '%' OR ? IS NULL)
    AND (action_type LIKE '%' || COALESCE(?, '') || '%' OR ? IS NULL)
    AND (policy_name LIKE '%' || COALESCE(?, '') || '%' OR ? IS NULL)
    AND (policy_info LIKE '%' || COALESCE(?, '') || '%' OR ? IS NULL)
    AND (pattern_1 LIKE '%' || COALESCE(?, '') || '%' OR ? IS NULL)
    AND (pattern_2 LIKE '%' || COALESCE(?, '') || '%' OR ? IS NULL)
    AND (pattern_3 LIKE '%' || COALESCE(?, '') || '%' OR ? IS NULL)
    AND (dangerous = ? OR ? IS NULL)
13:48:39.997 [http-nio-8080-exec-6] DEBUG c.e.d.d.d.B.searchBehaviorDetections - <==      Total: 10
13:48:39.998 [http-nio-8080-exec-6] DEBUG org.mybatis.spring.SqlSessionUtils - Closing non transactional SqlSession [org.apache.ibatis.session.defaults.DefaultSqlSession@12566a2]
13:48:39.998 [http-nio-8080-exec-6] DEBUG o.s.w.s.m.m.a.RequestResponseBodyMethodProcessor - Using 'application/json', given [*/*] and supported [application/json, application/*+json]
13:48:39.999 [http-nio-8080-exec-6] DEBUG o.s.w.s.m.m.a.RequestResponseBodyMethodProcessor - Writing [[BehaviorDetection{detection_number=1, s_to_ip='null', s_ip='null', d_ip='192.168.1.33', s_port=3306 (truncated)...]
13:48:40.000 [http-nio-8080-exec-6] DEBUG o.s.web.servlet.DispatcherServlet - Completed 200 OK
13:48:40.005 [http-nio-8080-exec-9] DEBUG o.s.web.servlet.DispatcherServlet - GET "/favicon.ico", parameters={}
13:48:40.005 [http-nio-8080-exec-9] DEBUG o.s.w.s.m.m.a.RequestMappingHandlerMapping - Mapped to com.example.demo.controller.log.FaviconController#returnNoFavicon()
13:48:40.006 [http-nio-8080-exec-9] DEBUG o.s.w.s.m.m.a.RequestResponseBodyMethodProcessor - Using 'application/json;q=0.8', given [image/avif, image/webp, image/apng, image/svg+xml, image/*, */*;q=0.8] and supported [application/json, application/*+json]
13:48:40.006 [http-nio-8080-exec-9] DEBUG o.s.w.s.m.m.a.RequestResponseBodyMethodProcessor - Nothing to write: null body
13:48:40.006 [http-nio-8080-exec-9] DEBUG o.s.web.servlet.DispatcherServlet - Completed 200 OK
13:48:40.681 [HikariPool-1 housekeeper] DEBUG com.zaxxer.hikari.pool.HikariPool - HikariPool-1 - Pool stats (total=10, active=0, idle=10, waiting=0)
13:48:40.681 [HikariPool-1 housekeeper] DEBUG com.zaxxer.hikari.pool.HikariPool - HikariPool-1 - Fill pool skipped, pool has sufficient level or currently being filled.
13:49:03.512 [RMI TCP Connection(4)-127.0.0.1] INFO  o.s.b.a.SpringApplicationAdminMXBeanRegistrar$SpringApplicationAdmin - Application shutdown requested.
13:49:03.512 [RMI TCP Connection(4)-127.0.0.1] DEBUG o.s.b.a.ApplicationAvailabilityBean - Application availability state ReadinessState changed from ACCEPTING_TRAFFIC to REFUSING_TRAFFIC
13:49:03.513 [RMI TCP Connection(4)-127.0.0.1] DEBUG o.s.b.w.s.c.AnnotationConfigServletWebServerApplicationContext - Closing org.springframework.boot.web.servlet.context.AnnotationConfigServletWebServerApplicationContext@7ed9fe67, started on Mon Jul 15 13:46:37 KST 2024
13:49:03.514 [RMI TCP Connection(4)-127.0.0.1] DEBUG o.s.c.s.DefaultLifecycleProcessor - Stopping beans in phase 2147483647
13:49:03.515 [RMI TCP Connection(4)-127.0.0.1] DEBUG o.s.c.s.DefaultLifecycleProcessor - Bean 'applicationTaskExecutor' completed its stop procedure
13:49:03.515 [RMI TCP Connection(4)-127.0.0.1] DEBUG o.s.c.s.DefaultLifecycleProcessor - Stopping beans in phase 2147482623
13:49:03.516 [RMI TCP Connection(4)-127.0.0.1] DEBUG o.s.c.s.DefaultLifecycleProcessor - Bean 'webServerGracefulShutdown' completed its stop procedure
13:49:03.516 [RMI TCP Connection(4)-127.0.0.1] DEBUG o.s.c.s.DefaultLifecycleProcessor - Stopping beans in phase 2147481599
13:49:03.516 [RMI TCP Connection(4)-127.0.0.1] INFO  o.a.coyote.http11.Http11NioProtocol - Stopping ProtocolHandler ["http-nio-8080"]
13:49:03.521 [RMI TCP Connection(4)-127.0.0.1] DEBUG o.s.c.s.DefaultLifecycleProcessor - Bean 'webServerStartStop' completed its stop procedure
13:49:03.521 [RMI TCP Connection(4)-127.0.0.1] DEBUG o.s.c.s.DefaultLifecycleProcessor - Stopping beans in phase -2147483647
13:49:03.521 [RMI TCP Connection(4)-127.0.0.1] DEBUG o.s.c.s.DefaultLifecycleProcessor - Bean 'springBootLoggingLifecycle' completed its stop procedure
13:49:03.522 [RMI TCP Connection(4)-127.0.0.1] DEBUG o.s.j.e.a.AnnotationMBeanExporter - Unregistering JMX-exposed beans on shutdown
13:49:03.522 [RMI TCP Connection(4)-127.0.0.1] DEBUG o.s.j.e.a.AnnotationMBeanExporter - Unregistering JMX-exposed beans
13:49:03.523 [RMI TCP Connection(4)-127.0.0.1] DEBUG o.s.s.c.ThreadPoolTaskExecutor - Shutting down ExecutorService 'applicationTaskExecutor'
13:49:03.524 [RMI TCP Connection(4)-127.0.0.1] INFO  com.zaxxer.hikari.HikariDataSource - HikariPool-1 - Shutdown initiated...
13:49:03.524 [RMI TCP Connection(4)-127.0.0.1] DEBUG com.zaxxer.hikari.pool.HikariPool - HikariPool-1 - Before shutdown stats (total=10, active=0, idle=10, waiting=0)
13:49:03.525 [HikariPool-1 connection closer] DEBUG com.zaxxer.hikari.pool.PoolBase - HikariPool-1 - Closing connection org.mariadb.jdbc.Connection@291f2491: (connection evicted)
13:49:03.527 [HikariPool-1 connection closer] DEBUG com.zaxxer.hikari.pool.PoolBase - HikariPool-1 - Closing connection org.mariadb.jdbc.Connection@2c40a0b8: (connection evicted)
13:49:03.527 [HikariPool-1 connection closer] DEBUG com.zaxxer.hikari.pool.PoolBase - HikariPool-1 - Closing connection org.mariadb.jdbc.Connection@79f63ba6: (connection evicted)
13:49:03.528 [HikariPool-1 connection closer] DEBUG com.zaxxer.hikari.pool.PoolBase - HikariPool-1 - Closing connection org.mariadb.jdbc.Connection@59cbc6a6: (connection evicted)
13:49:03.529 [HikariPool-1 connection closer] DEBUG com.zaxxer.hikari.pool.PoolBase - HikariPool-1 - Closing connection org.mariadb.jdbc.Connection@72a50579: (connection evicted)
13:49:03.530 [HikariPool-1 connection closer] DEBUG com.zaxxer.hikari.pool.PoolBase - HikariPool-1 - Closing connection org.mariadb.jdbc.Connection@26c980b8: (connection evicted)
13:49:03.531 [HikariPool-1 connection closer] DEBUG com.zaxxer.hikari.pool.PoolBase - HikariPool-1 - Closing connection org.mariadb.jdbc.Connection@71102aa1: (connection evicted)
13:49:03.531 [HikariPool-1 connection closer] DEBUG com.zaxxer.hikari.pool.PoolBase - HikariPool-1 - Closing connection org.mariadb.jdbc.Connection@1ff506f5: (connection evicted)
13:49:03.532 [HikariPool-1 connection closer] DEBUG com.zaxxer.hikari.pool.PoolBase - HikariPool-1 - Closing connection org.mariadb.jdbc.Connection@198785a7: (connection evicted)
13:49:03.533 [HikariPool-1 connection closer] DEBUG com.zaxxer.hikari.pool.PoolBase - HikariPool-1 - Closing connection org.mariadb.jdbc.Connection@5ab869e5: (connection evicted)
13:49:03.534 [RMI TCP Connection(4)-127.0.0.1] DEBUG com.zaxxer.hikari.pool.HikariPool - HikariPool-1 - After shutdown stats (total=0, active=0, idle=0, waiting=0)
13:49:03.534 [RMI TCP Connection(4)-127.0.0.1] INFO  com.zaxxer.hikari.HikariDataSource - HikariPool-1 - Shutdown completed.
