20:59:58.666 [HikariPool-58 housekeeper] DEBUG com.zaxxer.hikari.pool.HikariPool - HikariPool-58 - Pool stats (total=10, active=0, idle=10, waiting=0)
20:59:58.668 [HikariPool-58 housekeeper] DEBUG com.zaxxer.hikari.pool.HikariPool - HikariPool-58 - Fill pool skipped, pool has sufficient level or currently being filled.
21:00:05.716 [HikariPool-59 housekeeper] DEBUG com.zaxxer.hikari.pool.HikariPool - HikariPool-59 - Pool stats (total=10, active=0, idle=10, waiting=0)
21:00:05.716 [HikariPool-59 housekeeper] DEBUG com.zaxxer.hikari.pool.HikariPool - HikariPool-59 - Fill pool skipped, pool has sufficient level or currently being filled.
21:00:24.473 [http-nio-8080-exec-4] DEBUG o.s.web.servlet.DispatcherServlet - GET "/behaviorpolicy", parameters={}
21:00:24.473 [http-nio-8080-exec-4] DEBUG o.s.w.s.m.m.a.RequestMappingHandlerMapping - Mapped to com.example.demo.controller.detection.BehaviorDetectionController#showPolicyList2(Model)
21:00:24.473 [http-nio-8080-exec-4] DEBUG org.mybatis.spring.SqlSessionUtils - Creating a new SqlSession
21:00:24.473 [http-nio-8080-exec-4] DEBUG org.mybatis.spring.SqlSessionUtils - SqlSession [org.apache.ibatis.session.defaults.DefaultSqlSession@e804666] was not registered for synchronization because synchronization is not active
21:00:24.473 [http-nio-8080-exec-4] DEBUG o.s.jdbc.datasource.DataSourceUtils - Fetching JDBC Connection from DataSource
21:00:24.474 [http-nio-8080-exec-4] DEBUG o.m.s.t.SpringManagedTransaction - JDBC Connection [HikariProxyConnection@714054834 wrapping org.mariadb.jdbc.Connection@44ce202e] will not be managed by Spring
21:00:24.475 [http-nio-8080-exec-4] DEBUG c.e.d.d.d.B.getAllBehaviorDetections - ==>  Preparing: SELECT * FROM detection_db.behavior_detection
21:00:24.475 [http-nio-8080-exec-4] DEBUG c.e.d.d.d.B.getAllBehaviorDetections - ==> Parameters: 
21:00:24.475 [http-nio-8080-exec-4] DEBUG o.m.jdbc.client.impl.StandardClient - execute query: SELECT * FROM detection_db.behavior_detection
21:00:24.476 [http-nio-8080-exec-4] DEBUG c.e.d.d.d.B.getAllBehaviorDetections - <==      Total: 3
21:00:24.477 [http-nio-8080-exec-4] DEBUG org.mybatis.spring.SqlSessionUtils - Closing non transactional SqlSession [org.apache.ibatis.session.defaults.DefaultSqlSession@e804666]
21:00:24.477 [http-nio-8080-exec-4] DEBUG o.s.w.s.v.ContentNegotiatingViewResolver - Selected 'text/html' given [text/html, application/xhtml+xml, image/avif, image/webp, image/apng, application/xml;q=0.9, */*;q=0.8, application/signed-exchange;v=b3;q=0.7]
21:00:24.481 [http-nio-8080-exec-4] DEBUG o.s.web.servlet.DispatcherServlet - Completed 200 OK
21:00:24.513 [http-nio-8080-exec-1] DEBUG o.s.web.servlet.DispatcherServlet - POST "/api/search-behavior-detections", parameters={}
21:00:24.513 [http-nio-8080-exec-1] DEBUG o.s.w.s.m.m.a.RequestMappingHandlerMapping - Mapped to com.example.demo.controller.detection.BehaviorDetectionController#searchBehaviorDetections(BehaviorDetection)
21:00:24.514 [http-nio-8080-exec-1] DEBUG o.s.w.s.m.m.a.RequestResponseBodyMethodProcessor - Read "application/json;charset=UTF-8" to [BehaviorDetection{detection_number=null, s_to_ip='null', s_ip='null', d_ip='null', s_port=null, d_po (truncated)...]
21:00:24.514 [http-nio-8080-exec-1] DEBUG org.mybatis.spring.SqlSessionUtils - Creating a new SqlSession
21:00:24.514 [http-nio-8080-exec-1] DEBUG org.mybatis.spring.SqlSessionUtils - SqlSession [org.apache.ibatis.session.defaults.DefaultSqlSession@373588af] was not registered for synchronization because synchronization is not active
21:00:24.514 [http-nio-8080-exec-1] DEBUG o.s.jdbc.datasource.DataSourceUtils - Fetching JDBC Connection from DataSource
21:00:24.514 [http-nio-8080-exec-1] DEBUG o.m.s.t.SpringManagedTransaction - JDBC Connection [HikariProxyConnection@451730171 wrapping org.mariadb.jdbc.Connection@44ce202e] will not be managed by Spring
21:00:24.514 [http-nio-8080-exec-1] DEBUG c.e.d.d.d.B.searchBehaviorDetections - ==>  Preparing: SELECT * FROM detection_db.behavior_detection WHERE (detection_number LIKE '%' || COALESCE(?, '') || '%' OR ? IS NULL) AND (s_to_ip LIKE '%' || COALESCE(?, '') || '%' OR ? IS NULL) AND (s_ip LIKE '%' || COALESCE(?, '') || '%' OR ? IS NULL) AND (s_port = ? OR ? IS NULL) AND (d_ip LIKE '%' || COALESCE(?, '') || '%' OR ? IS NULL) AND (d_port = ? OR ? IS NULL) AND (create_dt >= ? OR ? IS NULL) AND (modify_dt LIKE '%' || COALESCE(?, '') || '%' OR ? IS NULL) AND (action_type LIKE '%' || COALESCE(?, '') || '%' OR ? IS NULL) AND (policy_name LIKE '%' || COALESCE(?, '') || '%' OR ? IS NULL) AND (policy_info LIKE '%' || COALESCE(?, '') || '%' OR ? IS NULL) AND (base_cnt = ? OR ? IS NULL) AND (comp_cnt = ? OR ? IS NULL) AND (base_time = ? OR ? IS NULL) AND (pattern_1 LIKE '%' || COALESCE(?, '') || '%' OR ? IS NULL) AND (pattern_2 LIKE '%' || COALESCE(?, '') || '%' OR ? IS NULL) AND (pattern_3 LIKE '%' || COALESCE(?, '') || '%' OR ? IS NULL) AND (dangerous = ? OR ? IS NULL)
21:00:24.515 [http-nio-8080-exec-1] DEBUG c.e.d.d.d.B.searchBehaviorDetections - ==> Parameters: null, null, null, null, null, null, null, null, null, null, null, null, null, null, null, null, null, null, null, null, null, null, null, null, null, null, null, null, null, null, null, null, null, null, null, null
21:00:24.515 [http-nio-8080-exec-1] DEBUG o.m.jdbc.client.impl.StandardClient - execute query: SELECT * FROM detection_db.behavior_detection
    WHERE (detection_number LIKE '%' || COALESCE(?, '') || '%' OR ? IS NULL)
    AND (s_to_ip LIKE '%' || COALESCE(?, '') || '%' OR ? IS NULL)
    
    AND (s_ip LIKE '%' || COALESCE(?, '') || '%' OR ? IS NULL)
    AND (s_port = ? OR ? IS NULL)
    AND (d_ip LIKE '%' || COALESCE(?, '') || '%' OR ? IS NULL)
   
    AND (d_port = ? OR ? IS NULL)
    AND (create_dt >= ? OR ? IS NULL)
    AND (modify_dt LIKE '%' || COALESCE(?, '') || '%' OR ? IS NULL)
    AND (action_type LIKE '%' || COALESCE(?, '') || '%' OR ? IS NULL)
    AND (policy_name LIKE '%' || COALESCE(?, '') || '%' OR ? IS NULL)
    AND (policy_info LIKE '%' || COALESCE(?, '') || '%' OR ? IS NULL)
    AND (base_cnt = ? OR ? IS NULL)
    AND (comp_cnt = ? OR ? IS NULL)
    AND (base_time = ? OR ? IS NULL)
    AND (pattern_1 LIKE '%' || COALESCE(?, '') || '%' OR ? IS NULL)
    AND (pattern_2 LIKE '%' || COALESCE(?, '') || '%' OR ? IS NULL)
    AND (pattern_3 LIKE '%' || COALESCE(?, '') || '%' OR ? IS NULL)
    AND (dangerous = ? OR ? IS NULL)
21:00:24.515 [http-nio-8080-exec-2] DEBUG o.s.web.servlet.DispatcherServlet - GET "/favicon.ico", parameters={}
21:00:24.515 [http-nio-8080-exec-2] DEBUG o.s.w.s.m.m.a.RequestMappingHandlerMapping - Mapped to com.example.demo.controller.log.FaviconController#returnNoFavicon()
21:00:24.515 [http-nio-8080-exec-2] DEBUG o.s.w.s.m.m.a.RequestResponseBodyMethodProcessor - Using 'application/json;q=0.8', given [image/avif, image/webp, image/apng, image/svg+xml, image/*, */*;q=0.8] and supported [application/json, application/*+json]
21:00:24.515 [http-nio-8080-exec-2] DEBUG o.s.w.s.m.m.a.RequestResponseBodyMethodProcessor - Nothing to write: null body
21:00:24.515 [http-nio-8080-exec-2] DEBUG o.s.web.servlet.DispatcherServlet - Completed 200 OK
21:00:24.517 [http-nio-8080-exec-1] DEBUG c.e.d.d.d.B.searchBehaviorDetections - <==      Total: 3
21:00:24.517 [http-nio-8080-exec-1] DEBUG org.mybatis.spring.SqlSessionUtils - Closing non transactional SqlSession [org.apache.ibatis.session.defaults.DefaultSqlSession@373588af]
21:00:24.517 [http-nio-8080-exec-1] DEBUG o.s.w.s.m.m.a.RequestResponseBodyMethodProcessor - Using 'application/json', given [*/*] and supported [application/json, application/*+json]
21:00:24.517 [http-nio-8080-exec-1] DEBUG o.s.w.s.m.m.a.RequestResponseBodyMethodProcessor - Writing [[BehaviorDetection{detection_number=2, s_to_ip='null', s_ip='192.168.1.79', d_ip='192.168.1.26', s_p (truncated)...]
21:00:24.517 [http-nio-8080-exec-1] DEBUG o.s.web.servlet.DispatcherServlet - Completed 200 OK
21:00:26.401 [http-nio-8080-exec-3] DEBUG o.s.web.servlet.DispatcherServlet - GET "/dashboard", parameters={}
21:00:26.401 [http-nio-8080-exec-3] DEBUG o.s.w.s.m.m.a.RequestMappingHandlerMapping - Mapped to com.example.demo.controller.detection.UsersController#dashboard(HttpSession, RedirectAttributes)
21:00:26.401 [http-nio-8080-exec-3] DEBUG o.s.w.s.v.ContentNegotiatingViewResolver - Selected 'text/html' given [text/html, application/xhtml+xml, image/avif, image/webp, image/apng, application/xml;q=0.9, */*;q=0.8, application/signed-exchange;v=b3;q=0.7]
21:00:26.404 [http-nio-8080-exec-3] DEBUG o.s.web.servlet.DispatcherServlet - Completed 200 OK
21:00:26.431 [http-nio-8080-exec-9] DEBUG o.s.web.servlet.DispatcherServlet - GET "/api/patternlogs/top-sips", parameters={}
21:00:26.432 [http-nio-8080-exec-9] DEBUG o.s.w.s.m.m.a.RequestMappingHandlerMapping - Mapped to com.example.demo.controller.log.PatternLogController#getTopSIPs()
21:00:26.432 [http-nio-8080-exec-9] DEBUG org.mybatis.spring.SqlSessionUtils - Creating a new SqlSession
21:00:26.432 [http-nio-8080-exec-9] DEBUG org.mybatis.spring.SqlSessionUtils - SqlSession [org.apache.ibatis.session.defaults.DefaultSqlSession@527abd6d] was not registered for synchronization because synchronization is not active
21:00:26.432 [http-nio-8080-exec-9] DEBUG o.s.jdbc.datasource.DataSourceUtils - Fetching JDBC Connection from DataSource
21:00:26.432 [http-nio-8080-exec-8] DEBUG o.s.web.servlet.DispatcherServlet - GET "/behaviorlog/top-sips", parameters={}
21:00:26.433 [http-nio-8080-exec-8] DEBUG o.s.w.s.m.m.a.RequestMappingHandlerMapping - Mapped to com.example.demo.controller.log.BehaviorLogController#getTopSIPs()
21:00:26.433 [http-nio-8080-exec-10] DEBUG o.s.web.servlet.DispatcherServlet - GET "/api/patternlogs/top-pattern-combinations", parameters={}
21:00:26.433 [http-nio-8080-exec-8] DEBUG org.mybatis.spring.SqlSessionUtils - Creating a new SqlSession
21:00:26.433 [http-nio-8080-exec-8] DEBUG org.mybatis.spring.SqlSessionUtils - SqlSession [org.apache.ibatis.session.defaults.DefaultSqlSession@16cf31ac] was not registered for synchronization because synchronization is not active
21:00:26.433 [http-nio-8080-exec-10] DEBUG o.s.w.s.m.m.a.RequestMappingHandlerMapping - Mapped to com.example.demo.controller.log.PatternLogController#getTopPatternCombinations()
21:00:26.433 [http-nio-8080-exec-8] DEBUG o.s.jdbc.datasource.DataSourceUtils - Fetching JDBC Connection from DataSource
21:00:26.433 [http-nio-8080-exec-10] DEBUG org.mybatis.spring.SqlSessionUtils - Creating a new SqlSession
21:00:26.433 [http-nio-8080-exec-10] DEBUG org.mybatis.spring.SqlSessionUtils - SqlSession [org.apache.ibatis.session.defaults.DefaultSqlSession@3b32423] was not registered for synchronization because synchronization is not active
21:00:26.433 [http-nio-8080-exec-10] DEBUG o.s.jdbc.datasource.DataSourceUtils - Fetching JDBC Connection from DataSource
21:00:26.433 [http-nio-8080-exec-6] DEBUG o.s.web.servlet.DispatcherServlet - GET "/favicon.ico", parameters={}
21:00:26.433 [http-nio-8080-exec-9] DEBUG o.m.s.t.SpringManagedTransaction - JDBC Connection [HikariProxyConnection@1787532924 wrapping org.mariadb.jdbc.Connection@48ef47db] will not be managed by Spring
21:00:26.433 [http-nio-8080-exec-6] DEBUG o.s.w.s.m.m.a.RequestMappingHandlerMapping - Mapped to com.example.demo.controller.log.FaviconController#returnNoFavicon()
21:00:26.433 [http-nio-8080-exec-9] DEBUG c.e.d.d.l.PatternLogDAO.findTopSIPs - ==>  Preparing: SELECT s_ip, COUNT(*) AS ip_count FROM log_db.pattern_log_20240716 GROUP BY s_ip ORDER BY ip_count DESC LIMIT 5;
21:00:26.433 [http-nio-8080-exec-9] DEBUG c.e.d.d.l.PatternLogDAO.findTopSIPs - ==> Parameters: 
21:00:26.433 [http-nio-8080-exec-9] DEBUG o.m.jdbc.client.impl.StandardClient - execute query: SELECT s_ip, COUNT(*) AS ip_count
    FROM log_db.pattern_log_20240716
    GROUP BY s_ip
    ORDER BY ip_count DESC
    LIMIT 5;
21:00:26.433 [http-nio-8080-exec-5] DEBUG o.s.web.servlet.DispatcherServlet - GET "/api/patternlogs/ordered-by-time", parameters={}
21:00:26.433 [http-nio-8080-exec-6] DEBUG o.s.w.s.m.m.a.RequestResponseBodyMethodProcessor - Using 'application/json;q=0.8', given [image/avif, image/webp, image/apng, image/svg+xml, image/*, */*;q=0.8] and supported [application/json, application/*+json]
21:00:26.433 [http-nio-8080-exec-6] DEBUG o.s.w.s.m.m.a.RequestResponseBodyMethodProcessor - Nothing to write: null body
21:00:26.433 [http-nio-8080-exec-6] DEBUG o.s.web.servlet.DispatcherServlet - Completed 200 OK
21:00:26.434 [http-nio-8080-exec-8] DEBUG o.m.s.t.SpringManagedTransaction - JDBC Connection [HikariProxyConnection@805746749 wrapping org.mariadb.jdbc.Connection@33a1ca38] will not be managed by Spring
21:00:26.434 [http-nio-8080-exec-8] DEBUG c.e.d.d.l.BehaviorLogDAO.findTopSIPs - ==>  Preparing: SELECT s_ip, COUNT(*) AS ip_count FROM log_db.behavior_log_20240717 GROUP BY s_ip ORDER BY ip_count DESC LIMIT 5;
21:00:26.434 [http-nio-8080-exec-10] DEBUG o.m.s.t.SpringManagedTransaction - JDBC Connection [HikariProxyConnection@553539955 wrapping org.mariadb.jdbc.Connection@438e032] will not be managed by Spring
21:00:26.434 [http-nio-8080-exec-8] DEBUG c.e.d.d.l.BehaviorLogDAO.findTopSIPs - ==> Parameters: 
21:00:26.434 [http-nio-8080-exec-10] DEBUG c.e.d.d.l.P.findTopPatternCombinations - ==>  Preparing: SELECT CONCAT(pattern1, ',', pattern2, ',', pattern3) AS combined_pattern, COUNT(*) AS pattern_count FROM log_db.pattern_log_20240716 GROUP BY combined_pattern ORDER BY pattern_count DESC LIMIT 3;
21:00:26.434 [http-nio-8080-exec-8] DEBUG o.m.jdbc.client.impl.StandardClient - execute query: SELECT s_ip, COUNT(*) AS ip_count
    FROM log_db.behavior_log_20240717
    GROUP BY s_ip
    ORDER BY ip_count DESC
    LIMIT 5;
21:00:26.434 [http-nio-8080-exec-10] DEBUG c.e.d.d.l.P.findTopPatternCombinations - ==> Parameters: 
21:00:26.434 [http-nio-8080-exec-10] DEBUG o.m.jdbc.client.impl.StandardClient - execute query: SELECT CONCAT(pattern1, ',', pattern2, ',', pattern3) AS combined_pattern, COUNT(*) AS pattern_count
    FROM log_db.pattern_log_20240716
    GROUP BY combined_pattern
    ORDER BY pattern_count DESC
    LIMIT 3;
21:00:26.434 [http-nio-8080-exec-5] DEBUG o.s.w.s.m.m.a.RequestMappingHandlerMapping - Mapped to com.example.demo.controller.log.PatternLogController#getAllPatternLogsOrderedByTimeDesc()
21:00:26.434 [http-nio-8080-exec-5] DEBUG org.mybatis.spring.SqlSessionUtils - Creating a new SqlSession
21:00:26.434 [http-nio-8080-exec-5] DEBUG org.mybatis.spring.SqlSessionUtils - SqlSession [org.apache.ibatis.session.defaults.DefaultSqlSession@72fa9752] was not registered for synchronization because synchronization is not active
21:00:26.435 [http-nio-8080-exec-8] DEBUG c.e.d.d.l.BehaviorLogDAO.findTopSIPs - <==      Total: 4
21:00:26.435 [http-nio-8080-exec-9] DEBUG c.e.d.d.l.PatternLogDAO.findTopSIPs - <==      Total: 4
21:00:26.435 [http-nio-8080-exec-8] DEBUG org.mybatis.spring.SqlSessionUtils - Closing non transactional SqlSession [org.apache.ibatis.session.defaults.DefaultSqlSession@16cf31ac]
21:00:26.435 [http-nio-8080-exec-9] DEBUG org.mybatis.spring.SqlSessionUtils - Closing non transactional SqlSession [org.apache.ibatis.session.defaults.DefaultSqlSession@527abd6d]
21:00:26.435 [http-nio-8080-exec-8] DEBUG o.s.w.s.m.m.a.HttpEntityMethodProcessor - Using 'application/json', given [*/*] and supported [application/json, application/*+json]
21:00:26.435 [http-nio-8080-exec-8] DEBUG o.s.w.s.m.m.a.HttpEntityMethodProcessor - Writing [[{s_ip=192.168.1.127, ip_count=71}, {s_ip=192.168.1.152, ip_count=18}, {s_ip=192.168.1.73, ip_count= (truncated)...]
21:00:26.435 [http-nio-8080-exec-5] DEBUG o.s.jdbc.datasource.DataSourceUtils - Fetching JDBC Connection from DataSource
21:00:26.435 [http-nio-8080-exec-5] DEBUG o.m.s.t.SpringManagedTransaction - JDBC Connection [HikariProxyConnection@1475455351 wrapping org.mariadb.jdbc.Connection@48ef47db] will not be managed by Spring
21:00:26.435 [http-nio-8080-exec-9] DEBUG o.s.w.s.m.m.a.HttpEntityMethodProcessor - Using 'application/json', given [*/*] and supported [application/json, application/*+json]
21:00:26.436 [http-nio-8080-exec-8] DEBUG o.s.web.servlet.DispatcherServlet - Completed 200 OK
21:00:26.436 [http-nio-8080-exec-5] DEBUG c.e.d.d.l.P.findAllOrderedByTimeDesc - ==>  Preparing: SELECT * FROM log_db.pattern_log_20240716 ORDER BY time DESC;
21:00:26.436 [http-nio-8080-exec-9] DEBUG o.s.w.s.m.m.a.HttpEntityMethodProcessor - Writing [[{s_ip=192.168.1.79, ip_count=470}, {s_ip=192.168.1.127, ip_count=262}, {s_ip=192.168.1.152, ip_coun (truncated)...]
21:00:26.436 [http-nio-8080-exec-5] DEBUG c.e.d.d.l.P.findAllOrderedByTimeDesc - ==> Parameters: 
21:00:26.436 [http-nio-8080-exec-5] DEBUG o.m.jdbc.client.impl.StandardClient - execute query: SELECT *
    FROM log_db.pattern_log_20240716
    ORDER BY time DESC;
21:00:26.436 [http-nio-8080-exec-9] DEBUG o.s.web.servlet.DispatcherServlet - Completed 200 OK
21:00:26.437 [http-nio-8080-exec-7] DEBUG o.s.web.servlet.DispatcherServlet - GET "/behaviorlog/top-sips", parameters={}
21:00:26.437 [http-nio-8080-exec-7] DEBUG o.s.w.s.m.m.a.RequestMappingHandlerMapping - Mapped to com.example.demo.controller.log.BehaviorLogController#getTopSIPs()
21:00:26.437 [http-nio-8080-exec-7] DEBUG org.mybatis.spring.SqlSessionUtils - Creating a new SqlSession
21:00:26.437 [http-nio-8080-exec-7] DEBUG org.mybatis.spring.SqlSessionUtils - SqlSession [org.apache.ibatis.session.defaults.DefaultSqlSession@3e53bbda] was not registered for synchronization because synchronization is not active
21:00:26.437 [http-nio-8080-exec-7] DEBUG o.s.jdbc.datasource.DataSourceUtils - Fetching JDBC Connection from DataSource
21:00:26.437 [http-nio-8080-exec-7] DEBUG o.m.s.t.SpringManagedTransaction - JDBC Connection [HikariProxyConnection@1430346472 wrapping org.mariadb.jdbc.Connection@33a1ca38] will not be managed by Spring
21:00:26.437 [http-nio-8080-exec-7] DEBUG c.e.d.d.l.BehaviorLogDAO.findTopSIPs - ==>  Preparing: SELECT s_ip, COUNT(*) AS ip_count FROM log_db.behavior_log_20240717 GROUP BY s_ip ORDER BY ip_count DESC LIMIT 5;
21:00:26.437 [http-nio-8080-exec-7] DEBUG c.e.d.d.l.BehaviorLogDAO.findTopSIPs - ==> Parameters: 
21:00:26.437 [http-nio-8080-exec-7] DEBUG o.m.jdbc.client.impl.StandardClient - execute query: SELECT s_ip, COUNT(*) AS ip_count
    FROM log_db.behavior_log_20240717
    GROUP BY s_ip
    ORDER BY ip_count DESC
    LIMIT 5;
21:00:26.437 [http-nio-8080-exec-4] DEBUG o.s.web.servlet.DispatcherServlet - GET "/api/patternlogs/top-sips", parameters={}
21:00:26.438 [http-nio-8080-exec-4] DEBUG o.s.w.s.m.m.a.RequestMappingHandlerMapping - Mapped to com.example.demo.controller.log.PatternLogController#getTopSIPs()
21:00:26.438 [http-nio-8080-exec-4] DEBUG org.mybatis.spring.SqlSessionUtils - Creating a new SqlSession
21:00:26.438 [http-nio-8080-exec-4] DEBUG org.mybatis.spring.SqlSessionUtils - SqlSession [org.apache.ibatis.session.defaults.DefaultSqlSession@277b3268] was not registered for synchronization because synchronization is not active
21:00:26.438 [http-nio-8080-exec-4] DEBUG o.s.jdbc.datasource.DataSourceUtils - Fetching JDBC Connection from DataSource
21:00:26.438 [http-nio-8080-exec-4] DEBUG o.m.s.t.SpringManagedTransaction - JDBC Connection [HikariProxyConnection@1415469892 wrapping org.mariadb.jdbc.Connection@665d1e94] will not be managed by Spring
21:00:26.438 [http-nio-8080-exec-4] DEBUG c.e.d.d.l.PatternLogDAO.findTopSIPs - ==>  Preparing: SELECT s_ip, COUNT(*) AS ip_count FROM log_db.pattern_log_20240716 GROUP BY s_ip ORDER BY ip_count DESC LIMIT 5;
21:00:26.438 [http-nio-8080-exec-4] DEBUG c.e.d.d.l.PatternLogDAO.findTopSIPs - ==> Parameters: 
21:00:26.438 [http-nio-8080-exec-4] DEBUG o.m.jdbc.client.impl.StandardClient - execute query: SELECT s_ip, COUNT(*) AS ip_count
    FROM log_db.pattern_log_20240716
    GROUP BY s_ip
    ORDER BY ip_count DESC
    LIMIT 5;
21:00:26.438 [http-nio-8080-exec-10] DEBUG c.e.d.d.l.P.findTopPatternCombinations - <==      Total: 3
21:00:26.438 [http-nio-8080-exec-10] DEBUG org.mybatis.spring.SqlSessionUtils - Closing non transactional SqlSession [org.apache.ibatis.session.defaults.DefaultSqlSession@3b32423]
21:00:26.439 [http-nio-8080-exec-10] DEBUG o.s.w.s.m.m.a.HttpEntityMethodProcessor - Using 'application/json', given [*/*] and supported [application/json, application/*+json]
21:00:26.439 [http-nio-8080-exec-10] DEBUG o.s.w.s.m.m.a.HttpEntityMethodProcessor - Writing [[{pattern_count=336, combined_pattern=select,from user_data where,"a" = "a"}, {pattern_count=334, co (truncated)...]
21:00:26.439 [http-nio-8080-exec-10] DEBUG o.s.web.servlet.DispatcherServlet - Completed 200 OK
21:00:26.439 [http-nio-8080-exec-7] DEBUG c.e.d.d.l.BehaviorLogDAO.findTopSIPs - <==      Total: 4
21:00:26.439 [http-nio-8080-exec-7] DEBUG org.mybatis.spring.SqlSessionUtils - Closing non transactional SqlSession [org.apache.ibatis.session.defaults.DefaultSqlSession@3e53bbda]
21:00:26.439 [http-nio-8080-exec-7] DEBUG o.s.w.s.m.m.a.HttpEntityMethodProcessor - Using 'application/json', given [*/*] and supported [application/json, application/*+json]
21:00:26.439 [http-nio-8080-exec-7] DEBUG o.s.w.s.m.m.a.HttpEntityMethodProcessor - Writing [[{s_ip=192.168.1.127, ip_count=71}, {s_ip=192.168.1.152, ip_count=18}, {s_ip=192.168.1.73, ip_count= (truncated)...]
21:00:26.439 [http-nio-8080-exec-7] DEBUG o.s.web.servlet.DispatcherServlet - Completed 200 OK
21:00:26.440 [http-nio-8080-exec-4] DEBUG c.e.d.d.l.PatternLogDAO.findTopSIPs - <==      Total: 4
21:00:26.441 [http-nio-8080-exec-4] DEBUG org.mybatis.spring.SqlSessionUtils - Closing non transactional SqlSession [org.apache.ibatis.session.defaults.DefaultSqlSession@277b3268]
21:00:26.441 [http-nio-8080-exec-2] DEBUG o.s.web.servlet.DispatcherServlet - GET "/api/patternlogs/top-pattern-combinations", parameters={}
21:00:26.441 [http-nio-8080-exec-2] DEBUG o.s.w.s.m.m.a.RequestMappingHandlerMapping - Mapped to com.example.demo.controller.log.PatternLogController#getTopPatternCombinations()
21:00:26.441 [http-nio-8080-exec-4] DEBUG o.s.w.s.m.m.a.HttpEntityMethodProcessor - Using 'application/json', given [*/*] and supported [application/json, application/*+json]
21:00:26.441 [http-nio-8080-exec-4] DEBUG o.s.w.s.m.m.a.HttpEntityMethodProcessor - Writing [[{s_ip=192.168.1.79, ip_count=470}, {s_ip=192.168.1.127, ip_count=262}, {s_ip=192.168.1.152, ip_coun (truncated)...]
21:00:26.441 [http-nio-8080-exec-4] DEBUG o.s.web.servlet.DispatcherServlet - Completed 200 OK
21:00:26.441 [http-nio-8080-exec-2] DEBUG org.mybatis.spring.SqlSessionUtils - Creating a new SqlSession
21:00:26.441 [http-nio-8080-exec-2] DEBUG org.mybatis.spring.SqlSessionUtils - SqlSession [org.apache.ibatis.session.defaults.DefaultSqlSession@196eb51d] was not registered for synchronization because synchronization is not active
21:00:26.441 [http-nio-8080-exec-2] DEBUG o.s.jdbc.datasource.DataSourceUtils - Fetching JDBC Connection from DataSource
21:00:26.442 [http-nio-8080-exec-2] DEBUG o.m.s.t.SpringManagedTransaction - JDBC Connection [HikariProxyConnection@2094691963 wrapping org.mariadb.jdbc.Connection@665d1e94] will not be managed by Spring
21:00:26.442 [http-nio-8080-exec-2] DEBUG c.e.d.d.l.P.findTopPatternCombinations - ==>  Preparing: SELECT CONCAT(pattern1, ',', pattern2, ',', pattern3) AS combined_pattern, COUNT(*) AS pattern_count FROM log_db.pattern_log_20240716 GROUP BY combined_pattern ORDER BY pattern_count DESC LIMIT 3;
21:00:26.442 [http-nio-8080-exec-2] DEBUG c.e.d.d.l.P.findTopPatternCombinations - ==> Parameters: 
21:00:26.442 [http-nio-8080-exec-2] DEBUG o.m.jdbc.client.impl.StandardClient - execute query: SELECT CONCAT(pattern1, ',', pattern2, ',', pattern3) AS combined_pattern, COUNT(*) AS pattern_count
    FROM log_db.pattern_log_20240716
    GROUP BY combined_pattern
    ORDER BY pattern_count DESC
    LIMIT 3;
21:00:26.447 [http-nio-8080-exec-2] DEBUG c.e.d.d.l.P.findTopPatternCombinations - <==      Total: 3
21:00:26.448 [http-nio-8080-exec-2] DEBUG org.mybatis.spring.SqlSessionUtils - Closing non transactional SqlSession [org.apache.ibatis.session.defaults.DefaultSqlSession@196eb51d]
21:00:26.448 [http-nio-8080-exec-2] DEBUG o.s.w.s.m.m.a.HttpEntityMethodProcessor - Using 'application/json', given [*/*] and supported [application/json, application/*+json]
21:00:26.448 [http-nio-8080-exec-2] DEBUG o.s.w.s.m.m.a.HttpEntityMethodProcessor - Writing [[{pattern_count=336, combined_pattern=select,from user_data where,"a" = "a"}, {pattern_count=334, co (truncated)...]
21:00:26.448 [http-nio-8080-exec-2] DEBUG o.s.web.servlet.DispatcherServlet - Completed 200 OK
21:00:26.472 [http-nio-8080-exec-5] DEBUG c.e.d.d.l.P.findAllOrderedByTimeDesc - <==      Total: 812
21:00:26.472 [http-nio-8080-exec-5] DEBUG org.mybatis.spring.SqlSessionUtils - Closing non transactional SqlSession [org.apache.ibatis.session.defaults.DefaultSqlSession@72fa9752]
21:00:26.472 [http-nio-8080-exec-5] DEBUG o.s.w.s.m.m.a.HttpEntityMethodProcessor - Using 'application/json', given [*/*] and supported [application/json, application/*+json]
21:00:26.473 [http-nio-8080-exec-5] DEBUG o.s.w.s.m.m.a.HttpEntityMethodProcessor - Writing [[PatternLog{detection_number=0, time='2024-07-16 23:34:23', sIp='192.168.1.127', dIp='192.168.1.33', (truncated)...]
21:00:26.479 [http-nio-8080-exec-5] DEBUG o.s.web.servlet.DispatcherServlet - Completed 200 OK
21:00:28.674 [HikariPool-58 housekeeper] DEBUG com.zaxxer.hikari.pool.HikariPool - HikariPool-58 - Pool stats (total=10, active=0, idle=10, waiting=0)
21:00:28.674 [HikariPool-58 housekeeper] DEBUG com.zaxxer.hikari.pool.HikariPool - HikariPool-58 - Fill pool skipped, pool has sufficient level or currently being filled.
21:00:35.728 [HikariPool-59 housekeeper] DEBUG com.zaxxer.hikari.pool.HikariPool - HikariPool-59 - Pool stats (total=10, active=0, idle=10, waiting=0)
21:00:35.728 [HikariPool-59 housekeeper] DEBUG com.zaxxer.hikari.pool.HikariPool - HikariPool-59 - Fill pool skipped, pool has sufficient level or currently being filled.
21:00:58.688 [HikariPool-58 housekeeper] DEBUG com.zaxxer.hikari.pool.HikariPool - HikariPool-58 - Pool stats (total=10, active=0, idle=10, waiting=0)
21:00:58.688 [HikariPool-58 housekeeper] DEBUG com.zaxxer.hikari.pool.HikariPool - HikariPool-58 - Fill pool skipped, pool has sufficient level or currently being filled.
21:01:05.731 [HikariPool-59 housekeeper] DEBUG com.zaxxer.hikari.pool.HikariPool - HikariPool-59 - Pool stats (total=10, active=0, idle=10, waiting=0)
21:01:05.731 [HikariPool-59 housekeeper] DEBUG com.zaxxer.hikari.pool.HikariPool - HikariPool-59 - Fill pool skipped, pool has sufficient level or currently being filled.
